22 1900 7005 837 48 2009 3156 303 4839 4094 5497 1335 445 3580 8703 1138 4059 5137 1992 4377 2949 7429 8292
11 606 3444 7318 7936 4435 8630 9084 8518 5018 9888 677
10 6807 9913 9256 5299 1815 9675 7952 2576 6783 2920
8 2296 1209 1664 3457 1993 190 5192 9393
7 8271 6135 9020 268 7293 84 2432
8 5113 6115 1528 920 1492 4379 7399 5445
9 7640 7270 3743 9698 3527 1305 3253 7475 1066
8 7320 1978 6654 3988 8329 769 3607 1315
8 2106 6456 6901 1438 7070 700 1543 5424
12 1178 945 3471 4885 4309 2356 88 8175 2571 7928 3869 8310
5 8149 6694 4214 3572 9523
6 6110 9216 6780 9544 157 5335
4 6794 3236 8024 9851
6 9852 5744 7229 222 4894 9305
5 4833 8509 9581 3951 2917
5 530 4184 8204 6952 5693
6 2581 5890 3329 1867 9976 7965
6 6150 6656 6457 4679 2519 9707
8 4414 6044 3333 585 297 2135 5440 7463
5 9935 8578 8382 273 6002
4 1635 9401 7913 19
6 6404 9768 8978 1888 1515 4008
5 4665 5510 5358 3103 4525
5 9627 1447 4437 9901 2465
6 6269 4637 9514 9412 3257 9003
5 8351 7249 61 6916 1273
5 8587 7957 6296 3549 3024
4 2147 6765 4687 961
4 7975 7553 4829 7657
6 2774 5227 3025 7911 3055 2531
4 9691 9267 5090 6412
4 3017 7329 203 6822
5 5517 7104 2788 117 1757
4 4848 3410 9254 4307
5 7198 8736 610 400 4742
6 5402 6069 9504 2735 672 6466
5 1593 8557 3371 200 423
5 5205 4349 6724 6695 2720
5 3168 8342 3200 3005 474
3 4761 8699 4080
5 8406 6304 4225 7141 7499
4 1200 627 1372 6228
4 8146 6875 3067 1097
5 8133 7357 7993 4071 8640
4 9974 7585 1830 519
4 975 3197 6265 2883
4 8448 1995 6189 5086
3 4733 565 2784
4 483 6735 6418 6831
4 6547 533 2603 4601
5 6710 271 2278 2986 7956
4 2507 328 2934 8559
4 2123 9996 1609 6139
5 8484 3654 4935 5235 187
4 1313 9757 6913 568
4 6410 6711 2166 3817
3 3972 8890 8262
4 3375 4020 5727 5970
4 9805 9965 5049 4090
5 5282 4984 8370 6706 3629
4 8832 3603 3546 3555
5 6053 7230 394 768 3442
4 5856 4648 4794 3855
4 825 9625 3294 5868
3 119 9347 32
4 4980 9164 7471 9752
4 4112 7557 5948 4494
4 7430 1240 8787 5324
3 1674 5668 4910
4 7465 9314 6123 6670
4 8711 1465 734 9619
4 2783 6239 8435 7861
3 8803 1503 4693
4 2056 666 3281 2316
3 3616 497 9733
4 2436 9306 9078 8708
4 8203 109 6206 5716
4 7314 8784 9550 9847
3 2538 8236 3821
4 7685 4455 6424 4346
4 7862 9274 5387 9670
3 5721 206 3411
4 3445 4428 277 2695
4 7677 489 3544 6361
4 8219 3129 1984 9313
4 169 7319 311 1560
4 6307 6804 1054 6689
3 6438 6003 2838
4 7768 5654 9137 24
4 3739 3692 3830 3090
4 3840 3758 563 4078
4 6004 2566 3245 2559
4 2060 6849 3540 9563
3 9869 6048 8489
4 5887 2357 1090 9325
4 6922 3564 1869 8675
3 6220 5089 8104
4 6338 8586 3188 6263
4 9411 4502 1512 5615
3 1267 6607 8112
4 1530 9549 4842 3693
3 5751 8059 5598
3 854 7190 1866
4 7186 9559 9864 6381
4 3208 1269 4171 4855
4 4659 5025 9626 713
3 41 3051 4948
3 4233 3976 956
3 3786 2651 3148
3 211 2512 7116
3 3426 5719 3170
3 2520 225 6851
3 7243 6718 3891
4 8085 8989 2941 6815
3 4153 6786 3849
4 950 4507 5406 5717
3 4661 8792 7572
3 57 8588 1170
3 3068 376 7088
3 5601 3398 6403
4 513 9806 6502 375
3 8128 892 4194
3 7759 6327 2828
3 7373 378 4056
3 8642 896 2869
3 1874 7442 6160
3 417 7692 719
3 2696 4028 8728
3 8158 3112 3541
3 6024 3605 6252
3 2026 4706 7710
3 7406 823 8086
4 6199 7253 7612 549
3 4914 9654 9207
3 2881 9042 4536
3 6536 6570 7188
4 2536 6039 8055 4143
3 2999 656 5381
3 1228 3958 8449
3 1845 9202 7040
3 6575 7554 1794
3 9121 2963 8458
3 5766 856 4882
4 1986 3196 5189 8731
3 2578 3047 9140
3 7934 8795 8102
3 502 3816 166
4 8302 1773 208 2247
3 8555 6971 9409
3 615 2511 1363
3 3364 8378 5934
3 8856 986 9291
4 1557 7428 9166 5300
3 6202 6742 2711
3 9705 1079 3697
3 3632 3513 2912
3 8671 1349 372
4 7690 7451 8425 3167
3 3585 9846 1735
3 8868 1386 6485
3 4021 4421 1384
4 9680 9087 8773 6663
3 8614 1613 8962
3 1908 7171 2313
3 6402 4511 7129
3 6182 2742 5060
3 284 1189 3239
3 775 6023 9679
3 8190 5955 7877
3 1625 4973 2293
3 9282 511 6740
3 6293 9466 7401
3 2384 8167 583
3 1111 6119 554
3 7438 2973 9820
3 7092 5771 6329
3 8191 9068 5860
3 3176 4815 419
3 1441 6076 5769
3 381 8338 726
3 8462 3435 7114
3 159 6026 2020
3 4630 8155 1323
3 3795 8157 5649
3 7118 5713 6277
3 5516 9538 6843
3 7196 4826 8758
3 4228 2217 3030
3 2112 753 1040
3 5477 4657 3655
3 4017 6430 29
3 5234 7884 8213
3 830 8118 2015
3 69 92 4873
3 655 4115 7889
3 6645 7346 1227
3 8955 9345 8698
3 7494 9610 957
3 4713 4704 2061
3 8367 9450 6649
3 9947 6244 6767
3 1100 1627 8566
3 4034 9316 3276
3 8681 6942 5218
2 1565 6132
3 4958 1863 6541
3 1550 6186 7020
3 7134 6101 8477
3 1527 210 7704
3 6141 921 55
3 7994 2036 4586
3 5576 9134 4758
2 300 156
3 9071 9890 3409
3 8445 9464 5304
3 5295 9926 842
3 5507 5332 1784
3 6216 9511 4788
3 4410 4959 95
3 1311 853 3307
3 9503 6399 7709
3 4724 100 4618
3 3270 9819 6965
2 8243 1620
3 7041 942 9799
2 102 3468
2 1346 3057
3 1843 1630 5686
2 6188 422
3 8979 9685 3036
3 1511 8786 1883
3 2275 9090 1605
2 553 5087
3 1777 3420 2738
3 6903 439 4208
3 6924 3373 7864
2 629 617
2 1475 6222
3 6639 992 7561
3 3066 9255 4109
3 718 2992 2006
2 2385 6784
2 8686 3622
2 7837 3414
3 5554 2245 5746
2 5678 3675
3 1010 3203 1833
3 1257 2305 8878
2 7263 7816
3 4544 1494 6198
3 4207 1215 2008
3 8737 3579 3029
3 6912 5628 6031
3 2904 3875 8328
3 2605 7477 5902
3 462 172 5885
3 4585 1835 741
3 8653 3778 3149
3 3557 3105 3596
2 6698 3732
3 1968 6652 1005
3 9035 5602 8840
3 6836 3542 1406
3 2681 8040 4255
3 9561 2686 541
2 2418 2072
2 1101 9138
2 9429 2675
3 761 4467 7929
2 4139 4895
3 5866 9477 6961
3 9011 3190 1407
2 3133 2181
3 4475 266 9557
2 6809 9952
2 6098 6805
2 6172 7174
3 241 7398 5034
3 1601 5853 8420
2 772 1862
2 1422 4969
2 7576 6133
3 9037 2585 8950
2 3418 8529
3 435 8274 8323
2 4593 9564
2 9842 8379
3 9104 2577 9406
2 7555 8694
2 704 4328
3 5861 2143 3249
3 2426 8747 4387
3 4355 9144 4495
2 3531 7207
2 6237 6739
3 5285 922 5808
3 8309 7569 8395
2 380 5899
3 212 3384 9473
2 3770 6476
2 7445 6537
2 1206 7693
2 6618 8075
2 5409 8412
3 6058 9452 3147
3 633 5920 5881
3 4088 4247 9283
3 2480 8198 2327
2 2781 1160
3 64 5012 4150
2 1912 8882
3 1745 6409 7109
3 8637 7846 248
3 2464 3138 6877
3 7246 8464 1332
2 1430 2661
3 1994 7915 1353
3 4673 5967 4058
3 2108 1491 1776
3 9744 9546 8520
3 9127 5535 7687
2 1864 5287
3 2639 1002 5161
2 8804 4450
2 9505 9199
2 91 4643
3 4376 2919 4066
3 6305 8575 6633
3 245 1910 3990
3 9495 1500 661
3 8965 1221 1414
2 5069 8652
3 9286 4653 5341
3 9761 1326 7119
3 5636 3735 622
2 1970 9720
3 444 9830 8179
2 1222 6393
2 7548 5193
2 1109 7019
2 4205 2981
3 7211 9289 7799
3 4031 9402 4260
2 4327 6526
2 8664 4867
2 6340 4792
2 2673 3477
2 3122 6316
3 802 7162 9187
2 2292 4063
3 7988 9696 9979
3 7512 1263 8713
2 4913 523
3 5996 6473 3311
2 1272 9394
3 9992 9128 1637
2 7901 8631
2 175 6893
2 1220 2453
2 3966 5465
2 6956 9743
2 9526 7364
3 8791 5695 2429
2 9265 2706
3 6280 3833 580
3 8996 4223 8783
3 849 1113 8629
2 6985 8801
3 8176 730 5245
2 2110 9133
3 3325 902 8290
3 8892 4875 5213
2 5783 5241
2 4767 832
2 9226 3366
2 147 7135
2 2787 8229
2 7493 4836
3 4966 7323 6900
2 9497 5809
2 3530 1725
3 5711 7434 7140
2 8782 9617
3 5359 9751 8376
3 1997 665 2641
2 2930 7595
2 7103 560
3 8021 8187 9595
2 342 493
2 9623 9737
3 7787 2140 5222
2 6012 6677
2 7255 9156
2 146 2797
3 5712 9262 3667
2 4717 6746
2 9109 934
2 3807 8956
2 9165 1589
2 3790 5539
