1 8789
1 3569
1 5672
1 6111
1 9472
1 8850
1 8022
1 2658
1 8377
1 7223
1 939
1 9476
1 3346
1 2508
1 6870
1 2813
1 7441
1 5586
1 1410
1 1929
1 1134
1 9326
1 7049
1 142
1 1558
1 9536
1 8069
1 4124
1 5841
1 2117
1 1038
1 1212
1 2208
1 3617
1 1150
1 5244
1 8217
1 8131
1 626
1 4662
1 3618
1 1948
1 2169
1 5543
1 3883
1 2163
1 6494
1 4891
1 6063
1 4538
1 4243
1 7173
1 4103
1 6479
1 6185
1 9430
1 6467
1 2273
1 8301
1 8957
1 8543
1 9329
1 8921
1 9573
1 4955
1 7093
1 3380
1 4186
1 8054
1 3969
1 7058
1 8154
1 5501
1 5606
1 9380
1 5370
1 5859
1 3985
1 8700
1 4622
1 3259
1 7795
1 1300
1 3021
1 5571
1 2225
1 8618
1 7404
1 4120
1 5723
1 2627
1 7252
1 3097
1 8874
1 5173
1 3643
1 557
1 2597
1 9916
1 224
1 181
1 1378
1 976
1 6221
1 3289
1 7986
1 8350
1 1006
1 247
1 3737
1 6260
1 9796
1 3032
1 8710
1 6342
1 7825
1 5665
1 9766
1 2276
1 2530
1 7472
1 6439
1 1569
1 1343
1 4846
1 3458
1 8582
1 3528
1 4374
1 5538
1 2897
1 5108
1 9677
1 6453
1 7937
1 8556
1 4929
1 8147
1 2818
1 2664
1 4592
1 1020
1 3880
1 2755
1 5629
1 5020
1 3631
1 3313
1 5504
1 6997
1 2659
1 8171
1 5697
1 3386
1 7036
1 1646
1 8210
1 9117
1 3204
1 7161
1 144
1 464
1 3619
1 7700
1 1510
1 3664
1 3120
1 2848
1 8535
1 2840
1 4268
1 8414
1 3825
1 5225
1 2055
1 4319
1 616
1 136
1 3402
1 9532
1 5253
1 1019
1 8019
1 4865
1 6613
1 4292
1 5415
1 3286
1 4241
1 3812
1 2770
1 2049
1 1139
1 5174
1 3755
1 3562
1 9304
1 8480
1 9517
1 2544
1 2586
1 7641
1 2983
1 1247
1 5953
1 8740
1 9172
1 638
1 3857
1 2509
1 4750
1 4803
1 3588
1 20
1 465
1 4145
1 8331
1 5398
1 6127
1 7182
1 9906
1 9638
1 6919
1 7460
1 5720
1 3994
1 8375
1 9354
1 4047
1 7111
1 8527
1 6288
1 231
1 4156
1 4987
1 710
1 1418
1 2724
1 1559
1 6170
1 9776
1 5944
1 9970
1 4158
1 9915
1 3723
1 8847
1 2691
1 9227
1 9281
1 7467
1 3279
2 4348 5868
1 1547
1 4091
1 1705
1 9673
1 3589
1 2134
3 9334 5440 5970
1 4725
1 5125
1 5631
1 4432
1 7783
1 3478
3 6748 7399 9707
1 7115
1 343
1 8122
3 8178 8640 9393
2 6271 474
1 7766
3 391 9847 2135
1 8870
1 5646
1 4338
3 2130 4309 4525
1 2441
2 8163 1560
2 3724 9084
1 7713
1 7375
1 1722
1 5273
1 5063
1 3043
2 6458 4379
1 8862
1 9131
1 1003
1 1304
2 4553 1992
1 7601
1 2845
3 8185 187 837
1 1009
1 1318
1 5029
1 1887
4 295 6466 6783 7475
1 2271
1 675
3 6507 3629 4839
2 8087 568
1 4042
1 9374
1 737
1 4799
1 722
2 4013 4078
3 1226 7956 8175
5 3064 2949 3156 3869 7463
2 6016 8292
2 1653 9514
5 263 2519 2571 2920 4008
1 7527
1 6152
1 5857
1 3929
1 6191
1 8947
2 7133 7657
2 3110 1097
2 8941 9003
3 8120 7005 7928
1 3586
1 7533
1 8113
5 1261 3253 4094 4377 5335
1 5682
2 5179 4494
1 4716
1 9990
5 6750 1305 5497 677 1066
1 6795
2 4160 6277
1 5471
1 6650
1 9770
1 9860
1 3408
2 3069 700
2 1293 9305
1 998
4 8337 5018 5299 8310
3 5848 1515 1543
3 325 4742 2356
2 8594 3817
2 406 5192
2 795 1209
1 6113
3 472 8518 6002
2 1055 6412
2 3514 6822
1 3749
2 1210 2720
2 1207 769
1 6060
3 1001 303 1315
1 9176
1 3850
1 994
1 1805
1 1923
2 8517 9313
2 2862 4059
2 2618 2695
2 1254 6815
2 170 5693
4 5280 2465 84 88
1 3975
1 5390
2 6210 2735
1 8718
1 9097
3 1082 672 4090
1 6721
3 59 4601 1335
2 1718 423
2 2322 7861
1 2203
1 6350
3 5547 7429 9752
2 8690 519
3 1701 3607 9976
1 8453
1 4177
3 5939 6689 2432
3 3480 1757 1900
1 5821
2 5790 6263
3 8057 6670 7965
2 8098 9619
1 1359
2 2410 2009
2 5230 48
2 6257 3442
1 4133
2 4277 7499
