1 8890
1 7468
1 1135
1 7227
1 8670
1 2384
1 2418
1 3654
1 7013
1 8773
1 8227
1 9121
1 7716
1 2176
1 6321
1 3647
1 3321
1 7948
1 3578
1 6252
2 719 1817
2 4679 4887
1 563
1 1178
1 9550
2 7109 2736
1 3696
2 6031 2591
1 6039
1 4829
1 5991
2 7913 7110
2 8758 9459
1 7325
1 3202
1 6403
2 2015 2573
1 9449
1 5649
1 8184
1 3358
1 1105
1 8965
1 8578
1 311
1 9913
1 1563
1 7862
1 8878
1 3708
1 8967
2 1776 1192
1 9927
1 4644
1 5480
1 7575
2 7957 6912
2 549 2297
0
0
0
0
0
0
0
0
0
0
0
0
0
0
0
0
0
0
0
0
0
0
0
0
0
0
0
0
0
0
0
0
0
0
0
0
0
0
0
0
0
0
0
0
0
0
0
0
0
0
0
0
0
0
0
0
0
0
0
0
0
0
0
0
0
0
0
0
0
0
0
0
0
0
0
0
0
0
0
0
0
0
0
0
0
0
0
0
0
0
0
0
0
0
0
0
0
0
0
0
0
0
0
0
0
0
0
0
0
0
0
0
0
0
0
0
0
0
0
0
0
0
0
0
0
0
0
0
0
0
0
0
0
0
0
0
0
0
0
0
0
0
0
0
0
0
0
0
0
0
0
0
0
0
0
0
0
0
0
0
0
0
0
0
0
0
0
0
0
0
0
0
0
0
0
0
0
0
0
0
0
0
0
0
0
0
0
0
0
0
0
0
0
0
0
0
0
0
0
0
0
0
0
0
0
0
0
0
0
0
0
0
0
0
0
0
0
0
0
0
0
0
0
0
0
0
0
0
0
0
0
0
0
0
0
0
0
0
0
0
0
0
0
0
0
0
0
0
0
0
0
0
0
0
0
0
0
0
0
0
0
0
0
0
0
0
0
0
0
0
0
0
0
0
0
0
0
0
0
0
0
0
0
0
0
0
0
0
0
0
0
0
0
0
0
0
0
0
0
0
0
0
0
0
0
0
0
0
0
0
0
0
0
0
0
0
0
0
0
0
0
0
0
0
0
0
0
0
0
0
0
0
0
0
0
0
0
0
0
0
0
0
