10 84 88 187 303 474 568 677 719 1066 1178
21 1209 1315 1335 1515 1543 1560 1757 1900 1992 2009 2135 2356 2432 2519 2571 2695 2920 2949 3156 3253 4008
14 3580 3629 3696 3869 4078 4094 4309 4377 4435 4525 4839 5018 5299 7463
8 5335 5440 5868 5970 6002 6031 6252 4090
8 6403 6412 6466 6670 6783 7005 7013 4873
12 7109 7399 7475 7928 7956 7965 8175 8292 8310 8640 8773 6329
6 9313 9393 9504 9707 9913 4307
16 2465 9976 4379 3607 5497 9847 8878 9752 2735 9084 7429 7657 3442 5693 1305 6689
7 672 4494 9619 9563 6263 3055 9003
2 6822 5934
3 549 5192 1097
1 4601
2 2247 700
2 2015 4742
1 423
1 8518
2 1273 8731
2 8890 9514
1 2720
1 7861
1 3090
1 713
2 7936 6277
3 203 6901 2883
1 6815
1 7070
2 4679 5445
2 1105 3817
1 9305
1 4059
1 1138
1 5324
1 1867
1 4758
2 311 6381
1 2917
1 6706
1 769
1 5717
1 4071
1 606
1 8708
1 3549
1 7499
1 3307
1 8477
1 5235
1 5300
1 9409
1 8950
1 3167
2 563 9679
2 768 7561
2 8670 6916
1 6807
2 2384 4855
1 6831
1 9325
1 5769
1 9140
2 4948 6541
1 8329
0
0
0
0
0
0
0
0
0
0
0
0
0
0
0
0
0
0
0
0
0
0
0
0
0
0
0
0
0
0
0
0
0
0
0
0
0
0
0
0
0
0
0
0
0
0
0
0
0
0
0
0
0
0
0
0
0
0
0
0
0
0
0
0
0
0
0
0
0
0
0
0
0
0
0
0
0
0
0
0
0
0
0
0
0
0
0
0
0
0
0
0
0
0
0
0
0
0
0
0
0
0
0
0
0
0
0
0
0
0
0
0
0
0
0
0
0
0
0
0
0
0
0
0
0
0
0
0
0
0
0
0
0
0
0
0
0
0
0
0
0
0
0
0
0
0
0
0
0
0
0
0
0
0
0
0
0
0
0
0
0
0
0
0
0
0
0
0
0
0
0
0
0
0
0
0
0
0
0
0
0
0
0
0
0
0
0
0
0
0
0
0
0
0
0
0
0
0
0
0
0
0
0
0
0
0
0
0
0
0
0
0
0
0
0
0
0
0
0
0
0
0
0
0
0
0
0
0
0
0
0
0
0
0
0
0
0
0
0
0
0
0
0
0
0
0
0
0
0
0
0
0
0
0
0
0
0
0
0
0
0
0
0
0
0
0
0
0
0
0
0
0
0
0
0
0
0
0
0
0
0
0
0
0
0
0
0
0
0
0
0
0
0
0
0
0
0
0
0
0
0
0
0
0
0
0
0
0
0
0
0
0
0
0
0
0
0
0
0
0
0
0
0
0
0
0
0
0
0
0
0
0
0
0
0
0
0
0
