1 8789
1 8850
1 9472
1 2658
1 3569
1 5672
1 6111
1 9476
1 3346
1 2508
1 8377
1 7223
1 8022
1 939
1 7441
1 142
1 1038
1 2813
1 1134
1 9536
1 2208
1 1929
1 5244
1 8131
1 5586
1 7049
1 8301
1 9326
1 6870
1 5841
1 2169
1 5543
1 4124
1 2117
1 4662
1 4103
1 1410
1 4186
1 8069
1 626
1 6494
1 1558
1 1150
1 6479
1 8957
1 2273
1 9430
1 8710
1 3617
1 3618
1 8543
1 5606
1 4955
1 8217
1 1212
1 7795
1 6063
1 2163
1 3097
1 557
1 6185
1 9573
1 3458
1 8874
1 3883
1 3969
1 8054
1 9766
1 9329
1 4891
1 1948
1 3032
1 4374
1 3380
1 4243
1 8582
1 2659
1 2276
1 8350
1 1019
1 6467
1 7404
1 9916
1 144
1 5538
1 6439
1 7093
1 4538
1 181
1 5723
1 224
1 8921
1 9796
1 1006
1 7173
1 8171
1 3286
1 3664
1 5629
1 3021
1 6997
1 7058
1 5571
1 5253
1 7825
1 6260
1 8154
1 9517
1 4319
1 6453
1 1510
1 5501
1 7161
1 5697
1 2770
1 3985
1 8210
1 136
1 3880
1 2597
1 4803
1 5720
1 4865
1 20
1 3386
1 1300
1 3857
1 2818
2 5415 9847
1 5665
1 5370
1 1378
1 4120
1 976
1 2055
1 3402
1 1343
1 8375
1 3631
1 5504
1 5398
1 1247
1 8700
1 5859
1 3289
1 616
1 2225
1 6221
1 9532
1 7937
1 2848
1 391
1 7111
2 5225 2519
1 2897
1 4348
1 7641
1 6919
1 6271
1 3724
1 4622
1 3259
1 5173
1 231
1 9334
1 9380
1 2627
2 3812 3607
1 9776
1 8618
1 8480
1 5944
1 8535
1 8556
1 6613
1 3994
1 4592
1 6458
1 638
1 8163
1 6748
1 9354
1 4268
1 7252
1 3643
1 1020
1 4750
1 2755
1 8178
1 3528
1 3313
3 2130 4090 4377
1 1547
1 1569
2 3562 6670
1 1653
1 7472
1 8147
1 8527
1 247
1 4047
1 2530
1 6288
1 8185
1 6342
1 4553
1 5108
1 1418
1 4929
1 1139
1 3589
1 1293
1 4987
1 4145
1 9677
1 3204
1 5273
1 3120
1 343
1 2664
1 7986
2 4156 2465
1 4160
1 4338
1 8087
1 7766
2 2586 4839
1 4292
1 2544
1 3737
1 7783
1 8941
2 465 3253
1 3110
2 3825 88
1 3588
1 8594
2 9172 9752
1 1207
2 5125 5018
1 4846
1 7133
1 6507
2 8847 187
1 8690
1 9117
1 1646
1 295
1 2862
1 3619
2 5953 2135
2 2441 5970
1 5179
2 9906 4525
2 5029 9976
1 3069
2 9638 9707
2 4091 6466
1 5631
1 3064
1 263
1 4725
1 4013
2 3279 6412
1 8414
1 7700
1 472
1 6750
2 8019 5335
1 1254
1 1210
1 2049
2 9227 4309
1 325
1 710
2 9915 2571
1 9304
1 1226
2 3723 8640
1 5020
1 406
1 4277
2 6016 568
2 9970 1543
2 9281 1335
1 1261
2 7460 6783
2 2691 5440
2 9673 5299
1 2322
1 2840
1 8120
2 1003 6689
2 2724 3869
1 7036
2 1318 303
1 5449
1 8740
1 2845
2 3514 7657
1 757
2 3929 9619
2 5174 5497
2 1887 3442
2 4158 84
2 5857 1757
2 7527 423
3 675 7429 6002
1 464
2 3043 1315
1 5848
1 1718
2 4350 3055
1 759
2 795 9313
2 9131 1900
1 7824
1 2090
2 5939 3580
2 170 6822
2 6789 7070
1 9937
2 3984 1273
3 8331 4094 1066
2 59 1209
2 5592 606
2 8337 48
2 1082 1560
2 1001 4078
2 2271 4601
2 7375 1305
2 6210 8292
2 8122 2432
2 7131 4435
2 840 5324
2 5280 2009
2 7182 7463
2 8123 474
2 1559 7475
2 1823 8731
2 3586 1097
2 5547 1992
2 5063 8175
1 2509
2 6650 7005
2 1055 5693
2 9860 1515
2 5790 3629
2 1304 672
2 2618 5868
2 5682 6263
1 2134
2 9545 2735
2 9374 837
2 1701 9084
1 4241
3 737 7928 4008
1 3478
2 8870 7965
2 5318 6815
2 8098 4379
2 9990 7956
1 7115
2 4951 9563
2 3093 3090
2 8044 2247
2 6492 2883
2 5408 4059
2 980 6901
2 5476 5445
2 8517 9003
2 1722 9393
1 7467
2 4296 1138
2 6257 9514
2 9635 519
2 9753 713
2 8674 2917
2 4432 2920
2 8980 8708
2 7533 2949
3 5046 4494 677
2 2227 2695
2 3480 7399
2 8898 6277
2 8770 2720
2 1705 3156
1 2983
2 5390 5192
2 2243 3817
2 9311 7499
2 5230 7861
2 2408 769
2 998 2356
2 5854 6706
2 4790 9305
2 8862 8310
2 9176 8518
2 3408 4742
2 5666 700
