33 48 6485 9495 9485 1460 7663 6805 3373 1458 4653 5933 6443 1199 5340 239 6105 4878 3233 8247 738 96 8776 3927 7128 9892 5946 3243 8894 6335 4519 6015 579 2134
20 84 7455 1489 5541 8419 4940 2919 4664 2045 8851 1096 8366 9983 6290 1590 9955 9894 8873 3560 5665
12 88 7293 8715 5829 476 6129 5827 2553 6227 5010 2083 3861
28 187 6654 4635 3544 6392 4481 7191 5298 1364 5630 2037 639 8475 7351 3919 7958 1477 4333 3670 558 9279 5961 5432 4998 2133 5977 7527 9326
30 303 8149 6004 3816 1755 8188 9836 2164 8603 1466 4566 5768 936 3999 7599 3567 3283 1446 9605 8975 4671 4943 7827 2807 4010 9922 3644 3310 898 998
12 474 2424 8967 9230 7990 2149 2232 7482 1958 3255 1547 2225
27 568 4984 1002 5952 4398 636 65 490 2504 4682 6692 8246 7974 3076 2012 5530 2029 4110 7 3303 9525 9338 4808 2287 679 2322 2691
26 677 5027 5487 3017 6771 9341 6570 9263 1521 4163 6674 4087 4055 7009 4979 4710 4712 2552 813 6660 3164 5067 8865 2090 4951 7375
25 719 1625 718 9743 9751 1537 3867 4046 6319 3277 5420 8931 3389 8875 6557 2761 2824 5325 9521 4563 1969 3172 7943 1247 1212
30 837 7186 2335 9487 4602 1046 7344 2966 2693 4204 1834 1988 1761 4919 4626 4876 1167 9969 6215 2367 2124 2533 6551 5493 4983 8684 2491 3304 9317 8113
14 1066 7188 9459 7701 8649 9716 6505 1058 5675 50 4560 6372 4847 978
25 1178 2520 9874 98 6526 8167 2275 7081 4302 890 8097 9436 3406 8863 5349 8039 850 6564 4527 367 879 4134 5536 1137 4592
25 1209 1407 6239 9349 6178 9143 1688 6820 7790 8010 2294 1164 6175 760 7838 6988 2146 995 6108 5198 2880 8519 8163 5253 9380
18 1315 4877 1030 533 3036 422 2578 3839 3829 8659 7898 8960 8571 9518 8422 8790 7951 8606
23 1335 8227 1791 816 3550 2805 9148 7137 5984 8829 6990 4514 162 7233 564 6278 2637 911 349 4735 3400 8044 9227
27 1515 9166 2143 428 2967 3789 5241 1246 1154 4950 4529 6525 4526 7420 337 1333 9905 1445 4668 8834 8142 3787 1195 431 566 9517 7472
31 1543 7711 2511 5699 5620 2041 572 4593 7134 8257 2565 342 7754 3039 9879 5072 1322 227 8697 1183 8231 6549 237 7157 2624 3922 1813 7673 1290 7133 2586
22 1560 7028 3910 3602 7277 7386 8938 5603 3086 4430 7461 250 7598 1224 668 2085 3223 2620 8613 4040 231 7795
22 1757 6502 7117 2649 8995 9475 1023 4770 1235 7285 6755 8181 5149 496 7835 3192 6761 307 314 8508 749 8119
32 1900 9820 8447 419 3938 1627 4171 1441 9561 2969 1716 5481 2373 7630 4168 8127 2996 7549 1885 7661 1423 4341 1089 2481 79 746 341 9775 3405 9560 7758 6870
36 1992 3249 2975 8434 1580 6615 660 7856 4384 649 7562 9089 862 2082 2375 5042 9593 7904 1976 5739 2582 743 1405 7030 9174 4609 8611 4287 5822 9005 1374 9648 8282 1966 4479 6613
25 2009 7864 8203 1260 5627 986 4063 9249 7046 7708 3438 8887 5607 2971 7578 4738 7667 6887 5776 562 2161 1060 329 5398 3380
18 2135 7140 2742 4207 7710 1079 6346 876 4031 8820 3031 5092 6581 3913 9162 8473 4736 1114
34 2356 1194 1218 3554 4245 5344 7066 7764 8533 2548 6036 6880 6908 4805 6574 5597 213 1068 6267 8399 5802 1858 3020 4161 2604 197 491 937 4729 9749 70 818 3724 1559
18 2432 2324 5517 4920 9951 8059 7253 6618 2260 7613 6286 7608 8357 6276 4325 3741 6016 8154
19 2519 3546 2523 4011 8007 3186 5444 2666 9365 7526 9777 4288 5814 4392 6496 9493 6521 9776 3643
21 2571 9733 7319 4246 4629 8523 8694 7143 1159 3125 981 8619 1128 2307 8696 5065 6876 4305 7834 2289 5646
30 2581 3866 9353 9477 9199 5803 7187 1179 4866 5101 9694 1810 8293 3267 126 9917 8599 8753 1361 71 1754 6954 3814 7359 2564 3298 7772 472 5944 4622
24 2695 3918 9666 7102 4656 4643 1263 1494 8493 6925 3271 7296 8031 1597 1371 9755 2177 9887 9861 107 2940 8654 4160 1722
25 2920 4475 4575 3073 5668 6357 6089 6359 9388 3694 5039 3606 3339 3907 4138 7264 2792 1759 9622 9223 4354 8648 9123 794 6170
21 2949 6794 9556 3739 5674 1880 621 7517 3171 4304 4480 6022 4812 1495 8589 1043 4996 7138 7002 5939 638
22 3156 6662 1421 7323 32 6101 8806 7445 3798 8401 808 8918 5658 2244 809 6565 7025 4995 469 4286 9558 1378
19 3253 1414 4467 8804 8860 7837 8214 3851 6610 2834 9914 630 9426 6828 1112 6349 770 8552 5504
34 3580 3540 7546 9549 5107 1902 1331 7558 5526 7234 987 8125 5176 689 3213 453 3299 2396 8669 1567 3242 6431 4817 4513 917 6568 4239 7038 1404 3037 7127 4052 9938 6795
11 3629 4873 5710 9927 5956 8476 5979 5788 8999 4390 9097
21 3696 5746 5282 856 8112 85 2076 4724 3133 2906 509 5569 2796 7809 7121 4822 75 8633 3302 2070 7376
30 3869 2296 6786 4299 3058 8042 2207 2209 843 1220 8288 6114 2151 1411 7521 7418 8252 3545 7932 5427 1432 1737 6964 9599 6701 2877 6057 8249 7459 6494
25 4008 8213 9595 3426 4250 7492 1215 9570 5679 3372 7624 6085 527 3699 7260 9194 9933 7500 2088 5742 1802 5239 535 3514 1510
32 4078 8932 513 9105 164 6537 1422 6757 5064 7949 852 7288 4746 6552 6205 8842 195 6847 2646 6704 2752 7378 8394 8781 1694 68 4551 7343 2998 758 8057 6111
20 4094 7064 7428 5757 3193 4776 1785 8270 786 4419 2988 8852 2699 3312 861 2775 6417 822 3028 3259
34 4309 8783 892 4349 9557 5656 6133 9101 2115 3505 1188 4642 1448 1756 2546 4898 7528 7656 8162 8754 426 5144 3273 99 6702 2458 7950 2193 7991 2185 6258 406 4865 4124
19 4377 7709 4200 4863 7579 8742 7171 1062 7503 7573 8103 5062 1339 5673 4174 8572 4886 2337 8870
30 4435 190 4935 975 4003 9065 4366 7679 1532 3425 1981 624 5640 7718 9682 9708 6545 9108 1807 6553 3357 2779 4670 8762 3287 1658 9189 1287 4683 4725
35 4525 3049 4084 854 6182 6643 5579 7769 8296 8312 463 280 2229 9330 5464 5767 2443 3359 1889 1696 7622 5832 5286 6878 6524 8032 33 5831 4861 5688 669 1951 325 20 9796
20 4839 3708 6969 4713 5400 5915 5123 130 9160 5583 6423 3447 3266 3568 5080 1011 8651 4439 9903 9803
23 5018 6189 1251 8915 6503 6647 5100 7453 214 449 3982 1941 5789 2027 954 264 466 5467 4580 5735 6112 7017 9638
21 5137 6924 3541 6475 8155 6272 3439 5441 478 2403 4889 7254 8340 5784 2194 6217 927 6979 8482 4490 2055
20 5299 6529 9503 9705 5351 4887 745 521 1329 6759 8977 87 5236 1849 3003 8503 5150 3791 4803 9766
20 5335 1227 6377 9911 7381 6548 1402 3141 6629 6940 4323 2099 548 6028 4199 1825 9336 831 5547 5108
30 5440 3655 608 1206 1169 5014 5452 3691 2246 4426 3501 6353 9292 2978 6137 6945 9181 4004 609 5795 3472 1153 8333 5869 7083 8893 8888 5474 6458 9906
30 5868 3147 7434 3732 4123 9075 7466 9526 6379 4282 2281 1464 7178 4235 7192 3756 6697 305 8016 5945 9161 4991 9417 6796 1582 3576 3184 9909 3284 8618
26 5970 19 3849 5120 1792 9130 8030 8378 553 9054 6838 4167 7065 3470 4489 386 3489 2398 1026 7976 9515 3140 1014 1961 6559 7173
33 6002 3697 4170 9631 5602 2600 1496 1181 3785 7984 8801 1392 1461 4608 2400 9767 744 9967 6332 5271 6620 2678 9081 7765 312 123 5283 7469 1991 9608 7001 1823 3588
22 6031 5572 8254 2686 2033 5695 2652 3648 1912 7924 5527 67 8470 4518 9709 1050 4382 9877 8824 7409 7042 4432
22 6252 3424 6265 5892 5783 6216 3117 3531 4584 4406 9287 8114 5972 2318 3250 2908 9014 7702 1892 5476 343 5543
23 6403 864 4875 8653 7840 3124 3729 7645 3027 6204 1463 2285 5128 6736 226 2469 3889 3056 7349 5242 6250 6051 6518
35 6412 7435 3176 4153 7337 92 2304 3364 2505 4278 1710 8099 2713 2218 6799 2116 5862 9718 2256 441 7728 888 1811 9500 8005 6419 8053 9808 410 8369 2298 4018 9937 1653 3043
31 6466 7810 3024 6711 35 2059 6639 6784 8220 8028 4550 5210 3593 2850 7403 731 801 1622 1769 6510 160 8465 8604 6427 5145 4401 2827 2671 1479 4904 1359
24 6670 1838 7224 8803 7883 2981 3646 8486 1433 1396 9397 1551 155 4936 7258 9096 5677 3034 2369 4707 8235 5075 1600 3638
31 6783 6656 5698 7446 4869 8194 8595 6630 8664 6596 1012 7689 7502 5171 7588 5220 3553 2712 3926 4719 9618 5938 2195 3658 8853 1506 8456 8501 9451 4277 5682
23 7005 2603 4455 7574 4410 5678 6809 3513 7693 8645 3986 2737 11 7506 9201 9578 8206 5450 2310 2593 9577 6271 2509
6 7013 364 7727 9141 1061 7433
23 7109 2791 150 7097 6480 4415 516 8026 586 1840 8253 7480 4961 4999 8677 1675 9502 9931 6097 8441 2252 6323 8397
24 7270 3976 168 9625 7922 1762 403 9763 9661 9835 528 8828 9034 8457 5153 3548 9891 1158 7427 6844 1809 8385 4 3478
23 7399 567 3865 2605 3594 6078 9481 821 3974 5879 4689 2874 6140 2758 3695 5775 1795 1899 7905 2843 9383 2814 4320
32 7463 1332 3067 8835 5566 7380 3802 5437 2921 281 7926 6678 3222 1145 4970 6006 4739 7753 3523 1706 6383 9343 4284 3683 8451 7953 9797 7831 8008 6750 5415 1134
15 7475 6912 6425 2470 7477 5279 7014 4832 9826 2765 8242 2486 1520 8765 4604
30 7928 8965 1324 3181 396 8687 7822 1875 2882 6578 7101 7646 370 1502 2522 4395 9786 1610 9173 5229 9197 4132 8238 2905 5596 729 1826 5714 8710 8700
23 7956 5227 1778 9234 1412 8953 7609 7147 4238 2826 925 9404 3268 4726 8100 4516 1403 1301 1312 7818 635 8463 1304
18 7965 1447 1674 3490 8856 7034 2217 7642 7513 7724 4939 1844 7060 5110 7858 2475 6084 4417
20 8175 3333 5466 9045 2132 7438 5713 4497 2072 5903 5574 1764 460 6520 3995 7395 8260 1488 321 3825
24 8292 1228 1142 5621 6048 6989 6946 5684 3498 2272 4821 5411 8307 4290 4845 4903 9092 4850 4053 2980 5288 3491 778 2664
24 8310 8787 499 2673 2543 3155 138 938 3846 4562 5004 5032 6583 5594 4952 1708 804 7959 7869 7374 9711 1522 2441 8789
16 8640 8029 5006 199 2916 5799 1239 105 4800 4796 2759 8867 900 1147 7742 9990
28 8773 3354 210 9610 2852 2675 9516 1008 8691 6898 8911 5353 6730 282 8544 3139 6858 22 6798 4915 4262 6960 5345 9061 9650 4606 8171 9476
17 9256 6735 2399 2992 381 9100 156 6460 4068 5864 4997 6655 6604 2528 828 391 2724
28 9313 7687 3601 6942 8085 607 3102 3261 2515 5221 6793 2935 5364 1818 9244 9674 815 8886 1205 3226 6934 7478 6440 2823 1726 1536 5494 4127
30 9393 4536 3572 8448 4137 8546 8413 6905 8746 7222 3295 8064 7090 8524 8656 6975 2721 1262 2587 5905 2183 8417 6577 6936 6236 1185 9600 8879 2172 7223
31 9504 956 6000 2140 7364 4744 9639 9328 2359 5958 9366 7018 9080 2068 6469 701 7839 3736 6827 7815 7304 3911 3876 7054 299 792 3422 2157 7906 9753 8847
26 9707 1883 2293 2904 9680 8079 3663 1355 2126 4130 9408 4834 1820 4301 8077 632 9053 207 7089 3479 2795 3248 9986 4126 9876 7899
19 9913 3608 9044 1078 5258 6560 2295 9344 3318 6395 5200 9672 4380 4633 6421 3734 7008 3046 437
27 2465 3245 6053 601 2352 8421 5366 5951 6832 5941 350 8400 153 6298 3330 1119 2466 2317 8356 4447 8579 7617 4691 2253 2329 2243 1569
25 9976 2589 4910 7236 497 8609 7010 5310 3735 9441 8134 8883 6605 2959 4992 999 2311 7107 3960 8402 2993 6973 9215 9721 3097
19 4379 1384 5480 8916 6240 6415 6873 1629 6854 2903 9510 6754 7015 3322 6573 762 3500 5273 976
31 3607 8489 6875 3717 3842 895 6009 7762 6268 9074 8620 5278 918 5284 8881 3446 7820 5738 727 6315 6506 9352 9491 8818 4431 9540 637 5937 2280 2019 5841
25 5497 5971 6155 9297 5719 3119 5724 674 1257 599 6238 6763 8672 6314 7973 3383 8734 3794 7980 9840 1077 7057 5876 7111 5173
29 9847 696 4112 2881 9018 5433 2044 4331 74 485 1947 8904 5523 3340 8590 1075 589 855 6758 3342 9119 8117 2342 4577 1021 5051 3762 1052 3134
25 8878 4546 9813 1986 3936 9205 3487 5625 8314 5796 7345 8496 5346 7105 9107 7634 1028 755 6700 5269 4257 662 9220 7131 675
34 9752 6139 9412 7086 846 1693 1886 2404 3793 1595 6746 4784 8494 9659 2561 103 1982 1999 8729 2739 3590 6309 358 4192 9125 4462 6892 4934 9184 9 5434 8372 6087 8069
20 2735 3294 3773 3475 7174 9068 444 2330 1541 5306 6920 1383 8750 2461 9748 7995 9471 3516 919 1018
24 9084 3005 4164 135 8868 2060 6762 3657 6904 9574 3767 6387 9431 5980 6072 785 6355 2349 6005 4977 1084 5058 8517 2508
27 7429 3527 2957 4807 984 8785 3904 5910 6848 320 2153 4136 4173 1740 3483 2365 968 5498 5546 651 1987 1739 1940 1295 4049 2227 1020
26 7657 5615 6804 8536 2635 611 881 1523 5702 9228 6179 7931 6699 4043 1277 943 418 4721 8577 4766 440 3945 797 6978 3480 9430
29 4090 8630 3891 1640 4405 3190 7730 930 1937 8038 6571 6708 4486 4688 6970 6522 742 2354 983 5164 5947 717 2168 7756 3964 438 86 1204 1948
30 3442 1170 6741 2783 6454 6638 6270 1182 867 2048 7857 4221 6292 6622 1296 4982 3873 5793 2214 9883 2201 3177 407 1542 7664 2013 8487 6955 3335 2032
30 5693 6404 965 4482 208 4786 4400 4327 8981 2415 8033 4224 9240 8345 3573 6495 1964 9828 4165 8297 8052 858 3023 9126 4037 351 8139 7350 9977 7731
15 672 9046 9274 2973 3915 3539 4694 974 7760 1303 8313 12 3264 59 7161
21 6822 658 7804 9720 9882 6134 9754 1130 3045 4460 4218 6803 9416 9572 3827 5845 2806 2286 1254 6748 3631
18 4494 1512 5983 3463 3428 2851 7978 6174 7584 3091 7851 7022 603 2363 9414 2968 4534 1545
30 549 8711 753 2613 7745 9151 3843 2898 3997 3496 912 3293 5313 173 6776 7071 7302 3955 1578 4655 346 8859 7473 9841 7317 2830 4968 5659 7281 6911
29 9619 3409 9602 284 2333 6026 8876 7387 7805 6850 9433 3216 5992 9571 6846 4663 5093 450 43 4362 5115 6284 8514 8716 8825 7073 7163 8 1642
28 1305 477 6206 3411 9634 9872 7682 6172 5009 4677 1561 412 4851 4569 3078 940 4870 905 4030 4603 9528 8095 602 6958 5874 9396 295 6342
20 9563 817 457 640 7211 5375 4119 425 4937 7920 6211 7909 6980 1917 9529 9206 6535 1665 6207 6644
32 6263 3276 8978 615 596 5593 7595 9655 1644 883 2958 1639 9362 5154 9843 8621 9403 6734 4517 8844 6347 7923 5103 8561 8608 7055 1231 791 7413 5896 3559 3985
30 5192 5727 1697 7557 8575 5751 7816 8058 8864 7940 6462 1516 5512 333 6813 2102 8930 5333 5277 5936 931 6354 593 3162 5836 8096 4418 4697 9878 7182
21 3055 7156 5890 3200 8747 6584 4541 9604 5116 147 3507 3341 3517 4342 3998 6428 8837 3633 5362 9025 3887
13 1097 9405 2230 2717 9684 9357 4965 2630 2021 740 4471 9585 6441
29 4601 5218 873 7808 294 5356 9701 5394 8627 5804 3377 6043 7195 1486 9865 2617 4827 2800 4306 3716 5028 5974 8355 9309 1617 6594 6715 5312 1805
27 9003 1637 8892 802 9512 8504 7096 1081 3981 121 8638 5878 9987 1980 1320 6171 1832 8129 6025 5722 7330 3018 2549 4148 5281 4820 6060
32 2247 8557 4255 7690 9457 8555 9177 7169 9028 8075 1790 5959 6684 4096 5314 405 9798 6539 4745 2389 6337 5430 4933 5618 2120 4183 2822 5926 7863 2152 8939 1923
29 2015 7357 2780 977 3057 2831 5701 6476 9248 1338 5610 4772 714 5249 5184 6995 9021 2222 7306 9445 8985 6688 2372 7947 3180 6151 3860 8120 7058
27 4742 666 7193 4485 7043 5087 5564 9370 4496 202 4899 4212 4912 6996 7582 385 9395 9688 1990 3344 179 781 1284 796 2130 144 4186
20 700 6745 4202 6173 9647 1459 2557 1424 4843 4692 17 356 1604 5805 814 5181 1434 2701 2579 5886
24 423 1492 1121 7243 9702 9127 709 8782 7770 7508 9667 7383 9456 8060 5639 2517 8461 6894 54 4412 2361 763 4393 3111
29 8518 2297 330 4021 380 9132 397 2184 9644 1819 3065 1236 7944 9269 8390 5655 8427 3000 9102 9367 4492 8418 9814 1935 8371 9669 8106 8185 4241
18 1273 1609 7927 1233 2639 1106 5982 6432 3132 8474 1462 5634 6448 8836 9290 4339 9918 9915
22 8731 7612 4233 6245 2663 1686 494 2110 2760 6806 2636 9418 5496 7670 1440 2258 2902 4994 6445 948 5230 8921
25 6689 9090 2401 5626 761 8379 7643 4895 1197 7493 9584 8788 4571 3788 4917 569 7895 6259 9606 6501 3715 5737 6433 5280 8350
22 8890 9657 4659 7135 4355 7971 3432 8650 4440 5016 3808 9821 4597 7832 363 2772 4771 5759 8202 1442 4303 1190
30 9514 1784 874 1994 7683 982 348 9458 7907 979 8444 4085 7918 8261 683 8775 9706 4660 3763 8143 7365 3013 6180 8045 7925 8757 7200 7241 2870 9910
19 2720 2233 3291 1443 7576 4775 9268 1603 7341 9361 3753 37 6863 8025 4464 3088 8011 1437 9520
29 7861 3236 6164 3083 3114 7232 9617 2817 9062 2095 8407 5105 1748 6963 7796 7363 9072 8495 8317 1618 4748 6303 8912 3118 4151 7989 3914 1118 4476
27 3090 3257 3188 6645 1845 7256 3098 254 1429 1799 3752 1695 9548 8221 1711 9245 4837 5315 1703 7181 6275 2629 9971 5623 8232 4140 3402
25 713 9649 6951 2305 3116 3468 9809 3622 8780 9881 8871 2534 8553 4026 7571 3801 1919 750 3944 7170 1225 9668 4976 3611 1150
27 7936 3104 9382 1729 9180 2160 3062 9284 8373 779 736 6772 238 7999 3142 3437 7969 8498 344 1131 3131 5030 2302 5141 4267 2516 8535
31 6277 2166 9806 4404 2787 8529 3451 7150 1104 5386 9368 4012 434 3686 2632 8471 7486 7447 787 2489 132 5206 4680 1070 8132 7705 8398 6991 6993 9241 3347
23 203 9109 4854 7118 1168 7301 9817 1389 2383 8741 8492 9460 7217 1670 4102 2871 2239 5893 6646 6010 36 4504 3207
24 5934 7198 4630 6430 8445 9392 886 249 8988 4340 1814 2325 663 2299 7773 4743 204 8183 2259 2554 3014 6364 8594 1003
23 6901 6150 2718 8140 6982 8344 6714 8779 1316 7541 114 1548 6145 6500 8744 8769 8794 8276 6606 2836 8404 7235 7825
20 6815 2738 3461 9144 2573 2943 4801 1187 6126 6162 7056 416 6992 6100 269 9660 5894 5731 1983 9569
23 7070 9402 6200 3680 6814 3784 8909 4105 7207 9482 7267 724 1283 836 1450 5320 8676 1839 7168 7003 1385 5781 766
28 4679 7314 6749 1430 708 1160 9264 1176 7806 3967 9534 134 4135 1989 8362 3061 4573 3726 7780 9040 2188 5447 3488 390 1669 8948 1472 7641
32 5445 8484 2711 47 9620 3493 871 5899 6865 1292 959 6713 5140 686 4804 223 1707 6464 1950 8443 1971 8287 9468 848 1157 323 6300 3942 1452 1570 8083 9172
19 1105 6068 3263 1777 9527 2732 8737 6544 6362 7185 270 4215 3166 3254 308 4315 4785 2492 6
35 2883 1323 9965 2440 7442 8110 6251 4858 118 4853 9789 8491 9157 4840 2437 6042 3841 1827 6478 7982 5336 6400 3144 6531 5392 1540 4402 1161 5264 9260 7051 9792 6246 8332 465
19 3817 9935 1363 7226 6119 6399 5809 2065 865 9208 4734 4515 8105 4106 5780 2820 7027 373 4483
19 9305 7114 7355 2790 1117 4773 2444 3894 4073 5529 2939 7597 7938 8636 7228 6073 1207 8087 5225
31 4059 7108 3220 8367 8151 9731 1779 1193 3765 2607 7231 2319 5442 7757 9480 2634 5098 2242 6054 4849 6370 9453 1156 8752 4391 1336 5867 1938 6035 2794 6819
29 1138 7287 8370 3875 9613 9761 5557 7569 4924 8901 6775 9085 6234 8917 9547 1444 9111 3244 7371 6588 7240 1401 7979 9115 1608 4599 3705 7011 181
18 5324 8024 493 8991 8071 2237 8946 5898 7671 3803 9590 8626 5544 4172 2821 7568 1909 7601
27 1867 9406 9267 780 6356 5584 6274 458 5099 4111 1871 4038 6488 889 6083 6396 6308 2700 1945 2447 6637 4868 4813 58 6148 6481 8122
33 4758 8736 200 5777 3840 922 552 2930 2527 4828 9438 3673 536 1715 6953 614 970 997 8565 3503 6869 3355 9695 3306 1103 1080 1808 4484 2879 3792 4927 1093 6152
29 311 6455 839 9345 233 4856 1255 8764 695 800 7538 2431 6977 4097 2911 7439 9437 2101 1895 5609 7850 8707 5399 4230 540 3238 6080 8884 2544
15 6381 4387 6410 2896 9497 2954 4857 8148 8819 518 9113 9824 2529 4610 2448
11 2917 7993 3334 8093 6966 2745 4356 23 9868 4375 218
24 6706 8290 4502 1500 4101 7759 7411 2406 1309 9980 1709 9321 1027 1498 8660 2306 504 891 5531 9154 7722 8311 1456 4955
27 7957 3990 2782 7444 2154 6712 9498 1753 8673 7331 2995 8347 4336 1673 6037 3769 5365 7963 4596 7300 7739 7044 7964 5395 3987 8622 3204
24 769 789 3786 2518 849 1146 9541 1953 8359 9218 2545 2378 7738 7997 5190 8777 7559 1481 176 8452 9764 8098 4374 939
21 519 8458 8573 6220 9738 7245 5238 7778 8416 5301 5208 492 2379 5787 7202 667 3652 3042 759 6507 5020
29 5717 2942 245 4048 8617 7048 9623 9319 698 1921 9278 7552 2414 9704 8335 2350 1851 5595 5327 7892 9178 9217 1285 9010 3923 6461 2221 1701 2597
26 4071 7948 6253 4916 83 6728 7807 6397 8512 9899 6091 5807 6388 2575 5884 5691 4313 2588 1144 3957 8091 9818 5592 1718 3286 4846
34 606 3197 1588 439 9524 4645 4326 5861 9077 1417 8857 1771 9103 6444 243 5729 7797 3577 5257 8805 9455 167 7981 6723 6592 1242 246 480 8919 1129 1278 6959 6465 1646
23 8708 1438 4194 7602 2382 4024 2857 5160 6333 3845 4248 2526 7651 26 5520 7328 185 7408 1730 4949 6635 3688 9117
28 3549 1113 4421 5182 4957 9209 1453 9952 6156 1891 2141 2089 5073 9023 90 7286 1132 8920 7917 7175 8469 3956 3768 5774 7519 7740 3703 5254
34 7499 1605 5189 9926 6563 1365 1511 6237 2220 1504 2052 6235 9351 3251 4075 3011 3101 545 3630 487 2965 7299 5761 8365 62 4627 8706 1085 650 1645 1425 7219 3848 6063
23 1776 4260 1524 7312 6141 3477 9972 3122 4347 799 8063 5880 357 7007 2994 3508 7095 8233 6661 2265 6685 7524 3586
16 3307 3651 3362 2360 6962 7592 7726 7900 9790 9994 866 1555 9551 4321 8424 616
26 8477 9864 2167 6305 141 1768 2948 1393 3722 3115 946 467 1926 42 500 3917 4835 2889 1760 4600 3837 6311 4079 9461 3069 4047
34 6663 7891 9944 935 1910 7732 7941 6163 4969 3305 8952 8760 2 2863 7077 4942 512 5561 2274 2500 2030 4334 3730 6671 4081 7050 2472 5410 6358 3626 9773 9307 2698 8414
17 5235 5387 277 4830 8173 9232 3146 6386 8186 9015 2051 304 4941 2815 8080 3107 9374
29 5300 8302 3368 9769 9464 2105 9394 5844 7516 9229 5143 7507 9988 3016 3674 7871 7543 6282 8905 6075 5231 9149 4672 4545 7540 5322 9793 8278 9329
20 9409 6135 9282 4064 7662 7665 5382 1248 7045 2622 8481 9376 8343 9902 2445 7878 4510 4540 2608 6288
30 8950 4428 2681 1908 2825 6967 9833 4944 3751 8004 2478 5925 7354 1053 5524 8922 1678 2572 4755 1108 7593 9854 7681 2094 3343 9169 9646 4273 6595 3562
31 3167 7398 9627 3108 507 9923 1631 7068 4236 6103 9592 4539 2923 1345 9428 7735 7886 1719 8048 4960 1155 2380 7033 5454 4922 1280 7888 5044 9714 1758 2848
21 563 4867 8521 3191 6985 1352 6589 1725 9652 3225 5367 6811 3525 6667 347 5114 3834 3272 3252 6514 9916
17 9679 5213 4184 6922 7382 1884 2591 7747 5418 9124 8949 265 8130 901 5889 3928 1418
21 768 5818 9845 1873 2799 8298 8303 7047 1650 6299 9825 7652 5823 2202 4956 8913 2764 188 3863 8770 3528
20 5860 5991 5619 2057 3135 6983 4407 3832 3152 3650 654 9509 7084 1877 8942 2251 221 5811 1341 8210
24 8758 661 6420 4028 823 3775 3227 3946 3085 8072 793 5247 4747 6436 1034 8432 4974 1409 1775 923 1497 5077 5973 8319
17 8670 5917 7479 6013 715 5219 6106 3561 9607 2535 3494 1000 13 7896 5988 9354 5586
28 6916 3358 9272 1297 3862 3905 4654 8646 1337 1471 8264 2644 1382 7723 7072 420 1596 3888 4015 706 8389 6302 3128 301 9614 2862 4553 4268
25 9888 3579 7347 97 3469 7659 5473 7566 8974 7626 4351 414 6530 8006 3158 6651 9076 446 5096 5316 1408 4522 1602 1261 247
31 6807 9347 5954 3566 1587 5622 4699 3896 4907 163 3854 6642 8963 5532 732 6442 2358 5068 8200 2257 5363 7623 5178 9048 2583 8735 4883 980 6210 3458 8217
31 2316 3826 8832 8816 5054 169 7448 7113 3210 5155 8428 1681 7672 3241 6785 2189 3828 9318 9293 9621 1657 9893 6232 5142 8655 1354 8275 5964 6093 9700 8543
36 2061 3148 7406 9640 1272 146 9242 9265 4274 1643 4559 3948 3182 9671 7094 8628 1072 8569 53 6509 2688 9188 2267 2868 2918 673 1063 6867 8269 8663 1173 7946 3612 6118 811 4145
31 5086 7020 9011 1111 2900 896 952 934 4884 6868 5305 7620 6888 6184 3351 9978 3331 4461 9327 8436 4155 4946 1623 1174 9098 2249 7481 4434 4530 6914 5334
29 4058 9852 1010 6550 5291 9737 4552 9912 7221 8339 8027 670 6810 2024 1042 4359 7556 9039 4765 3385 5022 5492 3890 4283 7158 9301 4197 1115 8718
27 4618 4583 9320 6473 1863 2741 4017 3746 8631 2547 8051 6769 8268 9110 928 7353 8813 9049 158 7736 7225 1426 6621 3533 8156 1055 626
28 7929 9985 7876 5158 8671 2706 7037 9192 6696 6779 8108 278 4881 9697 9929 7322 9565 1505 1765 3884 5528 3558 1390 4061 5348 9277 2819 8377
17 7561 8020 6296 6338 4705 354 6896 2240 6882 1067 4191 7655 6693 6627 1454 5508 3386
33 7401 1372 3989 3050 6575 2696 2661 9195 7216 6491 3228 2206 1264 6203 6138 7791 6038 6778 8199 6149 1672 6320 2416 9726 3071 5657 3415 1482 3441 4741 7537 6931 1343
28 2384 9064 5287 1862 9133 9822 2397 215 2835 8136 5794 5785 2062 7265 1171 4831 7591 3526 8388 393 642 3348 9008 3143 8352 1751 4185 1562
29 4855 1406 206 9696 2036 4205 4034 178 3930 5465 4892 5163 3474 680 6116 6176 1933 9295 3598 5518 6852 2744 3175 5555 4556 5224 401 3718 6603
32 273 3596 2626 1904 1 1733 6132 3099 2842 9859 15 8814 3436 5133 1029 8749 3159 3413 3195 7063 4289 2150 7333 340 5997 8759 5644 2474 9507 8980 398 7049
28 6831 5491 2198 3445 2178 5170 9505 2875 5907 275 2479 7865 3610 6165 4093 5986 7497 9732 5930 2428 5126 4367 3015 1636 131 2277 8211 8490
32 9325 5858 9869 665 3537 4709 4879 4247 6930 2043 1166 2402 6059 9941 5139 8817 547 634 6947 8936 829 6972 8712 1478 9746 111 5011 6088 1972 3712 5046 1139
26 3444 7889 2642 8637 9871 9681 5766 7278 4477 7812 5001 8815 7462 3689 5002 7076 5478 2725 6193 3260 2946 5368 3035 5159 8808 7441
27 5769 5808 8274 1843 3026 7208 9262 4371 106 7176 9038 8688 543 112 8903 6874 6600 1816 6918 9032 5297 8012 5965 9999 756 5825 5900
22 9140 6123 5369 498 8681 376 1968 2173 4249 6389 9784 4547 3968 3010 7802 6802 3908 5985 4508 9703 6788 1015
22 4948 3459 9385 1601 2180 9134 4256 4227 5792 9073 9226 2191 4777 1781 3796 8822 6490 1449 5490 6938 8730 2163
23 8703 4781 4196 9252 1584 3007 4263 7259 7781 1649 2087 619 5687 2282 1856 8392 3713 1243 9728 2069 6826 9898 7432
23 117 8425 368 1942 6297 9420 2104 2931 9026 6540 6264 6429 6511 6787 3642 2647 5079 9580 1149 3971 317 1579 8740
25 7913 8328 7867 2577 559 3393 8956 4594 365 8550 2309 8767 9658 8513 1901 2785 5175 6090 5251 2064 8089 4841 3224 1141 2773
28 6695 3311 2539 4050 6498 241 853 2320 3623 5031 544 3811 2804 6591 5741 2047 7695 7443 2328 4216 165 3084 9391 8046 2391 9434 4054 8070
22 7040 1803 5601 6313 1721 6677 2086 7389 4266 4317 2757 8720 6720 625 7067 915 2136 2046 9555 7784 4311 464
32 3855 4693 7379 7847 7777 9962 1620 4433 8193 3269 3328 8212 618 3316 2631 1387 1525 9348 3395 3074 9591 8914 7910 9253 6194 2574 8908 5048 3983 9210 6569 6241
24 3371 9052 9559 5816 1222 9138 6082 4971 5323 2374 6437 4086 8126 7650 6773 8165 2269 7855 7703 653 2638 3800 8000 7467
22 8329 6329 6756 95 9954 4591 1668 3399 6008 5877 3336 8845 3059 1083 4548 5185 4859 7744 5599 3965 4790 2983
33 9675 9463 7637 9757 6446 475 5913 379 6681 8017 4060 5704 2990 806 7505 771 9079 9233 3935 8478 868 4816 551 2890 5085 1091 1484 9875 705 8657 8877 18 710
31 6198 5743 1564 950 5352 4990 7933 1455 5967 7334 7967 612 6146 909 7100 2148 6777 5882 309 4176 3823 3246 2723 3899 5207 3727 2550 9486 7166 8363 962
27 9449 7792 5516 7787 9538 2119 2386 6283 2477 7078 5380 6974 78 4369 8258 8121 1451 2476 5612 2392 6731 9007 5617 7087 8391 9146 3723
19 4307 8262 530 3833 4914 7239 6582 1638 196 4893 1037 875 1965 8280 5448 339 8305 8065 820
36 375 726 5887 2235 3112 2776 5838 4888 9440 3621 6041 6157 4533 8692 2506 4198 1253 6928 5007 7272 1457 827 7545 6632 3363 6017 8208 7213 4760 3978 1952 4383 4611 5661 7714 4103
29 1040 1984 3092 5711 6705 2482 3940 2884 6593 8798 9324 3070 2332 7220 5391 4810 9448 2832 5109 5412 9016 8658 9719 4413 5749 4149 7112 5758 7093
31 222 8158 5748 2112 2654 4089 230 9474 692 9490 7237 8591 1714 6733 261 2197 1351 1611 6385 3081 5194 9041 3581 7426 6046 3492 3931 5591 1377 5265 8957
25 1005 9473 5996 7580 4782 8368 4764 5082 993 1211 4528 3738 972 1358 7396 5152 4640 7495 747 3280 648 3349 1064 6917 2117
20 9550 4154 6742 6523 9429 4027 9009 7961 1056 9904 6732 3063 7348 6287 6950 108 455 7824 795 7986
31 3555 1860 2566 6058 2651 6196 8273 7282 9928 6579 3258 1048 5074 9167 1656 6824 9225 5384 6855 4572 4612 9995 1936 7776 9069 9873 6872 7885 1350 9024 2609
27 1135 8955 8403 3205 2388 2121 7793 8598 2345 7560 8166 8997 2204 3961 963 9866 4732 9853 7844 2255 5755 2849 6489 7660 1086 5806 3870
30 3578 9633 3022 4318 8353 7309 2525 716 7422 4209 8218 8291 3902 8284 1932 9683 253 7032 752 1894 5414 8455 7053 8092 6933 6598 8797 8581 2408 9673
23 5424 1773 6192 4826 8682 1381 4443 7819 5908 7653 4452 3448 471 1554 9791 9713 229 5407 4728 8717 1544 6840 6439
29 4894 3575 4661 7000 8128 102 9276 5994 6932 387 6104 3221 6262 9774 5052 2892 7605 5921 9945 3774 3153 6214 3179 9013 5949 1581 7303 4057 4042
30 920 2641 4624 7737 4291 2781 9165 2011 40 1330 3278 194 1534 3009 3072 322 7699 2555 9235 4708 4240 3297 5560 7696 1594 436 2606 8607 685 5370
26 9799 739 7779 6893 3418 5847 2174 6562 2909 6519 7587 3635 4730 5589 3060 4448 5707 4131 7159 7694 6074 8222 5003 5388 8726 1300
22 2559 7325 7075 985 5611 4187 9598 7212 2801 8405 7308 7487 8267 9294 4041 8910 3417 4424 587 9311 263 2818
24 6541 9137 2657 8823 2245 8034 5069 3949 8300 9566 8987 5256 5188 9221 5664 6513 8841 6318 6249 27 4579 6229 3089 4557
27 961 7180 6669 6634 9419 531 921 9963 6907 4074 1420 688 2017 2413 3777 9653 505 9587 7514 7126 8880 555 5580 2914 7026 6212 5821
19 372 4208 1869 7874 266 5187 6222 1101 8809 4722 1946 924 5694 3212 2887 5846 2697 9004 3812
26 7952 5113 209 9925 6821 7935 3154 1468 6102 4521 3628 9594 851 7012 6666 6256 3852 4193 2716 2925 1698 6070 2623 2073 3535 8556
18 3654 7152 4070 7707 5019 7966 9958 7721 9807 287 3096 6957 1928 8240 8891 3571 6405 2813
24 24 7320 8902 4666 4652 9981 3290 7729 9377 331 4252 110 1268 5671 413 526 2435 4896 5685 7184 9781 9095 447 5125
14 2869 2538 7248 9483 894 7734 9930 9946 3004 4166 2018 7332 6516 6018
24 8962 6658 8786 6413 3325 8094 175 2809 7488 4472 8540 1702 3235 4454 3397 3521 3374 5255 2387 1162 1691 1546 1226 5859
30 4637 5237 4848 417 6739 4585 4862 9156 8644 8510 8843 2034 3534 1310 3856 7583 34 1025 8354 1615 9413 4229 7257 7954 1367 3641 4554 6492 1082 2755
21 4150 3758 1527 8554 1634 7901 2665 7988 1282 3509 2769 8605 7360 6554 3467 3831 9750 6285 5499 4823 1088
28 6115 3640 3396 1550 2250 2927 2653 560 8990 2343 6391 6866 3977 7091 1720 7326 8415 3709 7644 8066 522 4542 3002 2219 4811 9811 8337 2273
18 3988 2079 3947 8146 4613 3433 1817 1890 6687 9066 9745 9051 2067 5669 4242 3126 7436 3880
20 5885 7329 8207 483 4065 8827 2315 21 6452 6609 256 8304 2279 9740 9271 8479 9145 1801 7983 2669
29 541 1630 5089 655 6856 7494 2771 9159 969 3895 8229 7194 3356 2139 129 5728 2560 154 2215 5035 5330 7607 3427 3882 1954 9067 1585 8580 2677
22 4143 2536 481 1399 2205 4312 5216 9630 7405 8763 9489 6841 2022 4169 4763 2301 1903 1728 2767 6782 4897 5293
30 6228 5875 3510 3921 9190 3082 5169 6243 76 4499 4378 991 6339 4852 1094 7897 6812 8885 3109 1742 2987 7338 7484 2628 4189 4731 6546 9850 3665 2964
26 622 902 8040 3795 4141 3232 2640 8585 2467 1679 7164 2452 3 8437 4567 9862 7536 4727 3301 6040 1076 486 2594 4759 430 2203
23 1833 4885 2147 6984 5495 5043 4636 8500 5372 6987 3597 7755 6726 5385 1435 9193 5000 703 9699 2454 5703 7522 6185
24 6961 4706 2455 1997 1201 1465 908 524 5329 2125 1513 7321 5943 7098 2682 9966 8771 3900 9308 7688 3868 7136 6322 9827
29 29 8209 6307 318 4035 9273 1415 8266 3211 7525 3672 9779 1073 4620 456 116 525 8050 2895 2496 7336 5820 3864 2266 2689 5209 5833 8320 6665
26 1664 6199 442 57 7628 9710 1553 7629 6999 4072 1591 5786 7788 2793 2462 2283 2111 7511 3240 5276 429 7836 1641 1148 7649 7146
31 55 109 4833 9628 6710 4297 4139 5660 2924 8542 6727 777 7866 2808 4279 5734 8107 3920 198 5196 7247 2932 2092 4864 3932 2339 9266 7310 5817 9765 8331
29 9523 5948 8574 6718 5240 3807 6580 990 2395 5550 4293 2264 7987 4125 9302 9919 9533 2433 8528 7942 2226 3953 4465 5683 9296 8216 5760 3543 3408
30 9216 6884 502 7172 9492 8854 8665 5914 1428 3661 5715 279 8593 1796 9863 539 4438 9342 3706 5053 6049 3219 7290 2703 6998 302 6052 3858 9860 3569
15 9283 5358 3317 306 8725 8811 4032 5577 9506 7362 9689 5895 8168 6365 7937
18 4842 4414 6208 5234 5263 1369 115 2035 1376 7854 6371 2855 6673 9601 4308 7391 1614 3850
31 2576 7129 3779 1628 6729 9645 2128 9238 1470 7305 8826 6619 5582 3416 5097 3613 4345 6124 2158 3725 570 1107 4022 644 7416 4408 3671 2833 4157 4332 9304
31 4346 1013 8224 290 3502 6280 2368 1302 9844 9687 5559 1395 1041 4335 7417 2936 4039 7400 335 5165 647 6233 5066 9443 6183 8866 7052 2683 6968 5436 4281
27 1888 8055 2495 2261 9135 6247 9027 2680 9106 384 9152 5558 1289 5186 3401 3662 2487 4142 2131 4928 3886 3274 1683 3113 8897 707 3883
29 734 2838 7648 951 5662 1346 2810 6344 4159 3570 2438 4009 5191 887 1854 5851 2590 7945 7550 7908 5275 4271 7421 5197 6435 4077 4901 5855 4177
25 3149 7230 3129 6128 3319 3054 8176 6744 4330 9378 5470 1342 1493 7419 4122 3320 7596 1099 8568 5750 7669 1234 3742 6257 3737
29 7119 842 2118 7870 5511 6398 9537 1250 2362 9812 4491 2541 8855 2567 8081 8896 3519 3217 3087 3183 6976 4275 6291 3871 9371 2786 5446 757 1439
33 4214 8699 5377 5012 415 7555 5824 833 355 3285 4701 4582 3201 5981 6486 7860 1566 5419 4322 359 7675 9050 336 2727 5056 1517 5290 966 810 4570 56 7496 5471
13 7862 8462 4225 3966 1647 7110 2615 3497 1744 4931 2096 3637 807
21 157 6849 1959 4115 6927 1613 691 4989 7361 4802 7483 2364 5575 9275 7960 7752 5570 9907 9693 3218 5953
22 2986 6110 3068 8133 7190 6244 6374 382 5567 30 5708 2370 3877 3392 3824 4576 6092 1793 5423 6401 7600 4069
24 297 6493 9255 6012 9450 1557 66 1746 6737 6197 2645 1876 8431 2144 2190 1538 5568 7160 8047 6390 5248 1633 5318 8480
31 1978 2899 128 2537 3616 2323 8882 2979 461 1391 1051 6864 4358 6047 6861 3893 4217 5733 7292 6543 5906 8632 3019 1659 4444 2704 5489 6534 8152 3836 4844
17 3103 699 5214 2216 6538 4986 9897 377 9624 947 1747 1772 3979 201 2254 3805 7632
23 5341 7210 4507 4411 2501 7298 473 8361 2284 6027 5136 9531 6351 1712 9760 5641 6449 3106 3265 9369 5865 8375 2530
33 2912 9452 720 9104 9002 671 4913 6587 1943 193 1045 5534 4104 8534 5023 4809 9848 1572 8583 2662 8286 205 903 9932 6050 6109 3728 5791 2490 4463 421 2100 3620
20 3281 2123 4717 4195 9346 9112 6014 8812 4505 1687 1007 3937 8751 7059 4753 2170 9747 82 590 5672
27 5716 9920 9830 6818 2077 4007 127 2602 508 2122 9838 7823 1308 4985 1682 470 7616 2381 878 574 7029 4926 3100 9921 3327 5294 6453
32 957 8848 8351 6021 4029 9033 159 252 711 523 4117 2248 9734 3174 9444 863 1357 8115 973 3361 8972 2493 3649 6310 620 652 9147 913 4310 9499 6994 3617
25 6724 4537 1054 3605 2731 161 7746 9019 5102 510 1035 6572 5270 3506 2569 1574 5081 3350 3766 6770 8145 6032 1473 424 5571
23 445 4959 1995 9254 4938 3366 5124 2866 4459 7635 6289 3296 9855 2860 5378 1556 7390 9057 8683 9552 3853 4013 2276
35 3693 5112 3821 4703 3885 4953 8973 2377 949 6248 4921 9513 4128 6833 8993 5810 1920 7800 6471 7291 2081 1648 8558 9603 9094 236 2853 182 2353 9596 1288 4905 4779 5179 5174
26 2020 1024 4815 782 4587 6512 775 5008 5608 8926 5692 9407 5389 3536 6556 1340 8381 7875 1388 4370 7887 4182 988 5726 835 3021
24 8395 6457 4794 3632 2442 5267 646 91 4006 7402 9237 6061 9363 5522 3878 4389 124 7893 9802 7295 6835 6143 1293 737
28 2008 8376 730 2497 1797 3778 6081 7197 6067 550 5041 7842 5537 2947 4188 8061 6738 7674 9788 9856 7199 5940 7589 1379 427 9609 3229 5501
24 8406 9128 2074 8192 4651 4457 4906 6226 5360 139 6077 5339 8944 1413 6624 3600 6817 7412 5431 2961 790 840 5790 3313
29 5598 627 1208 9222 7532 7080 4456 6839 1317 9139 9542 6414 877 7153 6079 8522 681 6254 9662 6071 5745 4416 5932 9690 702 4778 4909 2618 3969
22 3030 5744 9078 6069 4658 3721 3482 6188 2407 1922 8336 2524 1925 6949 4116 5752 51 4509 4261 371 6158 6191
23 3471 2788 6202 1503 5539 5642 6380 9539 3465 3731 3750 1967 1394 3256 72 1125 4614 9372 5 6499 228 4860 5578
27 7141 8459 3603 172 4493 39 7817 7614 2439 2945 8705 1416 964 2093 824 4501 9258 2050 7639 7431 1881 8685 2098 3819 9454 2312 6721
28 8102 166 5307 2181 225 9564 4792 7274 5451 7167 1934 2621 4625 4044 7529 9939 7531 1743 996 1666 5215 1732 8733 1244 860 834 8994 8850
26 8840 2026 3512 9314 7785 7263 374 459 5632 2907 8150 3959 2762 1690 8283 9957 8170 9211 4923 4598 6766 2488 5871 2450 6614 2007
21 585 2357 9012 5955 1102 9546 7425 8560 454 1539 9908 9022 7972 2514 1238 9715 3367 6789 170 2659 6467
33 268 4437 9543 2056 5428 1565 8263 6426 9303 893 3556 3772 3776 916 4789 171 6823 6033 7327 5383 7449 3639 5111 7767 6330 4574 9058 8321 6941 4918 2321 2456 5819
32 4495 6558 7975 1326 313 6407 578 7691 3044 5901 4394 3925 5083 6326 5167 5396 8567 7377 6225 8709 3382 1400 2002 1878 5515 4083 5667 7618 8925 8538 4911 8301
29 1353 2714 1970 7934 3636 3970 3770 8996 1348 2893 7006 2729 9083 2016 676 6376 4684 2619 9315 1032 784 5676 8364 7079 7611 1680 6348 8690 3975
23 5406 7704 5295 1949 7548 1152 1436 8984 7715 2156 4564 6515 2263 2097 3431 9535 9615 9772 6153 5130 7476 4296 9736
25 8342 1192 9950 1979 7490 8289 9462 8539 9239 5681 1671 9488 6532 2655 8846 2483 6929 3835 712 7977 5718 9259 8123 6919 4662
13 5649 4686 8791 9171 9576 2355 2053 7890 5706 1249 9530 6242 7404
17 7640 1874 5228 7342 2290 5021 6683 9508 8516 1217 5475 4621 9616 8596 2457 5408 9532
27 1528 7471 9469 4285 1386 378 7916 8101 4213 2867 8895 754 4033 5919 8526 3582 7294 4500 3954 1362 7821 9759 6482 9129 6434 7335 722
31 583 6740 435 8772 3879 1294 6698 5260 3157 8160 3127 3121 9358 6167 2344 3495 6608 7313 841 9055 3001 9756 5762 9036 9465 4269 5839 9120 2656 1962 4891
23 2941 8586 482 9289 4403 8719 4590 2159 8299 9442 8076 3700 6086 577 1092 3771 3515 2446 4181 1180 5854 5390 8022
25 8204 2426 1223 1252 100 1487 6971 3165 542 9849 8326 9583 9867 8141 4100 1375 2676 3809 573 6099 3388 3522 5455 4350 8862
16 3025 7116 7638 8285 6340 617 907 4798 1475 352 2346 1017 1763 1661 7845 4793
24 1735 5990 7372 5712 4409 8191 8695 2075 6393 4787 6345 5289 4628 8334 6602 5309 1116 3237 1782 4631 1836 8668 8727 3032
25 5304 3208 5771 3199 2999 1232 4958 3524 1480 1930 4824 9479 8935 293 1727 8438 4360 9730 1298 3943 5573 9960 9936 7069 3755
24 4829 2856 1977 7684 774 5259 728 3473 7454 3660 4076 5966 6219 2687 2010 4650 4118 6837 2510 389 9997 9782 2540 6997
29 741 1651 3991 4016 8796 9037 8597 6956 8970 659 9082 819 1842 5308 9185 4647 5157 803 9170 8704 5826 5038 1241 8180 1184 8982 6384 8178 4929
32 5381 4511 6125 6764 8831 657 5426 7794 8182 2670 6939 5730 1850 3962 9651 3511 8015 9422 3412 8002 520 1975 5916 7625 1039 5354 8144 1427 9637 1898 3012 4156
31 9979 8435 5554 7196 1349 3326 6657 9553 2040 3075 9800 7440 3595 3748 2611 6923 1535 8234 1124 9959 2038 9839 9415 5588 4005 8454 4769 5551 2847 906 4158
29 8559 7512 9636 3453 4555 3345 3247 8014 7366 9322 1123 5005 1914 6325 6859 6131 8241 4201 3151 3804 5918 3653 8056 7283 7369 8251 8138 4962 8947
16 6321 9410 3759 4328 5770 1831 9056 3163 5502 4144 5513 5138 5616 2864 9334 3120
17 3743 3138 6836 6567 2464 7019 4617 7275 6190 4975 8358 2707 411 5246 6725 5296 7393
24 9581 5359 6879 1589 1944 5373 9722 122 4388 2039 3130 9886 1806 220 8679 1258 1915 1788 6368 8858 5545 6533 7356 9677
31 1269 3430 5686 1175 3818 9742 7457 9632 1069 6915 9724 6181 5268 5172 594 125 5525 3376 9312 7238 9989 5772 2953 8255 362 8929 4203 3378 7751 327 7252
27 6039 9071 1474 1864 8505 1568 9968 6857 9333 6926 6366 2595 9554 8049 2768 2876 3332 1321 6328 904 4361 3604 7251 7606 5533 3892 1006
24 8520 5332 4605 6279 2107 6566 3761 4685 5556 9880 1857 6483 2004 1828 1780 9285 5319 5828 8899 6468 6895 6019 4220 2271
17 3457 2436 8157 3585 9164 1913 292 4930 629 872 4874 7061 7676 4324 360 9717 7789
24 8728 3196 697 3105 8766 9179 3760 2749 1974 4036 6528 3599 1214 4381 7841 4797 8625 4466 5146 8205 1731 2679 8078 1318
26 4687 7451 7631 7554 3398 4749 9889 1189 388 2910 2513 8807 3574 3137 4092 4632 7551 8680 6224 1632 9122 9991 5638 1998 1001 224
30 3564 9996 4836 942 6213 3532 8062 7903 2234 1861 7205 5417 8745 9739 28 7504 4051 1397 7828 8256 2223 8802 5121 3275 955 1837 316 6294 5666 2627
28 580 9685 1177 3740 3194 1143 7148 3847 9142 8169 3053 9183 7798 5763 7388 3684 2155 9398 1483 6653 2625 1366 4780 783 7297 443 3838 1887
30 6649 8021 825 5477 9819 5050 8190 7761 8686 2885 1271 8109 7712 7120 9998 9247 8748 6830 3939 6790 1533 6555 8643 7658 2812 7880 5652 1306 136 1410
27 61 2748 8440 2338 4615 7811 9424 1259 2025 9298 1800 4272 9213 8576 8250 1291 4512 7619 8584 6675 641 1279 899 5942 6845 2926 9573
24 4788 8566 9286 8219 8768 529 5088 5193 8610 3584 538 3645 4646 9099 8723 2503 6195 9568 2145 7183 234 8137 3589 9536
27 5161 9974 1955 5212 7884 7284 7547 1624 2532 1519 812 5217 3136 1370 5863 2974 9093 5397 9310 3504 5928 9432 4231 6147 8308 3093 9829
27 6456 6752 7249 9804 2751 9299 9778 4264 9150 5976 1314 7782 870 9017 9663 9356 5266 3934 38 2962 1334 3950 5252 8861 9168 7748 8722
22 8179 400 8338 3614 4062 285 5026 399 575 9231 6612 4963 6801 4524 605 532 725 1044 148 5404 5361 7713
36 6952 1593 4109 1240 5303 6402 772 4045 9641 9729 929 6722 2722 8177 1275 5243 9331 8068 2991 5754 3659 5585 9588 5765 8634 5177 6487 3033 8423 2165 6986 8090 8647 7215 8396 994
12 7877 8739 5017 6293 3215 7315 8968 217 2405 9522 7678 5723
26 7799 4648 5920 3420 6652 8037 2291 4819 6910 9785 2710 9727 1229 4234 7725 1996 8966 5199 9582 8409 8124 73 7039 6177 2502 8019
15 489 8104 4980 9251 6120 3308 6064 2341 5104 537 1286 180 1619 1586 7533
23 9207 7553 2690 2212 4768 2109 8549 914 5852 8954 2499 6626 1270 2058 7774 9088 8639 2692 5272 3676 8429 6853 9176
18 8184 7572 1508 8530 8615 8652 4838 2308 9350 3916 5416 2419 9895 3440 3996 143 2746 1022
31 8420 2512 6003 4973 6886 4099 369 4353 9823 5134 3449 1501 2955 2777 1469 6906 5950 5119 3711 7367 5800 7324 8036 5127 2080 4791 9427 5883 5923 9589 3679
19 8675 6747 5540 2934 9712 5830 2667 967 5709 2179 2901 2228 93 5180 3123 2213 1956 2951 3690
30 6424 1973 8951 2394 1098 286 2989 7542 2829 2938 5094 7132 7615 5482 2348 8810 9801 6001 5840 2674 1196 6230 44 8483 6890 2014 2747 4162 8226 6350
21 5245 6159 5562 1738 3609 4638 2393 8446 2417 2933 9136 6459 2142 4258 6055 2733 591 9360 4445 432 4987
24 6160 2928 8588 4376 9182 2473 5553 4316 7352 600 6709 2816 884 7242 5624 5469 9771 6317 296 2210 3080 1191 2200 3749
11 7468 584 6451 6201 9758 515 6517 7968 8898 3664 5244
21 1866 1635 9030 267 5135 9842 4503 3675 4206 7370 52 5302 1924 5519 4121 6527 2886 7801 6981 8374 4243
31 3692 1734 6536 7698 9949 7276 1109 2556 5700 7998 3592 5472 366 1047 4993 3262 5274 8360 5870 1485 2708 2672 5078 1766 3206 7902 5935 7214 3095 5563 1087
24 8578 448 7464 582 8693 958 4067 6679 1824 1853 7921 3006 2484 7244 6797 5321 2743 5613 289 7268 3041 6676 9545 3279
13 9121 3530 1872 7843 5635 6743 6312 5587 5689 3747 7581 9993 805
24 1993 945 6765 6316 4396 8937 4966 5405 7316 1787 2601 7149 2137 6447 8601 3300 7853 3379 9725 3704 9723 2238 8001 4120
26 3239 3951 5636 8464 8795 5628 4872 3624 7680 7266 3292 4232 186 7099 1163 3360 8215 8839 4488 4095 788 1213 6045 5342 1327 2845
28 9901 5510 332 9511 2937 2385 1583 4441 8945 2977 6375 6363 7125 7962 7124 2584 6382 7470 5438 4178 6899 7485 5095 9956 8380 3390 8612 1009
29 7911 3170 5025 9575 3270 7246 7535 1110 7829 8316 2846 7392 7384 4669 9421 1783 5233 4265 3813 1654 25 9924 1927 6508 7826 2970 5813 1939 4538
25 9411 6877 9890 830 4704 46 826 514 462 6161 8159 7407 9000 2042 9884 2859 1905 7340 5705 5132 2199 1049 9501 8756 1344
25 1563 5732 1529 4667 8225 9006 4964 6281 4259 7016 4578 4276 4681 4082 8778 7031 6295 2347 5013 9794 8635 5773 4180 7603 89
22 4882 2006 5425 6474 2952 5815 9975 7515 3230 9091 9175 9597 2003 3198 1036 8322 1571 5151 1059 488 3687 2922
15 5902 5034 8784 8088 6187 7189 5975 764 7279 9984 8411 8279 3518 5458 9281
20 7229 1689 7255 3565 6076 64 4756 6659 3499 8237 9219 8460 4825 4368 6829 3234 6686 4446 5848 6221
35 4066 8449 8382 4733 5503 7203 9846 3434 1016 5040 5670 4219 9783 1767 274 6816 4890 1065 149 1786 4619 2913 5483 2303 5736 7775 4294 5129 49 8507 2598 5753 9940 1210 9970
17 6965 8774 1518 4520 6301 2063 5872 5565 4420 5912 4422 140 2114 9280 5147 5931 6127
33 610 9246 9805 2425 656 9832 3958 4344 8506 9837 4634 8662 395 4711 2614 5262 5117 8325 8281 80 3820 8041 3822 3933 5842 6394 6341 9203 7307 8943 2326 298 8582
30 7318 5654 3462 2031 8035 5576 8998 2612 6883 1897 5999 1328 4365 6122 77 7520 1165 3353 8013 5590 8135 4254 8466 3324 1219 1663 6944 6664 392 557
21 2429 7575 4244 5462 4470 2844 3052 6020 9686 8732 4373 192 2750 4751 2798 5162 623 8602 7563 3719 4750
22 6633 5856 9744 6703 4544 4639 2753 2453 9896 6751 576 613 3178 1373 3538 8907 3587 3806 3815 7919 1577 7621
10 2278 2736 776 4251 4469 5131 9676 9484 8959 4716
30 2774 2784 409 211 1311 1700 7271 2023 3782 2841 7594 10 1741 8906 4000 2451 4001 3897 8531 2471 8600 4436 1172 1380 7437 8174 598 2610 1841 8453
32 9020 1090 1221 8348 5690 120 8869 3909 3314 7145 5725 6306 7394 2837 8009 4715 8294 8439 6324 8196 8318 2331 588 4972 9339 6136 60 6631 383 7151 3591 8147
27 2418 1660 3874 5250 2694 3323 9250 2950 534 7273 1606 2336 7590 291 2811 664 479 7074 1507 452 2888 2521 8384 5443 7289 3064 5538
25 9291 8323 5285 9654 1667 3993 5837 6672 9496 4498 7122 4762 9961 1957 7970 6599 6760 5897 9200 4908 1812 5439 5978 8265 4799
30 9626 7104 3403 5957 5779 4372 6336 9948 3203 2108 7103 5076 7339 6885 3231 4675 3714 8933 9943 2789 8738 2485 5696 7280 5331 1126 8499 9885 6477 240
20 9187 7846 7430 6352 3051 3338 3685 7415 3173 7627 5226 3040 8515 3698 9567 2211 2224 5647 8701 6260
25 8509 8426 6547 2997 7162 8324 1985 3429 6056 8799 501 6463 5203 5084 2650 631 3423 7204 6011 5459 8468 2421 3781 6266 6113
25 4586 3329 3381 4113 3476 3079 8383 5122 1870 3150 8153 2186 8161 3452 4222 8172 7023 1526 3189 8934 3797 7154 5057 3984 5063
32 4644 1655 2982 633 3669 5782 1368 8624 8545 5061 8833 4947 5552 8992 8442 6590 2494 9060 7930 2028 9982 8349 7992 960 5834 2976 6373 3529 5485 2449 6650 9472
20 2327 328 5507 7567 9042 8306 5479 94 1621 45 4385 468 5797 932 4967 8724 1095 8541 7123 9770
19 4098 2106 1267 6842 3542 2551 1509 6716 8164 7873 1855 3941 9257 8195 2730 7565 8674 7586 5629
12 7227 2054 8244 7004 2715 2960 6891 5071 4451 4695 3110 7460
27 6694 2915 6360 1723 1835 9364 8485 5514 7501 7763 9114 2580 9643 2340 361 4025 9664 3365 2872 8472 6408 6889 1356 4649 9635 4338 6479
30 219 9544 4665 4228 7994 5853 9858 189 4767 1598 2241 8551 6231 7879 9384 7939 7177 5849 1057 5106 1265 7155 5993 5542 1713 2262 6616 4364 4641 2463
20 2176 9964 1476 8239 953 9155 4473 5651 8958 4902 1749 8525 2371 1821 2929 9373 6107 31 9387 8430
34 1815 4223 8309 5347 6825 2797 8667 897 7654 3757 1911 4357 9270 7024 2956 8532 9629 7786 8248 6791 9204 5680 838 5873 8678 8702 3872 5024 8488 2113 5047 1677 7766 8131
29 3008 1530 6255 4657 5453 5409 5962 4871 6909 9611 2766 1960 7142 9029 495 5357 288 5645 2894 2127 8537 3094 7491 3464 8223 3702 926 2839 7036
8 5222 8277 5090 5756 2660 941 6753 2169
25 8271 8792 1186 6034 7912 177 3952 1299 5211 3443 216 257 5548 3551 6117 262 628 9236 404 6586 1216 9439 8923 1599 3903
25 9670 6851 4673 4020 9118 767 7697 6218 310 2685 2236 6860 5355 8592 3668 721 5843 3048 5924 1893 6096 8838 3656 3857 8874
33 2944 9316 9586 3047 7092 3169 546 2702 1531 857 319 8721 5379 2861 2231 693 6030 9389 334 451 7771 8393 5927 2005 597 9692 6209 3681 7814 4295 6585 2410 2208
38 6361 5393 248 3375 3414 751 704 1846 4270 9031 4211 1203 1774 8547 7262 7021 9337 4237 3161 1717 503 7868 6497 1616 6095 6369 1798 971 5337 7539 4702 2985 7489 7035 5055 9214 4348 7700
12 3321 6597 5033 2972 7894 2468 6680 4487 3625 4978 4442 7206
20 3647 6062 4397 3859 9379 2498 151 4988 174 63 2858 5223 345 4589 2460 1419 5922 1120 0 1705
22 8564 7677 1200 9562 6438 7209 5866 643 9741 4019 9934 561 5911 6862 2684 8689 5963 6636 4740 1906 773 7115
17 7716 2288 8969 682 556 2728 2091 1704 765 8408 2182 101 2734 8849 2592 9831 3289
31 113 5060 6450 4088 2754 2434 2802 9070 9288 3421 7474 7872 880 2740 8961 4549 5166 9447 8971 3419 3764 9261 3810 5461 2878 7803 259 3520 5653 8941 8527
22 6913 5049 69 1963 3701 9678 9035 7633 9612 1752 6800 8511 4014 4343 3963 6406 678 7062 7130 2430 8295 7458
29 6607 6168 4720 1685 2171 6367 2568 3710 8502 4690 255 2596 9355 5904 9335 3912 8821 2873 2162 6937 3209 7518 4774 8666 9196 845 1573 2770 8054
27 3168 9087 4080 3972 4450 6094 2192 3450 1612 3547 8755 8616 1882 7385 9665 7706 9047 9399 6781 3309 3720 2726 8341 9198 7424 8327 4133
31 2313 3384 7373 2000 7636 6484 7564 4532 9810 4002 2633 283 733 3973 3391 5183 9400 3214 3481 4175 1829 2066 9332 4253 8714 7523 1552 9642 2423 2376 2049
27 1724 5721 6186 3583 6024 2984 6902 3754 6808 6641 5486 9043 6682 6617 4535 6142 1789 6154 4023 5505 8230 8924 7859 4337 2138 9834 2658
30 5402 271 326 9735 2585 6422 7456 9478 8928 1431 1071 2268 9816 581 2719 8387 748 5605 7852 5118 6668 5549 2562 14 3460 4700 5581 1699 3994 3346
19 6900 7346 9375 8228 9186 7510 5421 3682 4210 5633 1916 8084 9973 3407 1127 7833 1202 16 3288
30 2507 1100 1276 4558 3615 645 6719 8272 5070 1692 1198 9001 235 4543 1499 8986 2563 9212 4565 7848 4674 735 8623 9059 4425 8570 5989 3733 4129 6834
31 5343 9401 6327 3906 5036 8116 81 2648 4314 5317 517 1266 859 6707 3352 7250 9386 6169 2778 6623 4427 191 9942 1848 2643 3627 5460 4723 5232 5720 3619
23 3667 1852 565 3666 2409 3435 9466 353 2412 3484 4468 5850 687 571 9519 145 1662 944 5204 1514 4531 7311 7733
23 554 3160 8198 5663 7686 4595 6066 2558 3394 3799 5201 3992 2390 5929 5292 433 242 5969 7144 6792 4616 258 8433
19 7088 8548 6409 7685 6261 8412 244 2270 408 7610 8067 2854 694 6948 9086 5968 7577 690 5376
21 8587 9306 1313 9795 5650 9158 1325 5995 3790 8743 6378 1822 7368 5350 9435 6561 8330 4226 7813 1576 1652
19 6418 3202 3145 4280 104 9425 1033 4945 5648 5488 4783 3678 9857 4757 6065 4363 2196 6470 4091
27 9698 315 8410 506 1245 4607 5374 5764 402 8450 2078 592 9780 3455 9870 9423 4932 2763 4386 5403 6166 6768 7452 1868 9467 6576 7410
30 8698 9768 5535 989 1491 8187 8642 8761 6331 4147 7414 9300 3454 3404 2175 684 1136 5326 6628 1237 604 4581 2001 7450 7955 3745 5812 5604 5029 5606
18 6780 7082 4761 6903 5091 4152 723 4954 7139 8497 324 9243 7423 7530 2103 3677 7719 1931
16 6767 4352 5371 1592 5801 232 6774 1918 4925 5401 6691 5987 2071 5328 2709 2840
23 6044 5500 9815 8989 8236 1319 1626 8315 2705 885 1575 4676 9953 3486 5521 9390 6334 5311 5413 3780 5798 7881 4292
25 4056 3029 7465 119 8940 8259 3315 7915 9992 4561 7647 3282 8872 8074 7743 7914 2084 6504 7741 8889 5059 9446 8043 4568 5631
30 2531 8629 41 9947 9579 1859 847 4114 4981 8661 9163 276 5168 3707 4754 2334 9323 3563 3187 3456 4108 5037 6343 1467 5148 7165 6881 3185 7783 1929
25 3410 9191 3557 4806 6648 1745 8245 8562 484 4718 6625 5600 4190 9224 1140 1274 5740 4814 8467 1549 1398 3898 5202 2300 3618
16 5881 9851 3830 8614 6601 6871 9381 2292 6416 6223 133 3077 338 8563 1074 2411
33 1879 7585 1830 7668 5422 7534 4623 4449 2366 8793 7570 2129 7106 1770 1750 2351 8927 2542 5261 6144 6690 4737 9063 6640 1607 7544 6411 9340 6007 4795 6717 7985 5891
30 8086 6304 3066 2570 832 4880 5457 6121 8023 4453 1736 2756 5778 7179 3844 4478 5463 3634 5643 2891 5015 882 7261 4474 9787 4752 1865 5449 3929 1038
34 8189 7768 4107 3370 9202 300 4696 2314 3901 4714 5998 8830 7750 8976 1307 4429 6130 3980 8003 5195 5614 7201 1151 4678 2427 3552 5960 844 3369 6273 9494 8641 4319 1558
23 2828 8713 8346 7085 152 7692 7041 4300 4588 6897 183 5747 798 2803 5509 7218 8386 1133 5435 1847 4506 5857 142
20 1794 8979 1804 5888 1684 992 8118 2480 5835 3466 7749 4329 2420 4900 6611 4146 1122 4298 4458 9359
21 7849 2963 5205 933 9116 1281 1256 8243 6098 137 3924 2599 4698 260 8197 9153 5456 3881 2459 2668 4818
28 394 8073 6029 3783 6023 595 9900 8800 1004 272 5909 1031 6542 5484 184 7720 8201 3485 1347 6472 8983 3744 2865 4399 7717 8082 5637 2897
29 6269 2422 7666 511 3038 1676 8018 1896 7830 6921 1907 4523 9470 7397 5506 9762 5468 2616 8900 1360 5338 1490 5429 9656 6943 7996 910 1019 5697
23 6843 9691 212 5156 7882 2187 5045 7604 7498 8111 4423 3387 3337 6935 7358 8964 4179 869 7509 7269 251 1230 9131
