6 6520 7985 2982 5976 3818 456
6 262 9670 7992 808 1088 3733
12 9702 9105 577 5473 6942 3336 2748 818 8021 7394 4852 2529
2 2007 4836
7 9099 5393 293 8710 3846 650 6534
7 4144 3299 220 7259 626 170 4790
12 7904 4772 2343 124 2496 7117 8004 2173 167 4642 2901 2528
7 5317 8875 4901 2243 169 4277 789
6 4898 2090 1674 3634 4963 4077
5 8452 3337 9487 7127 8564
7 7329 731 59 7440 2891 1990 6453
4 6363 3347 7706 8702
8 5864 5419 8050 1084 4514 6557 1809 2866
7 2693 3126 1451 4245 7404 4111 7170
7 1480 9407 9900 4434 6186 9184 8967
16 5739 210 856 5892 8985 7320 534 7179 4357 5805 6160 6773 7331 1265 1426 4074
8 6072 2449 7199 6266 3601 3437 8600 5151
9 7003 8248 214 3382 840 221 1189 3122 4112
3 8606 4808 5394
5 7882 5755 7402 5244 2686
6 8070 7341 1690 6234 1429 7952
8 2298 6804 975 1967 9043 2351 7428 9303
10 3905 4021 4424 1873 7017 3750 3124 8320 3009 1916
4 7314 3365 4138 6547
6 2491 7524 620 3109 3657 1906
11 2735 1332 115 1521 662 238 6070 6722 9235 1976 7798
10 6462 8041 2933 9444 1292 547 5680 4395 8733 89
9 7028 4203 9966 5155 4984 7598 2456 394 3745
7 881 3831 4883 3469 1315 1912 8653
11 39 816 2703 8601 7999 4880 6921 9842 1728 2968 5457
7 9509 6324 1005 7966 738 3086 7483
4 3187 3330 939 9469
9 3864 9600 8903 9505 8238 1791 7814 4025 3206
9 8038 9169 8852 4485 749 9435 7407 8064 7113
8 6830 168 4633 256 1055 2451 618 1128
4 5437 8500 8054 6912
7 4998 5202 8539 9821 1548 2535 2265
8 6362 1858 5772 5131 4925 6397 1279 1998
12 8160 2442 2413 4689 5674 2236 1060 9741 8482 2527 62 9459
6 8991 8170 1331 2276 4989 6990
5 3134 6788 4869 6428 4321
3 1817 4476 4693
4 3198 995 5138 310
8 4303 6548 8441 1249 2035 8573 5741 847
4 4996 2542 3359 7809
6 8732 5625 226 1944 5020 3807
3 9503 8216 7346
11 9011 4151 132 6592 4552 1158 2295 4791 1207 836 5669
6 2881 1453 9828 9906 8417 8164
6 9764 7449 5792 4529 8595 3766
3 7182 2638 2579
11 605 4072 8828 2391 1219 9350 8747 2068 7731 9100 2194
12 1107 1071 5552 4299 3980 5510 3236 5049 3655 2849 2066 1124
2 6834 5250
9 2605 6578 3311 2420 1507 6193 1806 8197 1000
9 6740 5679 2767 3810 2352 1213 2856 9664 2469
14 558 4123 7550 617 3094 3456 793 5078 4221 2294 4225 3653 4946 3650
8 2288 9750 3686 7431 9627 7704 7439 9803
16 9624 3728 4589 6755 6524 3440 2446 2829 3127 6835 7545 8003 5989 3447 448 7597
5 7476 2801 4761 7205 6335
11 6382 7491 4518 7215 7822 9056 1104 2925 4446 2432 3975
10 6581 8640 5853 9067 1509 3018 2521 6379 8245 5377
6 1773 7241 1099 6840 592 7561
9 7280 1991 7120 3483 5404 4965 7420 9314 5546
10 8239 4230 1692 5447 8226 8639 9964 9571 640 1195
5 2204 8411 6329 2673 9256
10 7347 3475 1860 8759 4812 9433 9453 4722 327 5059
10 3508 7930 3599 1306 7776 8698 8092 8358 8131 3743
5 5156 5511 6979 3439 3760
3 5763 6494 8758
13 1721 2254 3805 9055 264 6192 6493 9022 5135 1329 2912 9743 8571
2 2134 2805
22 7373 7725 842 8671 5514 2325 9618 9325 841 8305 1487 4131 1386 3707 4086 4195 6616 6014 4187 4550 1176 3435
6 8464 7560 8087 8548 5862 5325
12 928 1138 6285 826 1881 4289 4104 1902 3615 6477 3523 913
2 2591 5284
8 5426 1204 1522 5372 5337 3673 930 3977
7 4924 2699 8027 8861 2237 2074 3027
10 9489 9231 2654 4794 8346 2075 3534 3793 7380 7153
8 4301 2110 4654 299 6506 1038 162 6813
7 8721 5995 5769 8963 6789 2308 9897
6 4087 5757 4968 7939 9209 4604
7 5321 2344 692 4040 8342 2787 8739
10 6724 50 5966 4130 1673 1614 5587 1868 9742 5898
14 134 4517 9330 9581 5236 5934 1468 2030 5808 8078 630 1075 7650 2984
5 3887 9962 6599 3626 3832
13 4532 1965 2274 4481 4266 6837 7523 4126 4787 8944 1897 1439 3491
3 613 5821 5662
7 9751 2283 1525 6917 5141 4564 4840
8 4450 3767 4184 2286 1221 7664 3735 4232
8 1594 3371 6641 9863 5432 6125 8096 4435
14 854 5914 8048 1654 668 8318 2121 9967 5744 5323 4970 5878 2983 3502
5 7318 544 8074 1300 5221
9 288 7605 9054 5564 4913 3323 2843 3917 3291
7 3265 6807 6304 9825 6262 2131 360
13 3962 9566 1240 6131 9960 3503 5013 1203 7559 7145 906 6906 8620
11 8885 7389 2619 3809 2721 3000 4971 1611 1359 1986 8010
15 129 8228 4031 4885 4041 7749 193 2634 1496 9189 4079 562 2919 1994 7506
5 8667 2778 3402 2601 7351
6 698 3926 4145 6779 4621 4611
9 3877 8946 4363 5684 6601 2402 723 2061 6480
10 1680 2367 1847 6828 6213 4893 3144 5042 4488 1135
12 1725 7701 8915 5356 9428 1959 8893 4570 2488 9253 6692 3269
14 6169 7839 2443 8237 9744 1227 1802 7209 6615 8989 7820 1450 3640 5048
6 9451 7194 7413 8485 8742 3014
11 4029 7843 7212 3195 7765 55 4023 9092 3507 3705 6630
9 5997 4745 2749 2327 5392 2444 2338 6545 6745
7 1374 6069 1893 4135 9867 2935 4284
5 8625 30 1003 6550 9699
13 3256 4786 5492 6115 2547 760 1886 445 8187 7313 1006 8918 9913
7 3625 8005 2726 5036 3497 8878 211
7 631 5823 917 1560 2147 6474 5589
9 6526 7306 9968 4267 9834 704 8993 2586 998
12 3215 1764 71 4316 2714 228 3194 1365 6079 2508 9446 6461
11 7196 3119 6516 148 8950 7448 1165 5249 1714 1091 3202
10 2692 4531 8974 8630 7652 9592 3642 1996 2988 1598
6 8565 742 9733 9177 2163 3647
8 5593 2122 5358 3648 1053 4641 4516 3709
14 1188 8749 4902 2428 6622 428 6666 5868 2612 1413 3901 3317 3261 941
5 619 8643 8969 6960 2486
2 1545 1706
8 103 3493 4841 4360 153 9187 6514 8975
11 8786 4330 7887 5060 9694 9936 1661 6859 7277 5987 2175
9 3630 3598 2967 8363 9463 286 5458 956 1892
6 5452 921 3929 1112 5034 9558
8 4148 9070 5888 4496 7460 2914 3477 4320
10 7387 2888 7328 1360 5258 9364 5670 1127 9033 9491
9 1666 9706 648 8206 1812 6640 556 7275 5597
7 2918 3247 5434 3817 5491 4118 1421
6 2499 3389 1559 6504 279 4696
7 5833 8058 8877 6964 7829 3664 7632
6 205 4976 2911 2689 8998 5959
8 2959 4181 389 5352 2972 2626 7076 1338
6 8868 6332 1454 3849 2487 6594
4 5260 4165 2169 2216
11 9663 2850 8109 176 2000 2350 6937 1235 3806 8469 6760
13 3828 9047 1322 4983 5883 2261 2804 1256 5312 7098 453 2490 9133
7 4647 5942 4182 6656 9820 6146 3163
9 7892 1877 3795 8156 9674 1517 4978 5967 926
11 2863 8257 8814 3271 7534 3073 3612 4600 6576 1327 7862
5 1691 5961 392 1825 306
10 6108 6163 6932 4457 3160 4445 1618 6555 2089 4420
5 5604 2948 6941 2431 2244
4 4220 2708 2557 1216
10 5950 1615 720 4032 2382 3327 6225 5178 5072 9454
6 5424 9318 7011 7931 3434 8492
6 171 6485 3252 3774 5570 2844
6 9447 3660 5308 9086 9430 4295
8 2082 2629 3372 9894 5140 2027 442 488
11 8046 7817 3701 2782 8562 4861 7271 2896 5283 3712 8097
2 7937 7579
5 4942 1653 6153 7149 515
9 2112 5550 7835 3635 7792 2335 6405 9160 3245
13 6181 8167 9327 6007 1403 9416 6358 8657 1953 4161 254 6725 9474
4 9097 3239 8007 9846
11 8736 4597 1234 8544 4408 1348 3220 5688 796 9735 3088
13 6689 8525 5713 1269 6935 1738 1788 9393 2880 5146 4732 4982 8881
7 6102 7897 3388 3430 2201 5311 3580
8 380 5500 9295 9957 3812 5534 139 2883
6 1586 5904 9946 9783 6116 4728
6 2379 4951 4562 2493 6648 7478
5 7253 5748 5209 753 9483
3 3749 6933 5785
10 1816 9309 3168 5088 2097 4619 7861 3586 9949 6795
6 3061 6646 7148 8445 9258 5513
12 2512 8186 1224 9492 6253 3500 7877 2600 9378 3981 2272 8526
5 2662 447 9106 1709 1119
9 5619 8446 1102 3138 8637 8715 443 1015 9648
7 2242 2142 4777 4853 9344 2240 2384
12 7970 5472 8126 9108 985 8778 2640 6938 6869 2993 3458 3125
6 9944 3090 9329 38 3047 715
4 8244 5988 6430 7097
5 8124 3670 2225 6425 1391
12 5505 4912 1166 5812 7079 5096 3154 9482 4179 9923 6087 1647
2 8402 1416
11 2198 6388 632 6577 5896 5627 4665 3966 1783 1524 9633
10 3117 3395 4480 444 5705 5481 7184 5341 8290 1572
5 3173 4660 4019 3870 4052
4 7293 5697 4688 8266
6 1286 5436 195 9645 2302 3001
10 8745 6078 6645 3468 5055 2713 4803 2041 5188 9172
6 8762 3229 184 3956 5132 5653
9 6145 3683 5691 3600 3718 5676 4400 4623 2463
3 4735 8494 364
10 6012 1486 6896 2455 8321 9625 6985 3736 2454 8200
10 8767 1291 7216 2287 8283 2336 8714 9271 2648 4127
8 2119 2571 7221 6204 6625 8294 4793 1949
8 946 674 6003 6305 994 7299 3895 31
10 7322 996 2825 9557 9583 6236 1650 680 1064 7464
5 654 4119 7719 5911 4329
7 2806 6993 8465 969 531 1875 6503
9 2978 6764 9146 9145 468 2356 27 8403 6686
10 4884 4581 2705 2628 1156 4928 3320 3262 9788 4828
9 2741 5214 9947 4755 7860 9911 8487 28 5780
9 4163 1178 7926 1851 2202 9532 2963 1952 9268
9 5895 6638 8179 2694 3303 5110 3894 8858 8662
9 4460 3940 509 4224 7240 1729 9175 4868 4439
10 2522 7157 4640 6528 3570 6747 7106 1513 2760 4768
7 3548 3433 3982 795 9844 1255 6228
9 9689 7880 3487 5590 2130 7417 3268 2950 5080
14 19 5908 2944 8821 7167 4356 1878 3583 6290 8132 9077 4219 702 2702
7 1554 6952 1326 9311 3243 4000 7186
8 1908 417 5474 8683 4250 2994 430 247
10 8353 1222 3522 960 4324 1823 7922 4094 7392 7993
7 1155 6729 1553 5292 7019 1979 240
6 4340 9518 878 4594 7061 9072
13 7501 1125 7371 9457 4575 2763 7874 8036 1584 6796 7603 3346 2047
12 7181 887 849 8836 3954 357 7197 2064 112 3351 5549 4820
11 938 1257 2752 1668 4503 2408 7574 993 2830 3399 8646
13 3139 7168 3263 1268 2858 3888 9138 1057 6791 4305 8938 5764 4510
5 3091 4712 5471 2226 5405
7 1989 4848 863 3552 7466 9301 9377
7 9586 3796 2315 2926 6718 5063 8808
7 6792 242 5637 6006 6074 8800 1576
12 7787 4167 119 7647 9307 5163 1298 7154 9958 8574 3392 9375
14 8016 7071 9126 2123 7857 4843 9439 3316 5193 7778 7576 2552 7842 4306
11 9455 8277 6250 490 3933 3029 7282 3223 1137 1151 3068
6 7105 2193 9979 1846 3467 2669
4 7345 6523 7986 5650
3 2289 8034 9824
7 6495 4430 4403 2909 3097 2048 954
8 5626 8658 3602 63 1427 5664 3013 1634
8 4572 7689 3529 6464 5095 173 2815 2128
7 1433 5382 3838 2611 6669 574 9700
7 3310 9244 2868 263 2659 7830 6223
4 6491 7864 3588 9763
10 1934 3703 4001 8045 7272 6167 5031 7958 2886 1095
6 4872 6444 8444 6386 2813 9023
12 8458 5885 525 4269 9440 2975 8423 2846 3909 991 3181 2500
6 8784 6207 6349 3281 5729 141
15 9144 9333 5633 4372 7294 2957 729 3332 5747 829 9222 4064 8378 4141 586
7 2646 9568 7211 5599 1372 7868 5254
6 7228 8838 3567 500 2002 7352
4 6 2181 2022 6696
6 7487 1617 1043 3912 7441 1382
12 1041 9234 3757 4226 227 241 8076 6585 4579 2670 4567 7871
12 1270 8785 2817 6637 7287 1840 9884 1493 5720 4304 9319 4117
4 4944 4679 7713 252
2 1367 9925
12 4249 2537 433 2942 5801 7247 1818 2209 3370 5629 9815 1477
3 6470 4275 8326
8 1459 8605 589 2588 2250 1796 1016 5044
10 5694 1048 5641 3691 3802 3059 6559 4499 7024 8661
7 7653 5416 9524 3637 9281 6206 3023
8 7438 9211 6922 6029 85 9472 292 7386
16 8272 5123 8930 6926 1034 4379 1351 1412 3326 7300 7312 9013 7821 798 1744 2518
10 2517 8841 8741 6180 7808 5158 5758 3719 7316 6190
13 7741 1092 1028 8234 9107 2653 9217 6676 9754 396 5932 3799 7099
6 9814 8084 3226 792 2550 5742
6 7285 8291 2848 824 7486 6446
3 1975 2117 149
14 964 9473 7893 2136 5103 7734 9221 8818 2985 485 6752 8191 5120 8118
10 8655 2069 4635 5001 5719 2607 8475 9986 3077 7699
6 825 2077 8025 8504 8727 2480
16 6902 4362 9767 3019 9141 9297 2531 9114 2033 463 4071 2300 8586 4223 8937 397
14 7711 6786 628 8750 7494 2192 4584 313 8628 3506 3322 88 5586 9567
9 54 1353 151 6538 4036 2725 1819 1543 2736
15 9880 8115 7419 8516 8193 9154 6980 9438 2505 9012 725 1982 8892 4160 199
6 8251 3504 9780 8106 785 3662
5 9220 4309 3387 9507 8782
7 3801 4810 1722 166 7111 6500 783
4 6621 4218 6467 5777
6 5490 4054 4765 9576 8874 7850
20 164 5172 3141 122 8009 378 3232 1313 5778 4294 1443 9285 9919 1010 9485 5690 6159 6264 5127 3641
4 6365 9686 8395 8152
6 7563 735 1281 6662 48 706
4 3213 4447 2049 4862
4 7133 3146 6100 8409
9 7536 7884 4700 4805 2924 5548 2165 3883 4871
2 8718 2003
6 2018 82 6315 2404 9882 7355
8 9158 5192 194 5100 3110 478 9456 9657
11 7267 2284 6401 6690 7045 1930 5954 6982 1106 6311 6152
8 1215 7921 9225 1762 7335 375 5084 3778
9 2316 3607 2965 1171 9176 1887 4383 197 6350
17 3721 1097 9020 5144 5315 8388 9193 3574 2898 6950 7838 7917 1606 331 1954 1436 1793
15 6055 6105 2690 4468 4191 6281 6571 8753 5200 5642 3518 831 9391 7087 1319
8 4673 395 1514 3556 2153 2923 8486 2620
16 6353 355 4342 403 2785 3582 8476 3049 1310 2837 8607 1373 1637 4066 2056 4237
7 539 3354 610 6433 407 5736 446
3 7146 907 4005
8 3515 8274 1942 1552 9862 8853 7249 3225
7 3694 6154 5927 5210 5303 464 8701
7 204 7477 251 8911 9462 8777 4624
7 7833 5150 7178 369 9429 4500 9437
7 4189 6705 3112 8822 7437 8922 6333
3 9540 4949 3755
12 5794 1143 101 5936 6057 304 312 6045 3369 4630 9837 9057
10 8150 7660 833 1755 7712 3754 1732 5294 686 5827
9 461 1086 868 5414 9140 2558 5707 427 2811
3 5136 3608 2533
8 2269 3868 7496 645 8559 9094 296 187
7 6530 8357 9272 2152 2999 2724 8959
9 4298 5659 3306 600 4603 7327 7103 2479 611
6 81 8204 3965 4554 1181 3178
9 2400 8905 3494 3928 8434 325 7694 7983 6673
14 1209 7239 3555 4566 2108 5366 1129 5678 6380 9493 8250 3098 5834 8713
5 8672 8374 8676 9677 4386
6 9028 6627 2247 2698 1362 3861
7 4802 6385 8694 8799 2565 2445 7139
4 2768 1343 6177 5559
12 6863 1415 4211 3360 3816 8541 3006 1748 8432 6050 7415 4085
6 7020 4142 9208 2946 5504 813
9 2594 1301 6371 5890 7915 4268 1678 7984 9813
7 6227 4473 1681 1792 2980 1995 2212
3 3120 3103 105
3 4987 294 5658
9 900 7086 157 1633 1123 2326 6711 7311 4352
5 634 962 5114 6033 504
6 6907 3708 3338 2989 5154 8623
9 559 3164 5601 9775 429 1317 7164 9545 6031
13 1624 5711 7610 7422 1843 97 8478 9034 2213 8635 9950 1948 1336
7 6564 7042 2688 9812 8666 5766 2623
5 5159 4895 2774 4789 5991
3 8143 7621 7630
9 4845 8259 4046 7278 4247 9336 1150 5999 5746
8 107 7667 2116 1937 4175 9953 2853 7100
3 4612 4644 25
3 2544 5948 9374
7 5480 8397 2570 6975 3089 3058 5262
2 3737 7307
9 7806 8328 6943 9588 8889 2189 3189 5108 1061
11 7867 9401 2568 7074 3383 156 2264 8518 1751 694 5102
6 8699 9120 1978 9612 2310 3408
7 1146 3527 602 6961 584 6016 6665
8 7945 1869 9074 6739 5692 5715 707 311
12 2381 7941 9032 2021 3931 84 1122 4655 4231 8247 6359 3953
13 7094 3248 9725 6132 7297 2826 9855 2540 4714 9149 3873 3087 4172
12 9355 7665 4365 5605 7319 6226 3407 6049 2819 3971 4178 9607
10 345 9939 6412 8418 9060 7987 1380 6258 152 5962
4 8343 6801 7678 7671
4 1776 984 4538 3185
9 7728 3099 3405 7508 5383 460 3151 5963 7180
12 9559 2426 5349 7538 8158 6187 4779 4368 2895 2538 9614 9993
12 1686 489 8013 4382 4917 9971 3017 9952 6981 6389 1625 9229
7 1831 2337 3623 7176 8872 9171 3257
9 3191 4478 8765 7617 2200 2823 3352 5652 2651
4 5984 6595 8906 3066
6 8061 2961 8520 2936 2753 405
4 4614 791 6368 2887
2 8934 2053
2 3478 1474
7 6583 2184 1148 6448 108 1671 9238
10 4985 1225 8213 280 809 7928 2093 6707 6513 8184
3 34 773 9997
5 4981 7852 4609 7200 3207
3 1341 2664 7623
2 5968 7291
6 1932 3415 15 8289 7886 6321
10 8366 6245 6460 3860 6948 6011 4522 8768 8647 9090
5 1323 9619 359 8596 7940
10 6855 7116 5011 6459 9599 8664 6587 2732 9383 1192
9 4753 7569 1153 5488 4463 9709 9833 5614 3211
8 5837 5089 803 9552 7188 284 5802 2695
5 4380 472 5386 10 110
12 4625 3174 3179 9206 8207 3180 4555 8127 1800 3775 7783 3896
9 8079 2155 9481 4533 2775 6600 8284 8335 8990
3 2346 5891 5164
4 0 693 7620 2877
7 7746 1966 536 5243 804 5219 7990
5 2374 8386 7807 7458 3028
21 1724 7570 52 2433 1750 4877 6398 6396 3423 6838 2447 554 6369 4782 4935 5040 5912 7123 9634 4261 2186
5 2549 6320 4632 9665 203
12 8066 7636 6858 6844 4607 7361 7566 6930 2842 9889 8205 9287
11 9118 3734 1231 1506 4939 2534 2046 4313 1896 5838 3540
12 257 2722 501 9036 5980 9372 884 8748 9938 2458 4132 2997
16 7332 8449 9703 1945 4536 5442 4391 1494 9164 6905 1244 8273 5799 8477 1784 2453
6 8619 8795 3273 9434 6316 9693
5 7290 9128 8609 5296 6463
10 2115 5277 2976 4795 7163 1077 4154 8338 1927 2439
11 3557 5530 9014 8060 8322 5417 1445 1951 3798 1157 9991
8 7056 8629 6565 5052 8008 9477 1685 6868
3 8006 8700 1011
8 289 2292 3730 6607 4291 716 6411 6940
8 2931 1463 234 9595 6612 7101 5830 7793
9 6133 3808 7406 1001 2861 7949 3192 3819 708
9 7374 9132 7286 4907 4544 5030 196 2497 3695
5 6322 4333 7530 1378 8583
9 9676 9331 5708 8550 239 9262 4738 9358 641
15 8072 128 9274 8081 7073 4867 337 5822 1080 2869 7364 487 1465 7865 6222
10 8624 6794 6214 4068 7943 6283 8416 278 7505 1239
7 3186 6871 9494 165 8369 8472 174
5 2412 9732 8870 1957 4212
3 3150 4891 6759
14 6466 1529 3292 5532 4092 6651 1735 2878 4830 6664 4443 8535 1375 7136
6 4385 8592 2603 642 5841 8489
6 3779 9830 6496 6603 2461 1549
17 2958 1046 583 6864 7104 7231 8593 4577 9059 1742 9376 1302 819 6309 4859 6823 1642
6 7584 5082 5536 5716 1789 2545
11 3960 7612 6340 1590 469 651 4367 8528 1604 745 192
10 4834 8746 9955 5486 6958 209 2144 8117 6898 3074
2 181 258
6 3054 6035 5572 8370 8543 398
11 7248 482 8457 5630 6691 6219 2029 9852 726 6081 2418
5 7454 2910 4697 1134 5882
8 968 201 6168 6196 8161 1318 522 5401
14 967 5075 561 5894 5086 9704 1309 4407 4206 1719 2140 4194 7795 8514
10 7716 5858 9130 1977 3785 8771 8530 4936 9569 8812
7 4396 8243 1573 2258 9488 72 6484
13 5721 1325 8716 1593 6716 4026 6965 581 5212 3823 6821 4323 2847
