28 48 6485 9495 9485 1460 7663 6805 3373 1458 4653 5933 8491 9300 1012 9155 2561 2854 1286 5639 3344 3171 4116 4005 3250 7977 5536 8674 2203
19 84 7455 1489 5541 8419 4940 2919 4664 2045 8851 1096 5306 5143 7529 243 2567 9958 4505 8727
15 88 7293 8715 5829 476 5396 7753 4373 5190 860 6335 5130 12 6465 2509
28 187 6654 4635 3544 6392 4481 7191 5298 1364 4406 7918 8004 3893 2325 3016 5274 4902 3553 8526 9807 6841 2328 2001 4095 68 9601 6158 6191
27 303 8149 6004 3816 1755 8188 9836 2164 8603 1466 4821 4012 6602 999 4512 7071 2965 5863 7695 3312 3179 4998 1120 5978 4883 6559 5723
19 474 2424 8967 2021 2153 2762 6679 855 8946 5 3831 9088 4183 9660 5407 913 7863 2656 6
11 568 4984 1002 5952 4398 636 8788 1373 1621 8002 8730
28 677 5027 5487 3017 6771 9341 6570 9263 1521 4163 6674 7525 3039 7650 1682 963 1485 4026 8623 9756 3658 6899 8802 7859 8384 2610 8424 5415
16 719 1625 718 9743 9751 1537 3867 4046 6319 7791 1555 38 4774 756 5977 4716
26 837 7186 2335 9487 4602 1046 7344 2966 2693 2526 5171 684 2943 5506 577 7240 2029 9173 3695 6017 4766 8454 488 4049 8770 5173
12 1066 7188 9459 6231 8475 1342 8258 2545 5456 5059 7011 1343
21 1178 2520 9874 98 6526 8167 2275 7081 4302 9192 8883 3436 5582 9716 5908 7025 9792 7896 796 9334 8377
18 1209 1407 6239 9349 6178 857 319 6806 5864 1075 4420 4447 5095 3274 5942 8260 4904 9827
30 1315 4877 1030 533 3036 422 2578 3839 3829 8659 1461 7865 2863 7587 8775 2437 2947 4000 2093 6628 1370 6464 6626 784 1161 5822 5489 5839 8433 1410
22 1335 8227 1791 3761 5909 1783 5810 1727 3628 8252 525 7408 132 2469 2705 6278 4412 8683 5311 6212 1823 8147
13 1515 9166 2143 428 2967 3789 5241 1246 4746 7505 4454 8824 9176
34 1543 7711 2511 5699 5620 2041 572 4593 7134 8257 2565 342 1934 2309 3948 8755 4075 2443 9331 5728 5805 8525 1890 569 7623 2249 9953 4129 2353 927 4242 9782 7789 3618
21 1560 7028 3910 3602 7277 7386 8938 5603 3086 8129 7646 4925 9762 8944 6646 9365 7450 8095 763 4140 4156
21 1757 6502 7117 2649 8995 9475 1023 9880 9244 1806 5590 2403 6759 9032 6551 2369 1362 9439 5348 6434 3620
32 1900 9820 8447 419 3938 1627 4171 1441 9561 2969 1716 5481 6036 9321 5104 2129 5309 6996 7177 6948 2354 735 7844 2650 4178 9857 3063 3254 9648 926 1306 7036
31 1992 3249 2975 8434 1580 6615 660 7856 4384 649 7562 9089 215 816 2137 4235 4232 3568 4578 8438 9866 7706 604 4304 5762 6468 2879 8313 7748 2411 8874
17 2009 7864 8203 1260 5627 986 4063 9249 453 3913 2430 8666 4927 7138 6585 472 1006
22 2135 7140 2742 4207 7710 1079 6346 876 4031 8820 9694 6684 724 4964 1402 6513 4810 6225 9895 1703 3189 1545
24 2356 1194 1218 3554 4245 5344 7066 7764 8533 2548 7594 953 4515 5556 1468 8997 6829 5969 2725 480 7416 7413 9637 8722
23 2432 2324 5517 4920 9951 8059 7253 6618 2260 7613 1606 7291 8846 2255 2066 4956 7261 7283 7052 8152 6981 9721 2840
20 2519 3546 2523 4011 412 7547 3536 7582 7886 1719 1171 1388 5463 1400 3558 8716 4780 3957 9146 7766
14 2571 9733 7319 4246 4629 8523 8694 7143 1159 2083 5897 7307 9493 2007
26 2581 3866 9353 9477 9199 5803 7187 1179 4866 5101 275 8814 7796 3182 1499 6785 4430 3484 6117 4122 8422 8717 9383 3863 7714 9430
31 2695 3918 9666 7102 4656 4643 1263 1494 8493 6925 15 9015 6375 6353 9706 1516 4852 3331 7330 6510 340 2932 8634 9404 6892 1739 8321 4691 5159 4606 7161
31 2920 4475 4575 3073 5668 6357 6089 6359 9388 3694 912 2740 8591 3487 260 2996 5479 3452 2303 4719 5795 6690 6050 3954 6954 9391 7484 6096 8538 9753 8019
15 2949 6794 9556 3739 5674 1880 681 548 1542 3727 3627 5599 1488 811 3286
30 3156 6662 1421 7323 32 6101 8806 7445 3798 8401 808 484 670 3115 6184 4947 2190 8729 2712 1990 5215 5618 9124 3932 9622 2458 2671 9129 2300 4592
20 3253 1414 4467 8804 8860 7837 8214 3851 6610 5419 7848 8439 5980 5518 7992 9999 2193 669 3107 8862
31 3580 3540 7546 9549 5107 1902 1331 7558 5526 7234 987 4167 5039 7077 5767 7538 2756 6129 7012 8704 9893 5774 8781 6723 1445 6065 6291 4197 5312 1718 976
6 3629 4873 5710 9927 186 7206
31 3696 5746 5282 856 8112 85 2076 4724 3133 2906 509 6681 320 5651 2532 4993 5625 7385 6376 2619 7908 8358 5775 9008 4551 6496 4315 13 5798 5376 1558
31 3869 2296 6786 4299 3058 8042 2207 2209 843 1220 8288 402 5163 4263 8289 153 6540 5183 7250 745 503 7747 5671 6592 1390 911 5735 8838 758 5848 1038
26 4008 8213 9595 3426 4250 7492 1215 9570 5679 1598 2829 1715 3534 4168 1854 3013 7725 1554 3087 5828 3162 1059 5806 5883 707 5538
22 4078 8932 513 9105 164 6537 1422 6757 5064 1612 4317 4001 1155 7667 4465 2339 2046 7946 3095 4759 8374 3313
22 4094 7064 7428 5757 3193 4776 1785 7016 9828 1165 3525 7752 3526 6935 6092 6653 5928 7938 637 9198 2516 9354
27 4309 8783 892 4349 9557 5656 6133 9101 2115 3505 2910 7806 8428 1681 2345 4682 1471 7718 964 6560 2267 2868 8900 4943 8608 8994 2813
22 4377 7709 4200 4863 7579 8742 7171 1062 7503 7573 8103 819 7566 688 9250 6006 34 5611 641 8910 2806 8490
27 4435 190 4935 975 4003 9065 4366 7679 1532 3425 7998 5768 2063 283 7130 6945 738 8013 8016 6276 8604 8405 3350 2503 6311 6521 1547
32 4525 3049 4084 854 6182 6643 5579 7769 8296 8312 2846 6345 1981 7149 7462 4988 2978 5002 9704 450 9488 8399 1049 8537 981 4814 555 9067 7813 6294 398 2208
28 4839 3708 6969 4713 5400 5915 5123 130 7659 8345 1767 274 3256 2611 3682 703 4526 3081 6577 1360 351 8046 8684 7803 1698 2298 2839 3386
23 5018 6189 1251 8915 6503 6647 5100 7453 6061 8281 7982 6637 347 5736 5085 8005 9414 4972 148 1969 6978 8057 9472
15 5137 6924 3541 6475 8155 6272 3439 5441 5111 1811 7625 8639 5634 1173 7376
10 5299 6529 9503 9705 5351 4887 8047 7784 9938 5273
22 5335 1227 6377 9911 9667 2402 2931 3145 449 5852 5522 1358 3059 717 8483 3876 5432 2886 7163 9220 6789 8122
29 5440 3655 608 1206 1169 5014 5452 3691 2246 2938 8007 5472 5715 4136 3359 619 4974 7345 5288 1975 8977 1540 3309 6890 8114 9986 5485 327 8710
21 5868 3147 7434 3732 4123 9075 7466 9526 6379 4722 5559 9941 8544 8009 4280 3448 6960 401 4779 1210 6439
22 5970 19 3849 5120 1792 9130 8030 8378 553 9054 6838 6571 6880 1027 4923 8561 6099 5429 2908 7565 392 2276
21 6002 3697 4170 9631 5602 2600 1496 1181 3785 7984 8801 8182 8661 257 2099 9760 8934 3184 4820 1082 3969
25 6031 5572 8254 2686 2033 5695 2652 3648 1912 7924 2089 4523 4359 2279 9372 6388 9973 573 9217 5264 7079 5499 690 1677 4725
16 6252 3424 6265 5892 5783 6216 3117 3531 4584 8746 7222 5486 7132 5072 5071 3402
20 6403 864 4875 8653 7840 3124 3729 3999 9113 1953 6308 1770 9914 7833 4861 6317 2767 6715 2814 4320
18 6412 7435 3176 4153 7337 92 2304 3364 2505 4278 1710 8099 6605 3449 4941 2697 3611 5629
23 6466 7810 3024 6711 35 2059 6639 6784 8220 8028 947 67 6415 5444 8744 9098 5676 6107 6941 4540 1093 3069 2597
21 6670 1838 7224 8803 7883 2981 3646 8486 1433 8605 2489 2801 6354 7431 4504 6401 7268 8877 2492 3218 1510
27 6783 6656 5698 7446 4869 8194 8595 6630 8664 6596 9998 7645 8067 7788 8822 3917 2367 6661 5938 6852 5236 7481 5657 3702 6993 3591 1247
31 7005 2603 4455 7574 4410 5678 6809 3513 7693 8645 3986 8963 7935 6488 9205 7046 8250 997 1786 1941 8498 8875 4954 5053 3407 9875 9013 5224 9454 3838 7533
14 7013 364 7727 6451 9508 9029 129 5763 3004 4868 3652 6569 6241 6467
29 7109 2791 150 7097 6480 4415 516 8026 8799 6235 2218 4440 7879 9988 5484 6483 195 420 2615 346 9491 960 3882 2251 2594 9749 7424 6994 6453
20 7270 3976 168 9625 7922 1762 403 9763 4730 7917 1596 5993 6894 8777 3248 9154 7008 1633 8098 5606
33 7399 567 3865 2605 3594 6078 9481 821 3974 5879 4689 5329 202 8646 6234 4312 5216 2039 1604 974 5966 6175 4370 6787 8912 3183 3206 2775 6417 1133 5949 5825 7410
24 7463 1332 3067 8835 5566 7380 3802 5437 2921 281 8193 5041 1756 8177 3139 3824 9099 2902 6702 4226 5551 4778 6087 3289
23 7475 6912 6425 2470 7477 5279 7014 1639 7967 2 4096 5314 7298 7999 7331 116 3916 851 1423 1405 8365 7644 3861
28 7928 8965 1324 3181 396 8687 7822 1875 5373 8692 6366 434 2231 6176 5705 7721 8522 3517 1971 6623 765 5325 6136 6349 9014 4554 1962 9380
24 7956 5227 1778 9234 1412 8953 7609 5353 3339 678 8545 6692 1827 1535 1298 3320 5612 3020 9432 7603 1641 7831 7235 4292
29 7965 1447 1674 3490 8856 7034 2217 7642 7513 7724 4939 5305 5523 3340 9026 2431 7292 8335 2003 9437 3642 8678 79 3950 2985 6334 2211 6665 5244
19 8175 3333 5466 9045 2132 7438 5713 4497 2072 5903 6010 6508 5531 944 2683 9850 5057 7758 4662
21 8292 1228 1142 5621 6048 6989 6946 5684 4787 2086 586 7065 5023 4809 6397 7153 6091 7893 2549 9693 3825
20 8310 8787 499 2673 2543 3155 138 938 8551 2535 4044 5958 732 4710 2793 8317 7760 1751 6931 5665
15 8640 8029 5006 199 2916 5799 1239 105 4800 4796 3106 3797 6959 9461 6113
32 8773 3354 210 9610 2852 2675 9516 1008 8691 7920 6211 8624 6939 4590 1714 6486 2299 7099 6174 5007 2688 5427 4500 8756 7559 3604 746 9390 188 749 5865 5953
25 9256 6735 2399 2992 381 9100 156 6460 4068 194 5537 9403 7800 1477 8354 5286 988 5745 9465 390 421 5342 2073 2449 7601
26 9313 7687 3601 6942 8085 607 3102 3261 2515 5221 5188 9754 7237 9355 4912 2486 3348 1437 6440 5814 6933 2993 6943 7906 7824 5631
29 9393 4536 3572 8448 4137 8546 8413 6134 4343 1424 8108 2955 2956 7735 3391 1740 5963 7160 7973 7031 416 6419 4287 1490 4968 5817 86 1573 710
27 9504 956 6000 2140 7364 4744 9639 4111 1861 4625 6873 9630 7551 5882 9865 5119 3806 6671 3852 5784 2807 7539 4610 2836 8429 2922 7404
30 9707 1883 2293 2904 9680 8079 3663 1355 2126 4130 9408 4834 1820 2040 1368 490 1320 4547 970 6025 1289 8936 6937 3834 1661 2363 995 1356 3848 5697
17 9913 3608 9044 859 5729 7047 9386 7945 6328 4381 1927 9051 1128 3681 9494 5758 3664
31 2465 3245 6053 601 2352 8421 5366 5951 6832 5941 3372 7624 4378 639 1073 8025 7189 8920 5738 335 3385 2487 7518 7054 3914 6844 6057 2157 4220 7133 4955
27 9976 2589 4910 7236 497 8609 7010 5310 3735 9441 7305 6680 3907 5587 6617 9239 8294 3590 1816 7027 1608 229 1731 1581 7751 5854 9374
22 4379 1384 5480 8540 5786 1345 6042 8779 9275 3214 3361 9663 651 971 4466 5127 8238 4570 9277 7123 3110 3259
27 3607 8489 6875 3717 3842 895 6009 7762 6268 9074 8159 9229 8400 4457 1772 2768 4529 8528 591 5333 2889 5884 4108 6217 4785 8959 998
22 5497 5971 6155 9297 5719 3119 5724 674 1257 599 6238 3650 8930 1578 2331 9501 3048 8499 2223 5246 7423 218
25 9847 696 4112 2881 9018 5433 2044 4331 74 485 1947 9298 8627 7262 3595 3011 5597 2451 2871 9245 3440 1691 8658 5121 7458
22 8878 4546 9813 1986 3936 7021 17 9943 4276 3195 8954 5448 4166 7545 9161 7841 2929 7954 6285 6019 2376 5944
19 9752 6139 9412 7086 846 1693 1886 2404 3793 1595 6746 4784 5630 2758 1172 6046 1077 2337 675
28 2735 3294 3773 3475 7174 9068 444 2330 1541 4472 7148 6810 5730 8153 1622 5568 5416 4201 4612 785 1793 2070 3576 3349 3080 7996 5592 2441
26 9084 3005 4164 135 8868 2060 6762 3657 6904 9221 8268 6820 3748 1999 3178 5483 1056 9041 3324 2925 6373 6876 6051 9811 263 9536
24 7429 3527 2957 4807 984 8785 3904 5910 5386 3592 2614 8516 6830 545 1538 3805 7060 7767 9443 1849 4077 598 7719 1439
20 7657 5615 6804 8536 2635 611 881 1523 5702 9228 6179 7931 3075 7627 112 8917 4950 7543 8596 6288
27 4090 8630 3891 1640 4405 3190 7730 930 1937 8038 6769 8212 8140 614 5502 2186 3376 8478 647 1107 2824 6768 2870 4753 9747 6481 1318
31 3442 1170 6741 2783 6454 6638 6270 1182 867 2048 9420 6104 8261 6312 5139 5904 8969 7699 2590 7961 1505 5261 2890 2727 446 7959 7717 2170 1473 7459 224
30 5693 6404 965 4482 208 4786 4400 4327 8981 2415 8033 4224 8017 6888 8492 8750 2017 6855 3412 5761 5319 1274 6760 9373 966 7343 4729 316 6911 7173
12 672 9046 9274 2973 3915 3539 1782 7015 7202 4149 7649 9829
26 6822 658 7804 9720 9882 6808 6157 7610 4770 8656 7708 2563 2700 7619 7063 4360 5614 1375 888 3804 7242 2194 9147 9189 5653 9990
18 4494 1512 5983 3992 2844 3686 8143 184 6755 2027 5823 673 3716 6028 7290 9451 3064 1134
27 549 8711 753 2613 7745 9151 3843 2898 3997 9106 384 1525 1035 968 8241 9959 1950 9285 1268 5588 4600 755 8923 3836 4568 8185 1948
20 9619 3409 9602 284 2333 6026 8876 7387 7805 6850 8901 2841 4394 3925 1029 1834 238 1000 1230 4338
22 1305 477 6206 3411 9634 9872 7682 6172 5009 4677 1561 9240 1736 4429 5956 3088 8655 9921 1288 2100 7356 8556
26 9563 817 457 640 7211 5375 4119 425 4937 5201 4701 3470 9142 581 9748 9621 7443 6310 1103 9149 1216 8919 7395 108 329 2691
26 6263 3276 8978 615 596 5593 7595 9655 1644 883 2958 5569 2796 1844 1916 7970 9551 5015 7826 9203 2564 6991 3378 3853 8941 5571
27 5192 5727 1697 7557 8575 5751 7816 8058 8864 8830 1037 9686 7571 2183 7517 4425 3019 3934 7776 7338 9759 2013 5688 302 431 2286 722
25 3055 7156 5890 3200 8747 6584 4541 9604 5116 147 3507 9436 4632 1901 1351 6636 4187 4252 8340 3100 3015 6445 1599 3656 9906
25 1097 9405 2230 2717 9684 9357 4965 2630 501 1396 4365 863 4173 5851 6666 9323 9856 6976 9058 7214 436 1287 6533 9700 8618
28 4601 5218 873 7808 294 5356 9701 5394 2319 1394 8961 7101 5080 4004 7890 5468 917 6506 7050 8479 9145 2450 5667 2259 3113 7311 590 5586
29 9003 1637 8892 802 9512 8504 7096 1081 3981 121 8638 5878 9299 1747 5872 5167 3234 8060 227 3926 9695 3109 6040 1928 7127 5431 4424 3012 7115
29 2247 8557 4255 7690 9457 8555 9177 7169 9028 8075 1790 8160 1199 8976 5704 4978 3856 8165 2447 787 4030 2071 6792 9887 7888 176 1983 2090 5471
22 2015 7357 2780 977 3057 2831 5701 6476 9248 1338 5610 8027 3767 3551 9489 7200 1877 7955 9200 1991 3028 8582
21 4742 666 7193 4485 7043 5087 5564 9370 4496 9908 2945 7972 5997 9794 1185 4061 2521 7489 4976 3903 3569
23 700 6745 4202 6173 9647 1459 7414 4426 3501 4747 5249 8621 3045 1140 4627 1506 8908 8707 9184 8 6881 5900 6063
23 423 1492 1121 7243 9702 9127 709 8782 7770 7508 777 1448 5583 304 2175 1277 8841 7773 623 5148 6112 4490 8331
25 8518 2297 330 4021 380 9132 397 2184 862 2141 4539 4851 8933 1519 8061 7608 7302 2381 628 5638 5493 2625 6701 4052 1931
10 1273 1609 7927 1233 2639 1106 5982 2858 1284 3279
18 8731 7612 4233 6245 2663 1686 494 2110 2760 1907 7630 6459 9547 6543 2499 2860 1174 9803
28 6689 9090 2401 5626 761 8379 7643 4895 1197 7493 3765 2607 852 8748 1435 7520 9616 2587 2832 7233 9500 5752 8702 5024 7035 1084 3719 3589
23 8890 9657 4659 7135 4355 7971 2359 6861 909 2684 53 6509 9591 9802 3563 6524 2002 3071 7597 1952 9656 6365 2586
28 9514 1784 874 1994 7683 982 348 9458 7907 979 8444 8988 3967 9534 515 1597 8432 556 654 8417 9398 4721 8949 3343 9196 455 9558 3643
29 2720 2233 3291 1443 7576 4775 9268 7857 4221 7842 3447 1145 3078 8863 3912 4452 7786 6086 7280 653 6109 7053 1801 1467 7297 6944 4641 8884 8535
33 7861 3236 6164 3083 3114 7232 9617 2817 9062 2095 8407 5105 9322 9784 9366 806 3613 7098 4517 2263 5330 4081 9279 1675 7390 2976 1619 3931 5591 8607 790 2408 3562
29 3090 3257 3188 6645 1845 7256 3098 254 1429 1799 9379 1911 2808 9879 6609 2159 589 4745 185 2894 6837 3023 7639 5788 7348 8441 4162 3791 9227
27 713 9649 6951 2305 3116 3468 9809 3622 8780 5302 1389 2479 9785 2923 3351 4323 149 7853 2004 9699 1434 8394 6487 8467 3705 1254 3880
23 7936 3104 9382 1729 9180 2160 3062 9284 8373 235 1411 9863 6734 1654 5255 6371 5797 9719 2878 4363 2133 1579 8847
19 6277 2166 9806 4404 2787 8529 3451 7150 1104 5062 7205 4843 5385 4198 7521 6431 2283 1083 4818
24 203 9109 4854 7118 1168 7301 9817 2645 3714 5391 9718 8336 9448 2752 5110 1712 6166 1659 644 2827 9307 9259 5449 6919
23 5934 7198 4630 6430 8445 9392 886 249 3722 1822 1702 8599 2162 5947 2101 5365 1085 9434 1683 9371 5896 3559 7825
19 6901 6150 2718 924 613 6264 3336 3296 6691 858 931 6936 1881 7660 6153 5044 5652 8001 4622
11 6815 2738 3461 9144 2573 5979 3143 197 2103 7673 437
32 7070 9402 6200 3680 6814 3784 8909 4105 7207 9482 1960 6696 4272 1501 1275 4660 173 7179 6249 114 3365 6497 4023 2826 3911 1280 3644 5964 5434 2280 2019 8301
22 4679 7314 6749 1430 708 1160 9264 1176 880 9376 6858 8881 6033 8676 6320 264 269 3633 5077 4393 5494 4127
29 5445 8484 2711 47 9620 3493 871 5899 6865 1292 2468 1774 4340 5992 1832 9237 547 5722 1974 139 4438 179 3996 1798 8240 341 360 5714 2659
19 1105 6068 3263 1777 9527 2732 8737 6544 7480 9455 270 4131 9590 6817 7087 6693 5753 298 9304
28 2883 1323 9965 2440 7442 8110 6251 4858 118 4853 9789 2874 6140 6866 6165 8903 3796 5258 9293 4817 8231 1162 6071 3733 6895 301 6518 8789
21 3817 9935 1363 7226 6119 6399 5809 2065 865 8871 6699 774 1217 2461 7549 9218 7976 9515 6576 840 4042
15 9305 7114 7355 2790 1117 4773 6548 2861 9824 562 7509 2219 4735 1087 1300
21 4059 7108 3220 8367 8151 9731 1779 1193 2248 6642 93 5780 4975 4737 3456 1987 6477 3035 3687 2926 1569
24 1138 7287 8370 3875 9613 9761 5557 7569 4924 7194 1842 8549 201 4619 6801 8885 4436 3037 4668 5322 4723 5446 4790 1646
21 5324 8024 493 8991 8071 3455 7820 9755 9605 478 6660 7306 7607 1091 5461 1868 1403 7165 9214 8163 2117
29 1867 9406 9267 780 6356 5584 6274 458 5099 2366 2373 5133 9843 1034 1382 8200 162 7378 2569 1858 9502 8515 49 1903 6986 9290 2152 1841 6795
31 4758 8736 200 5777 3840 922 552 2930 2527 4828 9438 3673 2557 2737 6462 7192 3567 7419 9664 8709 8461 5936 6549 925 2849 6731 8451 7964 5889 4057 5857
21 311 6455 839 9345 233 8186 7763 1283 7286 9739 2560 7107 9899 5570 3153 620 101 9642 845 9396 3929
29 6381 4387 6410 2896 9497 2954 4857 3231 3127 6519 3267 9783 6982 3392 9798 9548 8234 9853 3820 6568 3822 9063 3944 2624 1303 1301 1115 59 7795
20 2917 7993 3334 8093 6966 2745 4356 23 5575 4468 1650 1237 6072 9308 7589 1481 6070 5973 805 939
28 6706 8290 4502 1500 4101 7759 7411 2406 1309 9980 1709 2332 1395 4489 1668 3262 3438 6528 8753 8966 3711 4598 5549 2692 4181 443 1204 1020
14 7957 3990 2782 7444 6463 6256 418 1878 6005 5731 5443 9241 906 7641
24 769 789 3786 2518 849 1146 9351 357 6167 4251 8532 7313 8810 5754 7439 6303 2050 8611 1021 3787 7219 3335 6405 3737
31 519 8458 8573 6220 9738 7245 5238 7778 8928 4074 1592 5140 6733 3832 8569 3511 4097 7598 1025 1856 5832 3649 9356 5726 664 597 2823 5845 6782 5931 4145
27 5717 2942 245 4048 8617 7048 9623 6114 4357 8974 3251 9955 6187 6414 1567 5000 5132 7925 3730 6668 4142 8235 2310 6177 5388 1341 4750
13 4071 7948 8918 2438 695 800 9384 5520 9933 3018 6554 6972 835
27 606 3197 1588 439 9524 4645 4326 5861 9077 1417 8857 680 6444 3235 8115 305 3908 6126 3060 7470 6214 4275 7869 3762 5047 5876 3588
24 8708 1438 4194 7602 2382 4024 2857 5160 6333 4667 7164 6622 6846 1566 9870 4234 2150 5905 7887 8388 2427 1063 3367 8480
26 3549 1113 4421 5182 4957 9209 1453 9952 6156 1891 3561 4690 6406 8470 9292 2960 6778 4626 8672 2687 5985 1938 6717 430 5230 2169
26 7499 1605 5189 9926 6563 1365 1511 6237 2220 1504 9328 7407 9000 9826 6047 7007 9428 8010 2685 6180 632 4945 3956 7482 4160 4929
27 1776 4260 1524 7312 6141 3477 9972 3122 4347 799 5670 9085 4688 5061 7024 4898 4850 471 3662 4933 2342 2392 5773 6631 4286 5408 3458
24 3307 3651 3362 2360 6962 7592 7726 9433 3070 8334 3902 512 5548 5577 9400 8812 7930 1704 6624 6194 522 1582 5296 4177
30 8477 9864 2167 6305 141 1768 2948 1393 4566 2228 8547 5804 6712 5640 4217 8127 7137 7418 7974 8006 7703 5918 362 7083 7051 2679 1958 6266 1001 626
22 6663 7891 9944 935 1910 7732 7941 6163 4969 3305 8952 3031 8105 3293 2213 6891 1371 487 9017 9360 8332 9673
29 5235 5387 277 4830 8173 9232 3146 6386 1924 8826 582 6908 1042 6008 155 4732 331 2517 2699 110 3726 706 4922 4288 705 7044 8508 6433 8453
31 5300 8302 3368 9769 9464 2105 9394 5844 7516 5289 2241 8721 4106 5389 1031 9643 5986 4382 9877 288 6675 4333 5022 5414 7526 3273 4530 8282 4273 8808 3021
23 9409 6135 9282 4064 7662 7665 5382 1248 4301 2911 2085 2222 3217 6395 8322 4751 5096 9703 3819 7814 9764 6257 3380
23 8950 4428 2681 1908 2825 6967 9833 4944 3751 683 6578 1649 7531 6204 5975 9606 2490 60 5926 2287 2312 5790 5859
20 3167 7398 9627 3108 507 9923 1631 7068 4236 6103 9160 6953 7807 6298 9506 2522 5257 7838 3491 2225
26 563 4867 8521 3191 6985 1352 6589 1725 9652 3225 9957 6525 339 4827 3769 4999 6781 642 3302 8267 9814 6598 7073 1095 3688 465
15 9679 5213 4184 6922 7382 1884 2591 3096 1754 8053 9007 3492 7228 3860 737
19 768 5818 9845 1873 2799 8298 8303 1053 1187 7728 8318 7295 4480 9841 8913 3671 2421 5474 7527
19 5860 5991 5619 6905 1264 2444 9418 9204 605 3728 1366 1158 648 5204 8648 1148 679 5939 3032
28 8758 661 6420 4028 823 3775 3227 3946 3085 5708 3269 1420 3277 9867 2950 6600 5152 8985 8012 6867 5354 5836 8183 901 1425 1570 8137 7375
26 8670 5917 7479 6013 715 5219 6106 9790 4533 889 1753 1918 3521 7969 8651 8907 6988 6100 411 9521 2643 2905 2277 9614 5547 9573
25 6916 3358 9272 1297 3862 3905 4675 216 9278 9727 1450 3660 217 6314 7855 1329 3485 5703 8818 3766 5459 6534 5563 8701 2055
20 9888 3579 7347 97 3469 350 3292 7351 5558 2892 6813 7674 8886 1462 3175 1225 5811 7289 8594 3631
19 6807 9347 5954 3566 1587 5622 4699 3896 4907 163 5901 5519 3547 4646 4812 9676 1074 1642 8921
25 2316 3826 8832 8816 5054 169 7448 7113 3210 7296 9397 5475 3395 1707 5270 7258 3771 7126 9271 246 2080 4231 3405 3284 2664
27 2061 3148 7406 9640 1272 146 9242 9265 4274 1643 4559 8650 2805 7939 7285 1164 5850 6309 4755 9529 593 429 5935 2550 1195 6840 5174
26 5086 7020 9011 1111 2900 896 952 934 4884 6868 4125 7440 7368 8325 6530 6847 1780 4448 9415 1157 4763 899 5011 432 6748 5672
27 4058 9852 1010 6550 5291 9737 4552 9912 7221 8339 2601 1840 2154 8872 8074 2144 3919 3736 6667 4573 3998 4462 8389 8142 9608 6073 994
30 4618 4583 9320 6473 1863 2741 4017 3746 8631 2547 8051 4642 6775 399 618 9225 4549 4265 3152 7354 3777 905 71 8751 2637 6358 783 6323 9878 7467
27 7929 9985 7876 5158 8671 2706 7037 3498 6683 6708 9407 7288 733 7340 1889 359 9009 9786 3401 5595 9081 165 8333 1086 251 8654 7713
22 7561 8020 6296 6338 4705 354 6896 2240 6882 1067 6860 3383 2674 6611 8230 1848 4808 7991 4522 5058 2322 2897
27 7401 1372 3989 3050 6575 2696 2661 9195 7216 6491 3228 2206 8111 1749 5195 824 3881 6564 1760 4367 3486 5316 8216 9711 3858 5179 5501
17 2384 9064 5287 1862 9133 9822 2397 1539 3135 4906 4316 4135 180 7281 6664 3093 8718
31 4855 1406 206 9696 2036 4205 4034 178 3930 5465 3271 133 6974 3241 7743 9470 7871 4560 94 9565 451 7128 1397 7157 8942 1334 6390 7039 9552 8226 5821
18 273 3596 2626 1904 1 1733 6132 3099 2842 9859 4282 3597 1339 265 8696 9960 8726 5225
14 6831 5491 2198 3445 2178 5170 9505 2875 5907 5134 9758 3027 2528 3723
29 9325 5858 9869 665 3537 4709 4879 4247 6930 2043 1166 6864 1800 5005 3222 1078 2903 7377 1696 6299 3158 1385 861 2726 9956 349 5362 9818 1562
29 3444 7889 2642 8637 9871 9681 5766 7278 4477 7812 5001 3710 2272 6181 1946 2596 836 8107 4631 2757 3337 7139 5989 4672 869 6007 4811 818 2724
24 5769 5808 8274 1843 3026 7208 9262 4371 106 7176 9659 3894 2710 1690 985 5696 7815 2201 2120 9417 9898 1213 1586 6016
26 9140 6123 5369 498 8681 376 1968 2173 4249 4981 2621 6678 6116 2204 7723 2274 3136 8496 2572 7919 3864 5410 792 3792 8278 464
18 4948 3459 9385 1601 2180 9134 4256 4227 5792 9073 9226 2191 6452 5600 4407 9978 5326 6753
19 8703 4781 4196 9252 8815 3186 7507 7510 7397 9021 4678 7089 3094 8124 4174 3715 1064 4446 3586
11 117 8425 368 1942 6297 1431 4651 3316 6527 2502 20
27 7913 8328 7867 2577 559 3393 8956 4594 365 2901 4499 7620 8383 7090 1850 7552 2358 600 1124 8914 4952 8880 5272 5065 5202 4476 9329
25 6695 3311 2539 4050 6498 241 853 2320 3623 5031 544 3811 1464 4073 1416 877 9153 4478 8778 226 6499 3252 3665 5265 7058
18 7040 1803 5601 6313 1721 6677 6515 6372 8469 2666 8769 6640 3720 73 16 1052 1456 9117
31 3855 4693 7379 7847 7777 9962 1620 4433 2179 8550 6619 8460 90 8993 2340 6130 634 4289 3342 7852 2496 9982 5315 6095 4926 1380 4392 5051 7183 9765 9281
27 3371 9052 9559 5816 1222 9138 6082 4971 5323 2374 7754 8136 5794 8437 6612 5068 9416 6490 2350 2088 7670 5509 7487 5960 5813 910 8171
21 8329 6329 6756 95 9954 9658 8855 6763 5217 2524 4222 1894 9995 7038 8625 4179 2629 3180 4649 4951 3857
21 9675 9463 7637 9757 6446 475 5913 379 285 9006 8291 4138 1577 9599 5972 4510 3520 8613 1454 9577 6127
28 6198 5743 1564 950 5352 4990 7933 1455 5967 7334 5040 9368 3174 2859 9083 4369 8471 9966 7003 6144 426 919 1893 8589 4886 6470 2130 9476
22 9449 7792 5516 7787 9538 2119 2386 6283 2477 7078 8904 4899 527 7506 5010 3800 8619 204 5269 1408 4506 3749
20 4307 8262 530 3833 4914 7239 6582 7542 2082 6064 8935 6655 9821 6149 3374 3659 5355 923 2608 3478
16 375 726 5887 2235 3112 2776 5838 4888 9440 3621 6041 7490 7672 1236 6517 4158
31 1040 1984 3092 5711 6705 2482 3940 2884 6593 8798 9208 4628 3610 3959 4845 3828 1469 3061 6315 570 5873 6516 7213 2067 2865 8174 3417 234 8327 4277 5720
27 222 8158 5748 2112 2654 4089 230 1748 4685 1591 2400 5919 7388 344 8172 2022 44 5912 2005 5750 8352 7618 3923 8735 7001 5318 2818
23 1005 9473 5996 7580 4782 8368 4764 5082 993 1211 4528 1572 3353 7995 8050 9211 8287 4146 2968 182 4484 7600 6603
16 9550 4154 6742 6523 9429 4027 1673 3506 7895 1126 5423 7540 5895 18 391 6185
28 3555 1860 2566 6058 2651 6196 8273 7282 9928 6579 3258 1048 5074 9584 9838 6857 8688 2051 6772 5785 6714 8992 28 6224 7294 1821 2709 4538
25 1135 8955 8403 3205 2388 2121 7793 8293 9302 2506 7904 7978 5106 2555 9989 3768 3889 5613 2704 1507 5669 5937 7537 7586 4846
29 3578 9633 3022 4318 8353 7309 2525 716 7422 1787 5208 8767 8745 9148 7653 803 6471 6812 2493 9096 5115 9413 4599 7681 5162 8398 5147 980 5063
13 5424 1773 6192 4826 8682 1381 6495 3508 96 3519 4239 6599 7522
25 4894 3575 4661 7000 8128 102 9276 5994 6932 387 6641 9230 2959 2116 1982 4715 470 2420 7590 5742 2914 4731 7968 2227 6221
23 920 2641 4624 7737 4291 2781 9165 2011 40 1330 3278 8741 8705 3141 495 2414 2719 8387 1618 7121 287 9530 4803
19 9799 739 7779 6893 3418 5847 2174 6562 793 4711 7651 6970 386 9697 7061 131 7951 3543 8517
17 2559 7325 7075 3446 3283 3960 4572 8117 6295 4783 9713 8964 3322 3533 9499 4897 4133
22 6541 9137 2657 8823 2245 8034 5069 3949 8300 9566 8987 4824 7483 8817 4535 8565 814 3955 3198 6651 5067 7111
26 961 7180 6669 6634 9419 531 921 9963 6907 8446 6389 3163 9224 6137 7461 4036 6561 3639 6145 4671 3243 8663 2815 3304 3255 5646
28 372 4208 1869 7874 266 5187 6222 1101 8809 6301 561 1914 6442 3747 3352 3700 220 2199 3355 1732 6732 8256 4416 2094 3265 7985 759 3994
21 7952 5113 209 9925 3121 9541 276 5168 253 4936 3431 9352 3357 7473 5178 2830 2145 540 8404 1522 1009
15 3654 7152 4070 433 5862 8513 4144 6267 5196 3713 9201 3706 4949 321 2848
18 24 7320 8902 4666 4652 9981 3290 7729 9377 2257 558 6586 191 6411 8893 5395 6441 5543
12 2869 2538 7248 9483 3753 4212 3763 2445 1495 1060 5294 3755
29 8962 6658 8786 6413 3325 8094 175 2809 7488 2804 3079 9022 1383 8958 1094 6077 3582 4650 9342 2317 1205 9126 2987 8423 2114 9773 4697 8078 8947
21 4637 5237 4848 417 6739 4585 4862 9156 8644 8510 8843 6306 8590 232 5420 8141 9683 6802 2012 7652 7678
28 4150 3758 1527 8554 1634 7901 2665 7988 1282 3570 7266 5464 5016 6505 5733 6859 815 9531 3318 4110 87 4151 6489 4545 8100 6614 6384 1304
26 6115 3640 3396 1550 2250 2927 2653 560 8990 2343 9810 3606 692 3635 1229 9389 5605 45 9076 8269 1127 9600 4905 6546 1699 5125
12 3988 2079 3947 8146 4613 3433 1817 2038 9059 8065 3504 1022
26 5885 7329 8207 483 4065 8827 2315 7987 2498 2501 1905 7195 8567 528 1906 1361 2872 7 7225 6761 1398 6573 9169 5661 8123 5020
32 541 1630 5089 655 6856 7494 2771 9159 969 3895 8229 8502 1656 5154 714 4805 2990 9774 8199 9233 9422 7333 2149 3516 7495 4380 2098 1234 1147 7112 7017 4432
8 4143 2536 481 1399 3494 6874 4804 3560
29 6228 5875 3510 3921 9190 3082 5169 6243 76 3454 9110 6983 3808 8539 1072 6776 2256 4762 7854 7022 781 3303 4574 7204 6725 5623 7742 795 1212
26 622 902 8040 3795 4141 3232 2640 8585 2467 5372 8125 6839 1317 7363 6396 1976 1989 2269 7578 1706 236 3040 2970 5003 535 9097
30 1833 4885 2147 6984 5495 5043 4636 8500 7381 7341 936 9444 9939 5552 8197 5984 9688 7400 8668 954 207 9115 6688 140 9266 371 56 7568 2032 3097
28 6961 4706 2455 1997 1201 1465 908 524 7900 9038 4204 4093 7402 5166 1824 3935 5128 2971 3144 5363 1744 9525 834 8866 1658 4901 5436 2964
31 29 8209 6307 318 4035 9273 1415 8266 3211 9607 1741 1130 8166 4881 7018 9091 3738 2242 6385 1548 8771 9261 3884 1258 630 9048 4305 3172 1892 5476 2544
21 1664 6199 442 57 7628 9710 1553 7629 6999 6120 6203 4055 592 6226 7832 5175 5513 2113 3965 778 6342
26 55 109 4833 9628 6710 4297 4139 5660 2924 8542 6727 5959 1810 6591 4051 3668 7264 8393 7170 5469 1419 7606 4445 4295 4311 4865
31 9523 5948 8574 6718 5240 3807 6580 990 2395 5550 4293 2264 5301 6963 6378 151 1814 2364 3630 4082 7942 8041 1440 6964 1808 8145 7369 5209 2593 3984 9517
28 9216 6884 502 7172 9492 8854 8665 5914 3845 9361 2504 2024 103 1314 9193 4621 500 4571 8828 1730 1238 8455 7756 3837 5749 7350 2329 5293
20 9283 5358 3317 306 256 8049 7217 731 8360 9674 1533 1623 3187 8712 1404 3084 9057 7184 3014 2463
19 4842 4414 6208 5234 5263 1369 115 2035 1376 9855 1196 336 8409 7257 4859 2301 3898 948 6721
31 2576 7129 3779 1628 6729 9645 2128 9238 8760 5317 6043 7353 3841 5157 1163 2389 2334 8052 7336 2575 848 5321 5800 1517 2822 9427 8090 4741 3500 8087 1150
27 4346 1013 8224 290 3502 6280 2368 1302 9844 9687 2375 776 3212 9185 1357 9442 1463 2494 8297 291 167 8723 2349 410 4337 4069 9326
28 1888 8055 2495 2261 9135 6247 9027 2680 890 8097 1819 5284 7734 3010 8512 198 2895 2616 3497 5946 8714 6535 5867 8468 5545 2238 9545 6613
26 734 2838 7648 951 5662 1346 2810 6344 4159 6793 4038 3137 887 1964 1493 9594 6511 1432 3306 1936 1354 9336 7409 7943 4348 2658
15 3149 7230 3129 6128 3319 3054 8176 6744 492 4967 7611 5368 383 2698 8375
26 7119 842 2118 7870 5511 6398 9537 1250 2362 9812 4491 2541 1920 50 8971 7299 2466 8084 721 9332 4402 788 5242 4408 3422 1015
29 4214 8699 5377 5012 415 7555 5824 833 3752 3963 2722 4942 6325 8283 3844 6545 5277 2028 4837 9445 1080 6236 4726 8501 4728 1514 70 566 1019
8 7862 8462 4225 3966 1647 7110 9723 5253
23 157 6849 1959 4115 6927 1613 691 4989 7361 4802 9333 5470 3300 8068 1885 80 2553 1401 571 5843 3653 879 89
31 2986 6110 3068 8133 7190 6244 6374 382 5567 30 4921 395 7755 6726 5180 5911 6862 9480 3399 9162 4876 8845 3764 7244 5081 3600 9873 6606 3041 1377 5891
24 297 6493 9255 6012 9450 1557 66 1746 6737 6197 3007 2670 2631 517 1058 3242 9181 5950 5648 8633 8762 5833 7476 7146
22 1978 2899 128 2537 3616 2323 8882 2979 461 1391 1051 4856 6059 3 5259 5097 7798 875 363 25 2951 3204
24 3103 699 5214 2216 6538 4986 9897 377 9624 9987 4840 2109 8169 2308 4262 2772 9053 6230 2258 6520 8572 2998 5458 2770
18 5341 7210 4507 4411 5083 594 3397 2254 8280 5164 6918 7514 6049 1759 5131 9555 8581 7733
28 2912 9452 720 9104 9002 671 4913 6587 1943 193 1045 1584 9474 9270 6629 9848 9435 4053 4847 1678 6075 8497 6355 7836 1809 1191 2200 5390
19 3281 2123 4717 4195 9346 6565 9835 6289 5789 4765 7056 631 9772 6195 1812 9467 5413 8397 4891
31 5716 9920 9830 6818 2077 4007 127 2602 508 2122 2104 4358 2546 4919 8359 4419 8196 2158 6227 5331 5144 9343 8894 7359 4908 3995 3637 2821 8138 2677 7252
22 957 8848 8351 6021 4029 9033 159 252 711 523 4117 310 8829 2378 7997 5126 8837 7676 3983 6958 8641 6170
17 6724 4537 1054 3605 2731 161 7746 9019 7819 6583 5229 1242 6074 9668 9909 2864 9970
16 445 4959 1995 9254 4938 3366 5124 2866 3962 3756 4076 6219 8402 6955 3229 4268
22 3693 5112 3821 4703 3885 4953 8973 2377 949 6248 1188 5380 2729 8616 1266 7106 125 5687 5181 6351 8202 4483
26 2020 1024 4815 782 4587 6512 775 5008 5608 4654 9778 689 6423 8344 9092 4152 334 3587 5826 8315 9745 3464 9922 3140 6914 4281
23 8395 6457 4794 3632 2442 5267 646 91 4006 6773 9175 7095 9961 2127 2953 915 4534 9294 5138 635 1614 8337 7223
19 2008 8376 730 2497 1797 3778 6081 7197 6067 550 2909 3463 6728 3625 2887 2794 757 295 8850
25 8406 9128 2074 8192 5073 3404 1870 9894 534 8442 7720 5339 2471 1807 8474 404 1526 8132 8364 9771 3612 1312 7818 5232 7783
20 5598 627 1208 9222 7532 7080 6443 4266 4916 2713 7990 2701 3472 1694 2096 1350 1141 6853 1055 8022
20 3030 5744 9078 6069 4658 3721 3482 6188 2407 355 9574 4669 6240 5226 4700 6045 3987 1972 447 3043
32 3471 2788 6202 1503 5539 5642 6380 9539 3465 3731 65 4248 2151 4582 5032 9183 361 5349 3074 609 6500 4216 3581 407 7059 111 937 6273 3238 6080 8552 3528
28 7141 8459 3603 172 4493 39 7817 7614 5094 7220 5191 728 4351 914 4025 2678 8600 6766 891 2588 4199 1662 8507 1043 3871 5760 1602 6060
22 8102 166 5307 2181 225 9564 4792 7274 5451 7167 959 8553 2295 5114 9253 4284 4994 9296 8320 8482 7772 6650
19 8840 2026 3512 9314 7785 7263 374 459 5632 2907 4453 1071 9231 7782 7362 9690 9484 8622 5398
26 585 2357 9012 5955 1102 9546 7425 8560 454 8072 3474 83 4473 2205 6682 6897 6205 7583 7797 1666 5898 4361 9540 3369 9714 7393
26 268 4437 9543 2056 5428 1565 8263 6426 9303 9157 2694 9767 5292 4368 5778 9363 4831 2728 6555 9903 6428 51 5787 1118 6644 3346
19 4495 6558 7975 1326 313 6407 578 7691 3044 1428 5442 7757 2939 8861 9781 8232 2185 7042 5029
30 1353 2714 1970 7934 3636 3970 3770 8996 1348 8620 2078 7394 9542 4460 6556 5943 7328 7584 1321 6949 1156 4422 4676 8092 3872 2307 8130 8888 3712 7731
25 5406 7704 5295 1949 7548 1152 1436 8984 7715 2156 4564 8109 8743 5247 5004 7781 7403 6823 5747 8286 2974 1007 373 4229 6018
17 8342 1192 9950 1979 3854 4087 1876 9722 7626 1956 5153 7688 6193 8891 3390 3535 5504
18 5649 4686 8791 9171 9576 2355 2053 496 9315 5707 3192 3835 7437 1014 8541 8865 8898 9766
21 7640 1874 5228 7342 2290 5021 7383 8669 9348 9049 3363 413 6796 6828 1374 6700 3128 3310 7215 4332 9638
30 1528 7471 9469 4285 1386 378 7916 8101 4213 2867 8895 3356 5364 6940 6552 5357 6469 7875 8221 1851 5807 3132 5488 8032 2188 5673 7739 8275 0 2134
24 583 6740 435 8772 3879 1294 6698 5260 3157 463 280 8326 2268 6281 4647 1933 6906 3244 6572 1775 158 4325 8939 8113
27 2941 8586 482 9289 4403 8719 3416 8833 8415 4442 2789 6478 7897 7155 8805 3815 3301 54 2853 4434 299 4041 58 9061 1826 5988 638
32 8204 2426 1223 1252 100 1487 6971 3165 542 9849 4550 9800 6743 1921 6171 4190 4878 5052 1444 7960 6869 8305 5412 1076 4983 5251 8790 4841 2606 7151 4844 247
16 3025 7116 7638 8285 6340 617 907 4798 1475 352 2346 2091 5378 4321 3724 8957
21 1735 5990 7372 5712 4409 8191 8695 2075 6393 1922 9350 309 5741 9258 7033 324 9984 1663 9876 3518 5819
25 5304 3208 5771 3199 2999 1232 4958 3524 1480 1930 3450 2417 7384 5473 7147 2918 4148 1484 5075 3415 9568 4134 1544 4683 1003
22 4829 2856 1977 7684 7178 4279 9163 4459 9902 6608 7273 3076 6001 3523 6557 1347 1070 9257 8251 1865 4350 1139
31 741 1651 3991 4016 8796 9037 8597 6956 8970 659 9082 6800 8511 6253 8126 6363 6774 7260 5220 3389 4175 750 36 4589 6872 3886 7269 6035 6052 8106 9131
27 5381 4511 6125 6764 8831 657 5426 7794 4314 3924 2599 8906 7635 3577 3599 4524 5078 7596 2647 4294 4860 1149 5846 8879 4962 3514 8154
30 9979 8435 5554 7196 1349 3326 6657 9553 3782 9968 8911 6138 575 9498 4388 3979 2197 4681 7327 4870 5136 2676 75 3131 5197 4563 4310 3522 9993 8319
26 8559 7512 9636 3453 4555 3345 3247 8014 7366 6987 2281 2513 2370 518 9709 467 9682 1011 4932 1151 1615 3427 2136 1935 9507 962
27 6321 9410 3759 4328 5770 1831 7866 4330 11 3323 4259 4567 4982 701 6286 8347 9312 7168 7835 747 3744 5544 8503 8091 9650 7335 8178
18 3743 3138 6836 6567 2464 7019 4617 7275 6190 4576 2795 5871 2888 7310 8311 8463 6507 7441
23 9581 5359 6879 1589 1944 7142 946 1235 333 1262 8248 4513 3725 1089 8859 1153 9942 3683 4161 8222 5404 7899 8543
27 1269 3430 5686 1175 3818 9742 7457 9632 1069 6915 9324 1695 7556 6990 9788 1413 7358 1795 2391 8834 4896 1813 3224 9936 3264 1701 6479
20 6039 9071 1474 1864 8505 1568 3308 5278 9103 9213 744 6995 9170 2239 2514 1764 2488 7705 3298 3887
18 8520 5332 4605 6279 2107 6566 3757 4329 8905 9108 7304 8206 7878 2946 9775 9977 9736 7049
30 3457 2436 8157 3585 9164 1913 292 4930 629 872 786 5271 1068 2873 6532 5165 4917 8734 2579 2069 8577 123 4010 9746 5685 4977 2880 4296 1293 144
18 8728 3196 697 3105 8766 9179 3760 1670 4684 4740 8201 8592 1713 7074 4556 7953 6348 1805
29 4687 7451 7631 7554 3398 4749 9889 1189 388 4892 8926 3556 6085 8649 1307 1296 2068 6928 5645 5840 8754 6553 3548 4132 1825 4054 2847 3347 2508
29 3564 9996 4836 942 6213 3532 8062 7903 2234 9734 736 37 8725 1818 8842 8680 7032 4579 743 9034 1829 2347 2182 4283 8825 7374 3741 1261 1929
25 580 9685 1177 3740 3194 1143 6292 6447 5529 8524 5350 213 7124 4674 5035 7396 6531 564 460 2962 4760 2491 4823 8690 7460
28 6649 8021 825 5477 9819 5050 8190 7761 8686 2885 1271 8148 8481 2715 9554 510 4521 3437 2582 3246 5030 5555 3922 7577 7166 5855 2410 8069
30 61 2748 8440 2338 4615 7811 9424 1259 2025 6883 5411 3077 4043 8593 2396 9080 1932 1502 3503 7238 2763 2387 8558 532 1575 5683 4383 2592 7002 9860
24 4788 8566 9286 8219 8768 529 5088 5193 8610 3584 6898 1771 866 122 7326 2994 943 4797 5834 5617 3441 1961 2609 4243
22 5161 9974 1955 5212 7884 7284 9114 6581 5561 9708 4514 4238 1766 6330 652 4702 3287 2764 2843 1966 9831 136
24 6456 6752 7249 9804 2751 4085 8807 4718 2341 5976 8299 2398 6332 8048 4334 4341 2202 6022 526 1788 6015 2456 3690 8131
22 8179 400 8338 3614 4062 4209 2383 3672 4060 2595 958 3101 9862 6055 7675 9509 389 6685 9669 9589 9918 4241
30 6952 1593 4109 1240 5303 6402 772 4045 9641 9729 929 7898 4777 6038 1050 2644 5421 8076 2876 3419 5327 5755 5781 9840 602 9797 6968 2138 9635 9172
15 7877 8739 5017 6293 3215 7315 8968 9665 6337 9122 4015 8677 5056 2262 9910
26 7799 4648 5920 3420 6652 8037 2291 4819 6910 1967 5880 4992 5925 4739 5655 7371 2646 1763 7780 5940 466 8355 3703 4996 8083 4091
26 489 8104 4980 9251 5725 8063 4033 4591 7125 4874 2433 4039 5401 9344 8443 4240 1244 5328 4864 5290 8386 8195 762 4018 2618 142
25 9207 7553 2690 2212 1123 3221 1988 8811 5482 6707 4565 5921 6282 1214 7030 192 7765 9528 4269 4795 8089 8452 1576 1137 3120
10 8184 7572 1508 8530 8615 8652 4838 1882 6686 557
29 8420 2512 6003 4973 6886 4099 369 4353 9823 7712 7120 7647 3776 6326 6105 2142 3873 5793 7932 1632 6432 1616 2750 4193 1144 9010 8168 4339 5334
20 8675 6747 5540 2934 9712 5830 2667 967 5709 7392 7909 5492 9040 2372 4375 8411 2321 5361 4013 6870
26 6424 1973 8951 2394 1098 286 2989 7926 8764 3154 2478 214 3237 2785 2365 8697 752 5759 5916 7774 7144 2131 6448 3388 9004 9915
16 5245 6159 5562 1738 3609 4638 2393 5635 3593 3123 7094 9868 9596 4157 1939 6260
19 6160 2928 8588 4376 9182 2473 5553 77 3130 5675 4461 1836 9825 205 9791 3297 5831 4390 1887
14 7468 584 3750 8253 6233 9468 9615 8036 2746 6435 5198 8363 4911 3985
29 1866 1635 9030 267 5135 9842 4503 3675 4206 7370 52 6848 3846 3282 1513 2749 1789 2454 2638 3941 5791 4474 7530 3327 4451 9717 8980 8120 6111
19 3692 1734 6536 7698 9949 7276 1109 2556 5700 1470 7389 1061 1119 5346 4022 4261 8082 685 616
14 8578 448 7464 5268 2580 7790 7914 7265 9740 5037 8929 3126 9940 6350
20 9121 3530 1872 7843 7940 3847 5117 5512 9269 996 8427 3481 2155 1333 7989 9787 1295 9369 2540 3619
24 1993 945 6765 6316 4396 8937 4966 5405 7316 2057 5527 2935 3699 2062 3142 3379 5524 7591 2542 5573 2224 7391 794 231
27 3239 3951 5636 8464 8795 5628 4872 3624 7680 3645 7091 9583 4620 4218 1136 6014 4210 4362 2483 885 9885 8223 1636 1479 8897 1472 4047
28 9901 5510 332 9511 2937 2385 1583 4441 8945 2977 9779 1624 8986 3813 9295 6215 1092 8457 7332 9016 1708 8999 3734 469 2961 8008 1207 8414
26 7911 3170 5025 9575 3270 7246 7535 1110 7829 8316 1392 8134 10 8571 3943 1249 5643 2723 8180 6011 3978 4324 9793 9025 1758 8210
34 9411 6877 9890 830 4704 46 826 514 462 6161 7045 2622 4014 9934 5658 6436 7588 6318 3920 941 2708 2097 9367 7185 4680 5924 1379 5048 900 9120 1898 4 6458 6494
24 1563 5732 1529 4734 7823 4264 5172 4985 4903 6798 4963 1853 6827 2371 829 7671 5927 7850 2604 4399 4354 831 170 8054
23 4882 2006 5425 6474 2952 5815 9975 7515 3230 1125 4614 972 2282 124 5585 9588 4991 5276 4542 5248 2940 3185 7182
17 5902 5034 8784 8088 3473 9456 7839 1965 2102 8045 9047 3034 5609 9069 8144 2165 2448
32 7229 1689 7255 3565 6076 64 4756 6659 3499 8237 2037 4543 5122 7615 4067 7454 7076 8495 6131 2030 2672 5542 1270 8472 4577 8685 3275 4769 667 7057 3679 4103
28 4066 8449 8382 4733 5503 7203 9846 3434 1016 893 6821 6779 6625 78 322 9055 2655 2226 4192 5266 2855 3280 6368 1452 9446 729 8606 8217
20 6965 8774 1518 4520 2052 624 2837 5102 694 2311 8081 4155 1925 7023 5740 7593 1285 2196 7069 1559
31 610 9246 9805 2425 656 9832 3958 4344 8506 9837 4634 8662 9056 4219 1337 9816 1154 3299 1253 841 9732 5945 7736 8255 3268 9339 1279 314 107 8070 9796
26 7318 5654 3462 2031 8035 5576 8998 2612 21 4562 9593 6833 2344 72 940 1611 1183 2459 551 7979 7421 4931 3488 6032 770 6819
21 2429 7575 4244 3496 7006 4893 1328 9462 7497 9431 2336 9119 3809 9197 4928 955 8797 9168 6461 6258 3975
20 6633 5856 9744 6703 4544 4639 2753 2453 9896 6751 8819 1626 5454 1044 307 259 4267 2221 5666 7093
16 2278 2736 6146 5981 1551 8763 676 9572 7500 8975 4640 323 1427 3781 2819 7986
26 2774 2784 409 211 1311 1700 7271 2023 4832 3216 9136 9460 9661 1945 748 7923 4182 7658 9891 2318 810 7950 5596 82 2243 2627
21 9020 1090 1221 8348 5690 120 8869 3909 3314 7145 1203 2125 1781 4335 2834 8584 7175 5430 2620 6595 2049
25 2418 1660 3874 9143 2933 2850 3053 6102 1026 9327 2405 3223 5594 8570 7845 6992 7241 5283 5515 2734 1728 4364 5923 4909 3408
12 9291 8323 5285 9654 1667 3993 5837 6672 9496 4498 7122 7433
29 9626 7104 3403 5957 5779 4372 6336 9948 3203 2108 7103 5076 7339 6885 4019 8218 7009 278 9533 1486 983 3091 5397 1108 8626 6302 7722 6151 8430
23 9187 7846 7430 6352 3051 3338 3685 7415 9167 8598 3428 4698 771 3413 2485 5607 8215 5505 6084 8765 4580 3571 1652
20 8509 8426 6547 2997 7162 8324 1985 3429 6056 7949 2882 4443 3150 3973 5478 1665 6250 3718 8044 9532
24 4586 3329 3381 4113 3476 7231 3443 7259 1310 3489 6539 4165 2584 1017 2816 8757 4492 3423 6394 5644 8943 6322 6210 2273
25 4644 1655 2982 633 3669 5782 2534 9330 991 537 4464 2413 8003 9653 5149 4738 6632 9535 2779 932 5869 9567 7154 3134 8350
20 2327 328 5507 7567 9042 8306 6777 1671 8922 9522 4118 5772 5066 9580 7349 2628 5460 8156 2862 7700
18 4098 2106 1267 6842 3542 2551 1509 6716 8164 7873 1855 9854 7251 8602 8925 9 6514 4319
24 7227 2054 8244 2636 6920 126 9337 4789 171 2148 9946 4102 6588 868 5109 7910 3125 5142 3033 5207 4463 4189 7524 9770
27 6694 2915 6360 1723 1835 9364 8485 5514 7501 8534 2390 5929 6542 4237 3161 9598 3670 5987 5275 7199 7084 7218 4230 6973 2457 3892 4120
30 219 9544 4665 4228 7994 5853 9858 189 4767 3509 2769 9479 9043 7599 5019 3707 5796 6709 8162 9618 5392 4609 9206 5560 6770 5345 2554 662 579 1722
20 2176 9964 1476 8239 9219 4768 6262 693 9945 2047 63 5084 2475 9178 4444 289 5812 5055 4479 4987
29 1815 4223 8309 5347 6825 2797 8667 897 3799 6921 2042 9023 2139 1761 7944 8476 2936 7616 2733 6791 3151 5546 4488 143 452 4303 31 2172 7472
31 3008 1530 6255 4657 5453 5409 5962 4871 6909 9611 2766 8494 6223 5210 5801 5313 7860 8813 7605 4754 8732 4771 1765 2811 3240 479 5146 1129 2253 828 2271
17 5222 8277 5090 5756 2660 798 9932 5528 312 7300 1552 1645 8647 4531 8308 8519 9776
24 8271 8792 1186 6034 7912 177 3952 1299 5211 4608 3689 4970 414 4597 9318 441 3006 1648 5438 3890 7469 6482 3641 3111
30 9670 6851 4673 4020 9118 767 7697 6218 8416 9141 2034 8960 4009 4518 8601 4032 1322 9597 5336 5930 8839 9603 7426 9931 8295 221 5439 5718 8265 5682
27 2944 9316 9586 3047 7092 3169 546 2702 1531 1603 2439 6730 3213 5384 5877 9730 4389 5633 7851 7029 5965 5467 2747 8488 5150 2289 4799
28 6361 5393 248 3375 3414 751 704 1846 4270 9031 4211 5250 3772 3550 1720 174 5199 5820 4757 4509 1336 6209 8724 4308 6246 587 9311 1705
24 3321 6597 5033 2972 7894 4456 8793 405 4890 1065 9967 9447 8039 5490 6938 4708 5206 3226 1478 7412 7136 4203 898 3850
24 3647 6062 4397 3859 7654 576 2851 2632 539 3878 1265 2980 5203 7771 1483 1607 6183 3698 3460 8096 9971 8948 8612 8870
27 8564 7677 1200 9562 6438 7209 5866 643 9741 9724 698 9378 2765 356 2084 2995 7486 7201 8392 5893 7511 1028 7744 4611 9387 6242 9677
18 7716 2288 801 6697 2500 3538 6400 3823 6687 2168 5185 6300 4813 2252 296 8249 5508 5108
32 113 5060 6450 4088 2754 2434 2802 9070 9288 3421 7474 7872 8450 5026 3977 8431 9571 7352 6790 1167 3598 4254 2533 7828 1426 4180 5435 7801 5647 1290 1653 2530
31 6913 5049 69 1963 3701 9678 9035 7633 9612 1752 7749 5692 4486 8693 6522 1629 9079 6590 2739 7541 2010 3897 7247 9174 5842 9005 9808 6621 1585 807 4186
19 6607 6168 4720 1685 2171 6367 2568 1679 5155 7502 3661 4569 4188 9212 3982 8362 3387 8776 978
27 3168 9087 4080 3972 4450 6094 2192 536 8150 5042 9150 9919 3266 2721 5681 973 4748 9991 9399 7980 804 1367 8371 3780 8211 9834 3883
18 2313 3384 7373 2000 7636 6484 7564 4532 538 9994 7750 5379 9917 5233 7321 3674 7581 2755
23 1724 5721 6186 3583 6024 2984 6902 3754 5534 4104 7809 3927 4961 5418 504 5974 7317 2460 3942 2326 4695 6750 5370
28 5402 271 326 9735 2585 6422 7456 9478 5462 4470 6926 928 3406 1743 6504 5739 6758 850 5118 7892 4707 7544 7158 5399 2361 8080 6364 2845
20 6900 7346 9375 8228 9186 7100 1291 8689 6947 6382 625 9715 764 1549 5521 8487 9123 4185 3480 4124
20 2507 1100 1276 4558 3615 645 6719 8272 5070 1692 1198 6722 3341 4427 8706 2529 9301 3042 9937 1418
16 5343 9401 6327 3906 5036 8116 81 2648 9319 2835 3328 543 3573 8563 2773 181
22 3667 1852 565 3666 2409 3435 9466 353 2412 8381 8015 3545 8927 4849 2617 9587 1099 9750 4418 6148 1327 6152
19 554 3160 8198 5663 7686 4595 6066 2558 3394 9881 8562 8366 6824 740 4471 797 7496 325 9916
23 7088 8548 6409 7685 6261 8412 244 2270 408 754 2452 282 3201 6863 3968 385 8390 7072 6124 6720 1895 9905 766
30 8587 9306 1313 9795 5650 9158 1325 5995 3790 6437 4086 1688 9247 4290 6083 8242 2237 8436 4946 6037 4581 603 8794 33 4633 1594 4752 8372 7881 2983
13 6418 3202 4692 6816 8284 42 2215 4501 8330 5659 7303 9560 1359
25 9698 315 8410 506 1245 4607 5374 5764 3173 4121 7560 242 6854 4915 1446 9518 8531 2820 6878 6427 4298 712 1497 3046 8119
27 8698 9768 5535 989 1491 8187 8642 8761 6331 4147 1638 5176 9884 8031 6604 7405 7802 262 1036 393 8276 7983 3945 7834 3400 7131 8527
13 6780 7082 4761 6903 5091 9423 3000 6079 9235 1957 4548 8000 1378
22 6767 4352 5371 3574 1308 4997 2189 8673 6142 2462 3684 160 5677 2195 2707 5776 1726 9210 7702 3928 6271 3617
21 6044 5500 9815 8989 8236 1319 4487 366 134 809 8931 8738 4322 7447 9471 4386 4169 3899 8139 9024 9569
24 4056 3029 7465 119 8940 8259 3315 7915 9992 4561 612 894 8270 4694 5589 3801 3634 2481 7821 2689 1837 6088 5637 3812
29 2531 8629 41 9947 9579 1859 847 4114 2229 5092 9490 8749 3072 1926 7417 9086 7966 5383 6704 8972 1919 9726 6673 9692 2064 3529 2623 9317 1923
24 3410 9191 3557 4806 6648 1745 8245 4072 9983 6290 5340 8576 2087 4100 7449 5496 7858 5223 4401 7617 3971 4079 5455 1088
31 5881 9851 3830 8614 6601 6871 9381 2292 6416 9001 7689 6713 5999 1590 279 9780 4712 6754 8887 4191 4342 7105 4271 5177 7981 7478 6616 9486 5616 424 4374
25 1879 7585 1830 7668 5422 7534 4623 4449 5256 6391 3295 8064 7062 686 3980 1769 3001 9892 9066 4215 6934 8066 9338 9280 2669
22 8086 6304 3066 2570 832 4880 5457 6121 8023 1871 5664 4092 6975 8873 2991 6090 8636 2786 5874 1951 406 8700
18 8189 7768 4107 3370 9202 300 4696 2314 3901 4714 5998 9592 9287 7669 2583 8043 6917 7937
20 2828 8713 8346 7085 152 7692 7041 4300 4588 5565 8304 8473 4176 9883 1574 7519 7427 702 4040 343
27 1794 8979 1804 5888 1684 992 8118 2480 5835 3466 7267 255 5262 5734 1857 3330 6347 4960 6154 588 7181 9243 7696 1202 438 7436 8740
30 7849 2963 5205 933 9116 1281 1256 8243 6098 137 1255 1980 9358 26 2016 2294 154 9725 5186 8852 574 6835 5961 4458 9309 3002 6594 6676 5046 6997
28 394 8073 6029 3783 6023 595 9900 8800 1004 272 3285 7004 2633 7570 8264 8361 8247 6027 8170 6229 8356 6889 8369 2730 9215 8396 5280 2163
28 6269 2422 7666 511 3038 1676 8018 1896 7830 3432 8307 5694 6339 261 5098 6429 7921 4900 8349 6797 1442 3626 2161 1680 2210 8279 1909 1226
29 6843 9691 212 5156 7882 2187 5045 7604 7498 9644 8916 5532 4979 22 1116 5320 8844 727 1131 9094 4670 7485 3745 5894 4918 6093 6492 4553 5841
