8 5851 7099 7419 6770 1060 5162 3084 7684
5 652 2631 6241 1089 7895
8 2493 5707 2094 1107 764 5788 9317 3830
13 1232 485 6106 1445 7388 9266 6992 296 9909 5399 406 2250 6787
3 9281 3984 1758
8 2636 1401 7029 3863 3931 2862 6349 5567
6 8603 603 8386 4923 5415 4052
5 6924 7785 6795 5069 9284
5 9692 8919 3417 3749 2737
4 4987 1173 3456 1245
10 6352 3117 6437 7074 9086 1636 8365 1691 8910 4187
8 4260 936 140 5127 7382 9351 5296 6845
5 8999 7524 7537 307 6605
6 2780 6649 337 1905 8422 1812
5 1712 729 8468 4077 8143
9 2498 543 6017 197 5607 3099 5987 9227 8517
5 4230 5368 2202 2120 1269
10 444 6667 1588 7944 2437 7803 1987 7268 5312 2682
4 1641 8337 7751 3734
12 5292 3406 604 4290 9922 5075 7776 8461 9591 7980 2529 1724
6 1707 5404 9794 1244 8947 30
12 8413 5470 7520 4845 743 6490 3642 8320 7126 7219 6840 1109
7 1414 3902 2760 789 8392 4817 5886
8 9209 163 2499 2242 1479 3589 3745 6443
7 366 4701 7739 8905 7011 9970 2888
8 1583 1198 3350 7241 749 4473 8949 1201
5 6180 6397 1210 398 9589
5 3956 301 472 4726 6518
7 8148 5439 3080 9004 8280 6952 6516
9 7981 8567 7736 3576 3716 1495 2704 6919 1064
3 2200 3595 2340
6 9826 7633 7723 8479 2203 3159
5 4262 9990 86 5585 3198
6 6499 6355 44 2238 8053 8117
8 4797 3836 5364 3335 632 7111 7598 7322
5 4224 9321 3043 3588 1019
5 684 2100 4741 9259 7173
10 8213 5189 7096 7232 7511 1953 3525 1574 2593 7223
5 2687 4692 3812 3617 432
9 2078 3680 2633 5395 6691 7878 573 8583 6948
5 3240 5760 3107 8211 3625
10 8125 6785 5041 5882 6829 960 9653 7603 6335 4476
9 4566 3141 4501 4564 2223 3858 5631 4446 8135
8 451 390 269 635 8429 3032 6584 4953
7 294 2554 220 7185 2563 7676 1013
2 1226 590
7 9343 3728 9369 1570 1446 5432 2802
5 1315 2253 2070 6702 319
8 371 3440 9201 966 1136 9499 2188 3725
8 9641 1779 4900 4580 2032 3274 8036 7229
5 6621 4779 8891 6288 397
3 5365 9520 6754
6 6728 2764 5257 3000 4324 5626
4 3614 7145 4210 3491
4 1744 5118 6613 7881
4 8139 5918 3914 3557
5 4509 7844 2312 9714 6977
8 975 4745 6532 5594 3273 3480 5063 9424
5 9841 9439 6978 2604 1190
7 8023 3627 9690 7851 6545 7214 5827
6 9350 4524 8278 8002 9829 5532
8 3352 7752 1895 5011 8626 5884 8879 8321
9 8766 8186 1692 3035 4702 5633 5110 3412 1465
8 7179 5572 7033 7279 2427 805 9119 9216
8 9943 1395 5871 7218 1898 1935 4649 5922
6 2119 8100 5176 4729 7472 3803
8 8472 2772 9193 5842 8384 8717 7370 761
5 5372 6266 4757 6752 5848
3 8756 9129 9723
2 7601 8572
6 1040 3175 1254 2494 4129 2315
12 7745 8029 2959 841 6661 5826 3800 6050 7706 7688 2615 5430
6 5844 3986 3611 5410 5390 9658
5 9727 2697 410 1658 6816
6 8326 1585 3688 8098 7154 2958
5 6094 7417 2753 6405 825
12 1297 694 514 7643 201 3854 160 4009 5637 2243 8375 61
5 1505 8923 2993 242 3536
4 9070 8690 391 4005
7 6651 6725 7160 452 1076 7899 8412
6 1808 6847 3422 8648 6867 4477
3 1718 7189 5259
8 3132 6890 4333 5687 4275 5555 9967 9927
5 1427 295 9088 7766 5289
7 9984 2030 431 7964 5029 6221 4134
6 5381 300 3218 6944 8972 203
10 8840 8322 4993 6588 562 5676 58 144 3663 8967
4 4095 1966 7590 3504
7 3186 9862 2083 8980 2227 3665 7060
6 2524 1793 3503 229 2851 7246
6 5644 6310 2876 304 3237 8486
4 9334 6721 302 1932
6 2236 6461 7487 757 60 9462
11 6157 8863 9416 6309 5755 4251 5877 4697 8847 8800 247
7 8215 3033 3441 8454 8569 361 3025
2 6665 7713
4 7985 6285 1577 2131
7 3283 2066 848 793 1377 8934 1088
8 7358 8076 4418 2259 424 4338 7302 6151
7 8516 8885 5705 7416 8057 1507 2004
7 3822 5216 3246 6158 263 7281 6554
9 7555 1873 7765 2872 3464 3184 900 9606 710
6 2557 6763 5651 8939 7842 4240
4 1856 5876 7789 3706
4 5042 964 9530 549
3 2007 165 2040
4 5325 2786 3809 419
4 593 8726 5973 9247
5 7565 5264 3153 8122 8407
8 7552 4400 16 3087 7476 4841 8260 2518
4 9635 8558 2815 9885
8 574 858 8684 8455 1137 5512 9344 4064
4 490 6534 231 495
3 9545 2909 2926
7 8491 2762 5373 5937 2848 4013 8284
5 9928 5431 9608 9250 1473
7 8159 7031 702 5661 3386 9013 4964
7 511 5105 1265 4466 7771 4177 2267
4 8356 4506 5536 7071
2 1817 8330
4 176 3558 1230 7057
7 7153 4222 3015 756 3730 7115 2158
8 4770 2733 555 1661 8048 56 8712 1913
7 8509 2048 9567 5361 8423 6444 674
4 717 6152 1293 3216
2 2724 548
8 442 8585 3872 8825 246 7024 5376 2523
4 1055 2492 3048 6320
8 3121 7500 7283 3254 3322 8453 3929 8579
5 9655 1095 1510 587 9640
7 1291 5044 2321 1938 2618 8120 8578
5 6941 1514 8087 9711 5988
6 6389 5194 5422 3330 5173 568
6 7012 4434 9461 2221 6084 7207
5 9565 4067 7714 8607 2963
9 320 5801 9964 9855 517 6236 9097 8818 6315
7 1196 5846 9854 7869 7356 8374 3257
7 7294 6246 7951 3275 7696 7606 2051
6 3594 4795 6465 7402 1285 4320
11 3307 4892 2903 3736 9946 5468 5233 6881 7374 4918 8831
8 5 333 2474 2155 7348 2873 8442 1259
8 1113 5037 9468 3835 3591 8089 2521 7782
8 1538 2564 6781 8226 7833 8013 7040 9367
7 1012 3447 8052 4277 7824 7918 3701
7 3582 9413 3250 6958 1288 3014 409
4 9552 4157 2890 6765
4 3733 5682 8908 8085
6 4931 5474 6623 6723 623 4957
4 98 1260 1150 9719
8 3981 7969 1526 5659 8441 1809 3616 4724
6 4901 8132 6227 8540 3259 563
4 9391 2185 2269 6064
4 7587 7420 3586 6063
8 2507 1894 8724 6624 836 265 5575 9474
6 259 3897 5817 5046 9876 9651
3 9759 1216 1663
9 8708 4234 6999 9493 195 5363 3889 479 4084
6 5351 9204 4971 9120 8898 6995
6 5103 1262 4898 8877 6060 6159
4 2287 2376 5865 1153
6 7443 4310 6693 5961 182 6587
4 9937 8364 2038 2286
5 1628 7503 4708 3861 8922
8 581 2052 6868 6553 4766 1385 997 5577
6 2326 7992 980 4908 237 3936
6 1294 9128 7121 4707 2746 2486
7 1321 8920 9999 7311 8269 6348 7026
7 6220 7539 6626 4783 2820 9849 8333
6 6871 5414 6931 3287 9931 1989
6 9271 4272 7034 4803 9916 3010
2 2509 6602
8 919 9148 2069 4691 2606 1336 5443 3230
8 8857 2987 4896 7221 4185 8778 4268 4405
9 4961 9592 619 8623 868 6573 4416 1157 912
3 4069 4023 9404
6 9656 395 7708 3069 5111 2957
7 7546 3713 971 613 9277 455 6692
9 7912 3 6810 5681 4142 9577 9123 2625 8175
5 4731 9791 1547 6918 5959
8 2367 2650 8515 9739 8299 8251 1829 5224
6 8271 3410 7100 2814 322 1847
3 392 4091 9049
5 102 6955 4402 8838 408
8 8155 1566 9040 31 9637 9522 3623 3965
4 8452 1881 5894 1082
7 1648 5276 7734 7450 7202 5294 8121
7 1484 9521 3945 3613 8463 4790 2705
6 5847 3704 3848 5144 994 1038
8 5271 480 5331 5065 6423 2628 6417 5668
7 172 4704 4577 2905 2457 9756 8631
10 284 3609 9023 230 4719 3206 7087 8044 8265 7139
8 8953 2915 6846 1419 5754 4197 6212 9752
10 275 9331 5098 8732 9147 4771 4600 6073 6973 534
8 651 5741 4943 2170 7898 6586 2441 2444
4 5480 4199 3562 8246
8 7296 3815 4952 8276 9747 5696 2373 9839
6 2878 9875 8168 737 8612 1306
6 2297 9932 1653 526 2353 8577
3 1652 6392 4689
7 7372 9648 7405 9025 6690 2771 5436
6 7350 5354 1149 1823 8802 2946
4 625 5545 5953 9029
6 8115 972 8372 8716 8169 5450
5 481 4820 8451 2280 3637
3 4683 8870 4786
8 4485 4555 7721 2968 9986 7904 3631 9805
6 4548 8165 8216 7731 1699 4286
4 8231 5793 1546 3337
9 3778 5309 3738 2616 3179 2410 6458 6339 6903
5 9427 1594 3264 9448 7692
6 5119 5657 8411 2454 2175 5892
5 4956 9184 4364 7307 762
8 629 1255 4672 4500 5456 1290 3204 7054
10 2033 4000 121 1621 750 7152 746 5776 616 2292
10 3585 5070 8027 4454 8946 9568 9661 4341 3702 8520
3 2350 4301 2942
8 4271 1782 3131 2807 1696 9775 7059 1554
4 4351 1795 1439 1030
4 9798 6350 790 7839
8 7646 8092 7132 3256 8221 1549 5791 1423
11 6526 8638 3428 6778 5778 3455 8051 845 4778 9673 4340
7 164 3020 4383 1366 5030 464 3221
6 7960 7836 1225 4922 5461 1575
7 4730 9814 6482 9399 1722 1740 3692
6 6983 3497 4640 840 2276 2908
5 7385 6696 5785 4592 7911
7 3534 3214 6368 7044 5873 3533 2132
4 828 8046 181 8503
8 3926 213 8197 8043 926 7261 2329 8741
8 8250 9788 5438 386 1379 8397 6434 2964
4 9754 7158 8618 6570
5 544 5731 5669 4732 1261
7 8814 9902 9730 7719 9650 4886 6857
8 4984 9460 3570 3369 8707 4269 7989 8895
7 9774 6124 9196 1467 7917 3545 4859
10 1177 4713 9205 2451 3771 4610 4479 3484 7036 9326
8 4216 654 6447 648 1374 7667 3633 6709
4 8476 5925 9515 7199
4 2743 9374 5538 8948
5 4399 1682 8138 7017 3788
9 7088 2233 1028 7303 5449 9396 1662 5524 3434
3 4348 1552 6768
4 6253 792 9915 208
6 6812 5435 5179 3880 2322 5584
5 3418 9311 343 3514 9337
5 9936 818 383 224 5471
3 6242 1868 5784
7 3645 804 8704 7175 7481 4542 9087
4 9168 9764 4108 1688
6 1985 9695 5790 3076 9354 7972
6 3866 3894 4570 2130 8861 9896
5 5003 5889 973 6934 923
8 747 6388 1813 270 1327 3110 5473 3715
5 3011 3040 8519 9309 1236
3 1207 1726 367
6 3779 5701 189 7533 8680 5984
7 1608 5055 5726 49 2257 70 9438
7 6596 9085 5943 2443 4883 5819 7284
6 2487 7295 9024 3223 5718 9721
9 9769 9310 6760 3290 783 4808 7496 7390 6481
14 6211 8105 3511 7016 6277 4755 3600 1202 2579 8232 8674 7950 3347 7000
8 9149 1749 6606 9239 7138 3522 3679 8819
5 11 1350 257 5175 9905
9 2972 2931 8026 2679 8683 1483 9668 1863 2586
8 6431 9353 3407 1858 3383 5775 9339 8753
5 1197 2339 2853 9669 7909
8 9470 9232 2970 763 6976 9312 7201 3672
8 571 3305 3792 3415 4760 5459 3950 1477
3 5230 7814 3711
5 4526 404 312 6 9836
6 7815 2836 9484 3860 2755 7298
7 1694 2196 4203 6011 2961 3012 7184
5 5924 5653 3857 8152 9956
6 946 8604 7305 788 8019 7243
9 1729 560 9382 7675 33 7165 3535 4193 9246
4 7489 289 5412 8913
5 3172 7649 1573 3941 5923
4 2546 7393 5691 4445
6 3890 3942 1043 7289 4865 4460
5 6561 7053 7079 9336 2669
7 9481 5457 8984 9059 7454 9172 4138
2 1009 9452
7 9045 9034 6371 1825 8480 748 2997
6 2930 8180 6057 2806 3125 5809
6 2811 1156 5203 6687 7105 1368
2 5226 4948
7 2804 7278 3152 357 327 1115 2128
7 268 7567 4884 4151 3162 2620 4464
9 8166 5004 9110 4827 5986 7611 4339 9569 3358
6 7674 3998 1408 6935 5542 1504
5 7485 5964 1174 1277 3288
7 6120 8041 4484 6273 4319 4041 9693
6 7172 7702 4178 6869 170 3513
10 1885 2868 2389 1919 4261 7968 5476 2914 5407 4644
5 2965 3797 901 8433 8324
3 3413 1887 6087
8 6830 2334 1437 9423 794 5714 3626 1603
5 7319 3042 4191 7593 2357
4 4018 8371 2172 494
6 1462 1077 8222 1972 8723 6925
4 8506 7906 5821 7415
5 8201 4504 5936 4321 4842
9 4571 5099 6194 570 5142 8196 7767 8893 3304
4 3819 8959 1602 9770
7 7754 2504 9053 3971 1426 7938 5018
12 6367 4449 4457 8532 2011 9155 5460 9210 2490 3712 2090 6980
7 8158 155 9301 1615 913 3279 5960
4 1821 329 8319 2002
4 8633 8982 2940 2258
6 362 454 2617 6113 795 6666
4 5477 1626 8332 1311
7 7077 7124 6937 1659 4438 4350 5059
7 9597 8906 9211 6933 3324 9390 352
5 4721 8017 2844 8119 5483
7 7220 7486 5836 7617 2858 1204 9122
7 8859 7596 8809 9700 6700 5150 1944
7 7030 5950 8966 9432 7264 5138 6943
6 6600 6086 2189 1456 9294 6108
5 7959 1892 7783 7820 8715
3 6230 3478 5825
5 7389 6989 6994 3871 7591
6 5717 9342 8925 4189 7831 5254
8 6809 863 8998 1909 6675 667 4545 4105
6 4618 7571 5814 321 9811 5679
5 5152 4040 6750 3838 6377
7 3786 2190 8943 8582 2363 5244 4514
6 6083 118 4998 4337 9099 8300
7 1330 3884 8478 3039 7527 8677 5433
6 2148 706 948 5592 7038 1084
10 4536 1200 1937 9630 9516 6096 8091 9878 4425 5202
9 5660 3784 2378 9200 5286 2252 5978 4156 4174
4 6112 8080 6853 1407
6 5638 6291 6568 9290 6300 4710
6 66 9632 3310 3671 2502 1852
4 2338 1320 1344 4807
6 146 6685 2608 1951 9771 7335
5 8086 3365 8163 8501 7720
9 4442 4016 6486 1607 8634 3612 1540 2098 6740
6 6736 1960 5521 8235 7375 1227
5 9982 1743 8538 2544 5563
7 4347 9501 8764 1452 7977 2096 5332
7 864 131 7073 8887 9703 3097 7853
5 7299 6470 7568 1619 2750
7 2171 3856 8685 4530 1643 5434 5979
7 266 1152 2396 5944 8669 3649 7092
6 9280 7722 8541 8654 7700 3178
7 5662 8656 7483 4490 3780 7756 1561
4 2610 9960 7349 1300
9 9962 1638 1404 6278 1091 1599 8738 1730 6897
6 3036 4283 4424 5745 9599 2035
8 4518 5981 4440 1481 3698 2677 7112 9141
4 6075 9831 3492 7949
6 8415 6464 4812 9753 5629 8563
10 9542 5005 7886 5223 7753 2294 5977 5916 8777 2362
8 4858 643 9296 4747 4401 6390 299 54
6 1280 5084 7 4296 1633 2213
2 685 4811
3 6365 8210 1562
8 2670 9454 5588 2449 3126 9443 421 862
7 589 7955 2693 4725 3781 1528 5000
4 7784 5275 704 2355
8 6900 6656 8315 3481 4568 5508 6984 8970
6 3225 4165 4218 5854 1258 918
8 3747 9183 2372 8666 8279 8174 7758 3920
6 6707 5033 7001 2638 12 9726
7 6085 3868 5618 5685 3927 6505 1622
4 988 8171 9069 7286
7 3573 5452 7509 7133 20 6400 7515
6 9283 5590 5917 4367 4967 3638
6 1950 758 8349 7371 2062 8341
5 4560 3718 3987 4671 775
4 9881 6569 9639 5506
6 9465 831 7586 7954 3886 773
8 7689 1982 471 7106 8185 8178 234 3992
8 9755 9437 4737 5326 7035 8552 7673 2036
5 5834 2773 1080 3349 7755
4 7260 8308 7459 8253
10 457 3403 798 4239 2003 6632 6258 1375 6507 6142
6 8758 8973 8722 1680 5423 2087
5 7566 6492 1304 3115 6191
8 984 4681 1516 9414 1103 1614 3656 4527
4 6551 9173 807 5416
4 6468 707 9765 4184
3 3085 4471 693
11 3271 9734 7271 1317 3519 9676 7772 9776 5939 3370 4762
7 4380 2843 4354 2145 6631 7300 3808
7 9802 9607 8907 3898 1472 5198 8037
3 9131 3517 7641
5 8097 3543 6351 8195 1298
10 7301 9436 8600 3059 9365 9600 1822 5408 9215 1579
12 1491 8839 2409 5115 436 3727 7855 6302 2318 9243 5050 6892
6 8467 2785 2516 5149 2824 2445
4 5494 9387 7338 9716
6 9697 7800 8770 7183 5547 9537
6 3500 2307 1425 4861 4308 8620
4 3657 2659 7251 6139
10 4834 888 9525 5560 2671 4288 4926 4292 1548 8056
8 4989 6883 1440 3960 8083 2953 639 2397
8 5320 4474 4019 6419 148 3185 9850 1194
8 6908 532 8592 1890 6616 3284 5125 9289
