22 48 1106 102 5724 7134 2053 5370 5606 5501 8154 7058 3969 8054 3380 7093 4955 9573 8921 9329 8957 2273 2163
20 84 4973 2654 629 7513 9741 7894 8446 7305 4343 4329 4812 9885 486 4275 7885 108 6158 8210 2659
29 88 3167 8653 9819 1232 3530 5782 5709 4314 2670 5004 9213 5308 6858 2017 8565 7661 3916 5645 8632 4361 2878 4474 9759 5812 7215 8363 1001 2509
21 187 2973 5182 4629 2288 3809 7030 2101 3804 570 3217 903 5115 4385 620 2070 1594 8320 1966 8374 8543
31 303 5602 9477 5187 7245 300 7558 2969 8945 5998 8109 4456 4085 320 2844 2308 262 1925 337 3087 4737 7421 3309 6653 5515 650 5429 7073 6955 4522 9721
28 474 3038 7209 7276 9604 2527 7629 7569 7727 5630 6203 8916 7935 4033 4988 9848 5093 116 3503 5863 5595 8443 6632 6499 4337 8888 4490 2664
22 568 1884 7448 6744 693 8532 3078 6679 6854 7405 2279 195 185 5128 5840 264 7518 3015 8507 2697 2516 9677
23 677 6202 199 5511 3414 531 2852 4384 2543 5441 4476 8641 685 4506 5436 7001 4962 7289 5057 8372 7311 4446 5125
29 719 8143 3142 1857 9239 3568 9442 4712 8863 9269 3919 1719 9233 2712 2965 6299 1678 3506 1089 3937 6092 7495 51 9005 869 7269 4901 2221 3975
25 837 4016 1201 2323 5375 1250 3669 8413 2065 4496 698 6184 8745 4067 6612 5849 7313 9218 9597 8013 7400 7449 2988 5333 923
21 1066 3821 7249 5347 4659 7785 6247 3685 3394 9667 1203 4539 6779 1037 7854 9788 160 4381 9099 3407 3207
29 1178 7635 2644 1116 6130 5778 6565 72 456 2087 223 8317 4932 3337 9907 5085 6992 8012 4462 9443 6535 7369 6598 9390 296 4731 8735 2200 4281
30 1209 6836 9105 4291 146 6989 6716 6902 9566 3895 3859 8026 1924 8450 1771 7178 3293 6682 356 2634 7417 7330 2662 8016 8734 9587 5528 4926 630 8994
30 1315 210 6703 1913 5241 990 1620 7829 1429 9370 9441 8125 5163 624 7791 4312 8621 1761 6442 9902 1926 2834 9372 7835 9404 1070 8716 3488 31 8606
25 1335 1252 5539 5263 3169 5914 793 133 1907 8547 5278 4523 4144 6928 8347 5132 7031 9236 1241 143 8223 7044 4728 9714 998
21 1515 9613 3760 1744 1764 5643 3118 5038 416 5275 9973 504 6899 9719 2310 3983 9797 8168 2623 6266 3850
20 1543 9254 6563 1381 9732 4517 1750 8252 2354 5738 1298 6315 6651 7200 8752 2588 8579 6032 3742 5174
12 1560 9100 572 7477 5426 9516 7915 8229 3509 2082 8334 1555
13 1757 9769 3445 2937 8882 1311 5193 9346 8162 1214 2367 8805 773
9 1900 9349 1416 4547 78 9917 2478 5733 2430
26 1992 2333 1686 3215 7043 6359 8968 7089 9413 6624 8634 270 1099 6354 7841 2168 2792 5676 9007 9340 3128 5735 4445 9095 8808 2117
26 2009 5662 1239 1436 969 4584 1787 8550 4701 6231 3065 1471 4217 4878 1964 4874 1316 5257 6432 4386 2750 9094 1506 3252 4069 5665
27 2135 5732 9410 6313 4331 4274 2948 8312 387 6443 2882 6578 8284 1229 8680 7536 3943 7747 9279 7084 9777 6335 2604 8130 6112 6664 2609
11 2356 5477 3936 8231 6154 1361 1578 1056 7893 9959 7632
30 2432 2904 7243 1580 830 9116 8530 4544 9209 5660 244 382 7924 7414 9790 3645 592 8599 6382 6557 2202 8611 4864 3744 1231 8503 6461 5923 4185 3690
31 2519 4673 6550 3325 7010 2275 4623 3691 2393 8159 6898 582 5340 5243 1918 6590 4165 9572 7012 4946 868 2226 3815 5200 6878 7038 3944 6889 5581 2100 6559
15 2571 9586 3842 1685 3949 7387 715 5824 1364 6800 8901 9141 6866 2345 6527
22 2581 8853 5454 4627 3716 6084 6278 5493 5965 5961 6100 3800 6419 2779 3934 6330 1280 7427 3671 5485 566 6453
28 2695 3879 169 3477 8785 2386 1862 4398 2415 4159 6103 6301 4515 3977 7363 1668 9727 4626 5852 7063 8583 2350 5496 7443 3089 9726 8240 1114
33 2920 1267 5892 3616 4938 1474 2320 9070 3646 7316 7609 2614 7651 714 8725 3212 5167 1743 2996 6332 3448 6124 8172 9161 1162 5726 7308 3423 5613 3633 2806 1758 557
25 2949 7000 3112 4372 348 5557 4944 6677 6883 7967 7627 2923 2340 1253 3178 1906 7815 548 6355 452 4083 1813 1064 1892 2618
21 3156 1997 4666 3493 8642 9889 3513 9836 8505 550 202 3672 4777 3902 1714 4316 5482 6996 771 1493 6686
30 3253 8766 9512 4764 4862 3904 3429 1820 6915 3799 3231 3079 8540 9722 6983 1649 9456 7966 738 3336 6225 5152 6214 4183 7055 9309 4791 5003 3687 9569
27 3580 4493 6967 4371 8694 8827 3469 4832 2931 5005 4698 7521 450 7982 8922 7695 1730 4192 9519 900 131 2598 2554 8648 4741 7943 5504
25 3629 3739 39 2314 425 6067 1979 5725 3757 6857 3328 5801 916 7944 2611 9686 2214 4118 7023 7774 1216 2298 9169 2224 6465
24 3696 9828 9548 7292 5098 1538 8165 8512 1836 331 2419 6660 2699 6568 5053 9063 324 8451 3971 2287 5058 2243 8301 626
37 3869 4733 8989 4481 1613 5100 4699 462 6727 1271 8416 4642 2444 6165 6982 26 7939 1976 1057 4681 3777 6219 6588 4650 4655 346 404 6781 915 7054 4633 5459 421 8647 3965 1226 2897
33 4008 6711 95 8348 8412 9265 6279 9652 8316 9319 3075 2841 8218 8108 5785 5166 42 2913 4817 3897 6691 9081 9107 9603 5775 8208 3175 7836 1408 8308 2540 5398 1150
21 4078 1949 2105 3970 8909 7503 2885 6238 207 1196 4933 3497 717 8754 4961 2801 5229 8837 7664 6614 6441
21 4094 3381 9152 1818 453 433 7588 9939 7106 414 996 1769 8215 3312 2574 4444 6065 259 5362 9220 805
29 4309 1978 5495 2653 6805 867 5064 7194 5026 3340 2740 836 2749 370 7797 4289 2150 3419 3649 6254 2427 5588 9841 4288 4530 6384 758 2227 3386
29 4377 7666 3554 846 1046 8595 6283 4227 9641 1710 163 3750 8627 3772 9085 3470 4809 8169 9183 1140 5616 3042 3378 2610 9977 5434 9277 3853 5280
22 4435 313 7282 8300 7604 6268 8237 2835 7006 6974 6830 3233 534 1749 6249 2555 8852 6949 6010 7491 1044 5578
31 4525 2782 483 1627 5674 6422 7643 396 9028 7516 1466 9362 2722 9150 800 2443 9821 600 8845 7517 5199 8466 5177 981 1172 4616 2301 2905 4697 9259 5293
20 4839 5507 306 9921 9426 7481 7348 4283 4604 6782 4841 6973 8371 3923 5718 1052 1841 757 7131 5682
29 5018 4637 5663 5303 378 8876 2394 4356 4971 5770 7843 2359 7904 9384 9978 1945 2524 7541 2619 7139 3301 995 5138 6685 6944 9993 7772 7111 8740
9 5137 1371 9244 449 4614 3088 2450 6302 6834
24 5299 1994 57 1963 7994 8151 9159 2924 4045 4347 1785 4727 4513 4573 9122 5930 3670 6759 4436 7218 488 2337 6210 6127
25 5335 9805 3866 5699 6749 4613 2999 3082 7816 7457 3843 599 9089 9584 4566 9934 3992 8545 4682 2175 8242 7735 9363 1654 8047
26 5440 8536 6771 9130 4017 7808 6188 3133 7453 8135 2155 2974 3320 1505 2868 2471 8340 7523 9931 6401 5749 9061 3863 9918 3458 8131
21 5868 7686 2900 9127 3098 3261 9812 2107 2907 8904 8605 7947 5075 6828 3254 99 3604 4181 5011 360 722
18 5970 5562 5247 9006 736 9330 2863 8741 9983 1842 3487 8539 9718 3446 682 7839 2447 3827
21 6002 3603 2031 2059 8176 3290 6374 4327 1110 1257 5564 1790 6610 8202 8660 2890 4342 3768 5010 7244 4793
11 6031 9843 7757 7021 5172 3907 3 4457 7237 6542 2939
20 6252 5475 2956 5502 276 6773 8049 8656 8127 5019 6755 8936 7378 9453 9713 1915 5037 1427 7182 7036
21 6403 8343 6617 7125 4368 7510 3962 6823 1806 6429 752 3587 8117 5315 785 3456 2692 7859 3715 8581 6152
16 6412 2212 5614 2873 9515 9909 9123 1983 6943 4203 1287 4197 1148 9494 8463 1562
37 6466 5887 1430 9897 8860 106 8644 9264 8051 5329 9001 93 4443 1217 467 2358 5722 6697 528 1183 2459 2493 5119 2029 4304 2824 5266 8781 642 7159 4922 5555 911 1619 2423 5232 3737
14 6670 4250 3783 4914 1294 1631 5238 7275 6386 5878 2141 8814 4916 1339
23 6783 2783 4396 2140 4024 4070 2678 6314 1650 8528 5416 7447 9017 45 9856 6408 8269 1849 3441 9196 4049 5666 5108
26 7005 3475 9018 6402 7191 876 7271 8895 8624 8004 5537 1314 7505 6798 5675 7605 2285 3582 3001 8365 1540 860 7127 4324 0 3883
15 7013 5624 9197 1987 4380 3179 9271 1808 8765 7963 3348 6761 6616 5460 8433
22 7109 5417 639 575 2633 8755 6622 4992 3406 7708 1920 6149 3483 6906 4122 9895 588 5178 9689 6390 8352 3870
25 7270 1163 2254 6431 8048 7720 9957 2739 6324 8522 3171 8474 9468 3479 848 1063 1122 9502 8515 9887 6933 4570 5055 4683 6063
30 7399 9182 3721 1346 1160 508 7691 2397 808 4734 6605 683 4825 1387 4351 1566 4258 4754 6667 4849 9855 5078 8537 468 1362 5657 1665 8696 6788 6365
5 7463 8915 6645 3468 1880
24 7475 1221 935 5069 7692 1565 3623 1644 5899 8014 8638 7680 7147 1481 6097 5146 8295 1490 8825 9690 1731 2421 5855 9227
13 7928 9353 3583 5228 6336 6698 353 3155 352 6674 6211 4121 5226
31 7956 5627 2178 9647 546 6587 3465 9844 2958 1639 9322 8767 4906 3150 7352 4512 7385 2494 814 735 9825 4201 291 5946 351 1991 5949 2940 5476 1207 4042
8 7965 8382 9382 7277 1529 5597 7552 6517
32 8175 24 2399 8823 1873 753 7479 3205 8493 9729 4802 9230 4073 6281 2039 4567 2348 974 870 2646 2553 5286 3884 3933 1754 3720 2262 1868 8080 3185 1510 4120
28 8292 2425 9289 772 7118 5803 7274 2547 1716 1568 1428 9022 4851 5587 8549 8061 4974 5611 4505 6276 2317 5378 7241 68 6411 9787 2502 3478
31 8310 3462 5955 4658 6814 6244 1415 2072 7873 8500 4784 2040 4167 7763 1320 8437 2062 3495 1382 3283 963 7327 4870 4936 179 9399 7126 4599 9642 4996 298
31 8640 2338 6023 6251 7309 147 523 1179 4937 2272 9474 3776 8693 6891 5577 2892 50 9181 1707 7280 5594 7264 5549 3803 5776 9280 188 1454 8612 5720 4145
13 8773 9924 132 7655 5141 2094 2734 204 3727 9154 1940 4286 9770
8 9256 3323 3536 4569 4044 357 1031 4471
14 9313 615 1399 8389 8066 725 1542 2709 2463 5458 5508 962 1962 1646
21 9393 9297 2992 7442 1634 7284 7071 9674 5367 3961 3389 1671 1224 3452 7852 827 5736 3996 9016 7756 3705
16 9504 2767 763 2259 1060 6070 6035 9290 2133 9608 371 4795 5599 5937 8396 6603
17 9707 4807 1863 6305 7759 7019 254 4433 938 2104 724 3339 1029 3123 3009 4993 4469
23 9913 9302 7077 3714 8212 6452 399 543 924 6772 5032 5484 8432 1165 1965 198 1687 6072 7765 7053 9814 2046 3638
30 2465 4867 8434 2518 5012 7246 1762 3345 6082 4819 6910 7525 2694 5929 2861 8299 4454 2719 7179 2274 5383 7656 5807 605 1556 8418 2815 7951 3522 1456
21 9976 601 8796 8173 3729 9933 7875 9318 7418 7820 4419 723 2097 5823 7304 3954 1928 2136 3637 6322 1359
25 4379 4035 1324 1331 5457 454 285 6235 6312 5640 5216 1682 6131 9448 9245 5319 192 4271 6976 7204 8441 4968 8 3719 3723
21 3607 8285 3585 6503 8937 921 5861 2558 1259 4939 816 5999 918 7007 256 970 8931 4925 8623 8531 8730
18 5497 8835 6012 9702 1487 8695 3952 2867 7592 281 7754 612 5583 1337 6970 6042 3613 3560
30 9847 1723 6764 4587 6357 2171 1433 3752 8926 501 5154 5391 1296 1125 9335 3437 500 80 1155 6145 3363 3835 3814 4129 4508 3681 5077 2880 321 7460
27 8878 7483 2599 1592 1980 4840 2580 2144 5309 6308 8247 2451 6636 7930 858 2803 7033 9551 4253 8777 7833 1495 3095 690 3591 4186 5841
23 9752 6338 1206 8339 6562 7045 6134 6775 1897 8383 1822 6423 7781 3045 2396 9112 4902 2789 8738 1053 8003 941 5059
21 2735 6115 55 9487 497 6101 8273 9684 1109 2884 3867 3735 4114 9229 3877 3494 2990 4259 4970 3747 5478
28 9084 7922 8615 7263 4798 3165 7907 5632 4559 8705 7132 5715 5117 4442 385 4565 4322 1696 7121 9991 8912 7332 3733 9203 7681 2353 4189 3288
28 7429 6413 1755 6380 8737 1864 2220 9238 9167 4358 3550 1720 6785 1882 155 6175 6812 1894 6646 651 4367 7539 7283 3274 5846 1514 9369 5714
26 7657 5621 6026 3194 952 2866 2088 9807 8469 2371 5196 2085 2239 2149 2778 7979 9715 4215 2968 4375 1467 8861 9 9711 7586 1343
32 4090 7884 5344 6491 9963 1455 9478 6905 3765 2534 5305 4055 8400 6047 5911 8958 3630 7786 6561 3888 3383 5110 6144 3272 1680 937 5731 637 3571 587 980 4156
30 3442 7097 3117 3524 6331 1016 8721 5210 9378 7547 126 1277 8673 9080 8258 9616 9945 344 2303 5277 9756 7992 8880 2970 6096 4305 9646 2794 811 3994
19 5693 9171 2660 1452 8082 6045 7163 317 4611 8216 7183 8879 5964 598 2170 1095 6958 6994 5244
11 672 8338 6718 5686 7193 660 7684 2186 4468 5183 7061
17 6822 3083 9657 6076 5679 799 2229 680 3027 547 2413 34 6511 1083 574 418 5281
19 4494 5291 7535 1168 23 884 6256 9050 2403 5832 3730 3794 9615 6796 8092 1303 5737 2864 6170
24 549 9579 5452 9077 8296 9268 5386 9015 3443 6240 1513 9092 1035 8812 5165 1329 4362 9445 3558 747 8934 1585 8538 5230
35 9619 3795 3191 6739 3047 7232 6182 552 9262 2076 2652 2260 4278 4800 5879 1045 7726 3007 2601 2375 1876 7990 9223 6368 5252 3626 5242 314 783 1202 7214 5895 7831 3535 8862
43 1305 6420 9002 5428 8037 177 4792 6672 5550 2898 3862 9226 4062 5569 463 9143 6708 2526 6888 4487 6939 2268 8544 7024 1145 4852 1786 5106 6628 1717 340 9315 9535 5940 9857 2392 6300 3819 491 4918 443 3928 5173
30 9563 4450 1325 3901 9248 3621 6218 6114 7205 5442 4964 3392 5689 2190 5729 4694 5589 8875 226 5392 5884 5030 644 5972 746 5845 6051 4057 3286 4929
22 6263 1843 3594 6399 2075 2875 4498 3505 536 6987 3854 9513 5140 7100 3551 9153 3296 5084 5331 7067 6022 1344
14 5192 3544 2577 6638 8403 7135 9763 7500 5498 7616 5035 5181 5164 5067
22 3055 5756 922 3818 7256 1023 1485 8006 7976 8844 6758 3136 9801 5401 6980 1413 9098 7688 3388 5455 3255 4799
23 1097 9927 5889 1278 9792 4308 8838 7035 3035 6998 3677 6348 6273 6627 1425 1180 3520 56 5647 818 6458 5944 2818
36 4601 1527 1518 9524 8155 9537 2745 2011 8542 8953 3851 7872 5901 6036 3121 3267 37 1402 6609 2960 7402 6137 322 7098 7958 4210 4945 2416 44 8497 5197 2689 5348 4393 3791 1705
15 9003 7602 802 4410 3666 4806 2799 9065 9972 91 8970 843 485 7764 4796
11 2247 164 5091 9609 5147 702 8090 251 3349 3180 2669
18 2015 3999 5023 7972 4952 7919 673 4110 2071 653 1156 413 4676 5928 8666 926 4911 5723
32 4742 5535 5541 6058 2686 2696 4786 1422 4969 2121 9720 8099 3924 5582 3145 7962 1740 7974 9899 8972 3223 358 5916 9491 5338 4928 8849 107 6093 3218 9766 4538
21 700 3938 1272 7152 1509 2979 7445 7613 9750 2363 9528 8751 4131 1577 861 4416 6015 8385 3500 7783 6185
10 423 8670 7458 7343 4052 4231 8923 9764 4296 7410
12 8518 4048 7610 4330 5804 7262 4899 9418 8238 6005 3914 9910
24 1273 6128 3566 7912 9165 5374 9952 9553 2548 6157 3534 1988 4805 863 9547 1026 3061 7396 2668 5365 5834 9567 1536 9765
19 8731 3605 3220 8035 553 6243 1067 712 6725 7540 6193 9057 4061 9540 1350 7702 9560 1137 8874
19 6689 9888 4855 8329 428 6392 9064 7364 494 8780 5608 6223 4317 1442 8756 2707 919 4943 7522
9 8890 6349 9585 7376 4339 8070 432 8865 1931
32 9514 7086 9947 9951 6856 6523 6272 8597 5622 2453 8686 2054 6179 2048 4072 6085 9205 3139 6122 4919 2768 9683 3707 3374 8478 878 2028 4923 5488 1760 5609 3861
27 2720 1276 8133 8747 1079 4749 7342 7762 5033 6746 3044 7920 586 7918 9779 1027 3343 7052 341 1129 2161 221 3898 4383 1147 828 1559
35 7861 1904 7337 2781 6639 159 4119 8485 4775 2174 2206 5302 6864 235 689 9114 1702 3235 6061 1770 7419 7969 8697 8886 5206 3504 1374 1398 7869 8313 5760 4695 9545 8375 8556
24 3090 7430 9251 589 8997 8524 6325 1065 6655 5561 2876 7674 2295 3713 2872 7105 87 8011 4859 2865 5833 1599 9317 4432
25 713 2856 507 4403 1745 1081 4328 7984 1930 5134 8553 2349 2822 4542 5822 5207 2251 6631 6496 9427 4408 7722 2376 295 6479
22 7936 618 3404 8140 6447 3115 1283 9758 4843 4582 9292 517 3913 4382 260 4578 28 972 8357 7295 7029 4321
25 6277 1054 3833 1245 1352 2802 9900 7066 7197 5219 1248 1709 9784 4692 6444 1956 5688 7611 8910 2593 913 8380 9747 455 9916
19 203 7079 5316 5867 1617 4808 4510 6482 7268 8321 258 3275 9432 7983 8183 3734 762 2839 6613
29 5934 4404 6454 9341 5766 7777 8719 4801 3920 6620 6947 7377 3736 4560 3577 5906 1996 5149 3151 9892 784 4095 2870 4995 5942 1301 5159 8517 5543
29 6901 1111 233 1236 8576 8591 2213 9460 728 8833 4947 5552 9079 7800 525 4389 7703 1440 7225 5752 7826 6770 5024 8089 5591 6246 9614 8123 3643
10 6815 3717 2934 6575 9617 1453 7933 3622 7812 5903
23 7070 135 6475 2651 5433 8116 9948 1246 25 4740 6827 1828 6347 787 6385 8050 1017 5633 2484 7895 8230 6895 218
9 4679 5052 9331 8199 183 5520 5925 2414 5071
26 5445 9926 9680 4602 607 853 3759 7456 9440 1391 6865 5610 8326 6495 5810 9162 9049 1225 429 5773 4860 6217 9656 3405 7881 3120
18 1105 7560 2139 5104 614 5651 7506 8096 1077 2458 3957 3287 623 5435 3298 1293 1261 5063
29 2883 1186 7208 9138 1101 7837 459 967 3790 280 6140 5670 6290 6728 6234 4198 6387 9275 1187 8241 2542 4612 4991 5151 2391 4780 7136 5536 5900
30 3817 8346 284 7787 8034 4318 7386 4099 4497 691 4989 4236 8603 3782 6389 4768 122 8009 940 8248 8927 4175 6371 9178 5791 1086 7950 7964 4729 807
25 9305 4064 7554 665 8940 9199 9186 3955 760 1124 8201 7721 2733 4748 347 1036 6671 3306 5671 4600 7484 1726 9960 2819 464
31 4059 1830 9654 9949 5124 74 8851 5074 2766 7267 4711 936 8177 8074 4660 4710 8779 125 803 3074 9188 7294 1957 8356 652 1552 4463 602 316 4220 8847
25 1138 2896 6024 7916 7746 6946 1297 716 2246 2021 7259 9113 8264 3841 2563 5220 7619 7072 5524 94 8399 2820 4837 6549 9693
25 5324 8448 2442 2952 6196 9710 7636 4503 5603 3909 4302 8857 8963 2063 5734 4323 8813 545 4423 4036 4831 3590 9802 4254 4949
25 1867 9252 1322 7285 4535 5396 186 2632 3674 812 9489 7910 4603 603 6867 5013 2562 2472 307 4769 4149 9876 1909 8337 9430
29 4758 7312 2167 8795 9202 4713 3839 461 8028 4722 9998 8692 9919 6540 9886 7273 3353 824 114 5761 7868 1712 2258 5784 1028 2564 5404 6595 7758
18 311 174 954 2489 5898 9883 7258 2222 6227 3642 2146 9332 2855 7359 2165 1663 3741 994
12 6381 6984 3539 7310 8384 5839 89 8332 3712 447 1087 1204
25 2917 2537 9871 32 6648 8118 5043 6784 3793 8782 249 6104 3174 4747 1275 386 7734 8822 487 5696 9119 9285 9455 1936 6018
32 6706 119 4782 4656 6809 8094 5553 8776 577 7333 9961 9565 2971 335 6860 6091 7890 7247 6837 3440 6964 6383 3037 2775 5290 2976 927 4785 1312 8607 707 3259
19 7957 769 5598 4011 1763 3060 124 4868 4554 7719 1699 9850 8541 7565 7151 5874 4909 5046 224
26 519 5717 4071 4088 8791 6985 9923 6213 2240 9496 4871 9526 7339 1417 6190 5953 1247 2983 7641 2586 2544 9517 8480 3562 3755 5538
27 606 3786 3403 7102 2180 475 5050 5837 8303 101 1185 9772 9891 4504 79 3248 9069 8626 8479 6417 1173 9434 6317 2252 4886 1579 9970
34 8708 9286 35 9037 4607 8761 9655 2810 6098 1643 7361 1348 890 8097 1071 2452 6926 1767 7570 7788 8115 9435 4732 3018 7060 4827 9791 312 3273 145 6702 1698 4364 3229
37 3549 439 4705 5656 2217 2160 3418 7633 5764 9611 2234 3761 2938 9908 1590 4093 6774 7016 2398 6776 8335 7371 2336 6162 2199 9367 1032 4576 6929 2372 2435 8275 2592 6258 4553 5629 7173
25 7499 2690 6000 8681 6601 2473 2291 8220 8956 1376 7813 1403 9189 7008 4257 3945 5204 4811 1234 9552 7863 635 7002 9558 3021
25 1776 8950 2600 1465 3701 2751 2461 8153 5350 4459 1796 8361 4982 2433 7504 8905 1816 8322 5081 3653 3932 1336 2925 1837 6665
15 3307 956 5957 8093 2754 7411 871 4858 883 2025 4019 4667 7502 8268 4646
21 8477 4920 6186 7579 9134 9842 1968 252 7769 6161 9992 3211 3592 8650 6799 2506 3256 2016 7699 7160 5985
22 6663 5235 5300 5516 7662 81 4617 649 9228 5941 1392 1748 4087 4533 3137 7615 859 1340 5728 2294 6174 8596
20 9409 1313 1503 3740 5913 4756 4130 5014 9612 7080 9324 1695 5513 5471 6795 6750 9990 4716 3857 2627
2 563 7206
23 9679 768 9751 3663 2981 4244 3499 509 7422 8746 2557 3610 2154 2546 6897 3130 6977 9870 5687 7706 9588 1661 6143
27 5860 8758 4965 3974 5910 9822 3751 2959 3847 6038 3053 8304 5877 8525 4514 8052 2860 3096 925 2120 4298 9984 2836 9371 7834 6080 5265
17 6916 6807 2061 7648 1208 8067 8344 405 8917 4138 5813 6594 5431 8724 8797 7165 7069
39 2316 5086 4618 7561 6360 4558 8219 3885 9164 3542 7840 7665 3181 5792 7498 2910 2769 2636 1328 2501 9709 4746 9739 3395 6289 8436 4765 5993 904 167 6017 9905 7593 9521 7251 5130 669 8770 4750
32 4058 7929 5777 7683 3026 5371 8821 6777 4452 7741 5681 841 5984 4850 4461 5747 4039 9621 2918 5938 5438 2705 1571 4707 9008 1059 5209 8602 4079 392 8185 7700
21 7401 2384 7671 5873 393 2533 9173 9356 750 564 6553 4148 988 5828 3056 4484 8836 2277 430 4790 2691
35 273 6831 9325 8703 6541 2570 8575 9738 9375 5169 1458 847 3507 4473 7462 5992 7326 7192 6006 3331 4739 4076 5007 334 8885 2342 5145 9590 4132 7959 4399 4054 1115 1887 1212
28 3444 5769 9140 4948 2984 4344 8996 6808 5462 4104 4499 5411 2935 9498 9955 9571 173 6608 8689 9946 220 5530 7480 4975 2481 2491 7087 5254
33 117 7913 1715 8366 8150 5306 1810 2513 9734 7806 8225 1420 3428 9716 2947 3359 7871 3379 4631 9039 6791 6075 1126 5800 8180 4458 5048 7717 6876 3931 2961 4479 2848
25 6695 7040 3855 3371 6003 9804 4485 2732 6407 1583 5847 6416 4892 2241 5041 8764 5171 6102 1072 9175 8200 2496 3711 5223 4483
15 9675 6198 3510 4836 1721 886 1309 1282 1541 4654 1317 2561 8986 6008 7581
26 9449 4907 7207 3754 5221 2122 5123 8952 350 5353 4235 6505 2684 6855 7921 2590 2672 9201 8388 2001 8759 4556 844 7228 6073 327
21 4307 375 1005 3557 984 1355 4021 9645 8998 9896 544 3997 310 4527 7022 3183 721 2306 9672 1703 835
24 1040 4848 6450 212 5783 4652 5830 3532 3609 3230 569 1615 6531 1243 8305 3382 1498 4182 7658 882 4391 1149 6207 6016
25 222 9550 7149 1840 3216 779 1255 1911 3547 7065 6462 238 5908 6142 1351 7897 1457 6554 5618 6516 7059 5439 1014 9146 5020
7 3555 1135 6109 3177 2727 5762 5886
25 3578 3635 6415 2765 5786 304 6712 5780 4199 8685 5871 8423 8036 7261 8908 5683 4363 791 7618 2321 9215 9717 1290 3589 181
18 5424 4894 920 9799 2559 961 372 128 4080 2132 1319 1789 3195 4619 9594 6286 5655 180
24 7952 3654 2469 9398 6395 6668 9904 9174 1766 6972 9932 6295 4581 4492 3515 6448 9200 6153 7184 3369 8717 9507 8552 2276
16 2869 8962 4150 9874 2573 8397 1377 6546 1141 6569 579 5973 5661 8043 6470 8278
31 3988 5885 541 4143 1833 9744 6966 7096 9561 5008 2989 1584 7998 5486 2341 2805 3856 1604 619 6560 1775 5363 5820 6071 5745 9875 6136 5248 5896 8519 1923
11 6228 622 502 7876 782 2731 1146 2486 7736 8457 4325
14 6961 29 1664 5636 7465 989 9925 8077 7107 973 8829 1672 556 7362
13 9523 9216 9283 2495 290 8192 3788 850 745 2772 1423 2728 6753
38 4842 2576 4346 1888 734 9109 751 8951 9364 7761 5702 6367 3421 1193 1692 1292 2645 4669 5880 5389 1772 2756 3939 8442 1486 5568 6180 2752 1765 9310 3890 4998 1482 9493 8613 1602 8120 7472
38 3149 7119 5377 8419 2639 9135 8555 9570 3746 3373 5835 5076 9980 342 21 2737 1394 6436 8993 8166 6486 806 3399 997 9877 7556 7095 8975 8358 4783 373 5236 8364 9013 6445 5817 2608 9172
10 4214 7862 7926 8193 2086 2179 6515 9760 6936 820
26 157 2986 297 7975 4665 6125 1628 3051 8167 2640 1412 2966 1944 7490 1396 8590 1310 4464 5969 9831 3134 8327 1522 1573 5988 3880
40 3103 5341 2912 3693 2787 2077 9712 9180 646 7811 1595 1943 4653 1504 3476 947 6743 5314 4290 6339 1235 9651 1289 6528 4176 3662 1916 8977 1927 411 6394 1801 7696 7606 1043 540 2786 1826 6364 9673
30 3281 5716 957 7640 4299 2382 8042 5601 9068 3122 2330 2921 4689 9433 7142 4212 684 1827 8672 1167 7408 3187 3889 460 2223 1285 6323 8482 6853 1805
14 6724 445 6321 3911 1284 9746 2098 4563 3415 308 9266 2879 6311 3111
27 2020 8395 2008 8406 3692 7874 856 5628 9035 3364 1985 4838 3523 7439 2047 7942 339 5427 8496 3365 2428 8393 3268 7485 4908 3702 2007
27 3030 8840 5282 2261 3420 761 3636 292 6618 4089 5915 6757 8798 6868 5083 7220 889 4092 8129 7782 1666 8668 3385 8643 5509 6792 1022
36 3471 7141 8102 6547 1910 671 141 3770 9505 6121 9911 1875 3127 5559 11 8748 4979 1953 214 4715 6543 6126 6869 4238 1829 6835 6768 2625 2704 9622 7617 4418 8282 7166 7017 4891
26 585 268 1735 364 3330 6734 6790 288 8076 7354 6504 4597 2943 8438 8584 8498 3519 1737 3226 2369 6472 1881 4413 9301 7742 7714
27 4495 1353 5406 5649 9436 3925 9333 4718 1819 153 473 5956 6204 4621 3521 9422 3598 6370 7306 5638 1091 7450 8142 2764 3612 329 247
31 8342 1528 583 3025 9636 9314 354 2480 9928 9424 7903 4301 4427 5403 9066 7514 5755 1574 2475 4999 2723 4193 9391 6477 2833 3080 3390 1718 325 8171 4243
28 2941 8204 7248 4482 1845 8671 9394 4415 1947 2893 7796 1681 4272 257 7653 7397 5479 905 3806 4448 2195 5843 8712 3600 5644 2886 2998 4320
34 5304 4829 5284 1783 5191 4591 2116 434 2595 4518 1834 7529 5061 6459 9237 9470 3237 1782 5921 253 5754 2038 6687 2579 7199 6732 2929 526 5489 7297 3224 5294 6997 2208
35 741 5381 9979 8559 8728 9830 5566 1550 8085 4953 8806 9075 7169 5809 4924 7654 4821 1012 2933 1624 3201 7094 8969 3682 3214 2003 2676 3209 3206 7487 755 1367 5342 4641 9736
29 3743 9581 1269 7882 657 9858 2667 4270 7715 3946 7078 9644 8307 9110 5730 293 5558 8360 6813 8234 2615 2050 1691 2795 8924 9660 4691 8488 1015
16 6039 1519 4420 1706 3764 6720 1950 9093 5505 8408 7426 4967 8205 9210 898 1318
30 8520 3457 7877 3512 9042 9497 6062 6962 5451 9859 6838 1368 3463 2729 9880 6995 2269 7970 1917 9728 4142 1607 8899 9243 480 8707 9676 8858 729 2300
29 4687 3564 580 8179 4050 3915 1102 8665 2753 8245 6548 6953 9225 6187 4903 5548 7914 8628 3455 5979 3749 1055 472 6113 795 406 8594 5848 7115
30 6649 61 4788 3426 7867 9450 3789 617 7162 6893 6589 9249 3926 6675 359 2687 7345 2378 2282 2381 3355 7336 2575 1526 664 7158 648 9484 2677 2597
17 5161 6456 6952 8184 3141 6513 2762 279 3893 232 17 909 4168 1832 809 6604 7773
32 7799 489 9207 5245 3338 9981 1553 5994 1299 9687 3846 4378 6146 9355 4032 5625 3511 1502 6754 2500 6545 5109 3467 6050 9125 3243 9343 8499 4284 9861 3327 2411
19 8420 8675 6424 9030 1326 4887 5891 759 8898 3984 5318 3892 5408 1439 590 1088 5449 398 1003
35 6160 1866 5540 4202 1684 7034 4854 9846 4300 9101 2395 6579 3896 5356 1589 52 7749 5909 129 4237 1999 6600 1107 2201 7596 4671 6049 3100 6673 6606 16 7748 1958 6433 2845
19 7468 1582 3868 4743 4434 7955 2096 1549 5127 7821 9294 5750 4174 5410 5787 2474 7112 4904 2410
35 8578 8598 7594 5208 4394 4675 8293 6963 5519 7624 4248 5473 3593 928 9533 7365 9416 4762 9762 5215 3953 62 6428 4447 6358 4896 3460 8195 5395 9446 3172 7123 1254 1547 3032
19 9121 3246 2514 2616 5518 4822 5 8846 3634 4015 1274 3427 9580 8834 5617 3627 3422 18 8331
30 1993 3239 9901 7911 2056 6356 8529 1746 97 6248 8691 9208 4628 2078 518 1041 77 2099 8572 5269 4315 4813 8683 3797 5044 3576 5148 6147 3781 5376
10 9411 1563 412 2089 10 9219 2383 5768 2479 2758
35 4882 5902 7229 9291 8588 9104 6316 3680 4205 178 1937 4857 5105 8148 2829 6722 8911 8031 2364 5575 6948 701 5271 8161 798 8570 5056 4151 3876 9257 1847 7751 4018 8098 4592
27 4066 6965 3008 6340 1902 8191 2673 2505 7693 9388 7234 2568 1791 7949 4550 7647 7587 9671 4845 2189 1690 2311 1535 8170 2476 2092 8000
17 610 2429 2278 2774 7373 849 8306 7954 2726 5337 1354 9854 9145 9465 3964 9600 240
11 7318 6633 4586 839 9483 1610 687 2257 521 9663 9360
20 9020 2418 2759 522 7559 1085 4287 7317 1018 1558 142 7049 9326 1134 1929 1410 5586 7441 2813 2508
28 9626 9187 8509 2944 1143 2244 3241 6816 9366 1435 239 6833 5981 2325 3300 3567 855 6490 1025 7844 9253 960 8608 8866 6941 4752 5819 4662
26 4644 2184 2043 6925 4532 9837 1752 9623 3811 65 1591 6908 6167 2978 2299 985 4262 6267 9989 3132 7780 2849 8276 9997 770 8718
14 2327 4098 2176 362 323 2182 5028 6028 8714 8256 1039 1694 8818 7621
25 7227 8913 1893 140 7338 6046 834 4668 8467 7213 479 7300 5673 6731 3162 9942 7423 9568 6534 7814 8091 1488 6492 8178 3204
27 6694 219 1815 9670 5829 7380 6762 8990 5310 3798 516 987 3031 5092 9444 5249 6629 1345 6574 9774 999 3152 3397 5739 441 5605 8727
26 5222 8271 4056 730 318 3119 4366 4696 9019 7725 4395 9488 703 8889 5827 6320 9509 9794 7170 2716 562 3676 2656 8884 1019 2755
22 6361 3321 451 2466 8709 5468 1623 6787 8318 63 5945 3059 5355 6564 1432 5947 2932 8315 6369 8723 5121 7600
14 3647 5463 3538 5339 1237 3684 8778 2894 1711 3091 7155 6532 1856 9723
30 8564 113 6607 8991 9492 8831 8854 2482 9546 5838 560 4006 6372 7322 851 9966 8439 6990 3704 8828 6626 3810 2379 4261 5753 9387 906 6748 3664 2169
15 7716 3516 7771 6937 5742 2302 9058 2725 1127 4726 2827 2196 7496 3514 4846
28 6913 4984 718 640 381 8445 767 8981 2702 6156 8033 9882 6596 1448 6138 5143 5919 654 8720 2549 6690 1462 4294 5831 9668 8580 3838 3043
35 3168 6900 2507 3410 4260 4349 2245 9511 2041 2997 4555 1263 2665 2377 9284 7143 9624 2468 9240 9508 688 4460 7798 8729 7753 4900 8839 237 7845 5144 4763 8411 7350 535 3586
21 2313 1724 5402 6044 5025 7557 9464 1587 4027 6644 2926 5931 4311 3860 9811 8430 3107 1939 1652 4374 4622
25 5343 3667 6767 8557 3375 3036 241 1349 9466 105 9377 6521 7219 9749 662 1633 2157 6576 6715 1570 4723 4531 9241 1677 8535
31 554 7088 1794 4502 3050 1491 3537 2831 2126 2675 6163 7103 4714 7830 2796 6591 1379 8456 555 8942 7279 2503 6817 9922 1279 5521 9467 2253 1191 6242 5859
37 8587 6418 9698 8698 6780 2531 4980 6567 7253 1733 9242 8804 64 5713 7988 1480 8664 8444 6641 4690 6824 3689 5763 8471 5136 2655 7212 6497 9261 3153 3109 5842 5669 4977 7303 2922 6467
30 5881 1879 8086 4507 211 8257 2388 6850 7488 4856 2332 1921 9706 2159 3973 6859 7848 8887 3342 3081 9582 9308 4956 4179 3683 1128 2145 2683 1576 4127
33 8189 2828 3333 533 3398 8379 6719 9195 9234 7555 9639 3425 9328 2402 5864 3416 6861 887 6414 9194 3650 7675 5330 1174 3324 6621 2550 8925 4905 7818 9878 4160 4865
16 7849 394 6269 6843 8213 5554 9385 895 9610 5799 9273 8101 578 118 4206 1855
44 5027 7709 7188 1332 6794 4720 6498 823 8742 907 1494 115 9027 7014 5959 6437 2281 7389 6806 3556 490 6488 678 5122 5958 7819 4190 510 2700 8314 9740 3346 9476 939 7223 8377 2658 8022 8850 9472 6111 5672 3569 8789
30 4475 7064 8630 2166 596 1797 908 2693 8491 384 2721 6945 3738 8336 6847 27 2895 743 1131 7519 2460 7603 6373 9781 4927 9589 6585 4350 1418 7937
22 6912 5250 857 4074 1603 7857 5635 3269 8345 1626 8019 5253 9532 3402 136 616 4319 2055 5225 3825 8414 9117
32 8787 3697 5971 1447 8207 7934 2464 8030 2044 3451 6237 584 2977 4038 2945 3449 744 8270 6014 7124 6077 9598 2158 8771 4755 7242 229 2326 1972 6533 9938 4725
28 4536 6656 2324 2296 6942 1777 6886 6871 3784 6013 5298 9082 5211 2909 2713 5042 9029 103 686 2284 5963 1618 1375 3344 5542 5612 466 4417
30 1227 7293 6662 477 3411 3921 4115 3807 8367 708 9263 9133 8984 8164 1872 6904 4453 5664 4489 2854 4912 3979 8842 8567 4097 7598 5195 2236 5203 5573
26 1194 9872 208 9681 8504 5088 2355 3531 2095 6333 6921 7120 8807 6678 594 4280 5639 5186 604 1732 532 389 5825 5494 5179 7252
29 9733 6529 1883 3655 9640 6742 1729 4065 5619 2315 5062 7384 7755 8136 561 134 5233 943 6993 1544 3987 8311 5653 3238 9024 2286 5592 4013 3097
26 7455 8965 1670 4369 2237 9091 7531 8513 6556 731 4359 3242 7832 5796 471 3801 3198 5327 4022 9986 3762 3126 2185 1865 2862 1378
24 7711 3708 4335 1629 4135 4430 4789 2142 1078 5320 4529 5850 4334 9323 2487 5325 4551 5685 6334 5311 1581 7985 3093 6721
31 9820 3049 7140 3546 1013 7572 6430 2207 127 6484 9054 1799 4211 3372 2037 9421 9542 6874 7076 3391 8473 983 5483 8679 8762 5469 3250 1969 8138 8078 7161
19 8227 932 1380 879 9338 2014 3766 5276 3464 4596 9217 7878 788 5447 4392 3106 8251 8701 8350
45 7186 4877 9559 2780 7236 951 4137 7092 225 4986 4930 7171 5951 9132 514 4552 6882 193 8288 9379 4685 3039 7394 366 2437 4388 3299 7321 6020 539 8221 2980 4166 3164 7470 765 9040 6275 4466 4760 705 5322 4820 6257 3528
30 3245 2589 9944 8410 511 8682 7663 380 930 9809 9272 8058 8801 1198 275 852 9583 2129 7018 6205 6129 7578 7997 9903 7157 6449 7744 4310 5977 9906
26 7810 8029 1407 817 6220 9345 6652 5642 4595 2368 1521 8407 1117 5101 9160 3967 1756 7879 4251 7195 4345 4004 3401 2091 5546 4557
27 9046 6189 1414 696 3073 7870 6818 3906 4615 704 6956 4636 2374 1104 3278 5155 67 4060 5139 4429 7217 4188 3010 6923 2560 6801 7678
16 19 6654 8783 3527 3358 9076 2510 4240 7482 2049 2770 3812 4241 5415 4292 2840
33 6502 9166 2603 4873 6139 8149 7255 7226 5650 5690 8272 7187 4147 9074 130 6848 6463 2131 8124 8619 6954 891 6592 6508 5927 971 5641 9692 8867 2583 797 6434 7393
24 8489 5227 1838 567 6536 9557 6825 9833 872 628 1919 5759 1405 9344 4708 1821 9953 8144 1788 7705 6573 401 7568 5637
30 7435 5218 1228 9869 3614 6397 9428 4549 733 4407 7101 6829 7978 2936 2102 3158 6506 625 6586 4797 5354 299 6209 7412 5051 13 4451 5876 9776 9796
21 666 1539 8072 5708 4921 1188 3271 7712 1389 4470 9593 6262 9148 4804 8283 3912 6478 3935 4370 9053 2620
21 6485 3147 6684 4472 1871 2804 1861 1464 395 8027 3341 8490 6 6931 5334 1306 2408 910 9937 9334 4268
22 7864 3918 8932 3276 9543 1200 417 3840 7464 7153 3553 5419 5360 5349 5975 8722 86 8226 70 2456 1341 4103
29 3249 7687 1384 3294 1605 6265 5888 7444 1011 5522 2545 2582 748 9866 3076 3917 3927 5772 8558 3658 8255 1675 5924 5960 1802 9793 9014 5312 9638
14 9090 2297 1411 8291 6625 151 7091 9247 9879 7288 3011 7353 877 8824
32 1170 9405 5615 2424 1637 720 5920 3022 3366 4123 4355 7515 4031 2842 1197 9303 3450 9659 9139 7807 537 3709 3559 7335 2449 4606 3679 7459 8654 5854 2019 2225
31 658 1492 5727 3540 1908 6903 8059 6647 2343 833 8662 576 2400 2837 7790 3508 8121 7752 7855 3526 287 426 9414 6760 8964 2629 5806 8174 3014 778 638
23 3005 3409 190 8290 881 2661 709 7729 2525 6178 4209 8826 9155 4486 3182 5180 9136 3351 1266 6176 8068 6530 7760
22 7028 6404 3236 9935 3200 3058 1460 9118 9761 2404 6971 4195 2290 2407 9849 4981 4263 3163 9867 4950 9708 4736
26 1784 6745 2110 2108 2477 3657 3930 6344 138 3584 9106 9592 8007 216 9337 512 5002 6318 9295 5980 3431 7511 8114 5272 1118 2134
22 1512 2233 7114 168 4107 4704 7856 5279 6832 9031 7167 3498 2874 7222 6201 9103 5016 1286 786 1171 6030 7015
31 7612 7108 8815 3710 1679 5372 2846 8182 2373 2808 1741 7599 333 6264 9293 2334 9047 4116 9745 2962 7074 7740 4161 6986 9971 6693 9486 9383 7235 8710 976
36 2738 9649 789 376 8236 5453 559 1152 7068 1004 9950 1531 7542 2901 8988 9994 6920 9783 8775 4590 278 8817 8141 6509 4572 2572 7623 6487 7694 5869 8100 2307 2219 3641 5047 6405
35 8458 8484 7156 1609 8158 5212 9795 4957 1281 8973 3393 949 8645 8820 7407 9694 9298 7266 5532 4985 9661 5258 7047 1611 4333 9034 2800 9500 407 7827 2194 8501 2993 831 3929
29 1323 3197 6135 7198 4520 7046 7707 7538 7743 5184 6105 663 4632 9212 8763 2995 7388 8286 7887 5936 838 6310 8633 8625 2798 1600 3533 6212 7527
31 9402 6150 4028 7434 982 422 2930 4256 1062 388 355 8186 5039 2151 8431 1753 9224 4173 8390 470 4001 4222 9342 3956 5574 5703 7478 440 4162 2814 8113
32 8024 1438 7287 7993 9144 9633 448 3116 5952 9458 175 7081 3086 8196 7838 6309 8002 4524 7240 9522 2183 1151 7056 110 1713 8095 5162 6950 3184 9461 1210 2271
10 3257 8711 4651 7620 5523 5794 7148 5073 754 492
24 5991 8704 4847 2832 7961 609 5288 1632 3820 7973 4439 7168 5022 5397 1103 7634 4574 246 3922 7039 7489 5604 3064 6870
21 5387 3579 1113 1970 4029 9457 2304 3940 1211 9288 7564 3466 3570 3135 5872 8750 3968 6539 4152 968 6960
18 9406 3651 8302 5307 2591 5821 3480 5939 4177 8453 1701 8690 5547 6350 2203 59 5390 4158
12 4583 8736 9864 1660 8062 2270 8809 9073 7122 5190 8744 4818
37 7891 2605 9696 3632 3114 1365 2613 3482 2045 8560 821 5160 5465 3173 1774 2 6713 4219 4365 7286 8325 6763 2991 3387 3881 5893 3023 9126 4037 1404 1798 7324 427 9010 7524 231 3985
18 1406 5808 3596 5213 8425 2942 4761 4869 8128 8955 92 4913 7466 5031 4293 1891 9574 9287
20 7948 5531 9036 123 8132 6489 7776 8635 4401 7452 8949 8663 14 9606 5423 6501 8589 2730 9025 3347
8 7889 4387 7398 8262 7325 4580 3837 9520
35 7020 9347 1372 2539 6409 2000 2776 2434 7730 1846 8617 4879 3228 9701 9789 7392 8551 3661 274 1468 8593 8841 8197 7802 6282 8907 5706 9578 54 7390 6108 5922 9454 4 5273
38 3311 3826 150 7574 7737 7698 8768 3802 1441 7642 5962 5070 8160 8760 7231 5268 8492 6083 5862 9930 7099 213 8362 6738 9664 2617 9108 1385 3048 9417 5560 3978 3140 6057 1288 7026 6676 5571
28 739 1803 6793 6391 5188 9810 538 8017 4893 4562 9490 1073 2431 2567 1469 6811 2351 2708 7420 6894 7639 7981 6194 1517 73 438 8726 1948
19 4781 5858 6123 4437 482 8637 6842 656 6048 85 1537 1942 8214 1069 7366 9724 9987 4204 8563
26 1773 3640 7180 7230 4207 1601 5234 645 2385 8324 6172 934 2680 7614 7898 8646 1395 9163 5986 7454 3980 8060 139 6471 2010 978
27 5491 4693 3148 1630 9852 8803 6141 6078 7595 4724 8869 2035 2412 8592 2380 3563 2889 6841 7128 1249 2022 7625 4229 7989 8341 1586 3408
32 3990 3575 4208 2566 1233 9562 2982 633 1256 674 458 4249 3432 1736 1551 7646 4876 9958 9853 4155 632 1890 3485 1270 631 8706 4313 9339 2823 2521 5811 3887
32 7320 6329 2641 2536 1860 1640 6352 5620 4411 7291 4026 2283 3332 7622 8732 2420 4187 2012 2030 7299 8966 2701 1397 1080 3219 9439 2985 1669 2679 6978 8941 465
22 9463 109 7129 9920 1977 5422 9576 1511 4888 189 8244 5040 3285 953 3963 4096 695 8475 694 7265 8294 7433
35 4428 5743 5948 5237 6304 8521 9705 7690 9538 5135 1369 3062 7150 3986 8534 6353 4942 6940 6552 8010 1974 3844 7995 4252 4954 2483 6688 2529 5251 4041 1641 2113 2329 7133 1009
34 7329 2079 9473 8020 3875 2440 267 8188 9481 3785 8018 6930 5099 8620 9479 3282 1383 1042 7497 2485 9170 6704 9211 7851 9995 2638 3728 4589 3492 8636 6635 6481 9354 6494
20 726 6849 2538 1218 950 2663 7682 7425 8263 7532 3694 8819 4688 3447 6583 5883 5296 3792 8508 3903
19 699 6658 9052 5358 9078 5090 6474 3502 5409 4872 6593 524 1176 8511 9607 3959 8961 9988 9824
26 9985 2112 3972 1667 9832 2771 2817 5701 3227 5001 6885 2052 8661 1534 5259 4136 3489 7331 6483 5525 9725 7032 6079 5270 5118 9530
35 6199 8209 1024 9128 4455 2305 9071 7534 2790 979 1561 8063 2051 3573 740 1307 2231 8359 3982 7723 9111 4360 2757 9591 3823 2081 9618 571 1659 7257 1899 5894 5202 2238 8119
34 4706 4885 4546 3758 6786 3490 2216 832 1496 9392 1098 1302 6999 15 9968 8064 1814 958 1850 3101 2084 4025 1449 7302 5490 6169 7550 9096 7667 8677 4672 9048 6514 7601
29 8055 3608 9072 3473 5420 1525 7130 3052 4978 7340 7886 5870 4234 2584 2871 4771 5261 5795 3125 5781 1878 7349 9555 2103 5659 2280 9311 5029 1569
32 2714 4414 9452 627 3849 4285 4020 2060 8353 8378 120 8800 4397 2541 6661 4500 1434 4816 4738 8417 551 2569 6524 4146 7144 7431 2853 289 3265 9936 234 6518
34 7210 8459 7471 9191 4225 7085 5351 4409 6133 1189 1859 4105 6297 4406 9299 8460 7090 1982 4218 634 2522 2365 5607 727 6988 5321 1484 8333 6872 944 5596 8429 8001 3588
27 6884 5875 2123 8254 2235 152 100 4639 3439 9912 1051 6120 8793 4898 1357 7177 2197 4100 2517 7738 8944 2826 8859 1483 4005 9451 8319
26 6110 2357 7704 7512 5113 6747 499 6873 3222 5704 1130 5444 8919 1158 5580 7307 4702 4303 5131 410 6195 1825 8398 7880 8156 737
27 6740 1564 2074 7382 5503 6480 1443 8506 8373 2370 6375 9026 9798 5357 9447 8039 4438 2111 4216 5418 7980 4774 2946 667 2606 3264 6191
24 3208 6493 1651 3138 6327 6526 942 5366 2556 2906 4677 8239 1844 4823 9198 948 3871 4976 3113 9120 6959 1898 6840 3313
22 1874 4449 1330 3157 2612 7501 8843 3561 4086 7909 7436 6881 3400 3543 5474 4040 2073 3335 3665 2312 8424 1006
36 4959 9996 1593 7553 3541 565 9735 9429 9737 6476 3648 1220 7724 3314 6566 6699 9270 1075 2994 5168 1989 2682 1409 2331 7545 5677 6232 2744 8655 5935 4230 9168 5413 82 8044 9915
34 7116 2838 6457 6558 1984 902 2422 1240 5779 6173 46 3315 3305 1896 7794 1831 1199 3606 692 4543 90 5384 8855 4915 2093 2587 7945 1400 8455 4751 3143 7577 8249 9834
35 9137 2788 8376 3951 2899 1804 5816 8995 7239 2648 4046 4767 3496 2319 3186 3251 1870 9554 3072 8250 1291 8381 4745 2911 4960 5570 9501 2083 1242 2746 7597 1213 302 8622 2530
11 8586 8848 8435 6879 7403 4890 6778 6396 3686 242 2887
33 4511 2006 5572 9631 9575 7883 6119 2119 3326 9539 6737 2292 7770 6041 8743 4340 282 4075 6043 6846 9863 9395 4082 205 1049 7367 9525 8355 8386 4519 4172 8959 9374
34 8739 5990 8021 5017 8554 3319 7438 8228 4400 374 3203 294 8038 6681 8883 7164 1308 8601 7999 5274 7551 3700 7584 1321 4023 4239 8405 9088 269 5836 4134 7476 5865 8618
34 2748 2026 2436 326 3199 1647 1693 3190 1181 643 8510 7145 8928 862 5301 2034 8960 4043 5292 9894 3438 8526 9518 4917 2232 2666 6797 8409 6892 1366 2490 7051 3718 7789
34 2512 5359 6735 8868 3565 506 986 1676 4247 6907 4068 6519 3436 7440 2859 9278 3266 2950 7461 2004 3599 162 496 2674 4425 1268 6957 5079 3899 822 6250 8404 6087 7404
38 4537 864 5654 9815 2916 3057 7203 8938 2128 377 2264 2248 2607 2228 7865 8428 3574 4106 4440 8649 6116 742 5217 363 5448 6215 7360 6303 1238 9124 1445 3280 8145 1728 7413 7391 7042 3279
27 3196 6877 5034 842 2791 9768 3830 8816 9954 165 7828 4680 8769 2647 4465 8733 1742 3695 9115 2002 593 8267 2830 9773 9129 4778 4332
23 8699 5818 1090 5214 4421 3105 5711 5815 6597 6659 2156 8103 8494 3845 7004 2504 3316 112 4770 6226 7328 1941 6090
8 7575 5000 184 8281 6803 1901 5705 7025
37 6752 8104 4630 332 6729 992 9276 1182 9731 3981 4884 1532 365 7900 8799 9368 5556 7298 2344 9193 2068 6117 9431 7272 8045 5346 4306 6599 5461 2114 3260 197 4354 6118 1230 144 8582
23 7104 1192 1477 309 96 7486 1033 43 8280 4053 2405 9730 6525 3481 9531 3318 7607 3303 3020 4390 4987 5697 8069
18 2736 5634 3071 766 4700 3003 1419 1903 9956 955 2064 7938 2628 2361 7905 2843 2492 6819
26 9685 9246 400 5748 9045 7446 1175 7628 5584 4605 7941 7576 4528 5103 6351 1657 2858 829 7908 7027 1244 1877 7850 4861 6007 1751
32 945 1734 4648 6804 4717 9462 1499 7368 3377 7626 1154 3832 914 3352 2256 154 8081 3006 6388 2761 7644 8639 6890 2807 8046 5932 7509 9296 1473 3858 1653 9131
29 5393 9974 7451 9544 8323 409 5626 6446 1835 2857 9222 7301 3258 9632 6393 2191 613 4881 9250 3161 6362 2127 8604 8561 1021 9336 7057 8106 1304
21 6924 5744 7846 3384 8629 3017 6293 1817 301 469 6914 1120 8260 5623 7801 1809 2914 3417 6968 9940 6060
34 3160 8566 2106 2928 7372 419 5712 3615 415 9232 7048 1048 9482 3210 6059 4009 2631 2955 6733 6714 201 875 9389 5255 6935 3131 7473 764 6287 5407 5065 4759 4273 6650
31 5112 2426 1973 8481 4014 9157 6253 9300 8918 880 9361 9534 515 1058 801 9835 2215 3878 7932 6555 5987 8084 4598 4178 7589 8999 2594 2210 5652 3631 1300
17 315 7357 4223 7346 8126 1800 7823 1424 1946 1688 4357 8571 9873 182 1184 4545 1545
24 8449 1635 7082 3170 5510 5698 498 6034 4585 6261 2919 3102 5116 8687 2565 2630 6696 1123 8289 3154 8616 8881 5851 8402
29 3029 9851 5332 7630 3948 3356 5133 6726 7842 3213 5097 1597 8873 1136 8495 6376 1358 9437 9695 3726 8032 9999 8452 3652 6088 9818 4951 6919 6221
38 5487 328 3104 1177 977 3232 9177 1523 7697 1912 8023 8502 3597 2137 7701 3595 8811 2777 9350 1606 7175 7238 6400 1548 8461 1811 7 4609 5015 4422 228 9808 49 8943 9775 7409 1472 6342
19 166 1689 5060 6851 1852 5757 4830 2741 529 161 4958 9044 9699 9009 2162 9102 6001 2027 641
27 4352 7113 9964 4441 711 4638 408 3767 4647 6025 4521 1463 9086 1164 2263 7590 8041 3822 5989 4577 6468 8684 6421 6991 5361 9635 4091
19 5856 8073 8792 2352 7494 66 5866 7344 8667 5567 6106 1638 4266 3474 9785 7672 5072 149 2445
16 9459 4640 5066 5297 2347 7050 6887 6766 706 781 1858 5912 5328 345 597 9359
26 5746 271 2784 9595 9691 2718 4548 5765 2650 5707 1205 7892 3852 9041 1333 2811 1520 4108 5283 3698 4610 6844 8152 5388 2698 1038
15 5721 8713 6377 3774 4526 1621 1780 1370 4579 7728 6510 3659 1451 7571 8422
24 2963 3459 3329 3202 8139 6440 1219 6011 7290 3486 7739 3322 2747 6701 1848 7469 2080 3950 5667 6177 3836 3518 7356 8700
24 9087 1100 2520 8426 5425 4153 7323 5719 5678 2927 6537 9062 6081 7562 8987 777 484 5692 2535 2205 9816 732 3016 9868
40 1625 7319 661 5285 6029 7172 9743 8368 6216 4593 4966 1738 2797 8585 1008 3874 4787 8871 5380 9358 8872 8903 8415 7860 361 7250 3525 6464 520 4889 6328 7254 6918 7185 4480 4972 1356 7563 3284 3289
35 9306 3067 8774 5500 2143 4863 4245 3435 5695 2578 2602 7037 7334 4221 7689 8105 2218 9941 5529 8025 22 6975 3756 676 2552 5789 5905 1092 5412 33 804 3872 4077 7784 7733
22 2915 4170 3424 7677 8040 4228 3054 8298 2954 6197 819 4625 527 2024 9643 3824 3028 1479 6979 5978 8265 9860
30 8277 8979 8715 3891 7637 435 5593 5260 1700 8631 7176 1934 9800 4608 2109 9083 171 4730 9755 1119 4678 5414 3941 5450 2318 9067 756 2847 5790 3619
37 2742 1674 6068 5771 655 6634 4940 2585 4326 8243 3247 2115 8401 4634 5534 6683 2498 2596 1914 7351 8476 3628 6033 8676 3004 4373 3668 2066 3094 6723 2902 7946 176 8279 8939 7824 8947
37 2293 3572 4200 7428 248 41 7580 9549 4141 7847 4063 9962 659 6932 7508 215 7987 9221 7566 6730 8470 2153 5313 1854 217 9665 5336 478 6229 2255 4169 9206 1739 8657 2671 4540 6911
22 7585 892 8967 1546 6934 3350 4757 573 4721 2987 1793 5691 3240 1954 2643 7395 2211 2152 2138 6789 3110 4047
36 1251 5710 2523 3066 98 2635 7190 5267 4709 636 5481 6571 9541 8749 243 5157 1885 9688 9386 8930 7925 8392 917 1401 1807 1895 5788 3033 2446 5814 7676 5198 8083 4348 20 6439
14 8447 1530 1778 3292 4264 9376 5464 991 9043 5976 9480 4265 2793 5968
32 1489 3024 6155 6168 6765 780 266 6969 8259 9742 1459 137 5658 5767 6862 6298 9748 2389 9969 3412 2763 1971 3019 885 5797 4534 6343 3644 5499 5545 4568 6260
31 4084 9011 47 4101 8110 6280 5170 369 2809 9438 7793 1612 2042 776 5102 9697 8569 9629 104 1853 2499 9839 6233 4488 8514 5246 5096 6291 383 7906 7533
28 3976 9412 7117 9495 6245 3453 7548 9475 5082 7315 4213 7805 8610 7075 2265 1961 8232 4424 6151 2821 9637 9499 1084 3780 6981 4295 424 7825
30 2335 3176 5466 513 6922 9634 2250 8194 4664 7216 1768 8266 4866 7822 9823 4111 5094 5379 7507 6522 9630 1932 53 1889 6086 6666 2454 9032 9365 1998
21 6004 9401 6239 9806 4875 8614 8421 6089 6544 3848 1327 749 1093 8897 1642 7138 9004 5798 431 8211 7899
34 5517 2711 7224 825 4703 9625 7492 2551 6132 3099 4828 5323 6909 2023 402 4426 912 3221 4997 1342 9348 7549 1262 3960 3000 9258 5492 367 4412 7953 5551 5446 840 2964
38 3430 1697 4154 5240 8079 6927 7901 3958 7041 403 444 3829 8864 1960 1461 255 3277 3748 8669 3660 4276 7917 4674 3361 2267 5585 621 5680 8349 5126 1076 8983 6435 9596 1497 4126 7896 2773
32 6159 2230 4635 1955 8351 3816 8856 6438 1557 6584 5287 5045 7679 4773 5289 7383 8946 7608 9327 1388 8297 5802 1258 1708 7660 7083 7803 5345 7673 794 4803 7795
22 9503 7804 9021 3360 5175 815 6802 7960 2242 6055 5456 8896 591 505 8900 1157 191 4983 8468 1295 3688 1020
22 4467 1159 2013 810 4180 265 2877 9703 8893 3002 1812 1645 8222 111 60 1133 9184 2908 9669 8674 9753 9281
35 9274 8892 2975 4935 2118 975 8146 6710 2470 4990 5579 1475 1476 7573 5933 959 6880 8976 8906 9967 7137 7528 6736 4341 1616 2953 8005 8794 6640 2488 8982 1823 4277 4133 9380
29 873 7940 1431 8830 9000 8134 5527 8261 3894 7750 5472 5694 2532 3796 9862 305 4102 1265 2816 647 6577 8206 8053 3745 1636 7374 5443 1614 8057
29 6741 6053 8978 1223 2717 2760 7221 3085 8533 865 9420 1598 6769 4128 9142 6171 1050 7260 7583 5326 9653 7652 8757 6500 6623 1108 9601 4735 2172
33 8548 6455 3601 7768 5120 2036 7710 6222 4163 5967 1338 7474 6751 319 2417 1747 5385 581 9682 9423 813 6037 3834 9415 6040 8658 3040 6074 1938 349 7154 679 5857
22 9666 874 1421 8088 8235 1390 3882 8894 3084 38 9840 2637 8577 7902 9051 4670 7544 4994 1935 845 3611 9536
23 6875 3461 3865 3773 69 5668 8071 1795 2188 236 3302 6236 4814 5467 5974 3189 2812 6520 4010 966 792 5533 9827
26 4112 8203 4233 6164 6296 7631 6473 2181 5751 6270 4034 4477 40 5684 5394 7809 446 4931 3166 3063 5264 4269 4242 7968 9577 7467
25 7792 5189 8370 965 8274 933 6615 4643 9033 3124 2706 6657 8075 4117 929 9038 6406 2710 3262 964 6469 2785 7543 6224 8330
24 4575 5049 7779 196 5176 6642 9056 6839 4772 6581 3808 1132 9400 1068 3805 8914 8287 8985 8568 7437 2703 1195 4897 9829
12 6206 4194 2957 4164 3263 6069 4376 4297 1222 6705 4007 5982
18 9267 9556 2511 1010 4246 2497 1386 476 1190 6845 8391 436 7977 901 8877 4779 9176 4124
24 3291 1922 8992 7853 3413 1727 8246 5080 8810 1533 4835 9059 3517 9982 3769 7775 9373 4509 8454 8369 5368 4157 796 7146
30 4184 1030 1588 7927 9628 4686 5158 4880 9158 826 3434 286 4594 7493 4564 8562 8788 3297 2891 1360 2069 6166 8678 9599 1334 4226 58 5239 4649 7011
18 5480 9471 5741 8181 4478 9312 7201 4501 1596 668 2177 4844 8137 9214 3012 8008 7537 6917
25 5890 7347 6306 9754 2439 5373 670 774 6692 5943 1824 9425 420 6054 2124 4081 6284 4402 1575 5095 8790 3529 9650 9396 2724
19 6756 368 6378 194 4012 8253 8891 4516 899 7530 5399 6700 3886 390 9771 7669 3304 2289 8527
23 200 3989 4910 7355 8516 7650 6363 8935 2390 1781 4620 4000 9055 7003 2018 3900 3548 6183 6285 1658 1683 7996 437
38 530 5006 277 608 9316 1121 3188 6021 5917 8112 3778 2360 9408 6094 6582 9192 7296 8974 3699 3763 7582 9704 9506 227 4571 2688 8233 1975 931 8483 36 2266 7416 3787 4267 9782 3069 710
29 9320 4255 5369 5089 1524 4657 8609 2209 993 5400 5514 4113 3225 2058 9352 6095 8472 5231 5153 5918 3831 6427 4934 1507 8929 8087 6507 675 5631
30 4833 457 2198 9890 3193 2850 9231 6366 3625 2851 3828 4663 2903 9510 5882 8427 7591 1673 888 8465 3998 1608 2743 8802 6341 5544 8487 7991 6052 3620
24 1002 6460 5009 7971 2515 542 4491 7370 7931 2622 893 6821 9407 5262 6326 1516 5512 8107 5506 9865 7233 6852 3357 3367
25 3910 2626 1142 3334 5156 4645 6274 9975 5995 2972 1166 6181 5317 1047 9780 7520 3013 1446 8354 1007 5774 3864 2067 1112 7432
21 7314 7406 8328 8784 7196 6630 1725 3675 4776 3146 6379 4561 4125 3077 4002 866 1501 1905 261 1567 2528
21 9627 1363 4661 5205 3991 3602 7567 172 9620 3732 4171 6346 5576 5087 5021 272 1656 8688 9778 7009 4941
30 4196 8574 9602 2642 8309 1655 1508 8187 2033 8523 2362 4588 8753 6709 1990 5590 6337 4684 4191 558 6551 5740 6826 2339 2888 3041 5150 790 8980 7731
28 4624 9282 5954 1500 4405 3775 2187 9156 8486 2164 5700 7381 2125 9767 9658 2148 5421 1094 5950 71 3581 5142 1426 9648 12 7649 9700 3617
35 7546 481 2657 8157 9485 1792 5107 3993 1886 9564 4744 2192 30 2366 3308 9826 946 9185 5904 6707 1933 8015 3376 4336 3144 9204 4719 7670 3034 9149 3192 8056 4753 5563 5758
15 245 206 8832 6669 8440 1986 5054 8546 3905 76 1061 6230 2387 1704 2951
35 5996 9965 9813 2681 6410 6192 3129 4826 6425 7668 1215 6570 1169 9357 1779 121 7415 4224 3454 3753 7645 5600 1034 4963 3873 8920 250 8971 4051 336 3678 5185 1144 1952 2448
35 3368 9469 9255 6255 1260 7174 9678 4541 7745 5405 3624 7817 3673 9881 5256 5201 2621 3501 9351 6602 7189 1572 2685 1839 1554 3771 7358 2249 5432 7888 6717 6294 2322 170 3618
35 209 6200 2881 8772 6538 6580 775 9151 4834 2467 2057 3722 9884 4279 8933 3159 3484 5068 5805 3545 1373 9605 9786 3639 5111 7767 7181 2624 9260 5926 9307 2457 263 343 7986
24 3779 2401 5983 8394 1648 6611 7858 5194 3706 158 5826 8600 8065 5997 9529 7526 1478 3942 6148 7424 1951 2090 1082 1139
16 3362 6319 897 1393 2346 6099 1161 2005 4431 4766 1437 8702 6107 7202 6019 2032
23 4794 442 3092 1959 6398 3370 7211 7110 1722 7375 7713 3724 8163 2441 2130 4338 5646 8870 391 7766 6271 8122 6288
19 8573 6208 8464 2825 6643 7278 2406 5526 4895 4853 6056 9838 3070 6619 6292 894 2204 1622 9914
34 493 1869 3317 8198 3108 3966 7685 9419 5036 5853 9381 7778 5907 1264 7866 1967 2715 6863 4232 3234 1444 6027 6572 9235 3725 681 2328 9662 3552 9147 2193 3310 4140 8147
23 6951 2455 3354 4815 9757 9179 7732 8190 2173 9817 7659 9321 5470 9403 9929 5966 3244 8651 1851 503 5114 9893 9803
29 7638 3396 3947 8224 2967 9190 3433 5437 230 4824 3295 2309 2438 6810 5364 495 4810 8954 6637 5430 75 6259 5129 148 1074 7281 4883 3656 9304
34 8786 8462 6307 1995 9845 4003 3270 2409 6512 156 379 4282 6345 1981 7341 83 338 7062 7718 1450 3813 5793 9060 6938 4030 3472 1153 5897 1662 3995 5224 8948 9097 8217
25 2147 5295 854 9527 595 6066 397 4353 1096 6680 6820 283 5565 9943 8387 2462 3908 7923 5648 1347 1759 9898 3703 3046 6241
17 7379 5352 611 330 4139 896 6896 8652 5844 6426 8659 1470 6451 6064 9023 9397 1000
12 697 9012 4109 8902 3068 2649 1 6009 5382 3731 8111 3491
