1 8213
1 7064
1 4475
1 1332
1 7188
1 7709
1 5027
1 6843
1 6269
1 394
1 7849
1 1794
1 2828
1 8189
1 8086
1 1879
1 5881
1 3410
1 2531
1 4056
1 6044
1 6767
1 6780
1 8698
1 9698
1 6418
1 8587
1 7088
1 554
1 3667
1 5343
1 2507
1 6900
1 5402
1 1724
1 2313
1 3168
1 6607
1 6913
1 113
1 7716
1 8564
2 3647 4482
1 3321
1 6361
1 2944
1 9670
1 8271
1 5222
1 3008
1 1815
1 2176
1 219
1 6694
1 7227
1 4098
1 2327
1 4644
1 4586
1 8509
1 9187
1 9626
1 9291
2 2418 6076
1 9020
1 2774
1 2278
1 6633
1 2429
1 7318
1 610
1 6965
1 4066
1 7229
1 5902
1 4882
1 1563
1 9411
1 7911
1 9901
1 3239
1 1993
1 9121
1 8578
1 3692
1 1866
2 7468 2323
1 6160
1 5245
1 6424
1 8675
1 8420
2 8184 3572
1 9207
1 489
1 7799
1 7877
1 6952
1 8179
1 5161
1 4788
1 61
1 6649
1 580
1 3564
1 4687
1 8728
1 3457
1 8520
1 6039
1 1269
1 9581
1 3743
1 6321
1 8559
1 9979
1 5381
1 741
1 4829
1 5304
1 1735
1 3025
1 8204
1 2941
1 583
1 1528
1 7640
1 5649
1 8342
1 5406
1 1353
1 4495
1 268
1 585
1 8840
1 8102
1 7141
1 3471
1 3030
1 5598
1 8406
1 2008
1 8395
1 2020
1 3693
1 445
1 6724
1 957
1 5716
1 3281
1 2912
1 5341
1 3103
1 1978
1 297
1 2986
1 157
1 7862
1 4214
1 7119
1 3149
1 734
1 1888
1 4346
1 2576
1 4842
1 9283
1 9216
1 9523
1 55
1 1664
1 29
1 6961
1 1833
1 622
1 541
1 5885
1 3988
1 6115
1 4637
1 8962
1 2869
1 24
1 3654
1 7952
1 372
1 961
1 6541
1 2559
1 9799
1 920
1 4894
1 5424
1 3578
1 1135
1 3555
2 9550 6752
1 1005
1 222
1 1040
1 375
1 4307
1 9449
1 6198
1 9675
1 8329
1 3371
1 3855
1 7040
1 6695
1 7913
1 117
1 8703
1 4948
1 9140
1 5769
1 9325
1 6831
1 273
1 4855
1 2384
1 7401
1 7561
1 7929
1 4618
1 5086
1 2061
1 2316
1 9888
1 6916
1 8670
1 8758
1 5860
1 768
1 9679
1 563
1 3167
1 8950
1 9409
1 5300
1 5235
1 6663
1 8477
1 3307
1 1776
1 7499
1 3549
1 8708
1 606
1 4071
1 5717
1 519
1 769
2 7957 4150
1 6706
1 2917
1 6381
1 311
1 4758
1 1867
1 5324
1 1138
1 4059
1 9305
1 3817
1 2883
1 1105
1 5445
1 4679
1 7070
1 6815
1 6901
1 5934
1 203
1 6277
1 7936
1 713
1 3090
1 7861
1 2720
1 9514
2 8890 3325
1 6689
1 8731
1 1273
1 8518
1 423
1 700
1 4742
2 2015 7180
1 2247
1 9003
1 4601
1 1097
1 3055
1 5192
1 6263
1 9563
1 1305
1 9619
1 549
1 4494
1 6822
2 672 3444
1 5693
1 3442
1 4090
1 7657
1 7429
1 9084
2 2735 4058
1 9752
2 8878 9649
1 9847
1 5497
1 3607
2 4379 6456
1 9976
1 2465
1 9913
1 9707
1 9504
1 9393
1 9313
1 9256
1 8773
1 8640
1 8310
2 8292 6228
2 8175 6807
1 7965
1 7956
2 7928 4143
1 7475
1 7463
1 7399
1 7270
1 7109
1 7013
1 7005
1 6783
1 6670
1 6466
1 6412
1 6403
1 6252
1 6031
1 6002
1 5970
1 5868
1 5440
1 5335
1 5299
1 5137
1 5018
1 4839
1 4525
1 4435
1 4377
1 4309
1 4094
1 4078
1 4008
1 3869
1 3696
1 3629
1 3580
1 3253
1 3156
1 2949
1 2920
1 2695
2 2581 9549
1 2571
1 2519
1 2432
1 2356
1 2135
1 2009
1 1992
1 1900
1 1757
1 1560
1 1543
1 1515
1 1335
1 1315
1 1209
1 1178
1 1066
1 837
1 719
1 677
1 568
1 474
1 303
1 187
1 88
1 84
1 48
