524
0 78 2 82
0 107 10 108
0 208 10 209
0 27 10 28
0 218 10 219
0 26 2 30
0 10 1 20
0 19 10 20
0 178 1 188
0 191 10 192
0 199 1 209
0 205 8 206
0 47 8 48
0 68 1 78
0 118 1 128
0 244 8 245
0 205 5 207
0 22 10 23
0 207 5 209
0 126 2 131
0 0 5 2
0 94 4 96
0 38 4 40
0 113 5 115
0 82 10 83
0 158 10 159
0 24 10 25
0 142 10 143
0 19 2 23
0 96 4 98
0 127 8 128
0 161 2 166
0 225 10 226
0 26 5 28
0 46 10 47
0 92 2 97
0 99 5 101
0 3 10 4
0 184 8 185
0 121 2 126
0 228 10 229
0 0 10 1
0 194 10 195
0 8 2 12
0 189 1 199
0 100 10 101
0 29 8 30
0 126 10 127
0 63 10 64
0 13 10 14
0 115 4 117
0 79 5 81
0 53 2 57
0 37 1 45
0 48 2 52
0 24 8 25
0 128 1 136
0 58 2 63
0 65 4 67
0 96 10 97
0 189 2 193
0 136 1 144
0 232 1 242
0 205 4 207
0 150 5 152
0 20 8 21
0 138 1 148
0 188 10 189
0 6 10 7
0 67 5 69
0 63 2 68
0 237 4 239
0 164 10 165
0 78 2 83
0 190 10 191
0 145 8 146
0 176 4 178
0 137 4 139
0 80 10 81
0 27 8 28
0 153 10 154
0 216 2 221
0 207 4 209
0 157 2 161
0 59 10 60
0 212 4 214
0 164 5 166
0 192 10 193
0 125 10 126
0 238 10 239
0 110 4 112
0 113 10 114
0 117 8 118
0 150 10 151
0 65 10 66
0 62 10 63
0 212 5 214
0 231 2 235
0 244 5 246
0 229 5 231
0 68 2 73
0 125 8 126
0 101 8 102
0 41 2 46
0 213 2 217
0 168 1 178
0 54 5 56
0 90 1 98
0 136 10 137
0 14 10 15
0 0 1 8
0 205 10 206
0 80 4 82
0 73 2 77
0 160 8 161
0 109 10 110
0 214 5 216
0 70 5 72
0 16 4 18
0 18 4 20
0 223 4 225
0 185 5 187
0 160 5 162
0 197 10 198
0 113 2 118
0 39 10 40
0 231 5 233
0 29 10 30
0 55 10 56
0 98 1 108
0 4 10 5
0 154 10 155
0 116 2 120
0 44 10 45
0 18 2 23
0 60 8 61
0 44 4 46
0 53 10 54
0 203 10 204
0 160 10 161
0 75 5 77
0 213 10 214
0 170 10 171
0 15 5 17
0 33 10 34
0 172 10 173
0 201 10 202
0 224 1 232
0 117 10 118
0 68 2 72
0 103 2 107
0 122 8 123
0 156 5 158
0 167 8 168
0 234 10 235
0 162 4 164
0 90 4 92
0 54 4 56
0 117 5 119
0 91 5 93
0 200 2 205
0 56 5 58
0 102 8 103
0 133 5 135
0 157 1 165
0 25 10 26
0 24 4 26
0 136 2 140
0 143 4 145
0 128 5 130
0 193 5 195
0 181 10 182
0 164 4 166
0 169 10 170
0 224 10 225
0 166 5 168
0 144 10 145
0 212 8 213
0 154 8 155
0 106 5 108
0 44 5 46
0 158 1 168
0 123 10 124
0 46 8 47
0 231 4 233
0 227 2 232
0 89 10 90
0 26 4 28
0 49 5 51
0 168 10 169
0 20 5 22
0 94 8 95
0 13 4 15
0 140 8 141
0 30 10 31
0 31 2 35
0 0 8 1
0 130 5 132
0 179 10 180
0 167 2 172
0 237 5 239
0 202 5 204
0 153 8 154
0 227 4 229
0 246 10 247
0 28 10 29
0 9 5 11
0 178 2 182
0 176 5 178
0 83 2 87
0 180 4 182
0 17 5 19
0 38 5 40
0 177 2 182
0 62 1 70
0 119 1 127
0 212 10 213
0 223 10 224
0 52 8 53
0 19 8 20
0 143 5 145
0 190 4 192
0 22 8 23
0 244 10 245
0 209 5 211
0 109 8 110
0 162 5 164
0 5 2 10
0 47 4 49
0 52 2 57
0 49 4 51
0 68 8 69
0 151 10 152
0 58 5 60
0 179 1 187
0 128 1 138
0 77 5 79
0 208 1 216
0 68 10 69
0 107 8 108
0 239 10 240
0 1 10 2
0 24 5 26
0 237 2 242
0 185 4 187
0 34 5 36
0 150 2 155
0 152 5 154
0 222 1 232
0 165 10 166
0 236 10 237
0 56 10 57
0 79 1 87
0 178 8 179
0 168 5 170
0 23 10 24
0 167 10 168
0 247 8 248
0 146 8 147
0 247 5 249
0 172 2 177
0 122 4 124
0 231 10 232
0 247 10 248
0 244 4 246
0 156 2 161
0 37 10 38
0 59 4 61
0 221 2 225
0 223 5 225
0 78 10 79
0 172 5 174
0 138 10 139
0 36 2 41
0 166 8 167
0 34 10 35
0 220 4 222
0 47 5 49
0 166 10 167
0 229 10 230
0 159 8 160
0 232 2 237
0 60 5 62
0 98 10 99
0 49 10 50
0 189 10 190
0 78 1 88
0 217 2 221
0 51 5 53
0 192 8 193
0 31 10 32
0 127 10 128
0 37 2 41
0 141 2 145
0 46 1 56
0 94 10 95
0 20 1 30
0 144 1 152
0 18 1 26
0 184 10 185
0 135 2 140
0 97 10 98
0 161 10 162
0 245 10 246
0 48 10 49
0 216 4 218
0 128 4 130
0 128 2 132
0 191 8 192
0 5 5 7
0 60 10 61
0 159 10 160
0 73 5 75
0 120 10 121
0 242 1 250
0 220 5 222
0 242 10 243
0 227 10 228
0 209 4 211
0 74 4 76
0 13 5 15
0 206 10 207
0 67 4 69
0 21 10 22
0 248 10 249
0 62 8 63
0 30 8 31
0 94 5 96
0 166 4 168
0 73 10 74
0 47 2 52
0 51 4 53
0 12 2 16
0 101 5 103
0 130 10 131
0 187 2 192
0 101 10 102
0 242 2 247
0 133 10 134
0 145 2 149
0 91 8 92
0 222 10 223
0 187 5 189
0 58 1 68
0 2 2 6
0 173 2 177
0 10 10 11
0 132 10 133
0 227 5 229
0 57 10 58
0 197 8 198
0 180 5 182
0 178 5 180
0 124 4 126
0 2 5 4
0 42 5 44
0 190 5 192
0 182 2 187
0 34 1 44
0 108 2 113
0 220 8 221
0 233 1 241
0 183 5 185
0 215 8 216
0 0 2 5
0 207 8 208
0 84 10 85
0 64 10 65
0 106 10 107
0 118 10 119
0 206 8 207
0 114 10 115
0 38 10 39
0 100 1 108
0 209 1 219
0 102 10 103
0 161 8 162
0 30 2 35
0 124 5 126
0 57 8 58
0 131 10 132
0 170 5 172
0 70 1 78
0 122 2 126
0 108 1 118
0 131 8 132
0 41 10 42
0 115 5 117
0 48 1 56
0 148 1 158
0 170 8 171
0 139 5 141
0 83 5 85
0 47 10 48
0 168 4 170
0 43 10 44
0 183 10 184
0 185 10 186
0 141 4 143
0 110 5 112
0 102 2 107
0 199 10 200
0 10 2 15
0 243 8 244
0 214 10 215
0 123 8 124
0 59 8 60
0 29 5 31
0 221 10 222
0 76 10 77
0 132 8 133
0 25 2 30
0 55 8 56
0 88 1 98
0 126 5 128
0 129 10 130
0 168 2 172
0 235 5 237
0 152 10 153
0 77 8 78
0 198 10 199
0 122 10 123
0 97 8 98
0 85 10 86
0 207 10 208
0 146 10 147
0 205 2 209
0 211 2 216
0 92 4 94
0 76 4 78
0 83 4 85
0 174 4 176
0 183 8 184
0 130 8 131
0 91 10 92
0 10 1 18
0 25 8 26
0 83 2 88
0 99 10 100
0 218 8 219
0 41 8 42
0 243 10 244
0 44 8 45
0 199 1 207
0 249 10 250
0 71 10 72
0 202 10 203
0 145 5 147
0 117 4 119
0 166 1 174
0 140 2 145
0 214 8 215
0 174 5 176
0 61 10 62
0 129 8 130
0 77 10 78
0 113 4 115
0 215 10 216
0 111 2 115
0 80 8 81
0 81 5 83
0 143 8 144
0 216 5 218
0 62 5 64
0 16 10 17
0 141 5 143
0 145 2 150
0 177 10 178
0 31 8 32
0 220 10 221
0 22 5 24
0 187 10 188
0 232 10 233
0 145 10 146
0 86 5 88
0 177 8 178
0 137 5 139
0 115 10 116
0 42 10 43
0 148 10 149
0 240 10 241
0 141 10 142
0 221 2 226
0 65 5 67
0 119 10 120
0 122 5 124
0 140 10 141
0 66 10 67
0 0 1 10
0 189 8 190
0 240 5 242
0 147 5 149
0 108 10 109
0 62 4 64
0 178 10 179
0 75 8 76
0 202 4 204
0 20 10 21
0 173 10 174
0 73 2 78
0 191 1 199
0 239 2 243
0 99 8 100
0 143 10 144
0 75 10 76
0 96 5 98
0 94 2 98
0 0 4 2
0 205 2 210
0 58 10 59
0 154 5 156
0 74 10 75
0 52 10 53
0 150 2 154
0 36 5 38
0 113 8 114
0 186 10 187
0 92 10 93
0 56 4 58
0 89 5 91
0 176 10 177
0 235 10 236
0 111 10 112
0 231 8 232
