1 307
2 9187 3012
1 5175
1 933
1 1566
1 5442
1 8078
1 6292
1 869
2 4984 3787
2 1985 6402
1 3472
1 8769
2 8968 4714
1 4242
1 4811
2 6435 1516
2 7573 4889
1 6766
2 2756 4698
2 3080 7258
2 2869 2106
2 7860 8230
2 5143 3594
1 2118
2 3247 4262
1 4466
1 7452
2 8708 2525
1 9379
1 4660
1 1873
1 5988
2 9642 6755
1 3792
2 5760 8544
1 6521
2 9560 4271
1 772
1 3588
2 4311 8521
2 8566 8266
1 828
1 1940
1 5913
2 6412 7830
1 1613
2 2646 427
1 2177
2 5088 736
1 8710
1 8771
1 167
1 713
2 5746 5440
3 4560 3899 7197
1 8516
1 8650
1 266
1 2394
2 6082 3001
1 7931
1 1618
1 1225
1 4553
2 5164 6348
1 5568
2 6991 7409
2 9426 5850
1 5729
2 9787 7254
2 5909 1695
1 9705
1 7228
1 1488
1 5443
2 6323 1111
1 7391
1 1019
1 3225
1 4605
