670
0 0 14 1
0 3 14 4
0 10 14 11
0 15 14 16
0 16 14 17
0 21 14 22
0 22 14 23
0 23 14 24
0 24 14 25
0 25 14 26
0 26 14 27
0 28 14 29
0 29 14 30
0 31 14 32
0 32 14 33
0 33 14 34
0 34 14 35
0 36 14 37
0 37 14 38
0 38 14 39
0 40 14 41
0 42 14 43
0 45 14 46
0 46 14 47
0 47 14 48
0 50 14 51
0 51 14 52
0 52 14 53
0 53 14 54
0 55 14 56
0 57 14 58
0 58 14 59
0 59 14 60
0 60 14 61
0 62 14 63
0 63 14 64
0 64 14 65
0 66 14 67
0 67 14 68
0 71 14 72
0 72 14 73
0 75 14 76
0 81 14 82
0 82 14 83
0 83 14 84
0 84 14 85
0 86 14 87
0 87 14 88
0 90 14 91
0 93 14 94
0 94 14 95
0 95 14 96
0 96 14 97
0 99 14 100
0 100 14 101
0 102 14 103
0 103 14 104
0 104 14 105
0 105 14 106
0 106 14 107
0 108 14 109
0 109 14 110
0 110 14 111
0 112 14 113
0 114 14 115
0 115 14 116
0 116 14 117
0 117 14 118
0 119 14 120
0 120 14 121
0 121 14 122
0 122 14 123
0 123 14 124
0 124 14 125
0 125 14 126
0 128 14 129
0 133 14 134
0 134 14 135
0 135 14 136
0 137 14 138
0 138 14 139
0 142 14 143
0 143 14 144
0 144 14 145
0 145 14 146
0 146 14 147
0 148 14 149
0 150 14 151
0 151 14 152
0 152 14 153
0 153 14 154
0 154 14 155
0 155 14 156
0 157 14 158
0 158 14 159
0 159 14 160
0 160 14 161
0 163 14 164
0 165 14 166
0 166 14 167
0 167 14 168
0 171 14 172
0 172 14 173
0 173 14 174
0 174 14 175
0 177 14 178
0 178 14 179
0 179 14 180
0 182 14 183
0 183 14 184
0 186 14 187
0 190 14 191
0 191 14 192
0 192 14 193
0 193 14 194
0 194 14 195
0 196 14 197
0 197 14 198
0 199 14 200
0 201 14 202
0 203 14 204
0 205 14 206
0 207 14 208
0 208 14 209
0 209 14 210
0 210 14 211
0 211 14 212
0 212 14 213
0 214 14 215
0 215 14 216
0 216 14 217
0 218 14 219
0 220 14 221
0 221 14 222
0 223 14 224
0 225 14 226
0 226 14 227
0 227 14 228
0 229 14 230
0 230 14 231
0 231 14 232
0 232 14 233
0 233 14 234
0 234 14 235
0 235 14 236
0 236 14 237
0 237 14 238
0 240 14 241
0 241 14 242
0 242 14 243
0 243 14 244
0 244 14 245
0 245 14 246
0 246 14 247
0 247 14 248
0 248 14 249
0 249 14 250
0 250 14 251
0 251 14 252
0 252 14 253
0 253 14 254
0 254 14 255
0 255 14 256
0 256 14 257
0 257 14 258
0 258 14 259
0 259 14 260
0 262 14 263
0 263 14 264
0 264 14 265
0 267 14 268
0 269 14 270
0 272 14 273
0 273 14 274
0 274 14 275
0 275 14 276
0 276 14 277
0 278 14 279
0 279 14 280
0 280 14 281
0 281 14 282
0 282 14 283
0 283 14 284
0 286 14 287
0 290 14 291
0 291 14 292
0 292 14 293
0 293 14 294
0 294 14 295
0 296 14 297
0 297 14 298
0 304 14 305
0 305 14 306
0 307 14 308
0 308 14 309
0 313 14 314
0 314 14 315
0 315 14 316
0 320 14 321
0 321 14 322
0 322 14 323
0 323 14 324
0 324 14 325
0 325 14 326
0 327 14 328
0 329 14 330
0 330 14 331
0 331 14 332
0 332 14 333
0 333 14 334
0 334 14 335
0 336 14 337
0 337 14 338
0 338 14 339
0 339 14 340
0 340 14 341
0 341 14 342
0 344 14 345
0 346 14 347
0 347 14 348
0 349 14 350
0 352 14 353
0 354 14 355
0 355 14 356
0 357 14 358
0 358 14 359
0 361 14 362
0 364 14 365
0 366 14 367
0 367 14 368
0 368 14 369
0 369 14 370
0 370 14 371
0 371 14 372
0 372 14 373
0 373 14 374
0 375 14 376
0 378 14 379
0 381 14 382
0 385 14 386
0 387 14 388
0 388 14 389
0 389 14 390
0 394 14 395
0 395 14 396
0 398 14 399
0 399 14 400
0 400 14 401
0 404 14 405
0 405 14 406
0 411 14 412
0 412 14 413
0 413 14 414
0 414 14 415
0 415 14 416
0 417 14 418
0 419 14 420
0 422 14 423
0 424 14 425
0 426 14 427
0 428 14 429
0 429 14 430
0 431 14 432
0 432 14 433
0 435 14 436
0 436 14 437
0 437 14 438
0 438 14 439
0 439 14 440
0 441 14 442
0 444 14 445
0 446 14 447
0 447 14 448
0 448 14 449
0 449 14 450
0 452 14 453
0 454 14 455
0 457 14 458
0 458 14 459
0 460 14 461
0 461 14 462
0 462 14 463
0 463 14 464
0 464 14 465
0 466 14 467
0 468 14 469
0 469 14 470
0 470 14 471
0 473 14 474
0 474 14 475
0 475 14 476
0 477 14 478
0 479 14 480
0 480 14 481
0 481 14 482
0 484 14 485
0 485 14 486
0 487 14 488
0 488 14 489
0 490 14 491
0 491 14 492
0 493 14 494
0 494 14 495
0 496 14 497
0 499 14 500
0 500 14 501
0 501 14 502
0 502 14 503
0 503 14 504
0 505 14 506
0 509 14 510
0 510 14 511
0 512 14 513
0 513 14 514
0 514 14 515
0 515 14 516
0 516 14 517
0 517 14 518
0 518 14 519
0 519 14 520
0 520 14 521
0 525 14 526
0 526 14 527
0 531 14 532
0 532 14 533
0 533 14 534
0 534 14 535
0 536 14 537
0 537 14 538
0 538 14 539
0 539 14 540
0 543 14 544
0 544 14 545
0 545 14 546
0 546 14 547
0 549 14 550
0 550 14 551
0 551 14 552
0 552 14 553
0 553 14 554
0 554 14 555
0 556 14 557
0 558 14 559
0 559 14 560
0 560 14 561
0 561 14 562
0 562 14 563
0 563 14 564
0 564 14 565
0 567 14 568
0 568 14 569
0 569 14 570
0 570 14 571
0 574 14 575
0 575 14 576
0 577 14 578
0 579 14 580
0 580 14 581
0 582 14 583
0 584 14 585
0 585 14 586
0 587 14 588
0 589 14 590
0 590 14 591
0 591 14 592
0 595 14 596
0 598 14 599
0 600 14 601
0 601 14 602
0 603 14 604
0 604 14 605
0 605 14 606
0 608 14 609
0 609 14 610
0 610 14 611
0 613 14 614
0 614 14 615
0 615 14 616
0 616 14 617
0 618 14 619
0 619 14 620
0 620 14 621
0 622 14 623
0 623 14 624
0 624 14 625
0 625 14 626
0 626 14 627
0 627 14 628
0 628 14 629
0 629 14 630
0 631 14 632
0 632 14 633
0 633 14 634
0 634 14 635
0 635 14 636
0 637 14 638
0 638 14 639
0 639 14 640
0 640 14 641
0 641 14 642
0 642 14 643
0 643 14 644
0 645 14 646
0 646 14 647
0 647 14 648
0 648 14 649
0 650 14 651
0 651 14 652
0 653 14 654
0 657 14 658
0 659 14 660
0 660 14 661
0 661 14 662
0 662 14 663
0 664 14 665
0 666 14 667
0 667 14 668
0 669 14 670
0 670 14 671
0 671 14 672
0 673 14 674
0 674 14 675
0 675 14 676
0 677 14 678
0 678 14 679
0 679 14 680
0 681 14 682
0 684 14 685
0 686 14 687
0 691 14 692
0 692 14 693
0 693 14 694
0 694 14 695
0 695 14 696
0 697 14 698
0 698 14 699
0 699 14 700
0 700 14 701
0 708 14 709
0 711 14 712
0 712 14 713
0 713 14 714
0 714 14 715
0 715 14 716
0 716 14 717
0 719 14 720
0 727 14 728
0 728 14 729
0 729 14 730
0 730 14 731
0 732 14 733
0 735 14 736
0 737 14 738
0 739 14 740
0 740 14 741
0 741 14 742
0 742 14 743
0 744 14 745
0 746 14 747
0 747 14 748
0 748 14 749
0 749 14 750
0 750 14 751
0 751 14 752
0 755 14 756
0 756 14 757
0 758 14 759
0 759 14 760
0 760 14 761
0 761 14 762
0 763 14 764
0 764 14 765
0 768 14 769
0 770 14 771
0 771 14 772
0 772 14 773
0 776 14 777
0 777 14 778
0 780 14 781
0 781 14 782
0 782 14 783
0 783 14 784
0 785 14 786
0 788 14 789
0 790 14 791
0 791 14 792
0 794 14 795
0 798 14 799
0 799 14 800
0 801 14 802
0 803 14 804
0 805 14 806
0 806 14 807
0 807 14 808
0 808 14 809
0 813 14 814
0 814 14 815
0 816 14 817
0 818 14 819
0 819 14 820
0 821 14 822
0 822 14 823
0 827 14 828
0 828 14 829
0 830 14 831
0 835 14 836
0 836 14 837
0 837 14 838
0 838 14 839
0 839 14 840
0 842 14 843
0 844 14 845
0 845 14 846
0 847 14 848
0 849 14 850
0 851 14 852
0 852 14 853
0 854 14 855
0 857 14 858
0 858 14 859
0 861 14 862
0 865 14 866
0 867 14 868
0 872 14 873
0 874 14 875
0 875 14 876
0 877 14 878
0 878 14 879
0 880 14 881
0 881 14 882
0 885 14 886
0 888 14 889
0 889 14 890
0 891 14 892
0 894 14 895
0 895 14 896
0 896 14 897
0 897 14 898
0 898 14 899
0 899 14 900
0 900 14 901
0 901 14 902
0 905 14 906
0 906 14 907
0 907 14 908
0 908 14 909
0 910 14 911
0 911 14 912
0 912 14 913
0 922 14 923
0 923 14 924
0 924 14 925
0 926 14 927
0 927 14 928
0 929 14 930
0 931 14 932
0 932 14 933
0 933 14 934
0 937 14 938
0 938 14 939
0 939 14 940
0 941 14 942
0 942 14 943
0 943 14 944
0 944 14 945
0 947 14 948
0 950 14 951
0 951 14 952
0 953 14 954
0 954 14 955
0 955 14 956
0 956 14 957
0 957 14 958
0 958 14 959
0 959 14 960
0 961 14 962
0 962 14 963
0 963 14 964
0 968 14 969
0 969 14 970
0 970 14 971
0 971 14 972
0 976 14 977
0 979 14 980
0 980 14 981
0 981 14 982
0 983 14 984
0 984 14 985
0 986 14 987
0 988 14 989
0 989 14 990
0 990 14 991
0 993 14 994
0 995 14 996
0 996 14 997
0 997 14 998
0 998 14 999
0 999 14 1000
0 1 7 3
0 4 7 6
0 17 7 19
0 19 7 21
0 48 7 50
0 69 7 71
0 76 7 78
0 79 7 81
0 88 7 90
0 126 7 128
0 129 7 131
0 161 7 163
0 168 7 170
0 270 7 272
0 284 7 286
0 288 7 290
0 310 7 312
0 316 7 318
0 318 7 320
0 350 7 352
0 362 7 364
0 376 7 378
0 379 7 381
0 382 7 384
0 390 7 392
0 402 7 404
0 408 7 410
0 420 7 422
0 482 7 484
0 506 7 508
0 522 7 524
0 540 7 542
0 547 7 549
0 565 7 567
0 571 7 573
0 592 7 594
0 596 7 598
0 611 7 613
0 654 7 656
0 688 7 690
0 701 7 703
0 703 7 705
0 705 7 707
0 709 7 711
0 720 7 722
0 722 7 724
0 724 7 726
0 733 7 735
0 752 7 754
0 765 7 767
0 773 7 775
0 795 7 797
0 824 7 826
0 831 7 833
0 833 7 835
0 840 7 842
0 855 7 857
0 863 7 865
0 883 7 885
0 886 7 888
0 892 7 894
0 902 7 904
0 913 7 915
0 915 7 917
0 919 7 921
0 945 7 947
0 965 7 967
0 977 7 979
0 991 7 993
0 6 4 9
0 298 4 301
0 973 4 976
