875
0 989 12 990
0 625 12 626
0 58 12 59
0 966 6 968
0 34 1 46
0 462 12 463
0 308 12 309
0 579 6 581
0 229 3 233
0 10 6 12
0 592 4 595
0 330 12 331
0 731 4 734
0 643 6 645
0 31 4 34
0 955 4 958
0 333 12 334
0 41 3 45
0 315 6 317
0 62 3 66
0 685 2 691
0 19 6 21
0 672 1 684
0 698 3 702
0 668 6 670
0 287 3 291
0 57 6 59
0 151 4 154
0 172 6 174
0 938 6 940
0 436 12 437
0 99 6 101
0 110 6 112
0 244 2 250
0 619 4 622
0 274 12 275
0 35 4 38
0 9 2 15
0 188 4 191
0 714 6 716
0 845 12 846
0 616 12 617
0 509 6 511
0 495 4 498
0 616 4 619
0 990 6 992
0 34 3 38
0 932 12 933
0 201 6 203
0 842 4 845
0 163 4 166
0 105 12 106
0 613 2 619
0 993 2 999
0 834 3 838
0 44 6 46
0 429 4 432
0 395 12 396
0 134 12 135
0 594 3 598
0 650 4 653
0 432 6 434
0 880 2 886
0 170 3 174
0 14 3 18
0 253 2 259
0 209 12 210
0 479 12 480
0 645 3 649
0 728 6 730
0 241 3 245
0 29 12 30
0 624 6 626
0 125 12 126
0 741 1 753
0 740 6 742
0 482 3 486
0 716 6 718
0 890 4 893
0 640 6 642
0 135 6 137
0 510 12 511
0 807 6 809
0 750 3 754
0 816 3 820
0 263 12 264
0 253 6 255
0 493 3 497
0 482 6 484
0 694 2 700
0 105 6 107
0 117 12 118
0 675 6 677
0 731 6 733
0 513 6 515
0 185 2 191
0 29 2 35
0 353 2 359
0 977 6 979
0 179 3 183
0 822 12 823
0 417 4 420
0 938 3 942
0 29 6 31
0 980 3 984
0 626 12 627
0 456 2 462
0 23 12 24
0 899 4 902
0 418 1 430
0 941 4 944
0 4 4 7
0 714 4 717
0 170 6 172
0 544 12 545
0 448 3 452
0 770 2 776
0 756 12 757
0 210 12 211
0 912 4 915
0 715 1 727
0 179 12 180
0 330 2 336
0 529 2 535
0 812 3 816
0 16 6 18
0 552 12 553
0 389 12 390
0 466 1 478
0 634 6 636
0 225 3 229
0 532 3 536
0 26 3 30
0 611 6 613
0 152 6 154
0 110 12 111
0 515 6 517
0 72 12 73
0 812 4 815
0 433 3 437
0 546 12 547
0 463 6 465
0 2 6 4
0 370 4 373
0 715 12 716
0 705 4 708
0 977 4 980
0 954 3 958
0 764 2 770
0 868 2 874
0 458 12 459
0 368 6 370
0 118 6 120
0 971 6 973
0 919 4 922
0 500 4 503
0 505 12 506
0 816 6 818
0 833 2 839
0 308 3 312
0 114 4 117
0 990 12 991
0 654 1 666
0 305 12 306
0 673 4 676
0 200 2 206
0 353 4 356
0 292 6 294
0 577 2 583
0 661 4 664
0 510 4 513
0 823 4 826
0 415 6 417
0 112 12 113
0 192 6 194
0 189 1 201
0 365 6 367
0 558 6 560
0 574 3 578
0 968 3 972
0 354 1 366
0 937 4 940
0 289 2 295
0 980 2 986
0 599 3 603
0 772 12 773
0 889 12 890
0 645 12 646
0 70 3 74
0 51 12 52
0 8 3 12
0 47 2 53
0 38 12 39
0 635 1 647
0 774 6 776
0 950 12 951
0 221 3 225
0 761 3 765
0 771 4 774
0 304 12 305
0 694 12 695
0 429 12 430
0 290 6 292
0 533 12 534
0 766 4 769
0 874 12 875
0 646 12 647
0 856 1 868
0 666 12 667
0 854 12 855
0 805 12 806
0 680 3 684
0 552 3 556
0 144 6 146
0 561 6 563
0 770 12 771
0 694 6 696
0 627 2 633
0 592 2 598
0 113 3 117
0 132 6 134
0 922 1 934
0 321 2 327
0 929 6 931
0 503 12 504
0 400 1 412
0 329 3 333
0 296 12 297
0 918 3 922
0 246 4 249
0 558 12 559
0 190 6 192
0 224 1 236
0 818 12 819
0 602 1 614
0 340 6 342
0 106 2 112
0 238 2 244
0 742 4 745
0 822 6 824
0 185 3 189
0 226 12 227
0 802 6 804
0 534 6 536
0 804 3 808
0 238 4 241
0 729 1 741
0 641 3 645
0 966 2 972
0 421 6 423
0 53 6 55
0 532 4 535
0 447 6 449
0 50 4 53
0 789 3 793
0 839 12 840
0 553 4 556
0 574 1 586
0 241 12 242
0 712 2 718
0 831 6 833
0 176 2 182
0 405 12 406
0 428 3 432
0 968 12 969
0 177 6 179
0 876 4 879
0 659 12 660
0 770 1 782
0 304 4 307
0 135 3 139
0 734 3 738
0 708 3 712
0 993 12 994
0 686 6 688
0 183 12 184
0 494 6 496
0 585 6 587
0 785 3 789
0 479 6 481
0 720 3 724
0 800 6 802
0 553 12 554
0 996 6 998
0 892 6 894
0 381 12 382
0 107 4 110
0 752 6 754
0 329 12 330
0 954 12 955
0 458 3 462
0 181 4 184
0 895 2 901
0 364 4 367
0 128 3 132
0 495 2 501
0 766 3 770
0 656 3 660
0 728 12 729
0 698 1 710
0 121 6 123
0 522 6 524
0 921 6 923
0 631 12 632
0 254 4 257
0 330 1 342
0 958 4 961
0 350 6 352
0 865 12 866
0 980 12 981
0 114 6 116
0 89 4 92
0 783 12 784
0 471 4 474
0 243 4 246
0 428 12 429
0 477 2 483
0 284 1 296
0 350 3 354
0 752 2 758
0 315 12 316
0 540 4 543
0 267 1 279
0 0 2 6
0 281 12 282
0 75 6 77
0 62 1 74
0 432 12 433
0 624 12 625
0 320 12 321
0 286 12 287
0 114 12 115
0 275 12 276
0 386 1 398
0 537 6 539
0 595 4 598
0 347 12 348
0 232 2 238
0 17 4 20
0 794 1 806
0 55 6 57
0 371 1 383
0 4 6 6
0 222 4 225
0 479 4 482
0 915 6 917
0 162 2 168
0 312 3 316
0 590 1 602
0 310 6 312
0 382 4 385
0 582 6 584
0 20 4 23
0 283 12 284
0 468 3 472
0 525 12 526
0 885 6 887
0 389 4 392
0 342 1 354
0 512 12 513
0 537 2 543
0 509 3 513
0 336 6 338
0 38 6 40
0 563 12 564
0 207 12 208
0 248 12 249
0 980 4 983
0 910 12 911
0 136 1 148
0 220 12 221
0 878 12 879
0 814 6 816
0 438 4 441
0 158 12 159
0 210 3 214
0 561 3 565
0 911 12 912
0 61 6 63
0 501 12 502
0 193 3 197
0 592 6 594
0 276 12 277
0 160 12 161
0 375 2 381
0 992 6 994
0 776 2 782
0 513 3 517
0 860 6 862
0 488 3 492
0 312 6 314
0 853 4 856
0 488 12 489
0 974 3 978
0 632 12 633
0 838 3 842
0 350 4 353
0 941 12 942
0 307 6 309
0 708 4 711
0 266 2 272
0 824 3 828
0 260 3 264
0 123 12 124
0 852 12 853
0 120 12 121
0 430 1 442
0 435 2 441
0 477 6 479
0 54 3 58
0 646 4 649
0 322 6 324
0 406 4 409
0 190 12 191
0 523 3 527
0 548 6 550
0 685 3 689
0 254 12 255
0 304 3 308
0 387 6 389
0 970 12 971
0 392 2 398
0 669 12 670
0 857 3 861
0 260 2 266
0 783 2 789
0 272 6 274
0 386 3 390
0 196 6 198
0 772 6 774
0 123 1 135
0 258 12 259
0 828 4 831
0 422 2 428
0 472 3 476
0 852 3 856
0 672 6 674
0 973 4 976
0 868 1 880
0 842 6 844
0 904 6 906
0 937 12 938
0 652 3 656
0 901 3 905
0 386 4 389
0 492 6 494
0 702 2 708
0 70 6 72
0 575 12 576
0 763 6 765
0 842 12 843
0 485 6 487
0 565 6 567
0 465 4 468
0 513 4 516
0 908 4 911
0 25 12 26
0 191 4 194
0 591 12 592
0 14 4 17
0 739 4 742
0 193 12 194
0 213 6 215
0 154 12 155
0 116 12 117
0 677 12 678
0 225 6 227
0 92 6 94
0 589 6 591
0 214 12 215
0 123 4 126
0 324 3 328
0 216 3 220
0 626 6 628
0 652 6 654
0 732 2 738
0 276 6 278
0 648 6 650
0 756 3 760
0 718 4 721
0 945 6 947
0 16 12 17
0 111 4 114
0 338 3 342
0 172 12 173
0 142 2 148
0 298 4 301
0 509 2 515
0 955 6 957
0 602 6 604
0 323 4 326
0 501 3 505
0 352 12 353
0 137 6 139
0 567 12 568
0 268 6 270
0 232 4 235
0 774 4 777
0 88 1 100
0 679 4 682
0 777 12 778
0 782 12 783
0 256 12 257
0 992 4 995
0 173 4 176
0 699 6 701
0 849 2 855
0 554 12 555
0 661 6 663
0 674 2 680
0 378 4 381
0 59 4 62
0 80 4 83
0 857 12 858
0 788 6 790
0 881 6 883
0 417 3 421
0 679 12 680
0 18 3 22
0 427 6 429
0 893 4 896
0 924 12 925
0 304 2 310
0 798 3 802
0 439 12 440
0 525 6 527
0 333 3 337
0 447 2 453
0 755 12 756
0 138 12 139
0 366 3 370
0 474 6 476
0 785 4 788
0 419 12 420
0 168 6 170
0 719 6 721
0 576 4 579
0 199 12 200
0 406 3 410
0 389 6 391
0 273 12 274
0 75 3 79
0 861 12 862
0 3 12 4
0 429 6 431
0 3 3 7
0 191 12 192
0 294 12 295
0 194 6 196
0 385 2 391
0 962 12 963
0 247 6 249
0 589 3 593
0 803 4 806
0 377 6 379
0 31 6 33
0 38 2 44
0 449 4 452
0 926 6 928
0 906 6 908
0 158 4 161
0 983 4 986
0 756 4 759
0 393 4 396
0 22 3 26
0 663 6 665
0 73 4 76
0 763 4 766
0 94 6 96
0 232 6 234
0 223 12 224
0 115 12 116
0 646 6 648
0 321 12 322
0 24 6 26
0 245 6 247
0 480 1 492
0 664 3 668
0 628 4 631
0 740 12 741
0 813 12 814
0 777 3 781
0 537 3 541
0 513 12 514
0 742 12 743
0 327 6 329
0 85 3 89
0 884 3 888
0 364 2 370
0 123 3 127
0 133 12 134
0 279 12 280
0 812 6 814
0 251 1 263
0 573 4 576
0 53 2 59
0 511 1 523
0 847 4 850
0 64 12 65
0 150 3 154
0 557 3 561
0 923 4 926
0 342 2 348
0 50 6 52
0 872 12 873
0 712 12 713
0 907 12 908
0 357 6 359
0 858 12 859
0 393 6 395
0 162 3 166
0 808 3 812
0 688 6 690
0 334 12 335
0 480 12 481
0 470 2 476
0 829 1 841
0 785 6 787
0 781 3 785
0 703 6 705
0 293 12 294
0 806 1 818
0 551 12 552
0 556 12 557
0 463 2 469
0 544 6 546
0 744 12 745
0 739 2 745
0 606 2 612
0 397 3 401
0 945 4 948
0 520 4 523
0 695 12 696
0 390 3 394
0 843 2 849
0 169 4 172
0 82 12 83
0 958 12 959
0 857 4 860
0 153 12 154
0 101 6 103
0 727 3 731
0 50 12 51
0 807 2 813
0 503 4 506
0 888 2 894
0 898 6 900
0 249 4 252
0 100 12 101
0 49 3 53
0 624 4 627
0 100 1 112
0 894 1 906
0 207 4 210
0 313 12 314
0 703 3 707
0 837 4 840
0 586 4 589
0 525 1 537
0 377 3 381
0 112 6 114
0 984 12 985
0 960 2 966
0 176 4 179
0 340 12 341
0 36 12 37
0 291 3 295
0 211 12 212
0 851 12 852
0 295 3 299
0 234 12 235
0 959 6 961
0 288 4 291
0 624 3 628
0 71 12 72
0 643 12 644
0 667 4 670
0 17 1 29
0 247 12 248
0 252 3 256
0 26 12 27
0 600 4 603
0 836 6 838
0 753 4 756
0 657 2 663
0 47 4 50
0 426 4 429
0 968 4 971
0 296 1 308
0 834 6 836
0 554 6 556
0 371 12 372
0 903 2 909
0 912 3 916
0 631 6 633
0 844 6 846
0 428 2 434
0 216 12 217
0 613 12 614
0 888 3 892
0 260 4 263
0 210 4 213
0 416 2 422
0 314 2 320
0 218 12 219
0 264 12 265
0 506 6 508
0 76 1 88
0 794 3 798
0 189 3 193
0 462 4 465
0 709 6 711
0 574 12 575
0 498 6 500
0 861 4 864
0 632 3 636
0 677 6 679
0 167 12 168
0 100 3 104
0 561 4 564
0 551 2 557
0 164 6 166
0 487 2 493
0 986 12 987
0 604 12 605
0 921 2 927
0 133 2 139
0 582 4 585
0 437 3 441
0 433 4 436
0 324 6 326
0 595 6 597
0 559 2 565
0 642 2 648
0 641 12 642
0 279 6 281
0 15 2 21
0 340 4 343
0 4 1 16
0 515 12 516
0 408 2 414
0 239 1 251
0 192 2 198
0 28 4 31
0 228 4 231
0 705 6 707
0 551 6 553
0 518 6 520
0 67 4 70
0 124 2 130
0 795 6 797
0 357 3 361
0 874 6 876
0 518 3 522
0 608 12 609
0 34 12 35
0 461 6 463
0 87 2 93
0 457 4 460
0 897 12 898
0 781 4 784
0 42 12 43
0 922 3 926
0 249 12 250
0 75 2 81
0 133 4 136
0 955 12 956
0 275 4 278
0 346 6 348
0 933 12 934
0 25 4 28
0 757 1 769
0 1 4 4
0 552 1 564
0 366 12 367
0 470 12 471
0 227 12 228
0 307 4 310
0 367 4 370
0 857 6 859
0 654 6 656
0 357 12 358
0 402 2 408
0 275 2 281
0 807 4 810
0 867 12 868
0 773 3 777
0 611 4 614
0 257 12 258
0 943 3 947
0 834 4 837
0 853 6 855
0 603 12 604
0 387 12 388
0 55 12 56
0 201 4 204
0 45 3 49
0 835 12 836
0 81 12 82
0 586 2 592
0 875 12 876
0 656 4 659
0 355 12 356
0 901 6 903
0 410 6 412
0 766 6 768
0 206 1 218
0 210 6 212
0 283 2 289
0 884 4 887
0 439 6 441
0 803 12 804
0 578 3 582
0 477 3 481
0 840 6 842
0 450 1 462
0 100 4 103
0 963 1 975
0 108 3 112
0 910 2 916
0 408 6 410
0 317 6 319
0 250 12 251
0 697 6 699
0 489 4 492
0 160 1 172
0 983 12 984
0 354 6 356
0 582 12 583
0 977 1 989
0 943 6 945
0 926 12 927
0 882 1 894
0 778 4 781
0 794 12 795
0 770 6 772
0 149 2 155
0 175 3 179
0 929 3 933
0 66 12 67
0 517 2 523
0 693 4 696
0 250 6 252
0 538 1 550
0 499 12 500
0 895 3 899
0 138 4 141
0 0 6 2
0 693 3 697
0 63 2 69
0 37 12 38
0 783 6 785
0 123 6 125
0 572 6 574
0 557 4 560
0 660 3 664
0 957 12 958
0 961 12 962
0 615 3 619
0 135 12 136
0 608 6 610
0 996 4 999
0 637 12 638
0 909 6 911
0 559 12 560
0 801 2 807
0 992 3 996
0 336 12 337
0 701 4 704
0 50 1 62
0 687 4 690
0 257 6 259
0 675 12 676
0 737 12 738
0 930 2 936
