18 234 221 36 167 168 65 34 179 99 108 54 184 216 275 110 180 87 116
9 33 41 164 8 88 72 4 299 286
9 0 80 134 7 103 296 24 212 85
6 249 246 210 75 62 220
5 161 159 294 13 162
5 92 148 133 203 193
5 127 276 58 259 136
4 95 137 260 150
4 227 56 144 225
3 107 218 171
3 263 105 187
3 74 38 267
3 261 273 125
3 198 18 44
3 19 15 290
3 285 60 57
3 200 63 113
3 129 166 79
2 53 232
2 226 245
2 91 21
2 32 156
2 230 188
2 281 277
2 224 172
2 39 213
2 128 96
2 29 284
2 40 222
2 102 174
2 28 122
2 64 202
2 244 241
2 14 254
2 217 185
2 214 239
2 204 268
2 157 86
2 26 146
2 282 158
2 82 121
1 243
2 295 50
1 3
1 191
1 236
1 209
1 253
1 68
1 258
1 109
1 207
1 298
1 170
1 117
1 195
1 27
1 111
1 61
1 22
1 11
1 177
1 163
1 271
1 197
1 23
1 269
1 89
1 114
1 73
1 160
1 190
1 237
1 147
1 140
1 6
1 76
1 93
1 90
1 70
1 42
1 48
1 235
1 118
1 283
1 81
1 25
1 291
1 83
1 45
1 119
1 101
1 199
1 139
1 287
1 124
1 5
1 131
1 138
1 35
