1 183
1 175
1 130
1 165
1 2
1 274
1 169
1 132
1 211
1 247
1 149
1 52
1 9
1 77
1 173
1 151
1 278
2 257 221
1 84
2 153 180
1 46
2 49 116
1 270
2 178 296
2 189 33
2 208 108
1 194
2 69 85
2 123 54
1 229
2 94 184
3 37 216 0
2 240 249
2 293 34
2 135 164
2 1 275
1 231
2 143 87
1 186
2 97 72
2 279 212
2 233 88
2 272 110
2 47 103
2 262 80
1 251
1 17
3 120 75 234
2 30 294
2 206 4
1 100
1 66
2 126 134
2 297 162
2 256 7
3 215 8 168
1 280
2 252 159
2 228 203
3 176 148 65
2 288 299
2 71 161
3 154 286 167
2 192 127
2 142 133
2 43 210
2 145 13
3 182 259 179
1 115
1 55
2 67 260
1 51
2 104 276
3 155 62 36
2 264 95
3 289 246 41
2 59 136
2 141 220
2 152 92
2 78 218
2 31 144
2 250 15
2 292 290
2 255 38
2 266 56
2 199 105
3 106 24 99
2 238 18
2 12 58
2 20 171
2 223 225
2 291 198
2 196 137
2 242 193
2 45 57
2 265 227
2 35 263
2 248 261
2 219 187
2 124 267
