3 213 271 75
3 242 259 65
4 12 296 33 87
4 156 68 212 34
2 141 127
2 265 95
2 293 180
3 256 54 36
2 59 13
4 112 216 161 234
3 288 85 168
3 282 185 108
3 10 285 167
3 181 290 221
3 152 80 116
3 196 260 179
2 114 96
3 106 249 103
3 243 63 294
2 111 121
3 101 15 164
3 119 203 148
3 201 276 0
2 272 41
2 98 107
2 11 244
2 43 162
2 219 273
2 258 214
2 126 72
2 205 74
2 104 62
3 16 92 184
2 48 224
2 206 88
2 170 284
2 25 245
2 94 275
2 135 99
2 154 159
2 131 19
3 89 226 110
1 151
1 49
1 1
1 257
2 140 21
2 67 133
1 233
2 223 218
1 143
2 73 39
2 50 204
2 207 146
1 208
2 83 125
2 155 136
2 295 241
2 42 150
2 289 58
2 27 281
2 70 105
2 197 174
2 142 210
1 123
2 190 113
2 35 144
2 177 102
2 14 217
2 292 227
2 209 277
2 160 32
2 228 8
2 266 137
3 237 60 4
2 138 198
2 82 202
2 287 18
1 153
3 236 79 7
2 252 134
2 283 171
2 71 220
1 240
1 178
1 97
2 297 246
2 298 91
1 69
1 37
2 78 193
1 149
2 145 286
1 189
2 250 225
2 215 299
2 158 239
1 262
3 61 200 24
2 81 57
