18 221 216 167 0 234 36 180 33 179 65 116 296 168 54 34 108 85 275
10 87 41 184 164 249 99 212 110 88 75
7 103 80 72 4 8 7 294
6 148 134 162 259 159 286
6 246 299 203 24 133 210
5 62 161 127 13 260
5 276 136 220 92 58
4 95 137 290 227
4 193 15 218 273
3 150 285 225
3 107 74 144
3 56 105 18
3 171 187 263
3 38 63 125
3 156 261 60
3 200 57 19
3 198 213 267
3 44 129 79
2 245 226
2 21 113
2 224 91
2 232 166
2 96 188
2 39 53
2 277 281
2 32 230
2 174 282
2 29 214
2 128 284
2 102 28
2 241 244
2 172 40
2 204 217
2 146 239
2 121 222
2 202 185
2 14 64
2 122 271
2 82 50
2 68 157
2 254 295
1 111
1 158
1 26
1 268
1 243
1 207
1 209
1 236
1 11
1 3
1 27
1 86
1 258
1 170
1 89
1 253
1 191
1 61
1 163
1 177
1 298
1 160
1 117
1 109
1 197
1 73
1 195
1 237
1 22
1 23
1 114
1 140
1 48
1 6
1 147
1 269
1 190
1 76
1 42
1 90
1 101
1 283
1 25
1 10
1 93
1 235
1 70
1 131
1 119
1 201
1 83
1 118
1 287
1 138
1 5
1 81
1 98
1 16
1 139
