8 281 231 87 79 271 170 8 85
7 161 234 128 3 192 130 31
9 228 15 131 43 263 239 267 32 210
7 296 63 219 50 47 274 92
9 209 104 213 193 105 289 212 124 107
6 206 205 162 283 295 132
7 256 18 84 187 223 189 165
7 290 143 54 17 159 82 237
8 93 186 51 277 65 69 48 27
11 13 253 150 100 29 254 172 288 259 260 49
5 95 126 183 56 90
4 278 250 180 184
11 35 164 224 249 204 127 16 196 155 122 120
3 149 14 111
7 266 241 123 198 261 106 154
5 61 240 285 12 133
14 113 244 11 207 28 251 66 272 97 52 222 227 137 77
9 201 279 20 118 238 34 191 119 19
7 30 70 284 245 203 252 117
7 177 292 287 208 45 176 276
4 175 115 24 109
12 59 89 26 44 255 76 57 4 108 7 78 36
12 136 182 73 42 268 174 246 144 46 282 67 157
6 215 0 225 33 75 298
3 140 2 99
8 248 121 243 1 220 158 257 214
10 58 112 242 145 178 64 199 125 139 80
6 273 229 37 173 233 181
4 152 247 83 194
14 146 291 221 72 294 280 166 10 262 286 103 60 40 293
8 163 299 202 160 179 169 275 96
6 68 258 218 151 22 153
14 148 217 88 185 98 138 114 171 147 5 25 21 71 226
13 101 53 116 235 167 62 297 142 55 94 216 23 195
8 230 6 270 81 110 86 74 265
5 156 211 200 264 41
13 91 38 197 190 134 168 39 236 269 9 188 129 135
3 232 141 102
0 
0 
0 
0 
0 
0 
0 
0 
0 
0 
0 
0 
0 
0 
0 
0 
0 
0 
0 
0 
0 
0 
0 
0 
0 
0 
0 
0 
0 
0 
0 
0 
0 
0 
0 
0 
0 
0 
0 
0 
0 
0 
0 
0 
0 
0 
0 
0 
0 
0 
0 
0 
0 
0 
0 
0 
0 
0 
0 
0 
0 
0 
