48 221 110 103 286 246 299 24 133 220 92 15 150 38 200 79 245 232 32 230 128 241 146 50 243 160 22 114 90 283 83 16 255 223 115 55 145 280 100 17 288 262 233 293 52 132 274 175 130
36 216 80 259 260 285 125 156 226 91 174 284 239 202 64 122 26 268 207 89 140 147 76 25 201 205 31 106 192 43 126 272 178 9 211 151 183
41 167 75 8 294 276 136 290 107 263 63 129 21 96 29 102 40 185 158 236 191 177 73 42 10 81 248 45 238 242 142 228 206 231 279 229 37 84 77 247 169 2
35 0 88 4 7 148 159 13 218 225 74 60 57 113 224 53 282 244 271 209 170 197 6 269 101 131 98 20 292 141 252 47 186 143 94 257
40 234 72 134 162 203 161 137 273 144 261 19 166 188 39 214 28 172 204 121 111 61 109 195 23 190 93 235 119 139 291 265 155 104 297 251 240 1 208 149 165
40 36 210 62 127 95 227 56 105 187 198 267 277 281 217 222 14 82 68 254 295 3 163 298 237 48 70 118 5 124 112 51 12 71 97 194 270 135 46 49 153
35 180 58 193 18 171 213 44 157 11 27 86 258 253 117 287 138 181 219 35 199 196 266 250 78 264 289 152 59 176 154 69 123 189 278 173
8 33 182 67 66 215 30 120 256
1 179
1 65
1 116
2 296 54
4 168 34 108 99
3 85 275 184
3 87 41 249
1 164
1 212
0 
0 
0 
0 
0 
0 
0 
0 
0 
0 
0 
0 
0 
0 
0 
0 
0 
0 
0 
0 
0 
0 
0 
0 
0 
0 
0 
0 
0 
0 
0 
0 
0 
0 
0 
0 
0 
0 
0 
0 
0 
0 
0 
0 
0 
0 
0 
0 
0 
0 
0 
0 
0 
0 
0 
0 
0 
0 
0 
0 
0 
0 
0 
0 
0 
0 
0 
0 
0 
0 
0 
0 
0 
0 
0 
0 
0 
0 
0 
0 
0 
0 
0 
