1 166
1 232
1 91
1 224
1 113
1 21
1 226
1 245
1 79
1 129
1 44
1 267
1 213
1 198
1 19
1 57
1 200
1 60
1 261
1 156
1 125
1 63
1 38
1 263
1 187
1 171
1 18
1 105
1 56
1 144
1 74
1 107
1 225
1 285
1 150
1 273
1 218
1 15
1 193
1 227
1 290
1 137
1 58
1 95
1 92
1 220
1 136
1 276
1 260
1 13
1 127
1 161
1 62
1 210
1 133
1 24
1 203
1 299
1 246
1 286
1 159
1 259
1 162
1 134
1 148
1 294
1 7
1 8
1 4
1 72
1 80
1 103
1 75
1 88
1 110
1 212
1 99
1 249
1 164
1 184
1 41
1 87
1 275
1 85
1 108
1 34
1 54
1 168
1 296
1 116
1 65
1 179
1 33
1 180
1 36
1 234
1 0
1 167
1 216
1 221
