73 5831 5454 9997 2820 2854 6599 8019 8033 4506 1111 1434 7590 7759 5679 333 1179 3016 719 5954 9191 2603 9670 2446 9145 3440 8141 1666 9058 2995 2863 681 2038 9832 9738 7418 7426 2822 6042 2849 6440 4523 306 2870 9413 5835 3160 8725 7277 3875 5371 156 8232 820 4172 6130 6428 9159 4078 9392 6781 6430 3117 7138 2851 6340 9321 327 586 3883 1572 6885 5260 7833
47 102 6424 7318 1717 9351 2600 962 9925 1785 3660 3387 6507 7136 9822 7678 9189 295 5455 2584 7653 187 9180 4661 7584 2150 1769 1141 5919 7427 5604 6808 8450 526 6056 175 1466 2635 8849 9215 4891 4141 3039 45 1808 7851 3511 2098
39 601 3249 4052 8057 2223 7914 1999 8946 602 4935 4804 3145 2805 4768 6096 724 5634 3448 2734 8099 8561 6229 5552 6933 8103 577 2717 6423 3183 9340 9111 3831 8724 3155 2758 9696 9168 4960 1959
33 3236 804 8858 13 1579 6975 8551 4801 2163 7849 3922 691 8544 8090 2440 2672 3256 9106 1587 3902 9141 7735 4322 7080 9742 7828 8644 2156 8097 3363 2381 8598 4467
32 5959 8709 9581 2368 8220 1965 9151 8595 8854 3240 377 929 1711 1408 9814 6950 9888 5046 1641 9049 6330 7609 8453 2993 4469 8502 746 6570 6613 835 94 4852
26 3423 4065 5588 7229 934 1187 5325 8607 7901 4107 5062 9872 7132 2830 671 9054 4189 3153 3190 3720 558 9284 4830 3233 7320 3384
25 4949 9443 5832 5673 9714 7781 4260 7995 3187 3832 3104 6198 9371 9488 4760 9692 3042 9246 9053 7337 8372 1788 2823 5801 2234
24 4494 7545 8085 5645 7382 6261 4114 2921 6021 9475 42 2209 8299 1472 1824 7186 2550 286 3581 1030 3636 9543 6897 2713
24 3492 625 2452 482 2139 3590 4397 9662 688 8172 9890 9282 3516 1817 9858 7642 5876 8896 2772 2996 9038 9740 7256 3491
25 2922 9014 660 3766 2698 4967 6319 7855 1386 9764 654 2146 2378 1925 2414 8669 5266 1942 8128 4904 8545 2091 5254 1512 493
20 9957 5939 7297 5955 1813 2191 2517 5160 7179 9211 4077 280 4501 9243 1125 570 445 3076 9328 1048
21 9360 5500 3123 3756 9447 4049 3265 6062 9861 275 666 6257 4473 352 8653 8468 3496 3632 1826 6812 2586
19 9538 152 7205 3247 8406 1568 6497 6956 3209 9594 3775 3562 1574 4236 474 3353 5383 6982 8546
18 4805 698 9960 207 1833 8568 4796 993 8730 2765 8698 1893 1573 4878 6638 1539 8394 6891
21 7539 9194 8424 5756 1204 4611 4390 6791 5465 3533 4466 9435 9446 8407 7576 7633 3628 2090 5837 5057 4119
17 3815 4764 7760 7822 9498 3288 1387 2864 5388 3179 7096 5147 726 7216 6668 7313 3833
16 5049 8315 6683 523 8039 5524 5030 3991 1896 2636 9460 2202 3452 2803 8472 8184
17 3665 5008 3704 1271 7643 1035 1062 6227 4060 4671 3611 9913 9288 9887 3025 23 3592
16 1425 6543 4753 957 7984 7704 27 1599 4447 8504 596 3361 5326 4398 6610 612
16 9868 6557 7662 8383 7574 6845 7511 8205 5149 4974 6461 8983 2332 9155 4754 3709
16 3128 3929 3216 3425 7639 8366 8364 8121 4543 3878 9166 4066 534 4303 6197 8246
14 8961 9417 5771 6214 8125 5324 2086 3119 2417 5136 3937 4057 2795 7245
14 7793 5482 9826 8678 8492 5535 7031 9213 4568 2652 4765 6154 328 9820
14 8177 1109 1746 6729 8523 5595 9117 6392 1364 1040 4766 5703 7324 5069
13 9257 1660 4433 7343 687 182 6200 4951 6190 4994 839 8152 9445
15 5889 4989 7674 2607 4122 773 3877 5941 1846 6931 1468 1752 227 5336 5014
14 6425 7448 7494 7395 7235 159 7148 9248 4182 3460 1712 6595 1577 6001
14 552 554 6992 4634 9336 4759 9688 5197 3171 4922 7946 846 9727 7782
17 2793 1437 8440 5608 7047 138 8995 994 4246 436 3075 8654 9031 1556 395 78 389
13 4349 8227 476 6093 7175 1831 2890 1805 8579 9441 1764 915 8447
11 9361 8207 1113 2496 7222 5532 2855 5564 9470 7439 7871
14 7030 9988 1768 9718 5370 4338 3911 4751 1134 188 6879 816 5952 1312
14 5503 5973 7569 8434 3258 1670 2648 7251 4071 8044 2554 2182 1492 8786
12 6959 1816 4574 1531 8971 8835 2557 8267 5097 2563 5721 7421
13 8710 810 1424 1938 49 5966 7787 8969 5944 9601 5130 417 8078
11 9591 4088 5740 8404 3656 3772 4169 7979 314 5077 3827
12 6347 9942 1924 4392 5334 9136 9157 3551 4481 8850 7006 7529
12 7606 4238 1143 1491 2241 5528 2265 7309 1807 626 553 6475
11 8948 191 4980 1983 9992 7638 4773 4807 2874 9037 4166
11 1330 1186 9787 5529 3312 6796 5354 8781 8903 3860 8183
11 450 4797 8386 8592 8399 7708 336 1753 6888 5908 528
11 5914 9227 5865 8870 7720 8170 6597 2330 8851 6671 1359
11 656 1956 2785 3302 3501 1751 7929 7335 8286 4115 7937
12 4808 1842 4503 5113 5984 4803 1285 7402 7794 701 1566 5475
13 4870 2512 8118 5798 3968 1130 4701 862 144 5213 1060 8346 3060
10 1860 5537 6890 9695 3679 4581 1036 5377 1037 3873
12 1191 7918 7015 4170 7358 1348 256 3471 551 7613 2604 8980
12 5557 9685 8400 8513 3505 2297 6980 9522 6640 6603 8740 5777
11 5115 9797 9075 9440 1038 4794 4068 3324 2711 3235 2152
10 4458 3210 5472 1862 7694 4662 276 6970 1704 4616
11 8625 910 5112 5675 6720 8657 3383 2069 90 3198 5262
9 3260 6265 3972 6003 7922 8566 3659 9747 6785
9 6928 3339 1590 1021 2858 3914 4318 3519 6669
9 2836 5942 9743 8431 271 1407 9459 1909 8080
9 1148 4091 3169 8297 2940 3987 9933 7219 3765
10 108 89 5903 9584 4099 2198 4769 8590 8503 9589
9 5898 1976 7496 350 6463 6250 2777 3921 2583
11 3630 5041 3181 2351 5938 8934 5881 5511 2305 5467 7883
9 3643 3698 2365 8797 34 8415 8952 2012 2876
10 3044 7552 5492 6294 9561 2954 5967 5127 5669 1415
9 747 7380 8356 2042 9492 4660 7689 7698 3856
9 1410 3316 6857 5917 1365 4006 9039 766 2442
8 3385 1835 1100 2769 1205 5134 5387 7566
9 8919 3640 5846 2244 6030 26 7695 6488 9930
8 2005 3693 1140 4327 6155 4217 961 5751
10 3781 7636 5613 3322 5245 6770 1196 5483 7115 1377
8 4957 405 4896 1192 2399 5553 5247 667
9 2963 2570 702 7611 446 8949 6687 6482 750
10 5209 1734 1595 429 7648 8017 6234 548 7487 3482
8 6151 5128 3476 7798 9804 2472 2736 1247
8 1339 6936 8324 9128 8875 7394 7982 2813
8 6416 4944 9408 3950 5886 4824 2350 4632
8 5129 2228 9984 5815 2304 6778 6092 8927
8 5310 7724 6258 68 3694 5206 5109 9756
8 5237 3618 5934 1499 9019 4535 2396 9104
7 3149 460 487 8049 5534 3064 8885
8 9966 7744 9755 5794 5153 5668 8083 5233
9 3598 6871 7969 8481 5195 3027 2847 5185 3681
8 3172 2715 8540 9699 8733 3867 544 2766
9 665 5653 4259 874 9635 9646 40 2335 7084
8 9702 5476 477 2649 1614 9366 5997 7481
8 6117 4151 4802 7707 3534 3782 9385 9202
8 9352 3268 5555 5241 3524 3811 6635 563
8 540 2573 3333 4715 4239 8026 4279 8432
8 416 7864 7109 1745 7458 6655 7890 8339
8 4650 2933 4480 6664 9951 7014 9956 3264
8 6983 9273 4400 9791 4034 9850 8745 811
7 9175 479 3295 9636 2693 9042 6973
7 2145 2263 9806 2767 1067 1554 7516
7 2906 5462 8282 2205 7173 5566 8053
8 7161 1421 8134 9612 9506 128 4717 3503
8 9606 1139 3682 7867 8003 330 7475 2482
7 4937 2640 7384 8613 9592 61 1809
7 5345 8143 5156 4219 7579 2141 6374
6 1267 5333 8074 3 5263 1926
7 3582 1175 273 2140 6351 896 2000
7 4966 6445 7020 3005 6748 8063 8977
7 3763 7329 1275 850 9751 4996 3306
8 502 3932 7985 9559 4214 3579 6474 6152
7 5031 3396 9073 4415 4195 906 1691
7 9130 2752 6790 2418 9378 2614 3575
6 7519 4910 4455 6363 3623 3462
7 1066 5207 9150 82 1779 6961 854
7 6284 6237 9131 4050 6756 1863 6245
7 8717 7183 2186 16 9033 3150 1818
8 291 817 3099 3701 3051 7367 8073 457
7 9515 2633 9224 4 1014 1520 9732
6 170 627 3455 6283 5545 9621
7 6382 3201 1398 7042 8950 9236 1855
7 7323 3899 1758 8751 8438 7011 3866
7 7244 8841 1080 5658 3953 6407 5583
7 968 1700 6444 3903 952 7295 4474
6 7699 3536 2469 357 1260 9627
7 8166 9129 8699 7230 1964 9967 8543
6 7575 5632 3350 6113 3855 5999
6 5258 4909 2 1776 7992 404
7 6935 3442 7397 130 2051 6869 2169
6 6620 8439 5895 9120 5086 8547
7 3612 7449 6578 2815 1024 6910 3735
6 2930 6925 4311 2343 9785 2578
6 1278 6313 779 1380 5829 7442
6 1715 5226 432 6889 9891 2535
6 5680 421 5181 9052 7625 5826
6 6677 2049 4710 1220 2555 6864
6 7603 3367 7416 6718 6509 8829
6 2003 9816 2353 5349 8693 6102
7 69 4067 7331 8586 1123 5308 2252
6 4442 3177 6504 5965 462 1795
6 2293 4436 9322 6005 2756 2971
6 8697 7351 4757 4573 1890 5520
6 1985 7543 3050 3992 1675 1325
6 3009 5082 2860 9123 3764 9632
6 9568 4560 5448 4933 7177 931
6 7120 1448 928 1644 4286 4629
6 4186 8261 9382 8936 4249 1429
6 2965 9980 229 6995 5251 498
6 8615 1422 1417 2253 9115 3844
6 3411 8530 1737 8193 5612 7742
6 2144 3744 4655 8237 3283 6600
6 1257 1124 7957 2526 60 8130
5 4587 6255 2430 3380 171
6 5460 3323 4200 605 3733 9200
6 2147 5456 4123 3954 4834 4507
6 9384 5855 9095 5968 9219 3139
6 3557 8766 8890 5051 4408 281
6 5416 5868 4718 8565 2459 6699
5 2701 5945 9079 1264 4248
6 2085 4165 4084 1597 2479 1051
5 3757 3845 1913 7528 8072
6 8327 8162 6322 9304 629 4607
5 2166 4476 4739 309 9076
6 5713 2524 1049 3391 3702 304
6 6481 3238 7060 8277 1608 9940
6 9836 8108 7147 7026 8120 1558
6 5461 7667 1462 1969 6563 6765
6 3266 7144 2037 7485 3951 659
5 3671 6520 6421 7721 4250
5 1681 6766 6278 6016 593
6 1241 1025 2168 3620 3278 6032
5 795 4156 5910 1197 294
6 2914 5005 6125 8052 9549 6623
6 4777 375 5940 7253 8584 3919
5 663 4053 7728 4697 7232
5 1059 6844 3836 3762 5990
5 7723 2746 5574 1588 4636
6 5598 7952 3126 7383 4917 9884
6 4784 571 3259 6402 2048 2013
6 5210 9251 2236 8872 3851 6046
5 678 6459 9428 4227 6657
5 5423 2768 6150 785 4018
6 6275 289 7286 6073 2384 6819
5 5525 7180 1923 9817 8445
5 4867 3291 6262 8549 288
6 4009 3518 6493 9874 9752 4046
5 589 2395 4082 5020 3537
5 5144 6767 2664 6123 5400
6 9761 504 9811 784 736 7752
6 158 1076 1772 3036 8778 2916
5 7259 4622 3405 6348 6868
5 8884 676 2221 3696 5949
5 3716 5516 6794 9625 1612
5 9096 9590 7482 1283 5522
5 1053 8250 919 6242 1239
5 768 2506 1756 5797 2101
5 5298 8714 8701 1907 62
5 5148 2519 4887 6556 8575
6 3412 3898 7894 53 1505 7581
5 4926 2339 5224 5151 4817
5 8464 1210 6292 738 3331
5 5724 2775 1016 9735 9937
5 5182 4005 9097 8624 208
5 1152 9773 2218 7430 73
5 9147 8594 8906 1442 4529
5 9263 9139 7488 6580 1095
5 8273 6379 8966 2755 8992
5 908 5126 8421 1042 7279
5 9777 4567 4386 9963 3703
5 2295 1276 9772 4093 7986
5 813 7176 7249 7865 6410
5 4391 4192 215 1055 1740
5 5744 489 5 6681 3707
5 6485 6746 9027 4252 6168
5 5066 6464 3292 1659 2024
5 4096 6966 4553 1131 6231
5 721 5313 5654 5705 6177
5 5318 343 6211 1236 1560
5 6710 6816 4152 7715 9190
5 8293 5585 2346 1093 9416
5 1961 3118 8681 2912 9678
5 2167 8954 4514 2358 3373
5 6922 4309 6731 899 2599
5 5022 5693 7842 2429 8027
5 8957 9754 4495 8320 3560
5 2841 3804 3722 2126 6516
5 2401 3347 5912 3755 9454
4 2018 2138 2710 5368
5 3949 9258 3881 1430 7151
5 4983 132 2258 2966 3410
4 2840 2677 5188 8746
5 706 2058 4001 2137 5696
5 220 9242 6554 6658 6754
5 221 7158 1600 8833 338
5 1465 8368 9520 5883 1604
5 5478 9719 9537 8711 7191
5 9484 4730 3225 703 598
4 6703 8663 3186 8176
5 6566 515 837 7016 9268
5 4030 5726 5229 6105 9286
5 5166 2201 6779 4976 9899
4 2569 7719 7408 2154
4 2608 236 9640 1300
5 3731 873 4304 8820 3332
5 8651 9856 7845 8375 3746
4 2622 5117 971 5857
5 1373 393 8046 4144 2239
4 5706 7974 4795 555
4 8756 4181 2468 163
4 5351 9629 9961 6299
5 4716 8257 2918 9825 1822
5 5580 5116 9665 780 6876
4 5323 3001 3267 5619
4 5671 5436 2782 9504
5 1542 4314 9907 1390 3907
5 2036 8111 1178 8634 7976
4 2053 7773 3033 7327
4 5683 7538 4903 8865
4 4677 4104 3443 9223
4 8266 4278 9055 1575
4 4673 4639 9721 3847
4 970 1592 9803 6618
4 8765 9407 5348 1677
4 6304 1794 8727 8790
4 15 7239 238 2439
5 3680 2747 6985 5682 9669
4 4307 682 8012 1217
4 6007 704 930 4597
5 7412 9831 5244 6822 1250
4 232 9585 4231 9229
4 9462 9494 216 1441
5 1760 879 1487 7087 422
4 7668 4313 5499 5714
4 7944 3091 5138 6753
4 7464 6341 7637 5867
4 2673 9238 4183 590
4 6643 1804 7116 9485
5 1004 4323 2323 9974 2195
5 9915 8910 949 1631 7436
4 402 1198 7086 443
4 2644 3997 8494 9456
4 2359 2242 679 7381
4 1414 7201 6000 4486
4 8754 8471 93 3049
4 1133 3917 8924 2609
4 5102 4298 2096 8897
4 6622 4302 9121 7769
4 2531 3619 3573 4530
4 2637 5125 7910 2352
4 8454 745 9397 7203
4 606 1293 2838 6452
4 6395 5860 8234 3019
4 2212 365 1750 4126
4 5901 33 740 3783
4 939 5303 2301 8093
4 173 2992 8442 2762
4 7054 7375 4015 6634
4 250 5307 5435 7441
4 1412 2279 6859 2057
4 9391 7149 630 1165
4 2908 8050 8609 5446
4 7185 7650 4175 4273
4 8281 9241 5353 8239
4 5542 4788 7467 4395
4 8410 9565 8873 7299
4 1160 5796 6369 35
4 1593 5218 8006 5079
4 1674 2770 2536 5052
4 8285 3326 4621 7679
4 3103 3669 7768 2873
4 4069 3541 2868 9943
4 9571 9533 4394 9165
4 3203 4627 9599 572
4 8970 6389 4975 167
4 185 8204 5896 9350
4 6309 7915 434 8726
4 5177 5783 5875 6099
4 662 4358 792 397
4 3040 9489 4472 9955
4 8831 9184 319 6036
4 1932 209 7028 1787
4 7065 2574 4950 4355
4 6551 320 8718 8572
4 2391 6817 8958 408
4 3486 8620 6212 7621
4 4948 7880 4722 2334
4 2950 1521 653 8417
4 9648 1340 9477 2394
4 5163 9708 5424 979
4 4393 3858 3854 3556
4 7022 4048 1515 6500
4 8646 9315 2266 684
4 385 3558 4487 9790
4 1994 8328 147 7359
4 3830 4356 2920 1138
4 6994 5223 7110 1562
4 9892 7896 7751 4628
4 8564 5201 975 1322
4 2744 7338 2674 6815
4 2745 3587 2853 5171
4 7572 3182 1547 674
4 8913 3346 4282 9986
4 1541 5228 7866 791
4 8201 4116 7607 2642
4 4672 2591 9395 7980
4 6902 7878 2433 3164
4 2410 9356 6470 3610
4 4642 9546 2489 8937
4 5376 794 2748 2135
4 8478 5759 5157 3122
4 6393 1282 1229 9936
4 6990 6049 9848 8991
4 3170 2450 4076 9909
4 4745 6112 1245 7790
4 6128 6427 4478 7406
4 3079 1342 9622 6411
4 2687 5850 1440 3275
4 8022 3195 7347 3417
3 3465 2728 6274
4 4969 2435 1854 9540
4 941 9745 5296 5360
4 5396 3528 8500 4942
