1 2107
1 7264
1 7414
1 6091
1 3227
1 4087
1 7527
1 592
1 5885
1 1445
1 9604
1 6422
1 6627
1 9895
1 2423
1 647
1 1199
1 4361
1 6575
1 2451
1 9600
1 3399
1 6207
1 8311
1 1289
1 5107
1 6491
1 3082
1 7649
1 9346
1 5255
1 1766
1 6148
1 3232
1 4329
1 960
1 6479
1 63
1 7326
1 2507
1 7010
1 4901
1 6172
1 9577
1 3767
1 722
1 4131
1 694
1 2103
1 3595
1 7234
1 2436
1 7207
1 7796
1 519
1 6090
1 6906
1 7456
1 2894
1 7690
1 2980
1 6614
1 6588
1 3116
1 6051
1 9138
1 4644
1 5517
1 973
1 2388
1 5453
1 4964
1 5193
1 969
1 8694
1 2254
1 3708
1 9784
1 2518
1 4347
1 5921
1 5723
1 7417
1 1648
1 6014
1 2084
1 7364
1 582
1 6787
1 9212
1 4171
1 9307
1 8636
1 1154
1 2338
1 4331
1 9478
1 2288
1 7502
1 9741
2 8385 835
1 4576
1 6202
1 5738
1 4916
1 8618
1 4300
1 3818
2 1921 5876
1 7492
1 6065
1 3952
1 4188
1 7368
1 85
1 5666
1 9418
1 6216
2 1635 6428
1 3810
4 3143 7833 4506 9997
3 4659 2772 7136
2 7577 2921
2 531 6198
1 2149
2 470 4172
4 6632 1959 2603 5831
2 9932 9670
3 7162 6933 2635
1 7887
1 8799
1 4678
1 5211
1 5823
1 4275
1 697
1 7917
1 9700
2 6576 1666
1 9958
1 6405
2 3748 7849
1 419
1 8670
2 2497 1785
2 1363 2820
1 2994
1 1911
2 819 389
1 7688
1 6246
1 6804
3 9770 7318 2098
1 2681
2 6441 8450
1 9914
2 3517 2863
2 6511 2758
1 5987
2 9154 9058
2 7652 7245
2 2367 7851
2 5208 3160
2 4915 9053
2 2659 4904
2 7722 6340
2 8009 6261
1 75
2 2480 9151
2 8909 2150
2 5065 1179
1 7021
3 4539 719 1434
3 3634 681 2822
1 6835
2 4184 5371
2 8392 6781
2 6301 5604
2 411 2234
1 7820
2 1637 2717
1 3386
2 900 8172
3 7272 9145 9738
2 5638 6130
2 7215 8725
2 1651 2368
2 7534 156
2 8696 7643
2 8629 3117
2 7936 3883
2 7341 5455
2 7756 2922
3 5707 6885 6440
2 124 8598
2 7911 2600
2 9982 7080
2 6413 3448
2 6164 3353
4 5269 327 7590 5954
2 5486 9475
2 7641 3425
2 8395 5634
1 3436
2 1177 3187
2 1508 493
2 2611 2849
2 8465 5959
2 7559 8103
2 849 5835
1 9837
2 7260 2440
2 1298 3042
2 3107 5482
4 7348 2584 5454 2446
2 9969 5254
2 3531 6570
2 1793 5588
2 7540 4467
3 9204 2223 5260
2 7134 2995
2 7774 8854
3 9941 9822 5679
3 233 1111 9832
2 4977 4611
2 8194 4119
2 5033 4768
2 1627 8544
2 2504 9106
2 5674 5266
2 9527 1579
2 1596 6613
2 5690 6507
2 8314 295
2 2678 9413
2 4789 3831
2 9799 1717
2 3642 9392
2 4821 6056
2 5320 6042
2 1864 7418
4 2630 8141 8019 8033
2 2494 4967
1 7899
2 9510 2870
3 9255 3660 45
2 3504 7653
2 7460 6423
2 3048 175
2 1993 3249
2 9481 8946
2 5644 3183
2 2791 9141
2 7049 1999
2 4978 187
2 7907 6950
2 1868 7674
2 3006 9888
2 9558 4114
2 3876 3491
2 98 3190
2 6596 8858
3 7063 3016 7759
2 9343 2851
2 711 7320
2 537 8849
2 6730 9351
2 2217 6430
2 1990 4141
2 8114 4960
2 4747 9049
2 1778 4078
3 3375 7138 3039
2 496 586
2 2661 4523
2 2155 934
2 5392 3636
2 7947 654
2 4625 9180
4 8805 9191 6599 333
2 202 9581
2 2783 8424
2 2406 2209
2 6121 6392
2 1185 9168
2 7775 3440
2 4712 1472
2 9556 8220
2 9802 4804
2 447 1826
2 7187 6424
2 7886 1141
2 3071 9714
2 1397 691
2 8753 5919
2 4871 7914
2 2623 4891
2 5273 8097
2 6625 2038
2 6537 9111
2 6017 1769
2 2582 9925
2 5561 1574
2 5044 13
2 6135 7426
2 1773 962
3 3570 306 2734
2 8351 5062
2 3021 102
2 9192 2805
2 212 9340
2 4690 3423
2 6088 1965
2 4014 4760
2 511 3875
2 6055 7584
2 4875 8057
2 7908 445
2 1099 1572
2 8898 8453
2 2719 2586
2 2587 3236
2 5473 3145
2 7471 9159
2 9827 4065
2 9354 4466
3 4594 6096 2854
2 977 4322
2 2565 9321
2 3554 4852
2 277 5552
2 3808 8099
2 9768 746
2 4364 8090
2 8096 7277
2 6173 2672
2 6656 8561
2 5240 1587
2 1235 724
2 9163 3363
2 9404 7828
2 5836 9696
2 3555 4661
2 5988 6808
2 6279 6229
2 2157 4473
2 7747 1466
2 8964 2378
2 6843 3902
2 6480 7256
