88 3160 5954 2822 2921 5831 7136 3117 2820 9997 835 4506 7833 8450 2603 2854 2139 9670 1959 1785 2635 6933 5260 493 7590 333 2098 6261 7759 2734 6599 3060 2446 2234 5454 2922 2772 8033 8103 4172 5634 6428 7245 45 8854 2368 9475 5679 3042 1666 5266 6440 3039 6613 2440 6198 1434 1179 8019 156 6812 1711 1134 5876 1566 2758 5959 9151 5604 9861 4467 9832 9738 8725 2863 7080 3883 2150 691 7318 3516 5455 7678 389 6130 8980 2995 9058 9053
55 187 7643 3190 3183 4904 3425 2717 7849 6885 8232 9822 6340 6430 7851 3448 6056 8172 5371 2870 9145 2223 2584 5254 4114 6975 9141 6096 1111 3660 4891 7320 2600 295 9191 6781 3636 4967 3353 5482 3187 4611 2849 820 9581 8598 719 7138 9392 3016 6507 5588 5832 8141 9106 3249
40 681 2038 6570 327 9351 701 1826 3592 7674 5835 4115 586 3440 1408 7782 4182 7277 8044 3155 306 8078 8858 8544 3873 9601 3216 3491 1579 4523 4119 2586 9180 3831 3766 1813 3709 1999 3922 577 8786
37 6042 7653 8424 3875 526 1808 9413 5014 42 1717 9168 8220 9049 3387 7418 9159 4078 175 6423 8995 207 4935 9014 2851 102 78 4768 7584 9888 9435 2209 1574 4189 8946 934 7426 9189
33 1141 6229 3153 4466 4052 1048 2805 3423 6950 5919 1572 6392 4960 8097 9371 1769 152 660 6808 4071 6424 5057 1587 5046 8849 9111 13 6197 4764 7937 9714 4974 9321
29 3590 602 4141 7576 570 962 7883 4065 5465 7633 7662 8099 9488 4753 7914 8346 7148 3363 4322 7427 4804 5777 746 4852 654 138 1965 9543 1577
26 8057 9988 2265 1386 1109 2378 3123 2672 5500 2417 8709 5062 1641 8551 4077 7324 4398 666 3511 3815 6603 2182 4760 445 7828 3236
26 9282 9925 4473 5798 9215 6669 2993 7995 6845 1472 9155 3256 3145 993 9340 558 2452 671 4661 4616 2636 7822 395 8407 9872 2823
23 6190 5552 1753 6638 8595 2652 3233 3902 601 8315 9742 9284 9211 8090 7609 1466 8724 5354 6891 5262 9858 7735 3611
22 9890 9328 1764 8267 5370 7901 7256 8453 4801 7760 4049 2711 8644 8561 1187 1788 7313 3968 4469 3877 8039 3562
22 2414 1938 8698 724 1817 8372 1660 3384 9594 2146 8404 6956 9960 3265 6330 2163 8579 8085 3581 2563 9696 5524
21 9054 3075 6227 5160 6021 5030 8546 5645 8299 7132 3198 1377 9814 5955 4830 5703 2830 8184 8502 2091 3240
20 5233 2648 929 750 3756 4759 804 1833 4107 957 2156 1204 9194 482 2381 7229 1599 5673 4581 4574
19 7794 6791 7613 7642 2996 3860 4634 9440 1568 9561 2191 6257 7382 625 9246 8246 8607 9446 5147
18 5325 9360 1415 9445 9764 1752 4260 2517 377 3288 7006 2198 5801 1824 816 3827 7545 688
17 3832 6982 7205 8669 7047 4980 862 7855 94 9688 3210 1387 7566 1030 2766 5535 7179
17 1143 773 6557 474 8896 2607 1492 4494 3720 90 4501 4671 5837 5326 4662 3209 280
17 3452 3104 8653 2765 2847 1595 1573 8961 3704 5130 9740 1130 7297 4349 8545 3076 4922
16 2698 9157 6543 9443 1942 9038 5383 6488 8394 7781 1359 3782 8121 3025 9692 9718
16 5388 8948 7186 1831 1512 8183 2713 7639 6668 1539 4949 6897 2086 9213 9662 7175
16 7337 1925 8364 2550 9031 9887 436 7606 4447 596 3492 5097 3632 3171 7511 9727
15 159 994 8730 1846 4805 4303 3179 8383 2297 8472 27 1125 1191 9248 5944
14 3235 4397 5557 6770 6152 2351 8339 3181 9288 8128 6980 7539 1312 23
14 8504 4474 4246 3169 9589 2090 5467 275 286 8440 405 2864 3247 9498
14 9136 9447 3929 2496 3496 3628 9538 5336 4796 2583 1038 1425 626 5613
14 846 352 8468 3665 1271 6319 9243 3505 8835 8406 3482 8207 7704 2202
14 6001 5939 6671 8590 4066 7487 7030 1035 7343 4236 8568 6154 3775 9826
13 6597 839 8447 4433 3551 7216 811 8152 7720 5241 6425 5008 6785
13 6347 6683 2803 476 612 1691 766 4392 9850 1062 4989 9957 698
13 6062 7222 1893 6687 4878 7708 523 2795 7918 7494 5049 6497 8205
13 3856 6720 5967 1896 8983 6931 9417 1364 1060 1424 8366 7946 1247
12 7574 9791 9992 3991 8432 3503 6578 8657 5532 534 4632 5041
12 6796 5608 7096 3533 5595 4701 6214 4166 4338 7984 553 1468
12 4057 4797 9117 1348 4794 726 2335 5583 5503 5149 3119 3765
12 8523 2793 7787 9166 4390 4060 8654 7793 5245 7235 5756 5952
12 1734 8386 3878 314 9868 3361 6600 8543 1437 2332 7395 9820
11 3693 3128 5941 6610 551 548 3833 1365 2785 5846 3911
11 4766 2241 5771 4543 6729 8177 6879 9366 9942 687 9460
11 1196 8125 7569 4754 1040 9913 182 7448 6245 328 9037
11 9104 9336 188 5984 5492 5889 9257 7015 5324 2874 5973
11 9584 3681 3258 552 2890 4259 9695 1956 2442 5334 8927
10 4170 3534 457 1339 330 4122 528 4568 2330 9591
10 7115 7397 8971 5475 1712 9635 2554 9200 3772 8434
10 7031 8678 256 1768 5195 6200 554 4757 3937 6461
10 5934 8740 5528 6265 8934 281 5209 8170 4994 8227
10 3656 9441 3972 1842 8399 8870 416 2954 1805 8710
10 3701 8492 4765 910 1531 1285 4951 5136 1330 4773
10 7439 5197 1556 3630 5653 5555 3899 2365 2152 7402
10 8415 9361 3460 2000 8903 9743 1807 7871 8026 5903
10 4807 1704 7251 8166 9202 1746 2069 656 9568 8952
10 5069 6857 9747 8073 6888 7695 7475 5966 68 9075
10 446 5213 9756 4088 6151 4238 810 5721 6595 1491
9 6640 8850 8143 7496 2649 8977 8080 3051 6294
9 7380 5886 7173 4751 227 2813 4944 8134 1021
9 1924 3027 3575 3471 2855 915 3579 5206 6959
9 4507 498 5564 1186 6992 5908 7329 7183 8286
9 8592 5865 1067 6754 7529 1113 8027 4996 8565
9 8017 4660 1816 8969 9131 6765 49 128 89
9 1751 4503 6093 5917 336 9951 7358 2005 7011
9 5077 5938 2836 271 4808 854 7611 2418 7014
9 9470 6890 9492 5740 7694 2557 450 5476 8851
9 2524 8297 5529 6778 417 4481 6046 3383 3501
9 191 4169 8781 2604 34 5898 8513 6819 7421
9 9506 5511 8481 1066 702 9940 1670 7689 5113
8 1779 2777 544 6664 1140 7309 7042 8400
9 4068 9236 3302 8431 5914 7979 9227 1192 3339
8 7394 3640 4067 6623 5965 665 5345 5794
8 8797 5156 9646 1014 563 502 9251 9787
8 7581 4091 928 1909 5185 736 5462 3333
8 6482 5545 3316 3312 26 3643 8356 6935
8 1407 2916 6635 108 6416 3260 2693 4318
8 2263 7120 5031 7638 276 1037 61 7929
8 2205 1818 2482 288 6699 1205 4803 9522
8 8919 487 1983 5942 2512 3519 4214 9685
8 747 8586 6475 6231 5134 5537 7752 6463
8 4870 1139 2933 8503 6864 4769 7331 8566
8 3385 5472 5237 6250 6168 4099 3618 6970
8 6402 4458 144 479 7636 6928 7335 9797
8 1036 9732 5815 3921 9755 9699 4802 6258
8 5881 7648 4937 6655 7458 7922 2715 3679
8 6155 4239 5675 3149 1860 6871 8118 1148
7 7894 2858 3560 40 2 3987 5153
7 3903 477 4650 2228 7384 5129 2876
7 6003 9304 6493 3324 3005 8120 9459
7 1862 874 5997 5377 8003 7219 9891
7 7698 5127 5669 3781 598 3099 8875
7 3044 1590 7982 2012 8625 5112 9930
7 7244 8778 2459 429 1976 3698 5247
7 1410 2599 5115 3694 8717 3919 7552
7 9352 350 7864 3659 9933 4327 9042
7 2399 7060 3598 667 4909 7253 1275
7 6092 4535 7969 5553 7449 3201 2169
7 69 7191 1520 8052 3914 1051 3476
7 9632 2305 5632 2971 4896 2244 3855
7 4279 6363 2469 3867 2940 1822 1772
7 2472 1100 6117 3322 8624 4217 130
7 9019 3951 8464 6474 7724 8745 4717
7 6889 6032 16 2384 8885 7516 1700
7 5751 4957 8890 5387 8547 8733 4006
7 5349 8949 1835 1675 659 9224 6509
7 3682 2042 7481 968 9039 8130 9606
7 1614 2769 6234 3350 9128 5895 3278
7 9804 3932 9592 5461 6961 5128 3746
7 1756 6936 3064 8841 2140 4917 7230
7 3264 6756 1809 5516 896 3172 2003
7 2963 8049 850 961 7351 4311 9408
7 170 5310 9219 1417 460 7744 3462
6 2736 2526 8438 1926 9286 4480
7 9378 2252 540 9052 8829 9385 1278
6 9785 8324 1442 9811 5696 9559
7 7020 1499 9984 4824 5483 7026 9130
6 2396 6925 2304 3950 2037 3866
6 2570 4442 6030 4436 5534 9966
6 6459 2755 2573 3763 9884 9956
6 5668 3735 5116 817 2195 4
6 3126 2640 8833 9079 8282 7699
6 3259 6983 4046 6382 3373 8327
6 2756 1560 7798 273 3306 8872
6 8906 8950 4151 6150 8083 7161
6 1863 7279 2614 1175 7707 5109
6 2293 5855 3268 2350 4219 5566
6 6620 422 9636 6407 1745 9669
6 7084 3762 1964 2506 9175 3518
6 9735 7323 6748 5298 4415 3582
6 3953 4966 9806 7890 4607 9416
6 5171 3396 9073 3612 3410 1422
6 3524 9702 4034 2145 8540 676
6 3844 6973 5207 6374 1398 6910
6 4777 6275 7976 3811 3295 8699
6 1049 1505 1152 3417 2965 5612
6 2048 8273 4529 7151 7985 9817
6 1325 6284 4560 5826 8261 5263
6 9129 7442 4455 4926 8613 7650
6 1124 1059 4400 2860 9836 1197
6 7109 1024 60 291 7295 7742
6 1597 2479 2135 6102 9612 9384
6 432 906 4050 434 2430 3331
6 9120 780 9382 7867 2767 6445
6 1250 1421 4386 3954 8053 2141
6 1608 9095 7986 5333 7543 9076
6 9621 5910 3150 6790 9123 2239
6 4710 2578 4715 1080 3620 1053
6 2253 7579 8234 779 4622 1554
6 7575 9454 1558 9273 7367 4249
6 2186 9190 1737 1429 6410 4186
6 8193 5968 3907 9899 6351 7416
5 5456 653 7116 6563 1600
5 3367 6177 9967 8936 9397
5 2353 6237 5244 9150 7232
6 5400 3702 3442 3 6516 5181
6 8063 1267 5151 1465 1776 2906
6 8530 3707 5598 1890 9751 663
5 229 8204 9033 4910 9268
5 7528 2930 3177 5226 1178
6 5999 2815 5940 2535 5585 404
5 4200 9754 3696 421 2051
5 3291 82 3764 462 6283
5 1758 4476 9772 3139 2323
5 9627 2752 5005 5148 8074
5 8751 5258 9640 4144 5520
5 627 5117 9520 2343 3405
5 3992 4195 8820 9515 2914
5 8471 9139 1390 3323 5460
5 6815 2747 8445 5658 1210
5 5829 4123 4126 6073 4976
5 1220 6113 879 8237 9790
5 1241 2168 2841 2013 2395
5 9484 3744 3391 7519 9816
5 3050 3898 6000 931 3623
5 4152 5308 2966 3557 6313
5 1380 3009 4834 1855 5680
5 4716 3455 952 5574 2085
5 9428 3845 338 5182 1448
5 357 5423 7625 1644 6995
5 5713 2212 8162 2664 9974
5 2633 3164 6922 6869 2555
5 9263 6677 5448 7790 6556
5 6681 4784 9752 4655 6504
5 4629 7769 2147 6278 1123
5 837 873 6444 4697 1025
5 7482 6718 1907 5082 8693
5 7603 3380 3671 7383 8615
5 1631 9115 7845 8714 4156
5 2352 2201 1260 2049 5724
5 8277 7147 571 6005 4573
5 4009 5251 3536 5086 8765
5 2144 4391 4084 1462 7177
5 1562 1239 1961 3036 294
5 629 5860 593 3412 8584
5 375 2746 7992 4227 1016
5 678 5896 8439 5020 9980
5 4018 309 721 979 5066
5 8910 3680 684 2358 7485
5 8701 1985 9907 1715 304
5 5416 5436 2036 5868 1515
5 3283 2768 4250 4248 9761
5 4165 6348 3266 6211 6421
5 1575 9937 9625 215 1795
5 8549 2401 1659 919 5945
5 6912 4005 3716 6876 7723
5 8697 5705 4175 1264 9096
5 8884 5313 7249 3347 4933
5 9629 2339 3757 5102 8766
5 158 2126 6123 7180 7436
5 9719 7144 2137 5949 4286
5 443 7980 8250 4636 3122
5 9322 4718 3610 4408 6767
5 7667 3411 8663 9708 4677
5 9258 4628 9777 2236 3292
5 3275 5726 4192 785 6520
5 5797 2166 1217 605 9590
5 4739 2701 238 8575 706
5 4587 2394 4001 9462 7957
5 171 8418 1923 7715 1257
5 2873 5654 6657 7430 8966
5 6844 4181 504 5051 3733
5 5144 4983 1293 5783 1681
5 2775 6322 7773 4355 9097
5 2912 8072 6255 3851 1430
4 9678 9549 4393 9241
5 1588 6242 6822 8108 1969
4 7621 6481 7679 5542
4 9963 1604 5360 4867
4 7728 2218 8937 768
5 3118 9721 6868 1913 3238
4 289 7721 6753 4082
4 4314 8046 4817 3186
4 9773 8266 2101 9027
4 2024 15 5307 6016
4 397 6966 1283 8421
4 515 6125 5 4053
4 6485 9915 5990 9874
4 1441 9489 4104 3755
4 8954 2801 949 6794
4 6292 2519 2992 4304
4 589 4639 7176 7381
4 8681 6379 2279 5210
4 5229 791 795 1787
4 6464 6280 8651 73
4 5318 408 1276 6554
4 2221 738 6766 220
4 3332 2677 9165 3318
4 208 3267 1740 3836
4 53 7974 7865 7668
4 9391 3049 1794 6746
4 4567 7286 5883 7158
4 221 908 6580 6262
4 8992 4887 4030 7952
4 4252 1236 1165 2167
4 8462 5525 7607 1133
4 1760 4530 167 1612
4 7259 5714 555 9147
4 2569 6985 5610 1994
4 4309 8526 6027 5867
4 784 7203 7842 232
4 4553 8991 7185 5126
4 9856 1042 3722 62
4 7086 610 2053 5671
4 7488 4495 3881 813
4 163 1076 6452 81
4 8726 4788 5744 5478
4 3346 7637 3537 5224
4 3731 5058 9302 6304
4 4627 7408 9825 9831
4 5522 2138 4942 8293
4 4903 7149 7572 7016
4 9537 1095 1677 8711
4 3703 7022 740 5901
4 35 6618 9242 4694
4 1138 4096 8594 5499
4 970 2359 2058 6049
4 5693 4278 2057 5796
4 1282 3847 3242 2106
4 8281 6731 1373 1055
4 1093 5706 2295 1229
4 7406 8368 343 8500
4 5052 4302 4183 9540
4 3443 9329 7870 4076
4 6816 8178 1639 682
4 5166 2468 8257 6500
4 792 1674 2429 489
4 2439 7087 393 2018
4 5368 6566 8381 4093
4 8417 8957 3667 147
4 7327 9494 4948 5682
4 4858 6779 971 9909
4 8634 899 5912 473
4 132 2154 8176 2346
4 7361 7719 1300 4323
4 2840 8754 3783 2258
4 4730 5201 704 1203
4 6727 4307 6622 8006
4 2920 1131 8924 5683
4 8933 9504 3091 9229
4 6411 236 6710 5022
4 2375 2391 8865 6551
4 1412 5348 1547 2710
4 6519 930 7910 1996
4 5351 9467 1521 4514
4 6826 5619 2301 3949
4 8375 8834 2298 2609
4 6634 9955 6658 3225
4 1198 2622 703 1854
4 8746 675 8410 8727
4 3033 941 4795 7375
4 8320 1689 9356 606
4 8970 8756 3804 6221
4 4722 8050 216 590
4 9803 2642 6007 1487
4 8012 5857 3114 3917
4 4703 4486 8798 7691
4 9121 4313 3479 9961
4 456 6105 1750 8564
4 6341 5188 7061 7239
4 7299 3019 9665 1592
4 1542 6616 8913 4069
4 8201 7412 5435 6427
4 2838 4221 8093 8569
4 9989 2608 2673 8958
4 91 7538 2918 5167
4 2782 3573 9407 7464
4 7605 6299 1593 6703
4 1414 6267 164 1243
4 5125 6676 4673 3300
4 8285 8494 2096 33
4 2868 9055 2770 7349
4 319 3272 6990 5863
4 5925 466 8609 7065
4 4597 6859 3541 7201
4 9223 4975 2129 5637
4 385 3205 1009 6643
4 690 43 630 5079
4 8791 1004 851 3001
4 7800 7891 9238 173
4 1804 5323 5580 9864
4 9546 8239 5228 6167
4 9599 1865 320 2644
4 4298 1344 8831 1238
4 8790 8442 5916 3741
4 4231 5670 7526 9394
4 745 5433 4137 3669
4 3090 956 2637 8111
4 4828 6099 513 4282
4 9585 5353 8968 3348
4 184 308 2591 9456
4 9565 7988 7944 3079
3 964 3335 7359
3 7467 572 1160
3 7513 6128 6437
4 7110 3297 9477 402
