1 7576
1 7324
1 3875
1 5046
1 152
1 7937
1 4052
1 1048
1 9168
2 3440 4071
1 2417
2 8141 9014
1 4189
1 7653
1 8424
2 327 1577
1 78
2 719 660
2 7138 9189
1 8995
1 7883
2 681 9371
1 3491
1 4764
2 3016 2182
1 3387
1 4935
1 4119
1 586
2 5835 4974
1 9435
1 8858
2 9191 5014
1 577
1 3922
2 8598 1711
1 6570
1 1579
2 9392 8346
1 526
1 9106
1 7277
2 2584 9601
1 2038
1 3709
1 3766
2 3636 207
1 4891
1 1826
1 3187
1 8786
1 7782
1 7674
1 1813
1 3353
1 8078
1 3873
1 3216
1 5482
1 8044
2 2870 1408
1 3155
1 6507
2 2995 2734
1 4611
2 4467 2921
1 820
1 2922
1 3448
1 5876
1 4182
1 6430
1 701
1 5832
1 2758
2 45 5254
1 9670
2 156 8980
1 7849
2 2717 2139
1 9053
1 835
1 5266
1 9151
1 6261
2 6428 3060
1 8103
1 2234
2 9475 7678
1 1134
1 6198
1 1566
1 8450
1 6975
0
0
0
0
0
0
0
0
0
0
0
0
0
0
0
0
0
0
0
0
0
0
0
0
0
0
0
0
0
0
0
0
0
0
0
0
0
0
0
0
0
0
0
0
0
0
0
0
0
0
0
0
0
0
0
0
0
0
0
0
0
0
0
0
0
0
0
0
0
0
0
0
0
0
0
0
0
0
0
0
0
0
0
0
0
0
0
0
0
0
0
0
0
0
0
0
0
0
0
0
0
0
0
0
0
0
0
0
0
0
0
0
0
0
0
0
0
0
0
0
0
0
0
0
0
0
0
0
0
0
0
0
0
0
0
0
0
0
0
0
0
0
0
0
0
0
0
0
0
0
0
0
0
0
0
0
0
0
0
0
0
0
0
0
0
0
0
0
0
0
0
0
0
0
0
0
0
0
0
0
0
0
0
0
0
0
0
0
0
0
0
0
0
0
0
0
0
0
0
0
0
0
0
0
0
0
0
0
0
0
0
0
0
0
0
0
0
0
0
0
0
0
0
0
0
0
0
0
0
0
0
0
0
0
0
0
0
0
0
0
0
0
0
0
0
0
0
0
0
0
0
0
0
0
0
0
