8 466 8098 6372 7628 4188 3255 8355 237
8 4032 5383 8216 4669 1098 1982 4985 455
2 9307 1675
17 516 712 9014 7382 3606 6786 7950 2858 5162 1169 8852 216 6520 2403 2827 5294 7967
17 5956 1356 2111 9360 3816 139 1830 3189 1636 5092 4606 2591 8431 208 8081 4505 5054
7 2634 5143 765 6125 1731 4581 6506
15 2953 2765 3488 4427 9782 31 1593 1189 4212 3848 5994 9731 1083 320 9795
23 3171 3749 4475 5500 2323 2691 4069 1833 3537 8245 3791 522 955 5817 2680 1957 3222 8419 3054 2661 7615 6903 3419
16 3578 2101 1051 567 5061 1132 8638 6073 4004 3333 9354 3042 5809 8104 2679 8800
31 987 8028 8050 9798 4543 8463 9519 4564 8555 9740 8286 5777 8219 5657 203 5976 8613 7144 759 2419 7567 8293 142 9489 669 4706 1310 5008 3840 6583 924
13 6215 7952 807 2527 6842 8041 9572 5242 6070 9182 8693 1281 5350
8 9389 7718 5375 5919 428 9649 2015 175
26 6071 9597 5776 29 679 355 8526 6487 8899 7269 3410 2275 5116 3911 4312 6072 1290 4966 3753 6739 3198 3727 1448 4755 4732 618
17 7780 8778 4402 306 3651 7953 9219 72 1737 6101 776 8160 1307 4540 8636 6075 8407
16 1126 3962 5325 8315 2517 9722 4511 8439 4928 4675 8975 6066 3971 2543 9663 1582
14 4243 2167 5957 7249 7083 8261 7407 5610 7162 3168 5109 5174 9712 843
26 1724 9351 4338 6631 4904 3813 904 327 8191 9864 5671 8185 9900 8280 1377 2174 8982 1726 912 4219 7957 7189 5759 2212 588 8003
29 8489 1081 8517 2158 3730 2738 7411 810 337 3415 4432 2005 6415 1645 8915 4571 8935 2592 5127 8509 9129 307 4080 4277 9566 6722 8968 6501 7576
13 5964 8593 8092 2143 5364 4386 5140 9142 1088 6738 8421 5422 6938
7 283 4419 8865 13 5148 6270 8156
6 224 1669 4831 2077 8123 9137
23 5629 7562 1693 6660 1950 23 8285 2897 3568 8175 566 433 5583 77 7896 2161 7443 6745 366 7938 2068 9645 121
5 167 6919 3999 85 8332
24 6284 2341 2086 606 8173 9591 7027 9749 7814 2548 7024 1065 8129 8139 9118 4813 8737 1099 5289 9320 2083 2928 2763 1750
14 9177 3260 8755 3441 2909 3532 6007 7221 9038 3107 6137 4028 7111 3331
7 1366 3985 4302 1653 9187 7649 6153
10 6595 5739 4324 5404 1900 1720 9802 8600 5825 5420
17 1073 9669 7685 4726 9036 4793 1201 1729 2986 7763 6128 7659 2067 9509 6366 8117 8823
17 2135 9095 8752 2576 9483 7847 3483 6555 7701 8536 281 5762 3080 8785 4556 8763 4861
27 7163 6848 5480 7276 6321 4458 2305 9698 7992 1465 2366 8813 922 628 4852 1527 5548 8209 1734 1712 3617 6887 6141 3248 1462 5 8709
18 7694 5051 6852 8907 2347 9392 8831 5466 1203 9575 5612 5340 7555 595 5043 675 6915 9208
8 813 6733 4276 1212 9543 3060 5784 8243
13 6224 3474 1686 8275 5861 5492 5972 5293 4610 9947 3044 458 9803
15 1215 4730 2031 2429 8159 1507 7447 3305 4975 8791 8422 5112 2213 4620 5317
10 9025 2372 3169 1026 7294 6542 2011 6512 4426 5365
22 3358 720 1962 3960 2408 5735 6784 310 1715 6010 1881 2862 962 5442 1077 9228 1551 6401 6160 3023 7237 1887
20 7190 2771 7361 2872 9733 7884 514 8 5434 1303 3388 1707 1263 9164 8797 7433 5426 7688 3579 1042
18 9488 3937 4867 4092 9261 8609 642 3683 3469 1946 3931 1546 8858 9981 897 5362 4203 6831
6 6055 4346 1255 3461 7639 7410
18 2742 3063 3352 5084 9962 6983 2502 8416 1918 5029 5574 9348 1010 4950 8265 2113 2547 5635
8 105 1047 4613 3743 4172 694 4901 6910
27 6771 6262 2529 1247 2203 6987 2914 379 8340 9658 384 6569 6280 8108 2813 2599 3884 2606 6219 3798 4134 8070 1610 1971 8417 6310 5339
19 2893 2496 3434 3424 4242 6131 3072 3228 8866 10 6481 1839 9263 7941 3703 8632 2139 4375 4541
15 6190 2012 877 5396 9031 8133 5192 6497 5284 6986 8520 7265 9116 6626 3290
15 39 2002 8406 8917 4715 961 9703 9365 3871 2145 3075 4821 8909 638 3525
12 921 9196 2725 2469 6839 2201 5021 311 233 9723 1809 2654
44 5028 4822 5206 5573 6312 5544 1979 5278 956 7633 2861 435 9457 2569 1843 1030 5596 3036 3085 4878 4823 4546 3989 6880 8564 2941 1365 499 2070 6653 7369 2683 2163 2118 7667 5662 1160 1176 2331 4954 4572 2788 5208 8522
13 8680 1146 2076 8341 2885 577 2530 7530 8444 1375 9050 370 4678
13 4064 7670 9615 5313 6684 5123 1230 6576 6243 8475 2468 228 7238
7 6492 218 849 5324 7993 9422 3404
20 1743 5538 5977 906 6062 9297 8986 3704 6762 7195 8063 7556 7676 1308 1424 5455 9775 6135 7749 4886
4 6002 8670 7332 9493
6 6727 4533 7278 9298 4347 7151
16 5304 2982 2896 6371 6907 7430 4742 2706 4933 2988 8651 6922 6357 2238 7142 1510
24 9545 4573 6709 786 3526 3432 8676 5653 4938 3342 67 2022 8750 9426 1502 3856 8995 2997 2657 2731 2889 7935 4926 827
17 1939 7169 6358 1209 8140 2071 3012 2604 8966 8645 2301 1977 8587 8166 7308 9650 4355
5 7109 2276 9432 7414 6956
25 8101 9547 35 5096 5704 4455 2557 5812 7888 3108 4597 5443 9122 9965 231 5053 3493 4600 420 96 2805 7522 9024 9311 195
24 8976 9017 4914 9245 1704 580 1700 5676 346 4872 6018 3782 7724 865 4482 818 7963 3516 3754 5724 9763 7747 8979 3326
16 8983 584 1104 3206 574 1133 4264 6622 476 9342 8336 9796 7137 1643 7942 4863
9 9184 1122 4291 4117 1180 7886 2711 5346 1237
10 2574 3980 9860 9161 5191 191 1588 1383 8195 5669
22 5173 6563 1478 477 9072 9832 1960 9128 7128 5983 6643 5009 164 1767 6930 5895 6308 430 6361 4873 190 5171
29 853 1983 2555 2636 4360 9557 5098 8401 2898 4910 8723 5196 6677 5811 781 9159 2180 693 4638 6230 2450 5394 3215 1781 7589 6044 9705 7762 3259
20 6428 5305 2184 4407 9993 326 7415 2023 7034 9783 5960 4526 9977 225 3645 1304 8703 9800 9099 8432
10 3032 3883 3114 113 4905 2659 9534 9989 6086 1118
22 4780 8030 4503 6272 41 9081 48 4394 2923 9407 2363 5703 7323 7982 4947 4015 1605 9891 7559 2225 1706 3472
6 6598 1108 293 3348 5170 4461
15 5760 2235 1682 547 768 3685 3562 9115 5093 314 4951 8545 6405 9880 666
18 9696 3615 3922 240 2336 9997 454 5989 4367 1012 1315 5546 5668 351 3230 1637 3048 6509
6 8273 4994 4981 3386 8228 854
14 9233 1138 9974 6981 5073 3074 4395 9302 6562 289 918 9982 2801 1419
32 5477 5428 5038 1023 6957 3548 9385 5384 6185 7441 779 1392 6119 3007 8718 4273 9867 7145 8453 788 3715 6749 760 2481 5847 8306 4942 6895 2237 2215 3819 338
14 3237 4570 5502 1427 5476 2631 4286 5909 5533 9163 8029 8013 4689 6937
15 851 1528 9743 3065 7224 1555 6767 6041 9123 1894 4119 7582 7774 155 7004
15 9766 7666 5376 6314 286 4345 3991 7637 8585 7378 4650 8466 738 6505 4057
6 347 6865 9556 4109 8238 772
7 7776 7911 3605 7572 2979 1896 1164
11 5705 8183 3769 3524 4685 4767 4864 2540 8127 7287 9491
17 3508 5586 5291 3495 3721 4058 9393 6252 6879 5459 7547 2115 9910 8647 5587 2058 422
13 4776 9871 6586 649 6793 170 7861 6663 3051 4969 1874 4846 4421
20 5924 5942 299 7059 5651 7645 2381 8826 5806 3145 5520 4833 9420 2818 8888 1433 6460 5198 647 4679
14 7003 701 9282 3346 2295 3957 1386 136 7702 2593 382 7311 9361 4344
15 1357 3394 6040 394 4735 3368 3661 9162 4259 9918 5088 7961 8655 1341 8770
5 98 8892 1794 2798 2123
16 8342 6870 868 2126 7973 4856 401 9757 1345 2127 390 6349 7208 4538 4087 6647
5 2245 9510 3327 2153 6901
25 9236 4485 1500 4984 7476 4769 5609 6911 2509 4912 1984 1013 2249 3506 9882 4007 7824 7793 7082 5207 6023 3079 1672 5761 9170
25 1285 2642 7314 6943 4051 4079 7664 4362 9726 6467 9200 199 9713 6840 9167 4041 7703 4086 728 8398 2710 6753 5309 276 5048
6 4029 7608 1808 2480 9548 3670
25 5327 2138 7358 5349 8375 9913 8544 9068 3204 4758 2420 278 3576 2246 2917 615 4940 7115 8266 6331 4840 4050 6249 3975 9125
6 6263 2096 7597 722 6688 5298
4 6304 9958 3767 1297
16 7877 147 8148 2647 3185 8381 550 8741 7209 1412 908 9011 6413 5151 4834 8711
11 7966 5280 830 3530 3369 3165 2615 2411 5529 9212 3139
11 7850 1489 5647 2339 9108 6648 5333 7402 62 6668 4534
13 5034 6633 5659 1142 2930 3933 3668 7197 1002 6470 2884 3468 5878
10 7956 2034 2234 8932 5512 5015 3118 7564 1005 4835
14 7804 9280 342 3635 3665 7648 3077 510 8908 4470 9594 9202 6588 4807
10 9055 5692 4200 3026 526 5585 6164 1625 7915 7305
16 5827 7727 463 3612 637 9845 3998 1184 100 9819 836 4959 1057 8187 3560 2062
22 9715 8952 6845 9999 7180 8603 4207 7737 8107 4917 6383 2117 593 6535 1036 3983 9383 7736 4100 4659 8115 4112
9 7945 2901 4061 5065 2531 7160 8486 1760 9656
10 9874 9724 7257 804 1487 7772 7326 1331 8751 5726
23 7309 6856 4971 8099 2427 1765 3371 2412 5995 3338 9327 8584 4748 9915 5608 3357 5650 6099 9561 8068 5515 345 6613
14 6951 3287 5464 3438 7997 7601 1048 5363 8326 9933 2867 7800 3593 3201
17 8143 626 1474 3995 2385 6287 864 2003 3264 3253 8124 8674 9198 7652 6827 3221 5701
22 1519 939 9857 4323 2833 570 1192 8776 7968 2025 4774 2523 8631 3540 6292 7781 2748 6038 8164 6452 3454 7959
8 3690 4845 2684 4958 7756 2441 3990 3620
18 6469 9670 1343 641 1342 5952 3298 2536 2774 9388 3687 3050 1779 1177 7318 329 9708 8939
7 2190 3919 279 3370 5211 9088 6486
19 3179 8097 6353 6200 9316 4746 493 9835 3106 461 6635 7222 8828 5649 4483 9707 7919 6093 5938
24 3081 9665 9065 8862 8027 243 8312 6457 911 9520 2019 1563 4322 4135 6105 2899 9087 1687 8925 6947 7212 7717 1937 3844
14 1988 450 120 2908 5968 2374 1166 5468 2332 9909 7217 9844 1260 9468
8 3115 5591 5074 1868 7284 8597 6639 9721
10 1566 6616 4429 4661 1572 4771 5916 3641 2421 1151
3 7368 927 7285
20 9813 4499 5026 9605 7894 9225 5770 9110 8912 4245 9683 1253 2433 5730 3691 7067 6037 9932 4337 3142
7 5089 1067 5902 4301 68 8618 7230
14 2198 796 7766 3407 8793 2692 3951 6888 3909 8249 2793 582 5850 6333
25 4737 6802 7179 2278 4608 7164 9289 9035 3572 4598 2876 752 7439 6181 4696 1017 4907 4795 8782 7485 7337 6734 4923 6533 6755
6 8150 5621 2330 4576 5537 4500
20 3073 1683 3 8383 7367 6918 2675 3128 4252 861 9968 6893 9959 735 3673 3086 6414 1735 558 7751
15 1628 4979 407 7054 5752 1991 8699 9442 3648 7507 8759 9562 856 8937 9176
14 4980 4405 2944 5287 5733 8863 8683 8251 6298 5615 6408 5769 2855 83
8 6830 3518 6028 8110 4351 8126 7352 3170
12 4446 1029 2133 2973 4792 265 4552 1940 1028 6231 5893 1714
21 7560 5467 1206 4717 9235 8757 9309 1771 5498 1079 6502 8502 7971 2389 4459 503 6016 2064 260 3696 5622
12 6448 2401 3138 9133 6890 5386 7005 5273 3903 3610 4066 1038
12 9026 4339 6286 4965 635 703 2693 1796 239 1121 1817 3491
24 5910 2674 9429 404 4702 8056 6437 3303 6659 891 9372 3101 1214 5534 2258 7298 6126 3809 441 3459 5326 4385 2749 7740
28 6053 932 3889 9321 4937 6674 9617 7131 49 890 7498 8327 2553 468 3639 6120 2887 8936 3968 6744 6024 6942 9896 9750 3367 1327 1597 4451
17 3090 1996 5856 7506 3740 5887 8920 7202 3058 3159 2931 3166 545 6323 3636 9347 2147
24 7393 3930 7377 2779 1157 1494 4870 9872 7429 6964 4895 9277 5311 137 1640 8978 9046 2781 9220 1049 467 6717 9173 8825
9 6186 5283 2936 9328 6752 4557 8287 7932 1221
2 7364 5259
19 3193 6582 8418 6815 6523 5922 7839 3208 5569 427 2055 1306 5751 7558 3324 3803 2733 6638 2406
16 5788 3601 607 7846 9180 4021 6143 4077 9525 1044 2836 4477 6301 8071 1776 9048
16 6387 2945 4030 3745 3566 2390 6218 5367 2856 705 1508 2698 1928 8442 2584 8267
8 1630 9984 4633 7596 1143 2487 1289 9648
13 5816 1312 3064 1413 7424 316 2168 8032 6080 7786 7281 5107 7273
11 6303 4646 5387 5401 2956 1211 7303 6216 7399 9153 2970
16 4694 3047 4103 8611 9551 5233 3197 3400 8144 4977 234 8064 938 3363 8580 9760
2 5453 6682
14 6060 3226 8795 7325 7999 9150 7463 5268 8944 5235 5907 6590 9029 6696
20 933 1322 9339 7126 6980 9791 2292 3650 5087 7995 9866 5967 4076 9287 3163 2773 2087 4899 8648 2621
10 6875 7473 4282 764 1271 3158 2573 2757 2507 5078
10 8809 4121 5039 7403 763 2585 6995 2630 3671 6430
6 3181 3700 5719 697 5883 8450
17 5728 5715 5865 6465 3902 1006 811 8471 2410 6242 8881 4740 5044 1992 9929 1460 6837
19 9964 8684 6526 3821 6097 2391 7130 8006 798 6571 4180 1473 8951 2321 5805 3978 2739 1648 6046
26 1624 5195 8890 2199 4523 2601 8208 6281 4888 5238 7050 7122 9531 1163 4240 5648 9590 8075 9848 7363 4438 9433 6708 6436 8333 5345
27 373 3618 7074 1998 9639 4383 3575 3213 4373 9060 3200 4862 6011 8423 6754 2598 5213 6087 8366 687 3471 378 2590 9227 739 1539 5300
9 5696 1106 9549 8610 792 9434 9487 6697 1277
5 9404 5891 8067 6618 9893
7 7258 7625 3627 2581 5674 2687 4695
16 6233 2253 3826 3497 3887 3666 4858 4756 4747 9961 333 6818 6850 7784 196 4884
18 1787 1741 9738 9053 9120 645 8235 3381 4672 9564 3376 9390 1732 4636 5145 3485 6857 8955
21 3155 3908 79 8926 3120 8205 2304 365 6936 4484 7634 7400 7418 8758 6344 8390 8096 2778 560 2767 3590
18 6517 1466 8838 9674 7580 9917 9248 8658 5435 515 2224 6670 4605 7989 8514 998 8827 6921
6 6525 5452 7484 5638 5275 7385
15 8229 9777 4520 1730 7611 34 9330 64 6495 6285 2571 3325 9960 6116 8738
6 4194 7986 4535 1602 1154 2141
12 4297 7479 1649 9725 3811 5199 4522 268 1339 581 6627 2179
13 4788 2066 3335 1728 4996 8461 9894 7299 6167 8433 2367 223 1293
7 9684 7343 8310 8694 4749 4257 7906
9 1942 3551 6699 4903 5239 2623 8943 5057 9654
19 3353 5633 8257 5966 8573 8353 6406 8445 509 1798 1647 5169 6694 8810 9063 4502 1620 4315 2776
17 3963 4796 179 7089 5506 2544 3151 7173 5731 3462 9992 2489 2972 6223 984 9364 3076
10 8701 8894 2655 4115 7908 3875 2437 4471 5892 3544
28 1436 9427 2285 2470 1186 822 1316 8527 1878 8259 9890 2148 5037 3830 2542 103 1684 930 7926 3039 7396 4781 177 443 3205 1846 2611 2594
20 4416 9628 1284 302 4688 8965 6277 1583 9912 1018 488 9898 9 3041 9156 4731 2724 6058 9250 4673
30 6710 6199 2463 1409 599 7175 4989 8698 1210 6139 3011 6731 3427 3494 295 5357 1601 4270 9843 1156 5882 7746 9124 6096 5371 6935 1420 6458 4524 2461
16 6975 2984 1055 1431 3078 5594 7731 3351 3657 5986 9847 9411 8720 4664 4593 5763
28 9114 3411 1590 4179 4611 9377 5177 2327 1241 5487 4634 2766 7954 650 1804 1447 5102 8322 5285 6552 7964 4544 1829 740 1417 7790 9603 7056
18 5379 4408 5400 187 3490 4671 4589 5507 6163 6573 5099 3190 8553 8660 4882 459 1292 3728
20 2974 432 9729 1451 2298 3581 5799 6992 5229 114 3284 5482 790 9568 4885 3625 4964 2572 3161 7191
10 3487 4842 2415 7693 7638 2342 6003 7917 5822 2251
12 4815 2792 2136 104 6378 1886 9963 2284 5348 5987 4400 6954
3 1596 8404 1085
14 9380 5424 9927 986 8158 6258 361 1391 5698 2317 4012 7534 1530 1326
3 7690 1710 1071
21 5110 5521 4591 8695 8357 4970 4186 9952 9001 5781 9101 4691 4102 3839 5423 2334 5499 8992 5226 3792 9102
12 7427 7987 2020 5736 8884 4014 5154 9855 4494 5252 7159 4963
6 9480 6596 3795 9651 8993 7113
5 4812 3663 9741 9946 3555
11 9237 6522 2863 1054 9930 8780 8194 5913 5838 6134 8062
11 4359 1559 1 335 2669 1893 6035 9251 8171 8161 9748
11 1916 9363 1251 8710 5988 3194 4460 4547 3527 7033 2257
19 2017 1378 7077 5190 9094 812 4629 6485 1162 6013 1296 4559 9369 8801 1969 4325 2192 4588 667
8 7920 9943 1280 6968 8046 6255 5193 756
13 3056 2340 7858 527 1935 6546 2277 4284 9449 1266 95 8960 4437
3 819 3948 349
14 2868 9003 1093 3464 9716 7432 6177 2609 5269 6604 7302 9270 9191 7887
13 6388 9942 4804 4658 1665 2065 5757 1491 2358 9990 8656 7958 6021
28 5081 5620 2617 5049 5063 4249 3428 4198 1043 7864 9776 5025 5559 7353 2744 8347 2047 4621 1396 5216 2361 5062 4097 3016 4311 4763 4653 9865
25 668 74 1364 7317 3817 5540 122 8260 4453 6878 1139 2910 6225 5508 6169 9823 3890 2414 9815 3634 6950 5947 7514 8969 3573
17 4320 2942 174 1744 6132 653 2033 4289 1677 7036 7045 3119 1543 5155 7883 8567 1668
17 1562 418 5740 2105 1749 8702 614 2498 3777 1811 1769 277 9702 8959 5254 9638 4365
17 2520 3842 2137 9732 1863 8241 4662 6747 1016 4779 9876 4773 6657 7185 496 207 748
14 1454 754 9593 9939 9745 3731 7578 341 54 9546 1752 2828 9570 1813
9 7001 9145 7976 7106 1229 8009 6480 8659 9179
5 8328 2810 3946 4423 497
18 7064 1398 5771 4913 3719 985 1486 2586 3766 1273 8772 5050 8192 4111 5945 481 2008 2649
24 186 9366 5946 2579 8896 1425 8379 9061 2570 5870 3741 3631 7830 6313 8002 6056 5454 9678 2888 741 2338 8654 9301 4684
8 288 3445 6463 198 7215 8055 6278 1853
11 2035 716 2985 6377 27 7865 9104 619 3545 5702 1770
17 4976 2191 6484 706 3349 2290 6558 6816 1404 5439 1052 2627 8304 9482 5934 414 4348
11 6483 5241 5336 1196 2354 0 8804 447 4166 6913 7732
9 7227 1670 7452 3463 242 3748 3262 1692 2860
18 2648 4068 917 2716 5163 3496 8503 4750 9512 8338 4583 9500 8590 9822 1226 7019 7344 5179
6 6117 1390 3354 63 9106 643
13 6548 1723 1867 2262 8345 6549 2903 2404 2719 1688 3277 1153 2846
7 9536 6652 2324 9267 1766 9892 2737
9 8339 2783 4604 4744 8495 5144 596 4330 6813
7 2379 8138 1569 6365 7526 2980 7816
16 8734 1545 3684 7267 6180 3976 8830 3252 2814 4199 9201 9332 1046 5727 9355 2992
12 5619 8220 953 5828 5624 3794 5714 7631 2665 5030 6869 6630
23 2826 2607 4743 6519 600 876 8343 9592 6760 9747 182 1623 6247 1258 1599 9697 6912 5753 1970 1347 2125 1745 8449
11 2736 4682 9018 2129 4921 4778 6103 6516 6050 7047 7104
8 3906 3592 3089 4480 878 6665 9784 9514
10 2099 298 3832 8354 8916 9151 5869 1859 5114 3235
5 7948 5561 3457 2705 7324
19 4718 5301 7383 9922 3831 4850 7246 1509 4668 3140 8903 4677 9071 6795 1933 58 4300 2299 2948
21 5536 2795 3711 4687 7586 5577 1861 81 6811 3732 7371 5419 5950 4425 7487 7640 37 1361 4705 9502 9310
11 4832 2799 611 4033 893 7739 4889 7867 5001 6337 1287
17 1178 543 5103 965 45 2159 1102 8360 6165 6529 8501 2360 3408 8387 7955 1577 7153
10 9808 4420 2132 7643 1235 7349 6217 2565 8633 3053
11 7934 7761 4681 2560 4880 275 7984 3395 411 5310 5385
32 8065 9619 3519 254 4321 3654 8302 9901 3157 8231 2244 5484 7124 4465 9149 7225 9587 947 4088 9814 2193 696 6376 6777 3251 9538 7119 7525 2315 2446 1225 8548
8 7662 5826 7545 8103 3876 1275 1772 2182
12 4529 3066 1909 3836 2154 6027 5681 2668 5875 9192 5403 5855
18 7675 1328 5545 2854 1858 1870 4306 5722 8874 6205 4936 6997 2587 7048 6607 7962 500 462
17 7975 9812 9953 7080 7342 3224 2753 9030 4150 7252 5279 2534 9558 2839 870 1554 2484
2 2436 8395
14 4054 1718 6320 3291 8424 1113 6706 369 4418 6012 130 2721 8988 3788
8 1875 565 5908 8643 3692 6398 3994 7949
11 4670 4560 4434 125 5286 1777 4660 2938 7467 7234 852
15 6932 7801 587 7136 654 1223 5064 5655 227 896 5993 1190 2333 1885 989
11 6568 9406 8227 1791 8372 270 838 9269 9313 371 1956
16 301 4140 3313 7715 3699 6113 1228 53 4635 6953 3758 7818 8671 5374 2266 839
6 4067 8180 6047 2300 793 2078
20 3534 9609 9753 6736 4185 6329 1802 3736 1629 1609 7380 3318 8295 1050 5390 8788 9694 5019 2319 287
13 8620 6960 9241 3307 2063 246 1518 572 4160 7334 2521 8230 8408
14 354 9253 4044 2495 6914 5742 6142 6928 5877 7673 4350 780 1111 948
19 9439 2499 8308 5787 5330 8997 2471 685 1437 2989 2448 6083 4389 800 8934 3267 7509 4801 2352
16 4075 5955 9206 4352 3621 8457 2800 4962 3979 6228 3624 9831 7375 7049 6251 8434
4 6122 1788 2107 2428
14 9329 6257 2886 2384 8549 5083 185 5900 6667 8901 6612 519 3282 1594
19 4016 9498 9155 140 2619 1888 7201 4851 4401 9991 9043 2453 4908 597 1967 9589 5470 5519 7635
8 2947 6389 3109 6327 9418 4122 2566 7750
12 3939 7921 1329 5119 2526 9062 7038 3020 1464 9119 3872 110
15 6610 8634 7462 2902 1497 5013 957 2618 4683 8956 9908 9032 1222 7453 6806
25 9086 109 2597 52 1959 7150 7713 4216 1680 1912 4031 4786 6917 734 2568 1325 5481 4071 8086 7988 3131 6373 1534 7022 169
5 4783 4692 960 7759 640
13 9523 3202 7627 8889 4202 9367 7313 3124 8692 1069 2164 6396 7513
27 7263 6847 1403 3783 3515 762 6655 7210 2362 6808 688 3433 26 21 1218 129 9904 5982 2516 5347 8269 8222 1387 5338 249 3713 5783
13 5360 5479 7127 4074 4490 4327 8370 2355 7 8186 2681 8374 2514
9 4130 2459 7177 4481 4974 9386 8358 7796 950
21 160 9083 575 3553 5737 6111 7328 5868 6925 8200 8437 3141 2728 4205 8630 6130 842 108 398 5862 5232
3 9604 3209 7752
23 2871 7475 1792 3629 6720 3292 3052 5440 576 5874 9338 6363 7140 5178 4699 5842 1716 1852 4949 8298 5302 7044 532
24 5802 7710 4411 3669 1137 5605 383 9945 8787 7231 4495 4381 5138 5274 4084 5906 5432 8774 6600 1493 5183 6637 3597 4587
25 3268 9260 7075 438 9578 7280 1167 2424 9727 5186 7587 363 3942 1824 1547 6089 1532 5673 1657 991 4364 1613 4176 3587 9395
17 3473 6296 6000 862 4648 6894 5303 6184 3337 3339 8622 1019 8900 5496 4356 1240 2927
13 8678 6756 9877 2211 3724 4063 193 525 7279 3676 4023 6081 1220
14 1615 3182 6352 1814 8814 5744 7216 8477 4932 2879 2166 9779 1011 3263
9 5602 7706 1272 5756 7519 8378 531 1764 8855
23 1768 620 324 8201 8724 7869 9736 3311 7374 7882 3347 5775 300 634 7118 7465 713 1278 5133 9875 6173 9067 9521
16 4022 2259 916 7100 623 4722 2747 4332 5796 6581 6841 3857 8722 4663 6471 4577
6 2690 3375 3870 6776 328 9928
8 5244 9805 9344 2482 2786 7577 2202 9037
8 5471 920 1187 5849 1267 4916 4371 2841
19 5665 1182 5748 5462 8113 8491 6433 425 3355 744 6536 7909 7554 4667 6380 8499 7899 2933 284
25 8095 9239 2091 4721 8921 929 2559 3450 3439 2877 7870 9056 4062 2407 6751 423 6269 2122 5153 3847 9692 3522 2551 5359 9762
7 238 4652 9076 7533 9214 2426 1353
19 8036 4566 6619 683 2900 4844 8163 8131 9596 4285 1323 2519 1595 8386 2614 3029 6447 7811 3513
17 6689 1634 4222 8727 4313 8924 9903 9586 9677 1062 4105 6187 4317 559 9256 406 3768
12 7006 914 8619 4144 6873 5623 8319 7672 7333 8589 7538 8602
12 5798 5020 1544 1938 2809 3095 7107 4997 8511 20 2963 9972
15 1505 3772 6494 8119 1490 6826 8470 5835 4452 165 5188 7448 695 258 1405
34 5201 247 9412 6574 2383 7087 4486 521 7098 871 5448 9475 717 2247 981 3773 9774 1568 5321 4530 5134 2535 5288 4595 8174 3762 1147 2577 1393 5998 5158 9987 2806 1027
16 799 5397 5066 7618 4508 4165 6532 9359 6698 6017 5175 2316 4876 9508 2732 38
16 9074 1441 8179 6266 1414 1136 4428 3045 8507 2513 5017 124 3019 7663 5323 7397
38 1575 8410 8626 4372 3317 9652 56 7838 5901 7053 4217 1422 8211 533 1800 9415 2741 1346 1622 9485 5732 9000 8224 4988 7253 1549 886 999 8069 51 6140 8380 4764 8794 4584 5137 6061 9581
6 2689 158 4527 5971 4275 6844
10 4753 7753 2688 2269 6730 7149 2677 6341 8309 9584
12 2960 4027 2915 4417 8167 3557 8808 2093 5949 7508 8775 718
7 9113 5118 1778 2873 1063 4397 5717
18 4287 8679 3756 7012 359 2200 6679 156 2128 4929 3829 5256 2375 2588 8384 3183 8019 7532
8 7405 5797 5240 4081 1557 7769 7421 4113
17 9537 9842 3565 3199 4849 8225 7528 5965 1064 958 8215 1806 850 9215 8519 1469 9448
11 5513 5764 5634 513 6929 3466 846 4489 4493 5923 9851
17 5857 1953 7147 7832 2950 6385 5450 2413 4924 3084 3637 2392 5543 8090 3116 8796 8833
23 9706 4757 8563 4992 5567 4442 604 3275 9560 2759 9728 8146 9323 8904 561 3283 8010 7983 6976 5683 6395 3744 6144
17 6256 6208 9045 7170 2109 6673 5221 7606 6599 6147 4444 2037 5312 4785 9470 3550 6221
12 4085 905 5493 1834 556 5337 5710 2951 2057 1025 6614 8769
16 4387 7782 7668 6094 6472 7013 2178 1915 971 5555 7062 5417 4548 8565 621 9680
19 8217 483 2702 1831 5584 367 1877 2227 8468 6450 6332 9995 601 5033 3965 8494 5372 3917 6418
14 4253 1758 7105 9040 2397 9152 9830 2206 1033 1000 9998 3750 217 396
9 9405 9430 7946 5606 2343 9478 1351 9147 975
14 5391 3083 578 6110 2718 1279 1089 8922 4261 1974 6883 495 7143 8427
11 6524 3420 727 7875 6442 4036 5598 5804 609 9082 6493
16 8717 7723 9806 1947 6721 551 8169 3841 3881 1902 7669 3642 4991 524 4716 4267
21 4089 6982 4009 990 5157 4787 4183 942 8891 4473 1548 3594 7813 7031 6642 4404 6825 8040 128 1516 6237
9 5007 4118 4575 2815 212 3549 1207 1775 4221
6 6279 7275 9687 9052 2281 6898
17 7927 3100 4430 5716 5069 5568 2349 7388 18 4898 9785 5032 5334 681 8455 9172 3714
12 2226 7446 206 2869 2009 4191 2074 266 954 3861 9346 7542
18 7719 8742 660 6348 28 6834 3088 5628 7803 146 9528 9438 8767 9193 1397 978 6530 6764
24 3300 9673 1141 7689 7599 6580 9642 7250 2041 7154 1652 1586 4251 7695 44 9574 8913 4919 1908 7167 7863 2108 4640 1740
7 61 994 2473 8681 6835 8464 6168
24 8745 3898 5800 4555 4195 8577 4759 269 1512 1369 782 319 221 3718 7148 1958 5398 7235 2156 6896 1269 6854 6455 1134
18 201 7716 4521 9718 5128 6931 2291 5108 5699 439 1936 8498 544 3823 3356 1585 381 4083
21 3379 6868 6424 4124 3716 8546 5765 2651 491 2418 344 5149 1812 2287 3035 7438 2121 5382 3509 7174 841
19 8458 6566 7531 5281 8918 7297 4049 6544 1783 5790 5113 6592 5932 1001 7198 3006 1270 5896 1340
19 8569 583 3726 263 2880 1423 1550 3265 6862 4008 3589 4265 7687 6204 9168 9542 6649 1197 1252
23 5172 6570 4517 7656 3123 3174 6360 3585 2283 707 7461 8399 9021 7726 7515 8843 1150 7809 8556 7979 4409 8779 1429
12 7112 4060 4072 9662 6476 7262 7319 7974 6822 3456 6246 1818
10 2069 993 99 2755 9409 8885 9577 8128 4853 9849
10 3178 8258 6015 362 6758 1985 5646 1338 4955 2505
28 8531 4003 5689 257 6718 4909 4891 546 2 506 4187 3672 9916 5076 8732 540 4310 9834 7052 6235 775 8022 4536 485 2236 2958 5421 1892
15 1254 541 2476 2256 5872 9218 1851 7489 9790 5631 4805 8020 1348 9810 3207
13 629 2313 1344 8420 9820 9980 2483 5889 7684 7977 1298 1799 2029
15 4467 858 3238 2722 3104 7646 1291 1368 8054 4825 9701 8145 6148 7632 7171
3 2497 5393 7214
16 7504 3067 8368 7347 831 4281 1904 8612 8484 2952 7266 3470 117 8713 9618 7742
30 4398 7483 7871 8998 6176 2865 7603 8942 1865 8789 442 9839 8653 8666 5130 6234 2628 3316 8688 1007 7413 7086 8403 1927 7574 4000 639 5354 6306 138
17 8996 2464 7812 107 315 1503 1646 7248 4645 3992 1506 9679 4197 7754 6282 8604 652
7 5530 3662 808 7612 9255 5666 3981
5 6545 348 8629 7783 535
38 8389 8704 5566 9681 6803 7455 118 963 6466 7623 2837 8082 9789 2310 1382 7200 330 8675 8846 7609 7466 5425 5768 6773 9905 3186 9216 5639 5237 2302 3869 1468 1245 4874 5125 2966 1642 3243
16 8781 3117 8250 686 6853 3132 507 5341 3254 1895 1355 1635 152 4244 6851 4435
14 937 8911 6489 3176 4043 5218 7226 8608 5060 7336 6686 3223 8352 1428
14 875 2272 2228 8815 2119 6468 3421 3110 6628 1283 3143 1100 1165 2445
9 2667 9247 3913 7103 4504 2465 5086 6666 3049
4 9481 758 4213 5299
10 692 4707 3916 9690 1373 7734 5271 777 3588 6491
30 5640 943 5458 9275 5958 3225 5036 1262 7721 4038 5343 5592 829 8946 3418 8076 2962 1511 4189 3361 8733 3312 9232 9967 6171 7194 3436 3927 6109 5766
25 7735 8472 2726 5663 3502 1763 1513 2144 5077 7819 7469 6858 4839 976 4777 9431 6133 590 3505 9539 9906 952 2485 5656 959
4 1618 8314 9379 290
14 8558 1955 5969 757 1616 1168 9288 8236 2832 8736 1667 4644 3710 7704
19 2524 6299 9853 8393 4266 317 636 5750 9007 2279 564 7543 5136 2924 3249 5418 3082 4280 5652
20 8902 6584 9567 6123 8413 132 4488 9376 6161 303 4001 4736 6175 43 5708 7416 9019 4643 6409 5720
17 5846 4507 1243 8625 9695 5782 1115 9100 194 2694 5840 9631 6958 2999 678 2713 1879
19 3765 3043 8557 9197 7831 8665 1987 7561 8094 5930 7270 7409 4848 7837 8974 5926 3608 285 6798
9 9919 4248 2784 4542 1359 452 2708 7010 9399
21 2038 2761 6364 9735 65 9334 8111 789 5406 3567 883 6617 8528 6146 8515 504 1558 6528 6695 6838 1381
24 9797 6690 2307 5431 2102 9459 3964 6356 4093 1807 9975 6782 8460 8994 5006 7767 7020 8628 5204 486 3278 8518 6636 4065
40 3004 7671 9955 9780 751 3725 5999 3878 7481 9286 5564 8004 1337 3955 9636 9506 3219 8277 8859 6229 1708 7712 5328 9614 6490 1570 1349 2094 1321 2085 1131 1746 2785 8510 7660 2712 9105 8570 1389 7168
