25 3160 3126 2701 8462 9107 8004 5530 545 6693 7838 916 2114 866 9283 5479 842 1625 7797 7548 2102 9514 4020 7029 4827 2634
26 5954 5721 8586 9751 3291 5883 4302 4809 7316 400 6989 9051 1406 6904 6924 6724 7003 8459 5626 346 2987 3098 9353 1615 2249 7641
29 2822 3765 1670 7394 6756 5478 5875 6854 3156 2097 7503 2857 1044 1642 1135 6226 2889 381 9597 8059 8104 5234 5660 2819 5549 6068 9094 6680 1508
34 2921 1365 5881 1080 7177 4628 8970 9350 1411 685 8876 8499 9839 7275 8159 7990 9068 1294 6100 5971 618 500 9516 7497 3864 8088 6569 6002 7617 396 8743 7697 9607 5273
28 5831 9506 7442 9625 7800 8506 8588 1242 7407 8047 5347 8826 7290 4120 8283 101 226 5986 9171 4029 1005 983 2862 5491 6217 5915 9873 6172
27 7136 479 9384 4476 35 1322 2021 4652 9173 2826 603 2424 693 8129 1346 8023 9162 9512 1987 9373 542 3483 6751 9705 4680 2786 7577
29 3117 3302 6030 6374 3536 1575 996 7748 2937 323 1837 4869 6674 564 9135 178 7725 3677 2224 4610 4305 3428 4206 2764 3990 8772 251 3906 2668
31 2820 665 8438 7367 7667 1093 8609 6112 4630 3481 6357 1647 4212 6010 5664 4420 4761 4902 6940 2087 3690 1230 1510 8748 9063 2302 4407 6654 4197 3758 447
29 9997 4166 1407 294 971 1784 8292 2142 4031 3797 9057 2977 5330 7238 3344 8614 3088 6307 488 5339 9399 5686 4531 7090 7261 8062 1367 1635 4347
34 835 3051 9592 9754 3836 9391 7944 1932 107 2161 9548 8976 6993 5450 2837 1567 4232 9387 1973 8082 1656 9429 8705 7716 162 5981 2437 9124 9576 9934 4237 1851 6121 5193
30 4506 7031 8166 5128 3763 9273 1220 1293 3335 3647 3989 2651 9029 2314 1498 8109 6438 5567 7129 2344 7646 3964 9684 293 4613 4721 7332 426 9438 496
28 8450 9787 968 3707 7668 3225 9395 4194 2009 1444 529 7300 3251 2730 1504 6078 9776 2974 6219 5807 885 4624 3910 3588 9208 7246 2075 8514
22 7833 6231 1025 970 6752 8441 8904 8689 4064 2382 965 8982 5495 2449 4024 1966 3586 5017 6366 3652 3038 8909
27 2603 7222 6640 1410 9621 8714 7185 9235 4083 1986 7423 9007 6018 6272 6892 7199 8578 6768 9530 6349 4755 8408 8302 5285 1690 7555 9895
25 2854 7251 4151 2746 9831 6616 6979 3215 9270 2955 822 3416 5093 3657 7888 9671 9758 2871 3561 9193 4631 4702 637 2016 9577
28 2139 3866 7436 1770 1657 9006 3362 8008 1303 6137 2056 6716 920 449 903 5236 5060 8056 272 9062 9301 1347 7991 5430 2189 1001 2678 722
27 9670 9460 8971 2 7084 8910 9745 3430 4519 5694 832 6147 367 2727 5287 5884 7585 7093 438 3178 5190 5560 2311 2306 9444 6017 3595
28 1959 4543 8434 8134 9079 5968 9097 682 1245 3192 1839 4641 7135 1166 567 3303 585 2888 1613 3754 6958 154 4245 7600 2667 5231 4832 6898
24 1785 6250 2860 5082 8968 2064 6472 1423 8260 8552 1436 1507 8031 9209 8837 6853 8 433 5715 1538 8164 3668 824 1778
27 2635 1717 8903 3694 8193 9856 3934 5278 413 7082 7195 5869 2893 1876 7081 4035 6736 3394 4445 4462 7073 3542 5527 9687 5432 3080 969
29 6933 4944 2535 1462 6500 4231 745 9084 6037 3863 5811 781 3034 4378 6223 4609 3222 6232 8312 8863 7274 8163 3977 4733 5615 3717 2275 7319 9138
30 5260 416 5895 5448 9874 6710 91 252 3340 1643 7958 4547 4081 5132 6398 5519 1272 6376 3571 1910 3736 2180 7657 7490 2885 5734 8589 1954 537 5674
24 493 8875 1560 4001 9909 1998 6652 6572 3791 5699 2076 4376 1761 8124 6977 1763 8016 6270 5961 8169 1790 2618 7968 4775
27 7590 5324 61 6382 2966 2519 8798 8486 5879 1688 4564 6728 3893 5808 7033 4700 7676 9017 6775 5616 4041 9377 5110 9563 1270 5897 7272
26 333 2335 2003 3757 2218 2301 9762 974 8907 7877 4985 9381 7212 6302 8196 7964 3843 767 9061 5709 195 7457 2731 378 5774 511
30 6261 8927 9797 6117 9416 4355 6817 1897 230 9690 4130 8455 8512 9367 3723 9513 646 3007 4554 7920 7827 6579 9903 3661 6181 7951 2123 3381 9544 973
33 2098 9227 5669 3950 2195 2058 4486 6212 7561 8812 1219 7743 1694 7939 123 4128 5546 5790 2341 2181 8984 3357 9479 2905 6260 2626 7858 6203 8070 371 7608 1627 582
25 7759 552 4400 3557 7728 6902 4672 22 3500 9562 8507 710 522 234 9564 4059 4321 7879 967 9926 4449 8818 3237 2523 3769
29 2734 182 6992 7529 276 2244 1059 4784 3292 5126 9329 2613 9883 3835 1402 9233 4177 6968 3602 7975 5468 4725 1696 2363 9004 6490 8744 8694 5255
30 6599 4066 7946 5209 1983 6655 4 3331 7158 2770 3103 3429 5045 3453 9769 9547 8242 2740 1403 8900 7504 7444 3374 9977 7524 3208 7478 5789 8392 8799
25 3060 1756 7203 6267 7693 4263 5293 1676 3379 384 8604 4425 8038 2300 3535 7023 7640 7255 3861 8648 9667 3710 2828 9358 4771
24 2446 3361 5185 5151 515 4795 8897 499 3887 1692 1861 1799 6178 799 2151 9140 5098 7433 8524 8101 9550 8219 2737 5002
30 2234 8227 4535 421 4408 4183 6205 8581 9851 1089 203 7400 1214 331 6024 5135 2527 8667 4654 3433 3900 1072 7197 9198 4319 2328 6201 9633 5257 2791
28 5454 7426 9215 2649 1772 2147 7412 1944 5861 8224 4460 2547 3606 8605 3585 4167 9630 2697 100 3738 5264 4265 2405 717 7156 4913 3030 6055
28 2922 227 7014 3278 6278 630 1821 8042 2509 8505 8821 5817 278 758 2663 2596 5444 9521 9313 7182 823 6797 5711 453 3583 2357 6442 7362
30 2772 2482 6237 8884 5058 9380 5523 5059 5963 8231 6298 1553 1145 700 3971 9653 3638 9518 4711 9048 29 3257 752 9582 6094 7926 8619 6480 9154 6627
25 8033 846 8366 49 6102 1855 2221 964 9848 4017 3262 3298 3705 8601 7558 5174 3253 260 8102 372 5996 4291 41 2530 2630
32 8103 9243 5197 8026 9397 208 5022 3625 8700 3774 5509 5501 1460 4410 1439 2432 1351 9509 7133 1043 8767 7226 6645 7452 6254 4255 1518 5809 1022 3074 6061 6441
21 4172 8850 3919 3164 6727 9660 7268 2355 4601 1308 7757 9047 7438 4742 4806 1274 6733 3627 9813 9535 8941
26 5634 1822 7721 7691 6419 1555 5474 4062 9842 1548 5998 2017 8436 9712 733 1 1231 3445 8735 298 9978 1626 192 3958 1315 2611
26 6428 2150 6245 8003 3811 8701 5368 6990 4003 1519 8325 1419 5083 9651 3812 7276 4815 2792 9626 1006 8729 1786 7192 1801 3857 75
26 7245 9984 3518 7249 1740 1009 4758 4413 8309 5597 7466 2050 6145 2817 1416 1511 2290 7333 1356 1953 9364 4993 6293 3988 9786 8009
33 45 1179 6683 1751 3099 4710 784 9242 1487 134 9310 3865 4040 7536 2178 9655 5219 1667 4776 2692 5399 5605 6081 4409 2978 2812 4196 65 6722 7123 5007 849 411
30 8854 3501 9522 3172 5566 8074 5829 5945 2129 5772 8874 5601 9089 778 2878 1262 664 9483 2312 6725 9396 9026 1912 5286 9020 8533 6783 8978 6955 6405
26 2368 8177 7380 5910 706 8410 8873 5223 1836 3234 7672 9809 1952 6836 6450 6451 6530 2216 9901 2366 7055 2927 509 448 6240 7559
25 9475 3516 5387 7116 62 6634 3830 9393 5856 1349 9857 3134 3502 1936 7167 131 7546 461 7495 469 4908 4666 4840 5317 8879
26 5679 8170 502 9636 1969 8500 9289 848 5142 9973 8889 4835 8639 7948 9668 5827 17 5087 6116 8888 197 8203 4138 12 3404 3444
29 3042 8053 2144 4817 5188 164 9986 4465 1610 8289 4153 741 4906 1280 231 6380 4970 1632 1623 3728 9746 1984 6165 2471 6455 7339 6053 5386 2444
28 1666 1860 9804 4046 678 9537 3297 1767 8652 5096 3314 8337 4294 918 5373 3939 1848 3276 7325 7669 8962 2691 9320 574 8539 7978 8114 2288
25 5266 34 7922 9817 7603 3412 3651 5748 8638 1233 5420 8666 559 7898 3193 2492 5927 9005 9226 8071 8075 4416 3157 9505 4037
27 6440 2223 5475 450 477 5783 320 6764 9203 6138 584 986 8814 382 8373 595 7168 1234 7391 3165 8716 6858 6709 5805 1655 6564 9741
34 3039 7096 4766 5653 9042 3524 9139 8766 7878 3770 5355 4679 3110 798 2080 2204 1171 3301 2219 6621 1781 6965 1806 8662 6468 4528 3823 4403 3498 3848 4905 20 6271 1397
25 6613 6493 7485 3917 4969 2983 1895 6567 6263 7284 5442 7846 3449 7702 4839 2034 5393 1252 8181 6194 4324 8485 4490 2467 5823
29 6198 3833 1491 7979 1139 6351 6520 397 5580 4487 5763 4489 5412 5198 4277 6743 9292 3409 8975 6905 4023 5139 7254 1475 5155 4505 3111 5275 2925
26 2440 1037 5127 8234 3346 9456 760 5822 9308 8466 1493 228 6192 1968 2704 7681 904 4541 3255 3217 6196 1481 8965 8846 2008 5779
35 1434 6062 6461 6265 4239 9073 6445 9980 7086 9533 9939 2892 4110 21 1622 4533 3629 877 7973 4368 5104 5026 8319 6050 9875 495 8030 5039 5158 517 3308 6821 1484 8683 1185
30 8019 5555 9128 2430 3733 1588 1138 7489 4692 7660 734 9067 9993 9677 7989 133 9261 9931 8362 7378 6334 3184 6020 1008 7434 8763 6761 9916 6969 6135
29 156 5604 7042 906 6922 73 9665 2608 4387 6186 4958 4262 3315 2577 5782 9923 4312 2327 1156 307 3761 4772 963 3995 5571 8979 1015 4268 2296
27 6812 4217 5258 4391 2920 4273 3182 7592 1317 4140 1182 8855 2413 2982 4525 4310 2806 1684 8208 201 1514 1669 3450 3909 3138 4235 4978
27 1711 4824 6410 8421 5796 8532 3212 8206 38 1723 8899 1701 4723 274 9757 5643 3231 3248 9473 9230 2816 269 9657 8852 3800 7804 3436
29 1134 7611 6459 5308 6822 1300 1160 1306 1872 7243 9466 2682 1892 369 5394 1224 248 6682 5421 1355 1528 2240 8633 5702 5936 1323 9697 5320 7234
35 5876 7984 9940 4697 606 3420 9451 6385 3280 5175 5169 6813 8448 858 6129 989 2125 4955 884 241 1246 5636 4876 1200 9210 6848 6602 10 3112 7281 8018 8596 8819 2155 6014
29 1566 1574 8592 5237 2756 3623 1985 3610 3300 1602 6606 644 9618 3269 1706 1840 7889 2407 4451 5179 3658 2162 826 113 3998 9947 4698 953 4594
26 2758 1192 1700 7865 3040 2435 4575 9854 6084 7305 5964 9118 2549 3047 1495 2319 1823 1164 3750 695 7074 2250 3493 6303 8402 5107
22 5959 1113 8052 1631 590 8111 7347 2499 5090 8147 3055 7701 1413 2110 1366 246 3397 2796 621 8731 578 1651
27 9151 1339 3903 663 2236 4722 3281 5760 4229 452 9862 7459 1914 4373 7763 5187 716 5931 6383 1617 6592 4155 8777 9134 8918 8479 9958
22 9861 3417 4137 9267 7727 4375 4583 7035 938 7622 4470 3880 2602 3788 3206 506 8905 7897 2478 7223 6598 519
29 4467 9832 328 4751 8282 780 5224 3949 8201 8920 8460 2001 1083 2835 3631 5282 7739 669 5242 2026 4301 728 9369 459 3219 4959 5813 5054 7502
28 9738 6687 747 2048 7482 7149 8553 420 3330 1825 359 6174 153 9011 1161 247 7710 864 4208 3469 8706 6317 2990 1820 2881 9410 7907 4977
27 8725 4503 8566 9190 8368 4358 8005 2415 1290 2887 2390 8149 6540 6106 1732 2723 6132 7092 5992 8010 1857 5359 1369 2968 2809 1921 7414
24 2863 4926 589 1004 2771 3675 1849 9664 4749 5230 4845 4406 3885 4924 1992 3874 2784 4884 7411 486 1881 5780 8317 8180
28 7080 350 4966 8261 919 7065 3724 5659 7484 3431 5018 1034 4617 1063 6306 324 4604 9000 7420 8676 9652 6103 6339 6833 3092 950 8351 9212
28 3883 4769 4607 8072 4076 5167 6163 4638 5064 3849 4986 2617 9344 713 6362 7750 4498 5078 668 5011 9508 2991 9285 3796 9731 7593 3952 2436
30 691 1140 5129 7890 7867 7974 8834 794 9324 2183 6287 8931 8115 5265 9959 7853 1927 7221 5340 9846 1940 725 4209 7376 1951 3940 24 6371 5707 7264
31 7318 314 4951 9747 5115 2305 3295 5005 2569 941 9808 4396 3144 9760 5847 7549 7623 8095 4244 7292 4070 72 5469 8382 520 8252 6838 2567 4561 2915 2661
30 5455 2813 9039 9735 7430 456 3520 6162 3304 6188 521 8861 6471 1535 2419 4865 3378 2127 7293 6855 1500 8576 9557 6013 5466 4224 3589 9866 9838 2480
25 7678 1066 2239 9302 8620 1525 7651 2891 2354 5006 8051 1047 4704 5816 9693 1077 206 5184 4664 1765 9064 1559 6656 4712 7775
28 389 7219 8733 8439 158 8239 6686 2158 1193 1118 2030 1023 9739 6253 2551 6742 4113 7834 6678 5362 4220 137 7967 692 5276 9802 7049 5885
29 6130 5938 3005 879 2439 2574 8645 7916 597 881 7525 4612 4218 8223 1783 7912 905 8403 9199 7198 2159 6109 7512 7754 4961 5586 8187 836 4821
23 8980 2573 1267 5726 8257 173 5568 3494 71 3879 9996 3129 6079 8313 4886 9843 1155 3626 7354 9143 9613 2716 9109
26 2995 7643 128 6474 4976 8679 2728 5434 5028 642 9179 9185 8560 5577 5487 8537 3372 4491 2733 7904 2421 828 2454 5882 287 9837
29 9058 6610 915 3921 9378 6073 555 6215 5687 3484 3846 5024 924 58 7018 5737 8773 5899 4595 4899 6913 2074 8606 7125 2706 4699 966 4063 6906
27 9053 4754 5153 8906 4252 6007 2313 4483 6515 7767 3553 600 1392 5982 4118 4499 8473 5656 2621 9472 9221 1470 4346 5667 4707 5410 9914
29 187 1734 4802 4152 5210 3783 7467 743 2513 353 4344 1650 3065 210 815 7124 2753 7159 5628 4299 7783 8091 9318 5009 651 2345 3467 6524 5513
28 3190 8073 7707 9967 6027 8673 2194 1971 9815 7863 8558 1774 8597 1571 6628 3085 4357 2259 1379 1649 3052 8809 7101 2383 9642 1638 9296 4747
23 3183 1842 9251 8204 1592 800 7045 2924 8813 3926 1853 7778 5154 5272 3252 1534 8287 1583 9759 796 2493 5930 694
26 4904 3201 6815 2298 6409 2243 9412 9821 2720 8591 9389 8688 4800 5357 7832 8496 3189 4620 7987 8112 1449 9099 7900 4502 819 4644
22 3425 2169 6556 5863 1541 6436 2654 168 2068 9116 1321 8384 2739 917 4656 3790 46 9682 8243 2422 6159 3870
25 2717 3660 2793 2604 2971 4716 8417 2748 6274 2601 5900 6364 5533 6601 6544 5477 9276 5498 4572 3749 6801 7520 1181 8768 7456
26 7849 4114 7695 7253 3139 3186 5916 8000 5403 8191 3543 2811 8254 9794 3927 335 6476 1471 5164 2831 5025 5358 9905 1396 5507 1946
28 6885 5917 9052 1241 4323 74 8123 4204 1880 4658 7308 7043 2171 270 1391 1195 538 2029 1087 7571 6034 9319 160 18 485 8845 7817 1653
24 8232 8547 2323 1865 926 1098 3194 2495 5200 3974 2683 48 2060 1114 4740 7848 1743 6126 296 2376 9524 8803 5928 5240
28 9822 7574 3937 2418 4311 2801 6359 4640 2624 9889 3286 9187 805 5114 4538 180 2112 5745 3307 1646 5792 876 7048 8306 7477 3607 6498 3059
22 6340 6623 8936 1994 3348 6277 9087 1867 76 1744 580 6365 1117 6343 6900 6107 8923 9569 7972 3014 9765 4956
27 6430 1111 295 69 338 343 771 5496 6033 4019 2606 3798 6646 7882 514 2307 8429 3475 4854 6536 4729 6909 1594 6311 8195 5551 9510
20 7851 3519 676 6379 662 2039 5514 9689 8335 6721 3609 8139 1216 4154 3023 1375 616 6029 1136 3375
32 3448 5908 7689 4917 1123 2137 8711 3858 7483 358 3506 7824 8832 1988 4316 9464 539 6895 2237 169 6758 6039 4781 6047 6391 5319 8739 6077 8146 4590 3540 4625
27 6056 9820 1531 4067 873 6049 1898 8316 7765 8668 8318 5803 2903 7431 6134 1606 2690 8419 6140 8380 5776 3687 1404 3697 4674 2556 697
27 8172 5537 422 53 572 7369 5769 3166 9375 6862 3020 5162 3377 361 7733 471 9929 3485 2172 786 5452 2177 6431 172 7008 5021 6091
26 5371 8143 9120 4248 6551 9943 3802 7875 4168 6224 855 1552 8996 5186 9985 7083 2688 4198 8209 3712 7342 1762 4552 1473 3876 960
31 2870 9145 5370 6778 3442 8584 308 5390 4997 391 6590 1630 3584 6508 9207 8621 8990 6518 9587 9701 5338 8069 9086 5225 4646 1975 4380 9987 9383 870 5988
30 2584 9141 5511 5826 6844 8569 3777 6069 2629 5124 6025 1929 4925 6399 4918 7075 6166 4549 4164 4187 9783 9911 6934 2377 6981 1580 1266 4518 6960 2217
27 5254 4967 6888 1590 7516 5855 1923 5857 3604 4079 4431 3955 5661 4179 3003 8882 6521 3576 6760 6193 7535 315 2638 4061 2211 7214 7885
26 6975 8400 5310 5181 2677 2840 402 2762 1302 290 1526 7873 5259 9177 4365 8087 5672 508 8525 8340 3358 6907 4735 3872 4345 9192
29 6096 2365 6871 6563 4304 4313 6395 5302 6300 9949 5397 83 1320 225 643 8713 1057 6877 6417 7943 853 7686 2476 5088 7360 8823 5196 120 2810
32 4891 7320 1186 1976 2479 1715 443 8957 2744 2853 6312 4792 2928 4147 5015 5067 4676 6384 6353 744 3822 5061 6401 8881 3613 6040 8567 7106 7789 5489 6149 5987
30 2600 2940 4219 7151 7637 3079 8423 3487 1226 2935 2842 7588 4351 5356 3895 3359 2113 7027 3732 3000 2190 1527 5677 2976 6901 990 7371 6269 8715 470
32 9191 2849 3249 68 1964 2633 3380 2024 8012 6427 8741 2525 7455 4047 2808 8824 3456 861 2939 9355 2226 7829 440 4618 2023 3793 5753 8014 808 7094 1079 5470
26 6781 3385 7161 434 4104 1340 2562 5603 4582 7237 1905 6350 5958 1611 5572 3792 2356 6420 6911 8770 8891 4135 7399 1235 2582 5065
24 3636 5008 6785 6765 5658 931 3443 5925 106 5862 7670 7213 5118 9434 9796 5239 505 1563 3965 4013 9335 9579 4422 4585
29 3353 681 3216 2693 9836 3845 1133 2242 1258 9240 2542 7336 6098 9501 2165 4011 623 8276 5464 1591 7940 2210 8045 9924 4459 2308 2487 3422 1766
33 5482 9581 5213 5553 3746 2036 9121 4642 8235 2832 8483 7190 6672 3434 4823 7007 4551 5727 1456 2447 3046 9144 3282 2035 7269 5518 1546 4108 4411 2385 3345 6650 4915
29 3187 7487 5973 8841 3150 1758 4082 7087 9356 380 9126 6705 1292 1188 7102 8764 3814 1906 1941 3244 774 9566 7085 8508 9205 1633 4688 6377 1665
26 4611 306 3153 2526 1283 4514 8958 4089 7024 1693 8055 3892 5292 4226 2206 8028 5150 9749 7814 8359 9486 9082 6136 2776 9827 5211
24 820 4115 288 738 1243 1433 833 1908 140 2724 3759 7696 5804 4112 2047 8868 2605 5437 4366 2398 7508 3328 4353 6952
34 8598 5588 7720 9743 7120 3844 4156 6125 2167 6299 5637 1810 2846 8894 8413 683 8796 7184 183 1673 887 1291 8869 6373 6805 9305 8985 7220 2046 4995 8895 7850 2267 6596
39 719 7138 9392 7343 8492 336 7020 8751 8693 163 703 2591 8022 7755 2274 3683 1427 9970 3743 2643 2121 9279 8348 2326 9098 6884 1584 705 4439 4536 3577 3478 4571 6745 4973 9293 3218 2431 2681
23 3016 8141 9106 3592 5031 4622 5714 150 9491 670 4726 7032 1244 2984 6075 633 5573 4133 1945 9468 1479 7521 9918
26 6507 8544 7395 26 6150 571 9549 8791 9338 313 2120 8185 6749 6692 4421 8498 4149 5205 2665 4663 9225 6325 8225 7908 7911 2103
29 5832 9104 8356 1745 1239 5990 7016 1593 7110 7338 2027 261 5749 7108 8352 4371 3692 3499 5248 7079 2662 1357 4296 3084 7154 1958 8409 6038 3808
26 2038 1408 6890 3560 7992 6912 2908 2950 8349 841 110 9908 8222 8007 66 5651 1400 657 2002 7659 2721 4877 5849 4540 900 3232
29 6570 1826 4236 2777 4896 3405 8992 5682 6105 3205 4044 135 6651 5290 5306 245 1050 7476 176 8021 7204 6840 1112 5764 4615 8516 467 7837 5361
30 327 9351 4182 5472 2459 229 8937 9898 6872 8562 3094 6757 6282 8759 3567 8217 7231 2625 4686 2347 50 7461 8510 9277 262 3734 8986 7537 5269 9346
26 701 4632 8699 4629 6485 3091 7960 3711 3069 5578 322 2645 5299 8972 649 4842 6199 5283 8280 4463 5232 5215 9968 7270 4097 5392
27 7674 5835 9166 8745 3702 8046 5693 8285 3528 8001 2538 5192 7432 7157 1963 9673 4085 5415 5288 1335 6477 1586 4510 3930 3601 2895 7820
29 586 3665 8983 3575 3612 8237 8924 4116 243 3850 2255 4689 1314 6072 3400 7813 7578 2473 3549 5853 2898 4233 2669 3447 9201 9001 5593 4352 5178
29 3440 8044 3460 7694 1152 4639 3170 6584 4055 8603 5429 3670 7949 782 9217 4637 6565 3013 3419 481 608 155 8853 857 4746 9863 2514 4643 7774
25 7782 7277 4507 6973 3391 8526 9675 4527 4497 4892 6386 6735 7146 4340 4094 8703 579 8451 2109 6335 6916 1288 1672 8216 3818
29 3155 4466 6093 7929 1835 1429 6794 8176 6057 6553 6331 3565 5480 7076 5000 8538 5600 1661 4727 1789 801 4016 3933 6548 9602 6 4798 6008 8631
30 8078 3491 810 6864 1737 3036 1674 1174 5235 7419 4728 8967 6882 7001 5202 6841 3418 3376 9709 424 5923 6346 5902 1974 218 7544 3197 7921 3555 7207
27 8858 9180 1247 8969 7752 1380 5619 3745 8528 8493 8358 4243 2033 6208 4328 2309 9083 8704 2438 146 6465 6713 9698 1295 2670 7178 2149
28 3873 9117 6959 2205 8083 779 5896 2232 7097 8258 886 8284 9906 2790 3807 3828 6175 4027 3329 2045 7959 6605 1251 1162 1869 3351 2329 5029
27 9601 9328 3260 9930 9115 2101 5170 1759 431 1431 753 2370 2686 4862 6220 7626 2460 763 2932 3980 2284 4039 1209 9113 937 9152 7756
25 1579 5241 1067 1024 2815 1016 1604 5296 6296 1309 6976 6484 8762 5627 7103 4972 748 8202 3135 856 6052 769 6883 788 362
30 4523 4119 2586 3899 1675 5940 6868 221 5138 5010 4446 648 2656 1870 8378 1457 3458 8133 6288 4359 9125 5321 9298 7303 2732 9291 3943 8117 7741 7568
31 3831 1999 577 4994 9933 4279 3396 9752 8954 4703 190 7105 3035 636 7740 4855 4230 7758 2798 507 6712 5778 2486 8427 5719 9881 4271 573 4793 2804 8932
25 3766 8786 9646 9454 3242 7163 8723 7876 7706 9372 8722 7557 6930 4125 325 8563 9341 8998 880 88 344 196 6028 7938 7796
28 1813 9868 8678 89 3410 1264 1165 4597 3513 1310 6329 8511 2986 4266 2044 9008 4258 5640 6589 6031 1501 8065 2824 7807 4580 7089 7066 8887
30 3709 42 4458 7742 2555 5066 4278 6099 5396 1354 5314 5404 3360 4382 213 3073 6963 398 6734 7160 6514 4234 7913 897 7501 6560 1254 6447 1522 2367
32 3922 8205 7235 5889 7982 9019 7295 6211 2450 5639 4577 9793 1960 7118 3175 475 4207 8461 536 6336 7283 3916 6834 9331 5120 6408 1937 1943 575 8585 5635 7260
28 6042 7653 9168 9591 8297 5349 9268 8266 8365 5053 2320 7355 9300 9763 4851 3963 388 9551 104 6089 9449 7895 3214 2709 4437 1106 9860 2507
31 8424 9413 4189 6819 9515 6005 2768 1689 8848 4799 3678 5222 6609 4281 4136 5689 3382 3271 1832 5541 4534 9920 1775 7250 1989 6799 714 7152 4274 3970 6133
25 3875 8152 8415 8120 7528 2468 9585 8737 8914 8322 2055 5309 3241 3393 6670 7236 3068 1955 3395 317 632 2537 8959 6587 4690
26 526 1808 3471 6168 357 4175 9961 2745 177 7664 2028 4374 5352 8686 4074 3853 4261 3751 2461 284 5381 5091 6011 5685 1177 2994
25 5014 3856 6754 605 7488 1804 1344 6547 550 594 872 5770 3390 8650 2540 6146 2174 6071 6316 4468 9065 9713 439 3279 7534
38 8220 7418 9159 4078 6229 1021 3476 3620 2339 1229 9362 6328 111 6918 3273 8989 8345 3199 4160 5767 9609 2187 6396 2133 3945 672 8570 8361 3624 7857 1017 3706 6920 8024 8236 4791 3403 1911
26 9049 3387 4052 6258 5298 5867 2680 9220 8238 3508 6612 5427 628 1719 6539 7189 2839 2420 9195 9663 8531 4176 3352 5344 3349 9161
30 175 4935 910 4717 3954 2352 6622 5446 5105 1326 8215 2780 4180 7114 9424 3250 8175 1376 6695 6247 797 6771 9686 2248 8197 3760 5372 3202 1350 9768
27 6423 9014 9942 6294 667 4200 7870 5556 1167 5146 6795 6666 8296 4092 1176 7025 4813 9935 6851 9323 7210 7064 827 7905 5016 4683 1268
31 8995 4768 534 2330 3679 1275 2578 9761 8991 5506 9870 5277 4520 7983 7560 6345 5540 4240 7881 4389 6505 7098 3140 8275 6782 9865 9679 9474 4714 4635 2980
31 207 6879 5113 2512 961 2395 1996 1603 5821 7415 4124 4844 2548 3834 1796 1261 2872 14 263 2568 5422 3569 3564 4102 8449 3713 5812 4600 1027 1990 8629
28 2851 102 78 3258 3951 5860 2838 6874 8541 7462 9482 3415 3132 6433 3884 8041 9294 3999 8656 6937 6066 3081 2095 6059 5712 6235 4184 4361
31 7584 9888 2209 7569 7581 5148 1076 5901 9864 8036 1064 2176 878 5249 5874 5072 5642 7365 2333 9266 9237 4508 3521 4979 4593 44 6660 3779 8305 1327 5738
30 9435 8946 7871 6402 8445 7952 3722 9229 8274 8912 9376 5951 7059 5913 4090 7924 755 9480 829 4464 2081 8357 9496 7658 3066 4381 7731 3664 2380 7533
28 934 1038 8543 6092 9123 6995 6016 489 9565 2674 1121 8602 9502 2923 5830 4423 1461 6453 5688 8156 8612 2628 622 5380 6818 6169 6435 3708
28 9189 1691 9304 8471 8727 2489 5176 1792 1092 4657 7830 2235 337 3978 2821 9596 9262 6528 6333 3338 6370 5873 2285 5101 2505 7801 8784 2494
27 1141 1048 1424 3027 9352 3764 4314 1547 5742 8728 7531 5281 7072 2464 2287 2593 4645 6249 8161 5676 9176 7551 1287 2054 4890 7996 7417
31 2805 1572 4974 2933 291 9322 6767 3049 4975 7541 1882 9457 7629 3545 7645 4428 6951 1046 4819 5750 7627 9275 6903 7505 3938 4228 1119 6867 2143 3472 6787
25 3423 6950 3590 1816 6509 9719 4069 7054 3427 7046 4440 8721 9824 305 5505 4482 9641 5335 921 3699 809 652 497 2850 4171
29 5919 6392 445 7448 8286 7744 6516 3755 7299 4524 4831 7610 4544 2913 5137 7860 1885 9595 5037 3891 8086 5494 1362 7933 1311 4984 9774 5717 3570
30 4960 5046 2332 417 460 4655 4053 1095 7061 2207 8122 300 1698 2657 9390 802 999 4557 1581 7357 3666 6896 9102 2443 4790 2964 4337 5729 3829 4331
30 8097 9371 1807 8625 8950 4050 785 9147 6618 8328 4880 6630 9917 7267 7056 6375 1488 4596 490 3776 6788 9656 1782 7902 4038 181 8165 6881 6639 4678
31 1769 152 4065 2954 8464 7773 2391 9725 4444 790 8253 258 7884 5606 3674 418 803 3432 7428 2988 5047 9574 4971 9306 6899 3936 3274 8011 3366 4767 3810
22 660 7883 3698 5696 8418 2687 7993 7401 4921 4952 2276 2973 1146 9716 6786 9525 7956 5872 4105 5678 5044 6090
33 6808 4071 9257 5136 1704 7552 2469 9520 792 466 5502 3398 2522 8808 1889 6954 2014 8630 7265 3525 4054 354 7285 6525 9146 114 2953 3207 2041 7631 2952 4539 9784
30 6424 1587 352 7015 3339 4006 850 7579 5117 167 3905 3785 2760 7068 3356 5854 6696 8707 2022 1384 423 6139 7601 7166 2834 3168 5609 9645 9770 4659
29 5057 612 1468 8870 2916 6348 8293 6411 5784 6562 902 7680 6820 1899 1695 8752 5426 9295 8491 8800 6043 9234 5888 6517 4270 8660 5526 2481 2528
29 8849 9111 6796 1614 9721 3854 8478 2541 530 9178 8878 8435 1879 4779 9453 7909 2945 812 8233 348 3967 9834 6467 1878 6222 6041 4461 9431 7021
27 6197 1386 5069 702 8885 5534 9974 6304 1149 4521 219 6574 54 2412 6510 4199 3437 4814 9070 7398 8664 6342 1877 5937 2268 2371 7936
29 13 4764 3534 3306 1421 8530 1448 6554 7719 484 7869 2373 3975 6206 7150 947 4780 7095 9744 7665 732 749 1634 4619 3962 7764 1503 212 9941
23 7937 7995 5247 5461 3455 1612 3479 8256 4325 257 4882 259 9455 9325 8720 4991 7634 1107 3655 2938 4841 5698 7471
28 9714 602 6729 2005 4034 2013 8006 3151 5406 2318 8211 7709 1395 2685 189 8329 7630 1225 8367 9316 6691 5762 3994 8685 79 9071 4871 5453
30 9321 4141 7576 9635 4455 7383 5 5435 4454 1074 8943 4720 609 3568 3211 6119 9419 6739 2997 9807 9614 9142 890 9605 3163 2063 8343 1305 5747 6513
25 570 5062 1348 2715 2384 9772 3272 2403 7661 532 8611 3246 9299 8295 8321 6827 7507 5858 3093 3270 4173 7602 6308 6823 845
26 962 5465 3782 7724 2747 8281 6522 5343 4264 2260 5063 8137 5752 9430 9681 1173 3890 8054 7211 5995 4012 7396 7413 103 3008 6164
30 7633 3123 4169 1909 8820 8681 5433 5512 8262 5904 9771 7906 933 39 6811 5962 2882 6689 8973 4982 5364 4342 6248 7119 4936 9828 7843 2213 6179 63
29 7662 1965 5756 2890 2557 3324 3659 6407 1776 4030 9406 9990 3018 9919 6085 8278 1621 5695 3370 3574 4706 3714 9519 9181 464 2942 5050 9481 7368
29 8099 5777 9584 5545 4560 4718 2642 7296 5168 4158 2802 3817 1934 6829 2534 1358 2006 7836 8626 5866 8456 3141 1815 4026 8272 4354 1399 4923 6806
25 9488 7822 2855 5965 8327 220 7675 6344 3742 4383 4215 7587 5842 6323 5252 4812 8947 9114 8951 942 105 4517 5559 7965 6625
29 4753 3611 5966 2293 5307 690 7278 9554 2303 363 5121 2153 3011 9010 2632 1819 1713 5013 8827 9511 6549 5743 3526 543 5649 7618 9542 1727 2565
33 7914 4322 4804 4796 1425 8851 7384 1505 9773 6731 7464 2531 9753 7468 9818 3507 8020 8334 8140 5485 7570 4649 1394 1569 8785 3133 2856 7583 127 6762 5481 9782 5690
36 8346 656 5112 9175 5207 9790 3669 7988 5739 9885 3648 5366 7472 6914 7188 5451 2500 5820 2185 9197 9852 7353 8396 6058 7067 3223 9259 9680 9766 2533 7107 3985 7729 3826 6088 5921
27 7148 6669 6482 7109 1644 4636 6566 3997 7866 4205 7111 9260 1011 5327 1742 143 8279 4148 3641 9103 3089 6108 735 8955 7280 8776 5418
32 3363 9826 3991 40 4480 1600 5144 9027 236 1222 6919 4889 1680 8844 2316 7532 3401 998 9264 2231 8336 1803 6880 5735 9623 8084 8061 2400 5845 7841 503 5723
27 7427 746 8698 9568 1422 6718 2154 9272 4251 1725 4289 5068 9720 9979 3174 9736 318 6403 4103 2118 5099 7113 351 7705 4532 2999 4881
29 4852 654 2417 5134 4573 6779 8375 6221 7142 9994 5133 1668 4290 4002 8248 6063 8761 2193 8221 1341 7373 2073 2529 8127 6289 5402 6573 3062 5486
26 138 2265 4996 9884 6753 6816 9078 5704 8213 2052 5834 9043 1664 5652 1654 5043 2592 7366 1982 6489 5342 1227 677 5092 4897 6804
30 9543 2182 1442 5744 9599 2774 2179 6160 8917 5647 1168 4127 8350 3010 9411 7385 5056 8333 834 7762 9088 7193 6636 814 2105 1916 9349 7654 6422 7527
32 1577 6720 2836 1862 273 1608 4983 2782 7513 4145 5297 5395 1144 4930 7298 6156 1383 6953 6487 8300 9532 765 4810 5243 1731 8247 5633 5543 8290 2349 3634 3517
31 8057 9988 2785 7309 9236 5713 5166 8320 3573 4193 1207 3986 4591 116 7712 5379 2708 8599 8155 6759 4787 5431 1901 5004 7224 4336 1800 253 6074 2456 8314
25 1109 1641 9361 5997 4126 5683 7598 5401 8040 5490 4774 6948 844 4335 7437 6443 6372 7599 5607 6694 6926 2729 1263 9164 6542
34 2378 8551 9336 7496 9699 4436 5574 6746 1750 4048 2917 2175 5183 8655 1269 718 907 8371 1494 4317 9252 8960 5295 8495 6967 279 8048 5684 2588 9074 5795 6184 2781 1868
27 2672 8709 5195 7279 171 4948 4394 7840 9531 7784 4888 2943 1724 7388 838 7953 5786 2245 355 3600 8738 1685 8527 3239 7930 6320 8307
25 5500 7613 5815 3680 675 174 1532 995 9529 6648 5894 1352 9598 4843 6466 4860 9578 4816 1529 8192 8779 1947 1428 9015 8696
29 7324 4757 9627 2375 7880 1194 2558 70 4818 9855 2818 8509 895 7615 5199 1265 7624 6604 6803 1065 9357 7892 9348 1930 6972 1385 9422 8945 5284
27 4077 3511 8977 9382 837 3847 2918 3541 3243 1671 8131 8677 2705 55 5909 2372 6111 2130 5810 2702 1513 8474 5629 2848 1991 7747 8465
31 4398 7828 553 2570 3907 7176 4627 9477 4315 739 6318 4101 8659 4992 4748 751 30 7053 2111 762 7823 7350 5111 2575 2597 3752 8241 1798 8501 1928 8964
29 666 4473 7793 4807 9732 1863 5520 4250 3118 6341 6437 1609 1360 6927 4295 9844 8915 3441 6462 379 9427 6315 6839 4513 2742 1129 737 3173 6216
28 3815 9925 1817 9131 8273 5052 2409 6944 6236 7330 3191 6449 239 6809 3700 9588 5531 923 2726 8452 1476 364 8622 5391 4762 6264 8194 7364
29 6603 3775 6155 5244 5499 5157 7240 2689 1082 9363 1709 3839 5839 2508 6204 6850 4648 1450 913 3725 366 5824 6593 4008 2779 240 3072 561 9724
29 4760 6671 698 4765 6151 4909 9816 6966 6826 1368 8793 3105 6252 9280 4829 9326 1496 407 9624 2164 8608 8825 3593 5305 818 5548 3719 7474 3868
31 3236 9282 1896 5528 6664 60 4009 4739 2359 851 2477 1259 6800 686 6780 9414 6414 7196 8758 478 6195 8580 4253 3726 2545 5665 2214 2712 7174 5042 5517
28 5798 2452 271 9785 6113 9263 7022 6369 9172 6535 3908 4732 510 8446 3778 8066 1094 4072 5730 1918 2564 7314 9386 5933 3002 1714 321 7153
29 2993 3256 3681 2472 9150 2775 9315 2738 4117 2960 4647 223 8963 9672 5443 5622 7994 1702 707 4920 712 5589 7523 6533 1115 491 1313 4418 85
38 6845 3145 993 5934 2769 8540 5086 1659 2295 8634 9795 3100 943 9835 3058 2122 9216 5890 6429 7663 1829 1452 7491 3888 3897 297 6946 8119 6083 2650 9271 7017 1997 3426 5408 9025 624 2388
31 1472 9155 6214 8027 4181 7361 9975 5312 3784 5012 991 2188 9228 1091 6908 639 6607 3204 4404 2208 6568 3538 5558 2294 6887 8522 2448 3083 3956 3918 3143
29 9340 558 9872 4060 6200 9075 3618 2037 5226 1430 1542 7777 8642 4990 4696 8142 2741 2979 1886 7425 4731 757 9789 9342 581 4947 1678 3529 6576
35 671 2636 8432 4870 3855 629 6262 6452 7910 793 6531 868 7771 7766 6310 2761 2759 1054 5924 6180 299 5419 5733 3337 4073 9649 2317 4426 2104 2498 587 451 2273 2254 3767
30 4661 4616 5967 6635 7232 7715 9546 7227 4588 5838 8013 4021 1097 9845 1482 2324 2581 211 2402 4770 5788 5814 3309 9167 1995 5515 6506 5877 126 7690
29 395 436 8740 2858 2906 9640 1639 6971 1218 7352 3982 3695 3646 9666 3067 9674 4868 8997 847 2787 3087 8344 8388 7799 1454 205 5736 7947 5208
27 8407 6638 3701 3682 1597 2049 2710 679 2136 266 9056 4435 2610 4402 6026 7172 4522 3805 2929 6555 3200 6661 8672 6397 4592 1697 1648
27 6190 7183 6925 3009 4192 9955 80 8974 1256 7039 2948 2833 4448 1068 9507 8999 9647 4475 4837 6285 6608 7567 1874 7164 9904 8574 7899
26 2823 8595 548 8890 9428 1055 8454 2331 4736 3229 4782 3819 9 6048 5825 1748 9269 8126 8188 5337 2257 4895 7852 3580 9527 9418
28 5552 1753 9791 5632 8162 9907 8933 7392 383 3130 392 560 5405 5611 2944 4943 3639 5003 9928 7550 2196 3572 4681 4927 2627 5859 4556 98
31 2652 8315 3878 8952 9224 2914 9096 7408 5079 1299 2310 194 7950 2897 2416 9160 9552 2970 3599 2292 4399 5458 6131 1331 11 7480 6619 2067 6546 1864 6202
28 3233 9742 1893 3383 6463 1051 6677 9777 43 5878 5238 5701 3284 8864 922 3152 1977 8269 7685 8173 9879 6239 9450 5173 8068 9573 4708 9556
33 3902 601 9284 4390 5984 3312 9606 2965 4942 4734 9798 6847 2100 2325 115 5994 8475 214 3616 635 4693 7999 268 7479 7 3673 3688 7711 7746 2094 7435 6633 7805
37 9211 6597 3119 5334 1148 7191 4587 7607 5457 437 4559 6185 7071 7345 1618 3685 157 9122 3740 5773 8271 807 2861 3969 1755 5172 9661 754 8515 9962 3979 2215 8268 5227 4789 3748 8618
36 8090 7609 9366 7638 7335 5751 3735 1890 3122 9485 5218 3984 6550 2919 7671 1980 6586 1069 8536 1126 5504 7058 7013 8370 7143 9432 9541 3497 242 5316 1108 37 6688 6932 2985 711
27 1466 8724 5354 1768 7894 3050 3716 5912 939 2238 7927 4388 3608 8691 2576 5270 4737 6802 8866 6964 9028 9603 4287 2904 4586 655 2623
29 6891 5262 4318 5456 5229 8754 3644 7356 5935 472 9093 7209 9012 1920 5691 9800 1726 7673 1073 2696 7565 1699 2079 6478 6153 9398 3474 5953 4188
32 9858 4392 457 7699 1210 3238 7381 6866 4885 8944 5983 8294 1524 5332 5716 5191 3213 955 7808 2899 4372 2580 6023 8930 6662 1718 6327 8953 8484 145 3285 5644
29 7735 3551 3911 817 5999 4084 8697 1681 9915 7349 1028 8025 332 199 6763 7682 1122 4492 5989 5617 4653 9639 3591 9948 6324 31 3057 3159 3021
22 9890 8267 1330 2755 1562 33 7317 1802 4241 1215 5720 6998 8843 1652 7403 5145 9433 6141 6360 3161 8412 1993
30 1764 4469 330 6234 6681 1787 4282 8263 204 8089 2148 673 99 7564 56 9567 7510 19 5979 4308 3947 7287 7868 8535 3015 4479 2789 8774 3913 7917
28 7901 8453 4049 8657 8710 544 5116 238 36 8469 2590 3721 5122 982 7206 9717 9174 4202 4846 2958 9402 2865 5599 8788 3406 5844 6810 3116
29 7256 7760 8644 554 9756 1398 8663 8381 4950 6615 9327 6183 3795 2404 5581 8908 4043 8186 1884 8212 3739 4242 8838 5294 8750 6266 869 4901 6575
31 4801 8561 1187 9764 8565 1465 289 4858 4356 4370 7847 4401 9497 8661 1102 1636 9066 4836 3162 4911 1201 5203 1506 2392 607 8520 2203 8987 5948 6157 7162
29 2711 4794 4088 874 3064 8829 9629 5671 4550 1120 3336 7753 1935 6115 9081 3786 9050 5755 9426 3594 463 8098 1388 2655 6501 1061 8782 2807 7348
26 1788 188 6284 9825 6676 901 1189 3794 67 32 1401 9024 8401 5880 9156 4670 4007 7034 1202 4485 8690 7788 5960 4526 7165 4329
28 7313 3877 854 8833 6703 4298 7393 5843 5584 7811 8755 5761 2800 7088 1453 6492 7410 992 3017 4626 7454 1827 5180 3459 7604 3041 1464 282
31 3968 1938 8080 4937 4910 952 1913 4530 3090 3341 3313 7387 7009 6291 8732 3650 6807 3960 9085 2750 8301 3230 142 1628 6769 1237 3148 1607 1211 277 9204
30 8039 3562 1956 8503 7060 5724 5360 5439 5071 1228 4667 3136 6337 1530 9876 6698 1169 8171 7127 1582 3342 1157 118 9013 4912 2336 3996 9572 8218 6865
28 2414 9594 2795 9685 3867 3992 7980 2868 5315 1304 8877 5852 8775 1142 5758 3662 5389 875 5094 8600 7594 2089 8929 6832 940 2959 8640 8395
34 724 1660 9850 4068 9219 3411 908 1373 209 311 6740 6824 5119 8391 9703 1919 1029 8780 611 4033 3820 4738 6527 179 5630 8457 727 1902 6534 731 1446 6755 4965 6301
31 8372 3384 281 4195 4933 504 1238 3465 689 2931 911 3317 2220 533 9196 3672 8210 588 9779 148 6642 6101 1183 9022 1378 9805 2572 2911 3305 2585 6561
33 2146 6956 5524 528 9408 9590 956 9583 9314 9254 4856 360 3146 9309 1771 6483 984 9570 9169 5385 2362 944 4859 2197 399 5261 9778 1486 3289 2441 7772 7806 7134
28 8404 8546 7358 8778 5868 7572 6295 4432 4163 1329 7785 7429 5367 339 6006 96 2411 5980 1757 1844 9493 5341 3224 4297 9463 5375 2587 9799
33 9960 3265 6257 3643 3987 3373 7957 795 2053 5670 5159 4095 8214 4028 5818 527 7509 7099 95 5409 2714 8519 8702 370 6035 7547 7819 8635 8811 8043 3663 7718 7492
32 6330 9054 8568 4170 1809 3177 4867 930 6793 5969 5369 4500 59 8106 4599 1721 4598 6418 4109 3928 976 3550 97 8405 9539 8940 3859 1543 5950 3106 7886 2451
31 2163 8579 5492 9755 3762 3266 2166 7679 9055 8442 9183 4341 4293 8035 7344 6873 1353 7126 1536 7803 1013 4162 1931 3773 5754 7818 2619 1978 3959 8105 4866
31 8085 4878 4701 9492 8130 4165 6242 8726 2410 4363 4857 161 4456 3321 7130 3096 8168 6653 2425 7141 2192 3935 8521 4036 1686 3946 5374 8298 2957 7722 4964
30 3581 6227 2202 2263 5598 2873 8564 2794 3195 5253 565 9127 1557 4565 1972 8675 9729 4496 1240 8671 4826 4853 7241 28 8557 6583 3842 9347 7424 8670
30 2563 3075 5952 5898 2963 3367 791 4134 8783 1007 715 8892 3635 2967 6846 2658 8414 2321 7732 122 129 9503 374 7683 806 8582 3957 9330 7655 4916
27 9696 5160 6021 4259 6928 3259 3731 2346 8050 1735 7038 2071 8859 6719 7363 112 6124 5246 9676 1426 3029 3070 4369 7970 9580 5204 6835
31 5030 929 5503 5345 7026 7723 3881 6519 1012 8251 6675 5384 7816 5828 6182 3477 9232 1616 302 2128 2131 6957 4558 5217 8323 2269 2088 368 696 6647 3642
22 5645 5955 446 9669 8651 1440 8718 3489 1620 615 4032 1873 5732 254 222 7218 8643 5929 7451 6774 5536 4516
33 8299 957 9695 7458 4529 3703 216 9892 6470 8517 356 9545 9222 2348 6629 775 5447 414 1720 5841 9730 4987 8822 6067 6723 9374 7228 8363 5471 8916 6496 6537 2084
33 7132 1377 4660 170 9033 3283 1198 4395 9880 2289 6690 6354 3121 109 6941 729 2251 7779 2299 3473 3615 9009 7266 6158 4000 2340 4150 4367 1509 7677 8487 5365 6491
26 3198 5041 4481 3264 7986 375 6280 3480 8840 6171 9654 6187 2560 2278 4509 3293 483 151 7465 5765 2434 2393 7791 3355 5970 1212
32 9814 2830 8502 5325 551 2736 3898 5610 7915 4478 4025 1248 2867 4914 5848 9448 4883 6009 4946 5212 7225 4330 6987 7736 1372 3948 9900 9829 2386 7315 124 4131
31 4830 8184 2765 3630 6889 5423 3275 5850 5376 141 9231 7925 4443 5497 2743 3137 9400 2364 9553 4056 2515 6095 139 723 5300 4850 948 4695 8360 8753 7649
37 5703 4107 4989 1712 3044 2186 5460 9258 7259 1131 5348 3741 7202 1039 3402 2020 2465 1418 3220 7233 7831 7171 6170 1640 6469 6558 7874 5893 3509 3424 1279 9041 1967 7997 4014 9478 592
26 2091 3505 9037 7698 7969 9076 768 6128 8518 9442 6860 4579 6814 2859 1962 6044 264 3837 9706 1619 6923 2160 7644 892 1629 6663
29 5233 3128 429 3268 3 4123 7441 4385 1477 7473 9728 3124 387 4511 3061 1451 8422 4614 6649 1903 3976 3915 6019 699 8637 6921 7726 9388 6279
28 3240 3756 5673 6931 4238 5942 5675 9891 5654 5351 6859 2433 2322 9853 6711 7131 8189 5220 9421 9119 7155 1845 7372 4569 2883 4412 4512 7540
27 2648 482 1437 8399 2228 2930 4377 5757 4864 3364 2116 3464 6321 2475 7700 8867 6512 840 9611 2827 7945 8922 8836 9069 77 4820 6142
28 750 5595 1036 4957 3744 3267 6244 5163 987 4822 6997 5289 5840 8842 1856 2077 8529 583 1565 1180 410 1328 4320 3196 8416 2594 8470 3082
31 4759 4057 7244 2141 2912 4221 1888 9425 8182 6715 5793 9247 9628 412 9902 1830 8860 2972 6792 2941 8674 3768 6080 6086 634 8695 9023 166 2969 4111 977
26 804 1833 1599 5771 2874 1250 4495 93 5587 1307 9634 9035 1085 7005 3514 6439 650 3142 1324 3294 8179 1576 5870 7839 5473 3531
33 2156 9194 5147 9441 1924 2599 4018 5706 9494 1127 2132 8245 4988 1915 6368 9287 1170 7586 4488 9617 5484 985 1338 8331 8795 3787 6852 4705 2926 547 8092 9995 2157
30 1204 2381 811 3462 2253 6444 8250 3114 6393 7390 9281 6893 5766 3622 345 4713 2869 1469 3319 7040 3245 2458 8354 5363 8326 7486 3614 1705 4962 3399
30 7229 4581 9561 9459 540 1053 1760 9407 2096 7597 5440 2946 3981 6772 6594 2485 8029 9465 8198 9401 1284 6831 4537 7595 6415 1184 6189 946 1791 6632
30 4574 1143 1014 9956 4715 2051 4677 1854 1485 1020 2763 9910 7802 7935 709 4546 4157 86 5594 7217 3737 7051 4203 1208 5710 9950 7121 3457 8353 8443
29 7794 6791 1062 598 1515 7239 250 3203 4457 9339 2286 5329 9303 7242 1137 8200 2108 5331 5799 6949 2361 1922 9859 9637 6704 852 1738 5991 6051
29 7642 2191 8607 4494 4773 2396 7144 6766 7286 8178 8249 9317 4941 6552 6878 6945 1409 9560 3596 8921 5920 4932 186 1337 1281 8712 6667 7934 9343
23 2996 1568 1364 6046 9095 7327 2797 1730 4684 6582 954 6706 9214 285 7573 9944 7821 9610 441 3649 8658 2291 8805
25 3860 9440 1746 6857 9286 5318 2609 8488 1549 7815 8734 292 680 5972 3343 4438 8291 1101 8430 8789 1682 8749 3653 9615 9847
30 4634 2766 6363 3323 304 6985 7538 8649 9153 7955 5035 4223 4430 1483 376 4471 5646 9810 2315 1033 9345 549 5563 6290 8433 8747 7517 9003 9650 1363
28 7382 9246 6600 9559 2126 473 7405 3654 8476 5791 1459 7612 557 1662 4213 6991 1645 3852 6087 5641 2773 6241 1297 2778 9912 9991 5561 7010
25 625 8246 726 1779 684 1412 1904 8458 7257 2502 6684 5075 4280 1221 255 2488 5194 2880 1703 4651 312 5582 5398 9100 8096
28 9446 3452 3350 7416 5251 1677 541 9059 3882 51 7334 9249 237 5993 8871 7499 5493 1578 6314 562 5722 7687 3369 8559 9586 119 2134 3386
28 9360 816 5564 5077 5612 2841 1794 3001 7359 7835 2474 8482 57 4838 8847 2229 8107 7447 6127 9711 708 5445 2282 6022 6784 1551 9882 9558
28 1415 687 7230 3347 7896 8076 1253 9499 5100 5350 8956 6114 4602 4080 4623 1336 9726 5103 6571 6297 4675 2553 2896 6943 4682 7966 4940 8636
26 9445 3288 9692 5903 7636 1049 309 393 0 4190 3813 3546 1747 1847 2615 7493 8490 6432 2975 8856 6144 1018 2065 7616 8682 9643
28 1752 377 773 2524 4227 81 365 7981 9436 6015 8760 2725 4284 3488 2589 2342 9830 1710 3031 5602 7780 5414 7263 5085 5864 4811 5618 2406
28 4260 2517 2607 3693 1205 896 7575 4567 7375 1151 9044 6097 4504 9092 5974 4417 6228 5095 5978 5741 1624 9638 6281 7717 6929 9244 556 224
24 7006 6154 7475 8324 3582 8765 9467 9781 3320 7554 7620 3894 8550 1887 3261 8138 5271 7140 5728 2844 7856 2059 531 4087
30 2198 5801 9913 3972 7421 3932 2350 5680 2279 7201 5759 3715 4334 8815 9278 9694 8787 8288 2270 4763 3365 6243 9132 217 8742 5521 1474 882 1739 6413
25 1824 3827 5608 1805 659 2664 4730 4673 9936 4185 4785 6454 2852 5080 863 1894 5746 9077 5631 5625 8136 8902 978 7100 8265
29 7545 9992 16 82 8966 813 7751 3912 5976 3637 7000 2262 1147 4161 8355 6837 7273 2684 2272 4405 3789 7954 1859 2072 6251 891 1550 8132 5666
27 688 7205 7179 4327 6504 2622 2637 5424 6738 5570 3167 5036 1754 5441 5073 7656 5648 2173 2754 761 1561 1478 3578 4360 8100 6830 6730
29 3832 6982 8669 1030 563 6177 6657 4566 6523 5070 5550 1389 430 1103 4434 3113 9534 2246 4778 1343 3862 9631 455 2264 5256 1891 2532 9969 6588
29 7047 1387 8481 6936 1278 7845 2018 3556 468 8150 8153 6585 2900 7809 9359 3896 494 9683 3371 3466 1296 7145 5785 1443 4999 1716 730 3645 1773
30 4980 5535 7397 9130 4834 5051 4887 147 3439 5887 4938 6708 9983 6665 7112 2032 2283 4750 2379 4143 8817 5328 9036 7977 1374 8802 8002 6637 2814 7063
29 862 3076 7115 3322 593 408 8756 8093 435 4589 2947 2062 7443 6143 5833 7044 492 6617 7961 6394 4216 8229 3022 7998 8810 8037 8898 4875 2338
28 7855 6001 5532 5377 2012 6620 4386 7406 8494 8154 87 4178 8857 1405 4919 4288 5565 64 5463 2277 5663 3523 2579 9620 6828 390 8548 2659
31 94 9688 6595 8781 2145 1558 5525 4553 8577 5802 8628 3548 8938 2675 7919 6426 4332 3799 4555 613 3125 2886 7070 4225 3691 783 2427 4608 9423 2007 1637
27 3210 1573 5941 7331 6313 4903 7526 6218 1871 8477 3515 3454 334 249 3028 1838 4146 6104 6939 1190 7506 1078 9819 7518 5032 340 3530
30 7566 8386 4091 7648 979 5228 1420 4900 576 6233 373 7282 92 2981 9312 2043 3004 9922 742 658 4211 2455 2374 3154 6356 6495 5926 4998 2936 7326
25 6557 474 1492 7329 5171 6658 975 5084 4201 1585 4098 3461 3605 2387 8226 9981 5708 7825 5623 267 7498 640 9476 843 1875
30 8896 5467 4808 3149 5333 5182 6255 15 6167 4953 3176 1852 1435 4825 5579 7321 6624 8190 386 4010 9016 9775 1843 8157 5019 661 415 2907 3188 6614
26 3720 4501 4662 1285 4442 9708 8828 8993 7812 2457 5322 3078 6434 5488 4743 9002 5947 9877 3327 8444 4142 3689 9608 4222 2170 9018
32 90 2847 5740 7351 6283 5416 1236 9622 9437 1883 6256 6849 6456 8801 5438 512 2256 3512 3408 326 1850 6641 770 8393 2962 5725 2703 9927 501 7002 8583 202
35 4671 5326 280 7216 5886 1926 7147 232 9803 3326 2679 7304 2011 1319 6581 1490 5027 2466 1858 4191 3824 8839 6685 6529 2222 1570 9953 2718 5569 3816 6332 4339 4685 7460 1445
33 5837 3209 8468 7704 6578 6983 7625 7621 2536 6361 6559 2788 3254 8988 7409 7037 5291 2408 5417 9091 3495 9297 4752 1729 5576 6917 349 7052 859 6305 2561 4364 419
27 3104 8653 2000 1100 9612 7790 9989 4348 6268 1104 9704 6082 2082 3026 3287 756 9644 945 7057 1663 7169 5657 7730 8376 617 9982 2107
29 1595 4568 2152 4650 7798 6790 1907 610 9495 4931 5189 7036 569 7340 2019 2546 7737 8259 6875 5034 2543 1687 1031 7666 1812 8060 2031 5851 9354
25 8961 5130 9951 9806 8108 2106 6747 3532 1545 5781 7596 9158 8426 8942 6861 3043 5131 8303 4928 9137 1814 6679 8174 8110 9841
32 3704 8406 5939 7708 7864 1325 4144 4309 3821 1096 6225 6773 6486 3806 2845 7515 5076 2695 8034 3056 3621 342 1949 2199 2491 7453 3547 2501 8880 4058 2504 647
34 9740 1130 8121 8431 2399 2304 6275 9963 704 8913 6978 5301 7761 8862 301 3435 9370 6457 8338 3470 7500 444 8304 4786 4668 401 2875 7139 9032 9112 6988 3120 2879 233
33 7297 4349 9957 3533 256 4777 1441 9571 3780 980 1132 2722 4929 7522 5768 7312 3889 6448 5956 303 5957 3718 6870 6886 5922 9536 9886 9710 5907 9869 6626 5836 1099
26 8545 4922 5383 2241 8017 8049 5436 7117 1679 8794 3290 3686 2010 1070 7069 6387 4086 7582 3115 3221 1086 894 2093 638 9452 1596
24 9157 8394 144 8624 2394 674 9658 9274 5382 2647 7370 5428 5048 914 6644 9659 524 9239 1090 1463 9840 2025 516 7322
31 2698 9443 6488 8797 8717 1276 1042 2644 2266 2247 8627 5700 1301 1749 8616 6352 8925 2666 9290 4756 6400 8113 6118 9265 6986 2115 3354 2119 2829 7294 7688
29 6543 9038 7494 9200 2135 5125 4724 2511 9090 3825 8144 6378 4045 3446 4276 4477 4424 6726 52 7208 776 8719 7445 4267 7306 3510 7770 8792 265
33 1942 7781 766 6475 4099 2085 5949 3318 6389 4452 2281 525 2799 972 6191 8769 7104 3747 958 645 8804 9801 6458 5892 4968 2360 2559 8554 8736 9030 8771 7187 3227
28 1359 9417 7011 8872 4393 3871 9186 7745 6210 9218 6176 831 1382 7200 3109 7563 6122 3032 614 6076 5459 7810 4872 9767 6404 825 6173 1199
27 3025 9718 8125 8513 9811 2358 184 2843 2646 5311 6238 9490 4578 9616 9823 6045 5697 3809 959 7562 7252 6541 7714 5985 8981 4384 7854
25 8948 2554 9632 4186 7180 949 319 200 6412 2426 865 198 7893 6611 3325 4719 6789 5891 4022 1019 5819 6503 3024 283 5638
28 5388 7186 7539 487 2506 2401 9394 3904 3037 425 9733 2595 9368 1589 2004 3983 5378 9040 1502 3414 935 5143 1455 4121 149 7463 1010 9555
28 1831 8183 7402 7481 653 2673 6286 2470 4247 5547 4945 3490 2124 4132 9792 3180 2445 8480 9998 347 7389 9101 8032 3451 3522 4257 9188 2894
28 1512 2713 476 5846 8919 8613 5102 1521 7872 6230 2735 9575 4515 9250 7692 9893 2227 6110 454 7749 5449 8160 442 7386 2616 6737 4419 1154
33 7639 9248 1040 5156 3953 4005 4096 6036 8911 8680 5407 5055 9500 1564 6460 428 7859 5718 3886 4893 9471 3263 8064 1381 1658 7019 1393 8830 5621 5562 5681 8385 2423
29 6668 1539 4447 6347 498 1175 9462 7768 4745 5274 2961 4306 9526 4873 3147 1223 7795 8310 8379 4285 8342 2483 3438 9253 7713 7738 3931 8387 6207
31 4949 6897 9662 5583 5483 9966 9899 8575 3019 4015 9182 720 619 5906 1163 1003 1458 981 4051 6526 3077 867 7302 4484 8647 3841 4450 7542 2516 4963 9604
30 2086 9887 6425 4214 1124 2201 899 8572 9461 2061 6276 893 5304 2092 6701 4669 4570 4847 1213 6777 5267 2676 5250 5624 6499 6532 9045 8270 341 3107
26 9213 7337 159 5149 3316 9484 4788 3619 3299 9954 3925 7122 310 7288 8341 3102 912 772 165 7530 932 7734 6717 8228 4256 9255
26 7175 2864 8934 5516 1257 3851 2334 8646 5911 8369 4100 2877 3095 3944 2671 5731 7591 2598 1273 3097 3053 1277 4042 3311 1071 3633
29 1925 8364 5245 3598 5109 6748 1554 3671 5596 8389 8687 2230 9976 8573 5411 5346 4106 1741 9896 6054 6004 1722 6070 1110 4362 4783 9170 47 7194
31 2550 9031 7030 8447 5794 5263 404 7519 7769 2258 4307 8641 2989 5279 9871 9458 568 6714 1780 9867 4894 1159 7862 2566 316 6631 6577 7861 9403 5033 1298
29 7606 8835 9470 4803 1417 2343 3537 9540 8463 1797 2040 1933 1489 1467 3054 5943 9734 7932 5614 8684 9965 2934 4326 4584 8081 6776 6842 2901 9600
30 596 6770 9202 2042 2767 2353 6481 6464 883 1032 9332 2389 6406 7346 5214 5081 1950 2660 2639 9337 6381 3966 5141 4848 1841 427 9894 5591 6942 9163
31 3492 5097 523 8654 5529 3914 2640 462 9241 8790 4621 927 6750 4833 9780 8665 8094 8015 7310 8425 1286 3566 7971 988 5140 1811 1957 7923 8928 6390 2783
28 3632 7511 5613 3579 9129 6421 8594 385 8264 4691 9420 9110 3603 3310 3730 8886 3753 5539 8116 9528 8571 4606 7311 9108 8555 8244 6673 4605
27 3171 3640 2252 8277 4093 8746 9238 3486 5177 6473 4898 6707 8939 1544 2428 1598 8587 9487 1058 9715 2694 5946 9878 5787 3226 518 7887
30 9727 1125 7787 7173 4415 8615 5705 3587 5425 9921 1206 4379 1128 7258 8489 2225 6545 9469 8158 6326 6938 9946 4333 7137 9972 5538 566 9723 9404 6479
30 994 4303 839 3333 7323 6000 4694 7078 925 4292 7776 7377 5106 7589 406 4633 1866 193 3869 5655 1970 3012 8467 821 2751 9517 8077 1540 3504 4275
29 8730 1846 5944 2442 4249 1795 5542 1414 9439 9415 3158 7291 1000 2539 2066 7792 7012 7271 1537 5554 4863 1432 2503 6209 25 1939 8893 5280 4300
27 4805 9288 1312 6935 5400 6123 117 2707 3086 7942 997 3368 3463 5662 6962 6120 7632 3973 5620 8428 5575 3527 9788 5918 7004 3048 9307
32 3179 8128 8440 928 1390 740 185 9648 2233 7450 3407 2998 7077 8807 7307 3961 9409 2070 1480 6064 8692 7446 6700 3413 1497 6273 8708 1361 1105 1255 1150 3334
33 8383 2297 4797 2069 5668 1260 6876 1203 3558 888 4272 9812 7928 1371 9833 909 8883 8610 2951 1088 6494 599 1733 7170 8806 9206 898 9523 8994 2571 4548 6947 7215
32 8472 27 6152 6970 7449 7543 4286 6322 3667 9184 9149 5508 7328 8145 9311 6741 5268 8497 759 1334 5544 1979 2117 6355 7619 4741 8935 4981 6161 9971 7903 2518
31 1191 8504 3503 130 6869 6580 4350 1707 4545 1081 7091 8347 9750 5905 8255 3108 2631 3552 5123 7963 4939 9245 8079 7301 7128 2261 5650 6798 8151 3071 6148
21 3235 4474 6699 2212 5201 4562 7703 8330 6213 6591 3389 4129 7248 4453 8397 3296 9379 3559 3045 7553 2497
29 4397 5557 6319 2803 3772 6416 7976 2992 6744 1777 1370 871 2078 6999 7404 9365 8135 9405 7628 7262 4429 1605 4075 7289 787 641 3468 4254 9932
26 2351 6497 8523 3656 6032 9937 1342 409 2083 2909 546 6367 5108 9256 8148 2462 9021 2700 1084 9938 4849 5221 3993 951 8167 4576
26 8339 7439 2140 5020 9678 8865 3804 4828 4004 2552 8617 2184 4343 9707 2949 9046 1523 1116 3617 6259 8411 6702 3729 121 2902 6246
31 3181 5336 1196 108 8949 2752 215 3332 6643 1917 5074 5023 1516 1708 3392 9952 2520 1249 4934 5692 5977 591 5871 4283 1900 8058 2866 1601 936 3006 1289
28 6980 4433 5865 8063 627 6292 1282 2337 2280 9964 4603 604 2484 9897 1075 1438 4744 1041 5932 2884 889 9080 3840 2620 764 6732 6843 7652
27 23 4246 3482 736 5313 5522 2057 7605 7931 3228 9072 8390 3942 7844 2015 1828 4493 8199 4441 2490 4159 9333 8556 7647 7050 3901 3554
34 3169 4338 2876 7985 3696 2138 3033 5353 6994 3803 9619 3544 1683 3277 3131 3771 6915 3063 6502 2757 5806 2521 8230 6984 5165 458 1232 9945 1318 4907 9148 3421 1345 1793
27 9589 286 626 191 5462 432 1961 7891 4174 9593 1172 7247 9334 6338 9999 5038 6863 7041 329 136 7469 1153 8542 2749 7470 2956 9700
30 2090 275 2496 1060 5914 6961 1197 5797 5303 6446 6538 9737 6697 8437 394 6388 5152 1517 1736 2910 631 1332 4563 3676 8308 1316 480 3101 6974 6511
25 405 7918 3781 7650 132 9223 9133 3388 7374 84 1948 6996 3684 7514 7181 7635 535 7786 4709 5089 9849 235 2544 8240 2719
31 3247 9447 1271 5206 8118 1520 1178 2429 5323 7379 8398 4542 6856 1045 7941 777 125 9060 7556 5590 830 2271 3539 4269 9722 8632 3727 6358 5161 1533 8311
28 9498 3929 5049 4122 9385 2614 721 9489 6309 8377 5975 7062 5413 1158 1002 3127 6060 8901 8534 244 2641 4427 9691 6659 1981 4954 2099 6065
32 9136 8590 5476 2168 8549 9165 9504 8831 4874 7580 8593 5592 3563 3923 5800 3941 3801 3920 5775 5001 8757 4861 7826 1026 6825 2612 3838 1834 860 8374 7422 7341
32 3496 3628 8207 1818 1499 5585 7842 7028 3185 5510 620 7614 4665 8623 4687 2397 2825 2463 1056 7962 4414 2653 2200 2453 9105 3924 1447 9034 1728 1333 9748 8816
31 9538 2583 1035 1556 6003 9702 6910 1217 513 4472 789 465 8067 2699 403 8332 2369 1052 8926 4139 5040 8420 7684 4879 6894 3597 4210 7440 2510 6012 5216
