1 4049
1 7760
1 4801
1 8453
1 7256
1 7901
1 5370
1 8267
1 1764
1 9328
1 9890
1 3611
1 7735
1 9858
1 5262
1 6891
1 5354
1 8724
1 1466
1 7609
1 8090
1 9211
1 9284
1 9742
1 8315
1 601
1 3902
1 3233
1 2652
1 8595
1 6638
1 1753
1 5552
1 2823
1 6190
1 9872
1 8407
1 395
1 7822
1 2636
1 4616
1 4661
1 671
1 2452
1 558
1 9340
1 993
1 3145
1 9155
1 1472
1 6845
1 7995
1 2993
1 6669
1 9215
1 5798
1 4473
1 9925
1 9282
1 3236
1 7828
1 445
1 2182
1 6603
1 3815
1 3511
1 666
1 4398
1 7324
1 4077
1 8551
1 1641
1 5062
1 8709
1 2417
1 5500
1 2672
1 1109
1 1386
1 2265
1 9988
1 8057
1 1577
1 9543
1 1965
1 138
1 654
1 4852
1 746
1 5777
1 4804
1 7427
1 4322
1 3363
1 8346
1 7914
1 4753
1 9488
1 8099
1 7662
1 7633
1 5465
1 4065
1 7883
1 962
1 570
1 7576
1 4141
1 602
1 3590
1 4974
1 9714
1 7937
1 4764
1 6197
1 13
1 9111
1 8849
1 5046
1 1587
1 6424
1 4071
1 6808
1 660
1 152
1 1769
1 9371
1 8097
1 4960
1 6392
1 5919
1 6950
1 3423
1 2805
1 1048
2 4052 3256
1 4466
2 3153 8039
1 6229
1 1141
1 9189
1 7426
1 934
1 8946
1 4189
1 1574
1 2209
1 9888
1 7584
1 4768
1 78
1 102
1 2851
2 9014 1572
1 4935
1 207
1 8995
1 6423
1 175
1 9159
1 7418
1 9049
1 8220
1 9168
1 1717
1 42
1 5014
1 1808
1 526
1 3875
1 8424
1 7653
1 6042
1 8786
1 577
1 1999
1 3709
2 1813 9435
1 3831
1 2586
1 4119
1 4523
1 1579
1 3491
1 3216
2 3873 7148
1 8544
2 8858 9413
1 8078
1 306
1 3155
1 8044
1 7277
1 4182
1 7782
1 3440
1 586
1 4115
1 5835
1 7674
1 1826
1 701
1 9351
1 327
1 6570
1 2038
1 681
1 3249
1 9106
1 8141
1 5832
1 5588
1 6507
1 3016
1 9392
1 7138
1 719
3 8598 1408 3756
1 9581
1 820
1 2849
1 4611
1 3187
1 5482
1 3353
1 4967
1 3636
1 6781
1 9191
1 295
1 2600
1 7320
1 4891
1 3660
2 1111 3922
1 6096
1 9141
1 6975
2 4114 9321
1 5254
1 2584
1 2223
1 9145
1 2870
1 5371
1 8172
1 6056
1 3448
1 7851
1 6430
1 6340
1 9822
1 8232
1 6885
1 7849
1 2717
1 3425
1 4904
1 3183
1 3190
1 7643
1 187
1 9053
1 9058
1 2995
1 8980
1 6130
1 389
1 7678
1 5455
1 3516
1 7318
1 691
1 2150
1 3883
1 7080
1 2863
1 8725
1 9738
1 9832
1 4467
1 9861
1 5604
1 9151
1 5959
1 2758
1 1566
1 5876
1 1134
1 1711
1 6812
1 156
1 8019
1 1179
1 1434
1 6198
1 2440
1 6613
1 3039
1 6440
2 5266 3387
1 1666
1 3042
3 5679 9180 3123
1 9475
1 2368
1 8854
1 45
1 7245
1 6428
2 5634 2378
1 4172
1 8103
1 8033
1 2772
2 2922 4078
1 5454
1 2234
1 2446
1 3060
1 6599
1 2734
1 7759
1 6261
1 2098
1 333
1 7590
1 493
1 5260
1 6933
2 2635 3592
2 1785 5057
1 1959
1 9670
4 2139 4760 4759 4397
2 2854 3766
1 2603
1 8450
1 7833
1 4506
1 835
1 9997
1 2820
1 3117
1 7136
1 5831
3 2921 9601 5030
1 2822
1 5954
1 3160
